<?xml version="1.0" encoding="UTF-8"?>
<testsuite xmlns:xsi="http://www.w3.org/2001/XMLSchema-instance" xsi:noNamespaceSchemaLocation="https://maven.apache.org/surefire/maven-surefire-plugin/xsd/surefire-test-report-3.0.xsd" version="3.0" name="com.lexicon.springws.dao.AuthorDaoTest" time="4.595" tests="6" errors="0" skipped="0" failures="0">
  <properties>
    <property name="java.specification.version" value="21"/>
    <property name="sun.cpu.isalist" value="amd64"/>
    <property name="sun.jnu.encoding" value="Cp1252"/>
    <property name="java.class.path" value="C:\Dev\Lexicon\Exercises\SpringWS\JPAWsPt3-4\target\test-classes;C:\Dev\Lexicon\Exercises\SpringWS\JPAWsPt3-4\target\classes;C:\Users\eliza\.m2\repository\org\springframework\boot\spring-boot-starter-data-jpa\3.2.3\spring-boot-starter-data-jpa-3.2.3.jar;C:\Users\eliza\.m2\repository\org\springframework\boot\spring-boot-starter-aop\3.2.3\spring-boot-starter-aop-3.2.3.jar;C:\Users\eliza\.m2\repository\org\springframework\spring-aop\6.1.4\spring-aop-6.1.4.jar;C:\Users\eliza\.m2\repository\org\aspectj\aspectjweaver\1.9.21\aspectjweaver-1.9.21.jar;C:\Users\eliza\.m2\repository\org\springframework\boot\spring-boot-starter-jdbc\3.2.3\spring-boot-starter-jdbc-3.2.3.jar;C:\Users\eliza\.m2\repository\com\zaxxer\HikariCP\5.0.1\HikariCP-5.0.1.jar;C:\Users\eliza\.m2\repository\org\springframework\spring-jdbc\6.1.4\spring-jdbc-6.1.4.jar;C:\Users\eliza\.m2\repository\org\hibernate\orm\hibernate-core\6.4.4.Final\hibernate-core-6.4.4.Final.jar;C:\Users\eliza\.m2\repository\jakarta\persistence\jakarta.persistence-api\3.1.0\jakarta.persistence-api-3.1.0.jar;C:\Users\eliza\.m2\repository\jakarta\transaction\jakarta.transaction-api\2.0.1\jakarta.transaction-api-2.0.1.jar;C:\Users\eliza\.m2\repository\org\jboss\logging\jboss-logging\3.5.3.Final\jboss-logging-3.5.3.Final.jar;C:\Users\eliza\.m2\repository\org\hibernate\common\hibernate-commons-annotations\6.0.6.Final\hibernate-commons-annotations-6.0.6.Final.jar;C:\Users\eliza\.m2\repository\io\smallrye\jandex\3.1.2\jandex-3.1.2.jar;C:\Users\eliza\.m2\repository\com\fasterxml\classmate\1.6.0\classmate-1.6.0.jar;C:\Users\eliza\.m2\repository\net\bytebuddy\byte-buddy\1.14.12\byte-buddy-1.14.12.jar;C:\Users\eliza\.m2\repository\org\glassfish\jaxb\jaxb-runtime\4.0.4\jaxb-runtime-4.0.4.jar;C:\Users\eliza\.m2\repository\org\glassfish\jaxb\jaxb-core\4.0.4\jaxb-core-4.0.4.jar;C:\Users\eliza\.m2\repository\org\eclipse\angus\angus-activation\2.0.1\angus-activation-2.0.1.jar;C:\Users\eliza\.m2\repository\org\glassfish\jaxb\txw2\4.0.4\txw2-4.0.4.jar;C:\Users\eliza\.m2\repository\com\sun\istack\istack-commons-runtime\4.1.2\istack-commons-runtime-4.1.2.jar;C:\Users\eliza\.m2\repository\jakarta\inject\jakarta.inject-api\2.0.1\jakarta.inject-api-2.0.1.jar;C:\Users\eliza\.m2\repository\org\antlr\antlr4-runtime\4.13.0\antlr4-runtime-4.13.0.jar;C:\Users\eliza\.m2\repository\org\springframework\data\spring-data-jpa\3.2.3\spring-data-jpa-3.2.3.jar;C:\Users\eliza\.m2\repository\org\springframework\data\spring-data-commons\3.2.3\spring-data-commons-3.2.3.jar;C:\Users\eliza\.m2\repository\org\springframework\spring-orm\6.1.4\spring-orm-6.1.4.jar;C:\Users\eliza\.m2\repository\org\springframework\spring-context\6.1.4\spring-context-6.1.4.jar;C:\Users\eliza\.m2\repository\org\springframework\spring-tx\6.1.4\spring-tx-6.1.4.jar;C:\Users\eliza\.m2\repository\org\springframework\spring-beans\6.1.4\spring-beans-6.1.4.jar;C:\Users\eliza\.m2\repository\jakarta\annotation\jakarta.annotation-api\2.1.1\jakarta.annotation-api-2.1.1.jar;C:\Users\eliza\.m2\repository\org\slf4j\slf4j-api\2.0.12\slf4j-api-2.0.12.jar;C:\Users\eliza\.m2\repository\org\springframework\spring-aspects\6.1.4\spring-aspects-6.1.4.jar;C:\Users\eliza\.m2\repository\org\springframework\boot\spring-boot-starter-web\3.2.3\spring-boot-starter-web-3.2.3.jar;C:\Users\eliza\.m2\repository\org\springframework\boot\spring-boot-starter\3.2.3\spring-boot-starter-3.2.3.jar;C:\Users\eliza\.m2\repository\org\springframework\boot\spring-boot\3.2.3\spring-boot-3.2.3.jar;C:\Users\eliza\.m2\repository\org\springframework\boot\spring-boot-autoconfigure\3.2.3\spring-boot-autoconfigure-3.2.3.jar;C:\Users\eliza\.m2\repository\org\springframework\boot\spring-boot-starter-logging\3.2.3\spring-boot-starter-logging-3.2.3.jar;C:\Users\eliza\.m2\repository\ch\qos\logback\logback-classic\1.4.14\logback-classic-1.4.14.jar;C:\Users\eliza\.m2\repository\ch\qos\logback\logback-core\1.4.14\logback-core-1.4.14.jar;C:\Users\eliza\.m2\repository\org\apache\logging\log4j\log4j-to-slf4j\2.21.1\log4j-to-slf4j-2.21.1.jar;C:\Users\eliza\.m2\repository\org\apache\logging\log4j\log4j-api\2.21.1\log4j-api-2.21.1.jar;C:\Users\eliza\.m2\repository\org\slf4j\jul-to-slf4j\2.0.12\jul-to-slf4j-2.0.12.jar;C:\Users\eliza\.m2\repository\org\yaml\snakeyaml\2.2\snakeyaml-2.2.jar;C:\Users\eliza\.m2\repository\org\springframework\boot\spring-boot-starter-json\3.2.3\spring-boot-starter-json-3.2.3.jar;C:\Users\eliza\.m2\repository\com\fasterxml\jackson\core\jackson-databind\2.15.4\jackson-databind-2.15.4.jar;C:\Users\eliza\.m2\repository\com\fasterxml\jackson\core\jackson-annotations\2.15.4\jackson-annotations-2.15.4.jar;C:\Users\eliza\.m2\repository\com\fasterxml\jackson\core\jackson-core\2.15.4\jackson-core-2.15.4.jar;C:\Users\eliza\.m2\repository\com\fasterxml\jackson\datatype\jackson-datatype-jdk8\2.15.4\jackson-datatype-jdk8-2.15.4.jar;C:\Users\eliza\.m2\repository\com\fasterxml\jackson\datatype\jackson-datatype-jsr310\2.15.4\jackson-datatype-jsr310-2.15.4.jar;C:\Users\eliza\.m2\repository\com\fasterxml\jackson\module\jackson-module-parameter-names\2.15.4\jackson-module-parameter-names-2.15.4.jar;C:\Users\eliza\.m2\repository\org\springframework\boot\spring-boot-starter-tomcat\3.2.3\spring-boot-starter-tomcat-3.2.3.jar;C:\Users\eliza\.m2\repository\org\apache\tomcat\embed\tomcat-embed-core\10.1.19\tomcat-embed-core-10.1.19.jar;C:\Users\eliza\.m2\repository\org\apache\tomcat\embed\tomcat-embed-el\10.1.19\tomcat-embed-el-10.1.19.jar;C:\Users\eliza\.m2\repository\org\apache\tomcat\embed\tomcat-embed-websocket\10.1.19\tomcat-embed-websocket-10.1.19.jar;C:\Users\eliza\.m2\repository\org\springframework\spring-web\6.1.4\spring-web-6.1.4.jar;C:\Users\eliza\.m2\repository\io\micrometer\micrometer-observation\1.12.3\micrometer-observation-1.12.3.jar;C:\Users\eliza\.m2\repository\io\micrometer\micrometer-commons\1.12.3\micrometer-commons-1.12.3.jar;C:\Users\eliza\.m2\repository\org\springframework\spring-webmvc\6.1.4\spring-webmvc-6.1.4.jar;C:\Users\eliza\.m2\repository\org\springframework\spring-expression\6.1.4\spring-expression-6.1.4.jar;C:\Users\eliza\.m2\repository\com\h2database\h2\2.2.224\h2-2.2.224.jar;C:\Users\eliza\.m2\repository\org\projectlombok\lombok\1.18.30\lombok-1.18.30.jar;C:\Users\eliza\.m2\repository\org\springframework\boot\spring-boot-starter-test\3.2.3\spring-boot-starter-test-3.2.3.jar;C:\Users\eliza\.m2\repository\org\springframework\boot\spring-boot-test\3.2.3\spring-boot-test-3.2.3.jar;C:\Users\eliza\.m2\repository\org\springframework\boot\spring-boot-test-autoconfigure\3.2.3\spring-boot-test-autoconfigure-3.2.3.jar;C:\Users\eliza\.m2\repository\com\jayway\jsonpath\json-path\2.9.0\json-path-2.9.0.jar;C:\Users\eliza\.m2\repository\jakarta\xml\bind\jakarta.xml.bind-api\4.0.1\jakarta.xml.bind-api-4.0.1.jar;C:\Users\eliza\.m2\repository\jakarta\activation\jakarta.activation-api\2.1.2\jakarta.activation-api-2.1.2.jar;C:\Users\eliza\.m2\repository\net\minidev\json-smart\2.5.0\json-smart-2.5.0.jar;C:\Users\eliza\.m2\repository\net\minidev\accessors-smart\2.5.0\accessors-smart-2.5.0.jar;C:\Users\eliza\.m2\repository\org\ow2\asm\asm\9.3\asm-9.3.jar;C:\Users\eliza\.m2\repository\org\assertj\assertj-core\3.24.2\assertj-core-3.24.2.jar;C:\Users\eliza\.m2\repository\org\awaitility\awaitility\4.2.0\awaitility-4.2.0.jar;C:\Users\eliza\.m2\repository\org\hamcrest\hamcrest\2.2\hamcrest-2.2.jar;C:\Users\eliza\.m2\repository\org\junit\jupiter\junit-jupiter\5.10.2\junit-jupiter-5.10.2.jar;C:\Users\eliza\.m2\repository\org\junit\jupiter\junit-jupiter-api\5.10.2\junit-jupiter-api-5.10.2.jar;C:\Users\eliza\.m2\repository\org\opentest4j\opentest4j\1.3.0\opentest4j-1.3.0.jar;C:\Users\eliza\.m2\repository\org\junit\platform\junit-platform-commons\1.10.2\junit-platform-commons-1.10.2.jar;C:\Users\eliza\.m2\repository\org\apiguardian\apiguardian-api\1.1.2\apiguardian-api-1.1.2.jar;C:\Users\eliza\.m2\repository\org\junit\jupiter\junit-jupiter-params\5.10.2\junit-jupiter-params-5.10.2.jar;C:\Users\eliza\.m2\repository\org\junit\jupiter\junit-jupiter-engine\5.10.2\junit-jupiter-engine-5.10.2.jar;C:\Users\eliza\.m2\repository\org\junit\platform\junit-platform-engine\1.10.2\junit-platform-engine-1.10.2.jar;C:\Users\eliza\.m2\repository\org\mockito\mockito-core\5.7.0\mockito-core-5.7.0.jar;C:\Users\eliza\.m2\repository\net\bytebuddy\byte-buddy-agent\1.14.12\byte-buddy-agent-1.14.12.jar;C:\Users\eliza\.m2\repository\org\objenesis\objenesis\3.3\objenesis-3.3.jar;C:\Users\eliza\.m2\repository\org\mockito\mockito-junit-jupiter\5.7.0\mockito-junit-jupiter-5.7.0.jar;C:\Users\eliza\.m2\repository\org\skyscreamer\jsonassert\1.5.1\jsonassert-1.5.1.jar;C:\Users\eliza\.m2\repository\com\vaadin\external\google\android-json\0.0.20131108.vaadin1\android-json-0.0.20131108.vaadin1.jar;C:\Users\eliza\.m2\repository\org\springframework\spring-core\6.1.4\spring-core-6.1.4.jar;C:\Users\eliza\.m2\repository\org\springframework\spring-jcl\6.1.4\spring-jcl-6.1.4.jar;C:\Users\eliza\.m2\repository\org\springframework\spring-test\6.1.4\spring-test-6.1.4.jar;C:\Users\eliza\.m2\repository\org\xmlunit\xmlunit-core\2.9.1\xmlunit-core-2.9.1.jar;"/>
    <property name="java.vm.vendor" value="Eclipse Adoptium"/>
    <property name="sun.arch.data.model" value="64"/>
    <property name="user.variant" value=""/>
    <property name="java.vendor.url" value="https://adoptium.net/"/>
    <property name="user.timezone" value="Europe/Stockholm"/>
    <property name="org.jboss.logging.provider" value="slf4j"/>
    <property name="user.country.format" value="SE"/>
    <property name="os.name" value="Windows 11"/>
    <property name="java.vm.specification.version" value="21"/>
    <property name="sun.java.launcher" value="SUN_STANDARD"/>
    <property name="user.country" value="GB"/>
    <property name="sun.boot.library.path" value="C:\Program Files\Eclipse Adoptium\jdk-21.0.6.7-hotspot\bin"/>
    <property name="sun.java.command" value="C:\Users\eliza\AppData\Local\Temp\surefire919452006127095223\surefirebooter-20250416103423497_3.jar C:\Users\eliza\AppData\Local\Temp\surefire919452006127095223 2025-04-16T10-34-23_385-jvmRun1 surefire-20250416103423497_1tmp surefire_0-20250416103423497_2tmp"/>
    <property name="jdk.debug" value="release"/>
    <property name="surefire.test.class.path" value="C:\Dev\Lexicon\Exercises\SpringWS\JPAWsPt3-4\target\test-classes;C:\Dev\Lexicon\Exercises\SpringWS\JPAWsPt3-4\target\classes;C:\Users\eliza\.m2\repository\org\springframework\boot\spring-boot-starter-data-jpa\3.2.3\spring-boot-starter-data-jpa-3.2.3.jar;C:\Users\eliza\.m2\repository\org\springframework\boot\spring-boot-starter-aop\3.2.3\spring-boot-starter-aop-3.2.3.jar;C:\Users\eliza\.m2\repository\org\springframework\spring-aop\6.1.4\spring-aop-6.1.4.jar;C:\Users\eliza\.m2\repository\org\aspectj\aspectjweaver\1.9.21\aspectjweaver-1.9.21.jar;C:\Users\eliza\.m2\repository\org\springframework\boot\spring-boot-starter-jdbc\3.2.3\spring-boot-starter-jdbc-3.2.3.jar;C:\Users\eliza\.m2\repository\com\zaxxer\HikariCP\5.0.1\HikariCP-5.0.1.jar;C:\Users\eliza\.m2\repository\org\springframework\spring-jdbc\6.1.4\spring-jdbc-6.1.4.jar;C:\Users\eliza\.m2\repository\org\hibernate\orm\hibernate-core\6.4.4.Final\hibernate-core-6.4.4.Final.jar;C:\Users\eliza\.m2\repository\jakarta\persistence\jakarta.persistence-api\3.1.0\jakarta.persistence-api-3.1.0.jar;C:\Users\eliza\.m2\repository\jakarta\transaction\jakarta.transaction-api\2.0.1\jakarta.transaction-api-2.0.1.jar;C:\Users\eliza\.m2\repository\org\jboss\logging\jboss-logging\3.5.3.Final\jboss-logging-3.5.3.Final.jar;C:\Users\eliza\.m2\repository\org\hibernate\common\hibernate-commons-annotations\6.0.6.Final\hibernate-commons-annotations-6.0.6.Final.jar;C:\Users\eliza\.m2\repository\io\smallrye\jandex\3.1.2\jandex-3.1.2.jar;C:\Users\eliza\.m2\repository\com\fasterxml\classmate\1.6.0\classmate-1.6.0.jar;C:\Users\eliza\.m2\repository\net\bytebuddy\byte-buddy\1.14.12\byte-buddy-1.14.12.jar;C:\Users\eliza\.m2\repository\org\glassfish\jaxb\jaxb-runtime\4.0.4\jaxb-runtime-4.0.4.jar;C:\Users\eliza\.m2\repository\org\glassfish\jaxb\jaxb-core\4.0.4\jaxb-core-4.0.4.jar;C:\Users\eliza\.m2\repository\org\eclipse\angus\angus-activation\2.0.1\angus-activation-2.0.1.jar;C:\Users\eliza\.m2\repository\org\glassfish\jaxb\txw2\4.0.4\txw2-4.0.4.jar;C:\Users\eliza\.m2\repository\com\sun\istack\istack-commons-runtime\4.1.2\istack-commons-runtime-4.1.2.jar;C:\Users\eliza\.m2\repository\jakarta\inject\jakarta.inject-api\2.0.1\jakarta.inject-api-2.0.1.jar;C:\Users\eliza\.m2\repository\org\antlr\antlr4-runtime\4.13.0\antlr4-runtime-4.13.0.jar;C:\Users\eliza\.m2\repository\org\springframework\data\spring-data-jpa\3.2.3\spring-data-jpa-3.2.3.jar;C:\Users\eliza\.m2\repository\org\springframework\data\spring-data-commons\3.2.3\spring-data-commons-3.2.3.jar;C:\Users\eliza\.m2\repository\org\springframework\spring-orm\6.1.4\spring-orm-6.1.4.jar;C:\Users\eliza\.m2\repository\org\springframework\spring-context\6.1.4\spring-context-6.1.4.jar;C:\Users\eliza\.m2\repository\org\springframework\spring-tx\6.1.4\spring-tx-6.1.4.jar;C:\Users\eliza\.m2\repository\org\springframework\spring-beans\6.1.4\spring-beans-6.1.4.jar;C:\Users\eliza\.m2\repository\jakarta\annotation\jakarta.annotation-api\2.1.1\jakarta.annotation-api-2.1.1.jar;C:\Users\eliza\.m2\repository\org\slf4j\slf4j-api\2.0.12\slf4j-api-2.0.12.jar;C:\Users\eliza\.m2\repository\org\springframework\spring-aspects\6.1.4\spring-aspects-6.1.4.jar;C:\Users\eliza\.m2\repository\org\springframework\boot\spring-boot-starter-web\3.2.3\spring-boot-starter-web-3.2.3.jar;C:\Users\eliza\.m2\repository\org\springframework\boot\spring-boot-starter\3.2.3\spring-boot-starter-3.2.3.jar;C:\Users\eliza\.m2\repository\org\springframework\boot\spring-boot\3.2.3\spring-boot-3.2.3.jar;C:\Users\eliza\.m2\repository\org\springframework\boot\spring-boot-autoconfigure\3.2.3\spring-boot-autoconfigure-3.2.3.jar;C:\Users\eliza\.m2\repository\org\springframework\boot\spring-boot-starter-logging\3.2.3\spring-boot-starter-logging-3.2.3.jar;C:\Users\eliza\.m2\repository\ch\qos\logback\logback-classic\1.4.14\logback-classic-1.4.14.jar;C:\Users\eliza\.m2\repository\ch\qos\logback\logback-core\1.4.14\logback-core-1.4.14.jar;C:\Users\eliza\.m2\repository\org\apache\logging\log4j\log4j-to-slf4j\2.21.1\log4j-to-slf4j-2.21.1.jar;C:\Users\eliza\.m2\repository\org\apache\logging\log4j\log4j-api\2.21.1\log4j-api-2.21.1.jar;C:\Users\eliza\.m2\repository\org\slf4j\jul-to-slf4j\2.0.12\jul-to-slf4j-2.0.12.jar;C:\Users\eliza\.m2\repository\org\yaml\snakeyaml\2.2\snakeyaml-2.2.jar;C:\Users\eliza\.m2\repository\org\springframework\boot\spring-boot-starter-json\3.2.3\spring-boot-starter-json-3.2.3.jar;C:\Users\eliza\.m2\repository\com\fasterxml\jackson\core\jackson-databind\2.15.4\jackson-databind-2.15.4.jar;C:\Users\eliza\.m2\repository\com\fasterxml\jackson\core\jackson-annotations\2.15.4\jackson-annotations-2.15.4.jar;C:\Users\eliza\.m2\repository\com\fasterxml\jackson\core\jackson-core\2.15.4\jackson-core-2.15.4.jar;C:\Users\eliza\.m2\repository\com\fasterxml\jackson\datatype\jackson-datatype-jdk8\2.15.4\jackson-datatype-jdk8-2.15.4.jar;C:\Users\eliza\.m2\repository\com\fasterxml\jackson\datatype\jackson-datatype-jsr310\2.15.4\jackson-datatype-jsr310-2.15.4.jar;C:\Users\eliza\.m2\repository\com\fasterxml\jackson\module\jackson-module-parameter-names\2.15.4\jackson-module-parameter-names-2.15.4.jar;C:\Users\eliza\.m2\repository\org\springframework\boot\spring-boot-starter-tomcat\3.2.3\spring-boot-starter-tomcat-3.2.3.jar;C:\Users\eliza\.m2\repository\org\apache\tomcat\embed\tomcat-embed-core\10.1.19\tomcat-embed-core-10.1.19.jar;C:\Users\eliza\.m2\repository\org\apache\tomcat\embed\tomcat-embed-el\10.1.19\tomcat-embed-el-10.1.19.jar;C:\Users\eliza\.m2\repository\org\apache\tomcat\embed\tomcat-embed-websocket\10.1.19\tomcat-embed-websocket-10.1.19.jar;C:\Users\eliza\.m2\repository\org\springframework\spring-web\6.1.4\spring-web-6.1.4.jar;C:\Users\eliza\.m2\repository\io\micrometer\micrometer-observation\1.12.3\micrometer-observation-1.12.3.jar;C:\Users\eliza\.m2\repository\io\micrometer\micrometer-commons\1.12.3\micrometer-commons-1.12.3.jar;C:\Users\eliza\.m2\repository\org\springframework\spring-webmvc\6.1.4\spring-webmvc-6.1.4.jar;C:\Users\eliza\.m2\repository\org\springframework\spring-expression\6.1.4\spring-expression-6.1.4.jar;C:\Users\eliza\.m2\repository\com\h2database\h2\2.2.224\h2-2.2.224.jar;C:\Users\eliza\.m2\repository\org\projectlombok\lombok\1.18.30\lombok-1.18.30.jar;C:\Users\eliza\.m2\repository\org\springframework\boot\spring-boot-starter-test\3.2.3\spring-boot-starter-test-3.2.3.jar;C:\Users\eliza\.m2\repository\org\springframework\boot\spring-boot-test\3.2.3\spring-boot-test-3.2.3.jar;C:\Users\eliza\.m2\repository\org\springframework\boot\spring-boot-test-autoconfigure\3.2.3\spring-boot-test-autoconfigure-3.2.3.jar;C:\Users\eliza\.m2\repository\com\jayway\jsonpath\json-path\2.9.0\json-path-2.9.0.jar;C:\Users\eliza\.m2\repository\jakarta\xml\bind\jakarta.xml.bind-api\4.0.1\jakarta.xml.bind-api-4.0.1.jar;C:\Users\eliza\.m2\repository\jakarta\activation\jakarta.activation-api\2.1.2\jakarta.activation-api-2.1.2.jar;C:\Users\eliza\.m2\repository\net\minidev\json-smart\2.5.0\json-smart-2.5.0.jar;C:\Users\eliza\.m2\repository\net\minidev\accessors-smart\2.5.0\accessors-smart-2.5.0.jar;C:\Users\eliza\.m2\repository\org\ow2\asm\asm\9.3\asm-9.3.jar;C:\Users\eliza\.m2\repository\org\assertj\assertj-core\3.24.2\assertj-core-3.24.2.jar;C:\Users\eliza\.m2\repository\org\awaitility\awaitility\4.2.0\awaitility-4.2.0.jar;C:\Users\eliza\.m2\repository\org\hamcrest\hamcrest\2.2\hamcrest-2.2.jar;C:\Users\eliza\.m2\repository\org\junit\jupiter\junit-jupiter\5.10.2\junit-jupiter-5.10.2.jar;C:\Users\eliza\.m2\repository\org\junit\jupiter\junit-jupiter-api\5.10.2\junit-jupiter-api-5.10.2.jar;C:\Users\eliza\.m2\repository\org\opentest4j\opentest4j\1.3.0\opentest4j-1.3.0.jar;C:\Users\eliza\.m2\repository\org\junit\platform\junit-platform-commons\1.10.2\junit-platform-commons-1.10.2.jar;C:\Users\eliza\.m2\repository\org\apiguardian\apiguardian-api\1.1.2\apiguardian-api-1.1.2.jar;C:\Users\eliza\.m2\repository\org\junit\jupiter\junit-jupiter-params\5.10.2\junit-jupiter-params-5.10.2.jar;C:\Users\eliza\.m2\repository\org\junit\jupiter\junit-jupiter-engine\5.10.2\junit-jupiter-engine-5.10.2.jar;C:\Users\eliza\.m2\repository\org\junit\platform\junit-platform-engine\1.10.2\junit-platform-engine-1.10.2.jar;C:\Users\eliza\.m2\repository\org\mockito\mockito-core\5.7.0\mockito-core-5.7.0.jar;C:\Users\eliza\.m2\repository\net\bytebuddy\byte-buddy-agent\1.14.12\byte-buddy-agent-1.14.12.jar;C:\Users\eliza\.m2\repository\org\objenesis\objenesis\3.3\objenesis-3.3.jar;C:\Users\eliza\.m2\repository\org\mockito\mockito-junit-jupiter\5.7.0\mockito-junit-jupiter-5.7.0.jar;C:\Users\eliza\.m2\repository\org\skyscreamer\jsonassert\1.5.1\jsonassert-1.5.1.jar;C:\Users\eliza\.m2\repository\com\vaadin\external\google\android-json\0.0.20131108.vaadin1\android-json-0.0.20131108.vaadin1.jar;C:\Users\eliza\.m2\repository\org\springframework\spring-core\6.1.4\spring-core-6.1.4.jar;C:\Users\eliza\.m2\repository\org\springframework\spring-jcl\6.1.4\spring-jcl-6.1.4.jar;C:\Users\eliza\.m2\repository\org\springframework\spring-test\6.1.4\spring-test-6.1.4.jar;C:\Users\eliza\.m2\repository\org\xmlunit\xmlunit-core\2.9.1\xmlunit-core-2.9.1.jar;"/>
    <property name="sun.cpu.endian" value="little"/>
    <property name="user.home" value="C:\Users\eliza"/>
    <property name="user.language" value="en"/>
    <property name="java.specification.vendor" value="Oracle Corporation"/>
    <property name="java.version.date" value="2025-01-21"/>
    <property name="java.home" value="C:\Program Files\Eclipse Adoptium\jdk-21.0.6.7-hotspot"/>
    <property name="file.separator" value="\"/>
    <property name="basedir" value="C:\Dev\Lexicon\Exercises\SpringWS\JPAWsPt3-4"/>
    <property name="java.vm.compressedOopsMode" value="Zero based"/>
    <property name="line.separator" value="&#10;"/>
    <property name="java.vm.specification.vendor" value="Oracle Corporation"/>
    <property name="java.specification.name" value="Java Platform API Specification"/>
    <property name="FILE_LOG_CHARSET" value="UTF-8"/>
    <property name="java.awt.headless" value="true"/>
    <property name="surefire.real.class.path" value="C:\Users\eliza\AppData\Local\Temp\surefire919452006127095223\surefirebooter-20250416103423497_3.jar"/>
    <property name="user.script" value=""/>
    <property name="sun.management.compiler" value="HotSpot 64-Bit Tiered Compilers"/>
    <property name="java.runtime.version" value="21.0.6+7-LTS"/>
    <property name="user.name" value="eliza"/>
    <property name="stdout.encoding" value="Cp1252"/>
    <property name="path.separator" value=";"/>
    <property name="os.version" value="10.0"/>
    <property name="java.runtime.name" value="OpenJDK Runtime Environment"/>
    <property name="file.encoding" value="UTF-8"/>
    <property name="java.vm.name" value="OpenJDK 64-Bit Server VM"/>
    <property name="java.vendor.version" value="Temurin-21.0.6+7"/>
    <property name="localRepository" value="C:\Users\eliza\.m2\repository"/>
    <property name="java.vendor.url.bug" value="https://github.com/adoptium/adoptium-support/issues"/>
    <property name="java.io.tmpdir" value="C:\Users\eliza\AppData\Local\Temp\"/>
    <property name="java.version" value="21.0.6"/>
    <property name="user.dir" value="C:\Dev\Lexicon\Exercises\SpringWS\JPAWsPt3-4"/>
    <property name="os.arch" value="amd64"/>
    <property name="java.vm.specification.name" value="Java Virtual Machine Specification"/>
    <property name="PID" value="5488"/>
    <property name="sun.os.patch.level" value=""/>
    <property name="CONSOLE_LOG_CHARSET" value="UTF-8"/>
    <property name="native.encoding" value="Cp1252"/>
    <property name="java.library.path" value="C:\Program Files\Eclipse Adoptium\jdk-21.0.6.7-hotspot\bin;C:\WINDOWS\Sun\Java\bin;C:\WINDOWS\system32;C:\WINDOWS;C:\Program Files\PowerShell\7;C:\Python313\Scripts\;C:\Python313\;C:\Program Files\Eclipse Adoptium\jdk-21.0.6.7-hotspot\bin;c:\Users\eliza\AppData\Local\Programs\cursor\resources\app\bin;C:\Program Files\Common Files\Oracle\Java\javapath;C:\Python312\Scripts\;C:\Python312\;C:\Program Files\ImageMagick-7.1.1-Q16-HDRI;C:\WINDOWS\system32;C:\WINDOWS;C:\WINDOWS\System32\Wbem;C:\WINDOWS\System32\WindowsPowerShell\v1.0\;C:\WINDOWS\System32\OpenSSH\;C:\Program Files\dotnet\;C:\Program Files (x86)\NVIDIA Corporation\PhysX\Common;C:\Program Files\nodejs\;C:\ProgramData\chocolatey\bin;C:\Program Files\Git\cmd;C:\WINDOWS\system32\config\systemprofile\dev\flutter\bin;C:\Program Files\GitHub CLI\;C:\Users\eliza\AppData\Roaming\Python\Python312;C:\Program Files\NVIDIA Corporation\NVIDIA app\NvDLISR;C:\Maven\apache-maven-3.9.9\bin;C:\Users\eliza\dev\flutter\bin;C:\Users\eliza\AppData\Local\Microsoft\WindowsApps;C:\Users\eliza\AppData\Roaming\npm;C:\Apps\HyperTerminal\resources\bin;C:\Users\eliza\AppData\Local\JetBrains\Toolbox\scripts;C:\Users\eliza\.dotnet\tools;C:\Users\eliza\AppData\Local\Programs\Ollama;c:\User;C:\Program Files\WireGuard\;C:\Program Files\PowerShell\7\;C:\Program Files\MySQL\MySQL Server 8.0\bin;;%SystemRoot%\system32;%SystemRoot%;%SystemRoot%\System32\Wbem;%SYSTEMROOT%\System32\WindowsPowerShell\v1.0\;%SYSTEMROOT%\System32\OpenSSH\;C:\Program Files\MySQL\MySQL Shell 8.0\bin\;C:\Users\eliza\dev\flutter\bin;C:\Users\eliza\AppData\Local\Microsoft\WindowsApps;C:\Users\eliza\AppData\Roaming\npm;C:\Apps\HyperTerminal\resources\bin;C:\Users\eliza\AppData\Local\JetBrains\Toolbox\scripts;C:\Users\eliza\.dotnet\tools;C:\Users\eliza\AppData\Local\Programs\Ollama;C:\Program Files\JetBrains\IntelliJ IDEA 2024.3.5\bin;;C:\Users\eliza\AppData\Local\Microsoft\WindowsApps;C:\Users\eliza\AppData\Local\Programs\cursor\resources\app\bin;."/>
    <property name="java.vm.info" value="mixed mode, sharing"/>
    <property name="stderr.encoding" value="Cp1252"/>
    <property name="java.vendor" value="Eclipse Adoptium"/>
    <property name="java.vm.version" value="21.0.6+7-LTS"/>
    <property name="sun.io.unicode.encoding" value="UnicodeLittle"/>
    <property name="java.class.version" value="65.0"/>
  </properties>
  <testcase name="testFindAll" classname="com.lexicon.springws.dao.AuthorDaoTest" time="0.435">
    <system-out><![CDATA[
  .   ____          _            __ _ _
 /\\ / ___'_ __ _ _(_)_ __  __ _ \ \ \ \
( ( )\___ | '_ | '_| | '_ \/ _` | \ \ \ \
 \\/  ___)| |_)| | | | | || (_| |  ) ) ) )
  '  |____| .__|_| |_|_| |_\__, | / / / /
 =========|_|==============|___/=/_/_/_/
 :: Spring Boot ::                (v3.2.3)

2025-04-16T10:34:24.961+02:00  INFO 5488 --- [           main] com.lexicon.springws.dao.AuthorDaoTest   : Starting AuthorDaoTest using Java 21.0.6 with PID 5488 (started by eliza in C:\Dev\Lexicon\Exercises\SpringWS\JPAWsPt3-4)
2025-04-16T10:34:24.963+02:00  INFO 5488 --- [           main] com.lexicon.springws.dao.AuthorDaoTest   : The following 1 profile is active: "test"
2025-04-16T10:34:24.964+02:00 DEBUG 5488 --- [           main] o.s.boot.SpringApplication               : Loading source class com.lexicon.springws.SpringWsApplication
2025-04-16T10:34:24.975+02:00 DEBUG 5488 --- [           main] s.c.a.AnnotationConfigApplicationContext : Refreshing org.springframework.context.annotation.AnnotationConfigApplicationContext@6f6a7463
2025-04-16T10:34:24.989+02:00 DEBUG 5488 --- [           main] o.s.b.f.s.DefaultListableBeanFactory     : Creating shared instance of singleton bean 'org.springframework.context.annotation.internalConfigurationAnnotationProcessor'
2025-04-16T10:34:25.002+02:00 DEBUG 5488 --- [           main] o.s.b.f.s.DefaultListableBeanFactory     : Creating shared instance of singleton bean 'org.springframework.boot.autoconfigure.internalCachingMetadataReaderFactory'
2025-04-16T10:34:25.047+02:00 DEBUG 5488 --- [           main] o.s.c.a.ClassPathBeanDefinitionScanner   : Identified candidate component class: file [C:\Dev\Lexicon\Exercises\SpringWS\JPAWsPt3-4\target\classes\com\lexicon\springws\dao\AuthorDaoImpl.class]
2025-04-16T10:34:25.342+02:00  INFO 5488 --- [           main] .s.d.r.c.RepositoryConfigurationDelegate : Bootstrapping Spring Data JPA repositories in DEFAULT mode.
2025-04-16T10:34:25.347+02:00 DEBUG 5488 --- [           main] o.s.b.f.s.DefaultListableBeanFactory     : Creating shared instance of singleton bean 'org.springframework.boot.autoconfigure.AutoConfigurationPackages'
2025-04-16T10:34:25.354+02:00 DEBUG 5488 --- [           main] o.s.b.a.AutoConfigurationPackages        : @EnableAutoConfiguration was declared on a class in the package 'com.lexicon.springws'. Automatic @Repository and @Entity scanning is enabled.
2025-04-16T10:34:25.355+02:00 DEBUG 5488 --- [           main] .s.d.r.c.RepositoryConfigurationDelegate : Scanning for JPA repositories in packages com.lexicon.springws.
2025-04-16T10:34:25.365+02:00 DEBUG 5488 --- [           main] o.s.d.r.c.RepositoryComponentProvider    : Identified candidate component class: file [C:\Dev\Lexicon\Exercises\SpringWS\JPAWsPt3-4\target\classes\com\lexicon\springws\repository\AppUserRepository.class]
2025-04-16T10:34:25.366+02:00 DEBUG 5488 --- [           main] o.s.d.r.c.RepositoryComponentProvider    : Identified candidate component class: file [C:\Dev\Lexicon\Exercises\SpringWS\JPAWsPt3-4\target\classes\com\lexicon\springws\repository\AuthorRepository.class]
2025-04-16T10:34:25.366+02:00 DEBUG 5488 --- [           main] o.s.d.r.c.RepositoryComponentProvider    : Identified candidate component class: file [C:\Dev\Lexicon\Exercises\SpringWS\JPAWsPt3-4\target\classes\com\lexicon\springws\repository\BookLoanRepository.class]
2025-04-16T10:34:25.366+02:00 DEBUG 5488 --- [           main] o.s.d.r.c.RepositoryComponentProvider    : Identified candidate component class: file [C:\Dev\Lexicon\Exercises\SpringWS\JPAWsPt3-4\target\classes\com\lexicon\springws\repository\BookRepository.class]
2025-04-16T10:34:25.392+02:00 DEBUG 5488 --- [           main] ssPathScanningCandidateComponentProvider : Identified candidate component class: file [C:\Dev\Lexicon\Exercises\SpringWS\JPAWsPt3-4\target\classes\com\lexicon\springws\dao\AuthorDaoImpl.class]
2025-04-16T10:34:25.407+02:00  INFO 5488 --- [           main] .s.d.r.c.RepositoryConfigurationDelegate : Finished Spring Data repository scanning in 51 ms. Found 4 JPA repository interfaces.
2025-04-16T10:34:25.446+02:00 DEBUG 5488 --- [           main] o.s.b.f.s.DefaultListableBeanFactory     : Creating shared instance of singleton bean 'org.springframework.boot.test.context.ImportsContextCustomizer$ImportsCleanupPostProcessor'
2025-04-16T10:34:25.447+02:00 DEBUG 5488 --- [           main] o.s.b.f.s.DefaultListableBeanFactory     : Creating shared instance of singleton bean 'embeddedDataSourceBeanFactoryPostProcessor'
2025-04-16T10:34:25.458+02:00  INFO 5488 --- [           main] beddedDataSourceBeanFactoryPostProcessor : Replacing 'dataSource' DataSource bean with embedded version
2025-04-16T10:34:25.522+02:00 DEBUG 5488 --- [           main] o.s.b.f.s.DefaultListableBeanFactory     : Creating shared instance of singleton bean 'org.springframework.boot.test.mock.mockito.MockitoPostProcessor'
2025-04-16T10:34:25.522+02:00 DEBUG 5488 --- [           main] o.s.b.f.s.DefaultListableBeanFactory     : Creating shared instance of singleton bean 'emBeanDefinitionRegistrarPostProcessor'
2025-04-16T10:34:25.523+02:00 DEBUG 5488 --- [           main] o.s.b.f.s.DefaultListableBeanFactory     : Creating shared instance of singleton bean 'org.springframework.boot.sql.init.dependency.DatabaseInitializationDependencyConfigurer$DependsOnDatabaseInitializationPostProcessor'
2025-04-16T10:34:25.546+02:00 DEBUG 5488 --- [           main] o.s.b.f.s.DefaultListableBeanFactory     : Creating shared instance of singleton bean 'org.springframework.context.event.internalEventListenerProcessor'
2025-04-16T10:34:25.547+02:00 DEBUG 5488 --- [           main] o.s.b.f.s.DefaultListableBeanFactory     : Creating shared instance of singleton bean 'org.springframework.context.event.internalEventListenerFactory'
2025-04-16T10:34:25.549+02:00 DEBUG 5488 --- [           main] o.s.b.f.s.DefaultListableBeanFactory     : Creating shared instance of singleton bean 'org.springframework.transaction.config.internalTransactionalEventListenerFactory'
2025-04-16T10:34:25.551+02:00 DEBUG 5488 --- [           main] o.s.b.f.s.DefaultListableBeanFactory     : Creating shared instance of singleton bean 'org.springframework.context.annotation.internalAutowiredAnnotationProcessor'
2025-04-16T10:34:25.552+02:00 DEBUG 5488 --- [           main] o.s.b.f.s.DefaultListableBeanFactory     : Creating shared instance of singleton bean 'org.springframework.context.annotation.internalCommonAnnotationProcessor'
2025-04-16T10:34:25.555+02:00 DEBUG 5488 --- [           main] o.s.b.f.s.DefaultListableBeanFactory     : Creating shared instance of singleton bean 'org.springframework.context.annotation.internalPersistenceAnnotationProcessor'
2025-04-16T10:34:25.555+02:00 DEBUG 5488 --- [           main] o.s.b.f.s.DefaultListableBeanFactory     : Creating shared instance of singleton bean 'org.springframework.boot.test.mock.mockito.MockitoPostProcessor$SpyPostProcessor'
2025-04-16T10:34:25.556+02:00 DEBUG 5488 --- [           main] o.s.b.f.s.DefaultListableBeanFactory     : Creating shared instance of singleton bean 'jdbcConnectionDetailsHikariBeanPostProcessor'
2025-04-16T10:34:25.559+02:00 DEBUG 5488 --- [           main] o.s.b.f.s.DefaultListableBeanFactory     : Creating shared instance of singleton bean 'org.springframework.boot.context.properties.ConfigurationPropertiesBindingPostProcessor'
2025-04-16T10:34:25.560+02:00 DEBUG 5488 --- [           main] o.s.b.f.s.DefaultListableBeanFactory     : Creating shared instance of singleton bean 'org.springframework.boot.context.internalConfigurationPropertiesBinder'
2025-04-16T10:34:25.562+02:00 DEBUG 5488 --- [           main] o.s.b.f.s.DefaultListableBeanFactory     : Creating shared instance of singleton bean 'org.springframework.aop.config.internalAutoProxyCreator'
2025-04-16T10:34:25.575+02:00 DEBUG 5488 --- [           main] o.s.b.f.s.DefaultListableBeanFactory     : Creating shared instance of singleton bean 'entityManagerFactory'
2025-04-16T10:34:25.576+02:00 DEBUG 5488 --- [           main] o.s.b.f.s.DefaultListableBeanFactory     : Creating shared instance of singleton bean 'org.springframework.boot.autoconfigure.orm.jpa.HibernateJpaConfiguration'
2025-04-16T10:34:25.577+02:00 DEBUG 5488 --- [           main] o.s.b.f.s.DefaultListableBeanFactory     : Creating shared instance of singleton bean 'dataSource'
2025-04-16T10:34:25.604+02:00  INFO 5488 --- [           main] o.s.j.d.e.EmbeddedDatabaseFactory        : Starting embedded database: url='jdbc:h2:mem:bb609ebb-9100-4165-aea1-c38e5465d10e;DB_CLOSE_DELAY=-1;DB_CLOSE_ON_EXIT=false', username='sa'
2025-04-16T10:34:25.607+02:00 DEBUG 5488 --- [           main] o.s.jdbc.datasource.DataSourceUtils      : Fetching JDBC Connection from DataSource
2025-04-16T10:34:25.607+02:00 DEBUG 5488 --- [           main] o.s.j.datasource.SimpleDriverDataSource  : Creating new JDBC Driver Connection to [jdbc:h2:mem:bb609ebb-9100-4165-aea1-c38e5465d10e;DB_CLOSE_DELAY=-1;DB_CLOSE_ON_EXIT=false]
2025-04-16T10:34:25.740+02:00 DEBUG 5488 --- [           main] o.s.b.f.s.DefaultListableBeanFactory     : Creating shared instance of singleton bean 'org.springframework.transaction.config.internalTransactionAdvisor'
2025-04-16T10:34:25.740+02:00 DEBUG 5488 --- [           main] o.s.b.f.s.DefaultListableBeanFactory     : Creating shared instance of singleton bean 'org.springframework.transaction.annotation.ProxyTransactionManagementConfiguration'
2025-04-16T10:34:25.746+02:00 DEBUG 5488 --- [           main] o.s.b.f.s.DefaultListableBeanFactory     : Creating shared instance of singleton bean 'transactionAttributeSource'
2025-04-16T10:34:25.747+02:00 DEBUG 5488 --- [           main] o.s.b.f.s.DefaultListableBeanFactory     : Creating shared instance of singleton bean 'transactionInterceptor'
2025-04-16T10:34:25.748+02:00 DEBUG 5488 --- [           main] o.s.b.f.s.DefaultListableBeanFactory     : Autowiring by type from bean name 'transactionInterceptor' via factory method to bean named 'transactionAttributeSource'
2025-04-16T10:34:25.754+02:00 DEBUG 5488 --- [           main] o.s.b.f.s.DefaultListableBeanFactory     : Autowiring by type from bean name 'org.springframework.transaction.config.internalTransactionAdvisor' via factory method to bean named 'transactionAttributeSource'
2025-04-16T10:34:25.754+02:00 DEBUG 5488 --- [           main] o.s.b.f.s.DefaultListableBeanFactory     : Autowiring by type from bean name 'org.springframework.transaction.config.internalTransactionAdvisor' via factory method to bean named 'transactionInterceptor'
2025-04-16T10:34:25.761+02:00 DEBUG 5488 --- [           main] o.s.b.f.s.DefaultListableBeanFactory     : Creating shared instance of singleton bean 'spring.jpa-org.springframework.boot.autoconfigure.orm.jpa.JpaProperties'
2025-04-16T10:34:25.763+02:00 DEBUG 5488 --- [           main] o.s.b.f.s.DefaultListableBeanFactory     : Creating shared instance of singleton bean 'org.springframework.boot.context.properties.BoundConfigurationProperties'
2025-04-16T10:34:25.776+02:00 DEBUG 5488 --- [           main] o.s.b.f.s.DefaultListableBeanFactory     : Creating shared instance of singleton bean 'spring.jpa.hibernate-org.springframework.boot.autoconfigure.orm.jpa.HibernateProperties'
2025-04-16T10:34:25.779+02:00 DEBUG 5488 --- [           main] o.s.b.f.s.DefaultListableBeanFactory     : Autowiring by type from bean name 'org.springframework.boot.autoconfigure.orm.jpa.HibernateJpaConfiguration' via constructor to bean named 'dataSource'
2025-04-16T10:34:25.779+02:00 DEBUG 5488 --- [           main] o.s.b.f.s.DefaultListableBeanFactory     : Autowiring by type from bean name 'org.springframework.boot.autoconfigure.orm.jpa.HibernateJpaConfiguration' via constructor to bean named 'spring.jpa-org.springframework.boot.autoconfigure.orm.jpa.JpaProperties'
2025-04-16T10:34:25.779+02:00 DEBUG 5488 --- [           main] o.s.b.f.s.DefaultListableBeanFactory     : Autowiring by type from bean name 'org.springframework.boot.autoconfigure.orm.jpa.HibernateJpaConfiguration' via constructor to bean named 'org.springframework.beans.factory.support.DefaultListableBeanFactory@6b9c69a9'
2025-04-16T10:34:25.779+02:00 DEBUG 5488 --- [           main] o.s.b.f.s.DefaultListableBeanFactory     : Autowiring by type from bean name 'org.springframework.boot.autoconfigure.orm.jpa.HibernateJpaConfiguration' via constructor to bean named 'spring.jpa.hibernate-org.springframework.boot.autoconfigure.orm.jpa.HibernateProperties'
2025-04-16T10:34:25.784+02:00 DEBUG 5488 --- [           main] o.s.b.f.s.DefaultListableBeanFactory     : Creating shared instance of singleton bean 'hikariPoolDataSourceMetadataProvider'
2025-04-16T10:34:25.784+02:00 DEBUG 5488 --- [           main] o.s.b.f.s.DefaultListableBeanFactory     : Creating shared instance of singleton bean 'org.springframework.boot.autoconfigure.jdbc.metadata.DataSourcePoolMetadataProvidersConfiguration$HikariPoolDataSourceMetadataProviderConfiguration'
2025-04-16T10:34:25.791+02:00 DEBUG 5488 --- [           main] o.s.b.f.s.DefaultListableBeanFactory     : Creating shared instance of singleton bean 'entityManagerFactoryBuilder'
2025-04-16T10:34:25.793+02:00 DEBUG 5488 --- [           main] o.s.b.f.s.DefaultListableBeanFactory     : Creating shared instance of singleton bean 'jpaVendorAdapter'
2025-04-16T10:34:25.811+02:00 DEBUG 5488 --- [           main] o.s.b.f.s.DefaultListableBeanFactory     : Autowiring by type from bean name 'entityManagerFactoryBuilder' via factory method to bean named 'jpaVendorAdapter'
2025-04-16T10:34:25.815+02:00 DEBUG 5488 --- [           main] o.s.b.f.s.DefaultListableBeanFactory     : Creating shared instance of singleton bean 'persistenceManagedTypes'
2025-04-16T10:34:25.815+02:00 DEBUG 5488 --- [           main] o.s.b.f.s.DefaultListableBeanFactory     : Autowiring by type from bean name 'persistenceManagedTypes' via factory method to bean named 'org.springframework.beans.factory.support.DefaultListableBeanFactory@6b9c69a9'
2025-04-16T10:34:25.816+02:00 DEBUG 5488 --- [           main] o.s.b.f.s.DefaultListableBeanFactory     : Autowiring by type from bean name 'persistenceManagedTypes' via factory method to bean named 'org.springframework.context.annotation.AnnotationConfigApplicationContext@6f6a7463'
2025-04-16T10:34:25.824+02:00 DEBUG 5488 --- [           main] o.s.b.f.s.DefaultListableBeanFactory     : Autowiring by type from bean name 'entityManagerFactory' via factory method to bean named 'entityManagerFactoryBuilder'
2025-04-16T10:34:25.824+02:00 DEBUG 5488 --- [           main] o.s.b.f.s.DefaultListableBeanFactory     : Autowiring by type from bean name 'entityManagerFactory' via factory method to bean named 'persistenceManagedTypes'
2025-04-16T10:34:25.845+02:00 DEBUG 5488 --- [           main] j.LocalContainerEntityManagerFactoryBean : Building JPA container EntityManagerFactory for persistence unit 'default'
2025-04-16T10:34:25.862+02:00 DEBUG 5488 --- [           main] o.hibernate.jpa.internal.util.LogHelper  : PersistenceUnitInfo [
	name: default
	persistence provider classname: null
	classloader: jdk.internal.loader.ClassLoaders$AppClassLoader@70dea4e
	excludeUnlistedClasses: true
	JTA datasource: null
	Non JTA datasource: org.springframework.jdbc.datasource.embedded.EmbeddedDatabaseFactory$EmbeddedDataSourceProxy@1a1cc163
	Transaction type: RESOURCE_LOCAL
	PU root URL: file:/C:/Dev/Lexicon/Exercises/SpringWS/JPAWsPt3-4/target/test-classes/
	Shared Cache Mode: UNSPECIFIED
	Validation Mode: AUTO
	Jar files URLs []
	Managed classes names [
		com.lexicon.springws.entity.AppUser
		com.lexicon.springws.entity.Author
		com.lexicon.springws.entity.Book
		com.lexicon.springws.entity.BookLoan]
	Mapping files names []
	Properties []
2025-04-16T10:34:25.873+02:00 DEBUG 5488 --- [           main] o.h.i.internal.IntegratorServiceImpl     : Adding Integrator [org.hibernate.boot.beanvalidation.BeanValidationIntegrator].
2025-04-16T10:34:25.874+02:00 DEBUG 5488 --- [           main] o.h.i.internal.IntegratorServiceImpl     : Adding Integrator [org.hibernate.cache.internal.CollectionCacheInvalidator].
2025-04-16T10:34:25.911+02:00  INFO 5488 --- [           main] org.hibernate.Version                    : HHH000412: Hibernate ORM core version 6.4.4.Final
2025-04-16T10:34:25.912+02:00 DEBUG 5488 --- [           main] org.hibernate.cfg.Environment            : HHH000206: 'hibernate.properties' not found
2025-04-16T10:34:25.928+02:00 DEBUG 5488 --- [           main] org.hibernate.orm.idgen.factory          : Registering IdentifierGenerator strategy [uuid2] -> [org.hibernate.id.UUIDGenerator]
2025-04-16T10:34:25.929+02:00 DEBUG 5488 --- [           main] org.hibernate.orm.idgen.factory          : Registering IdentifierGenerator strategy [guid] -> [org.hibernate.id.GUIDGenerator]
2025-04-16T10:34:25.929+02:00 DEBUG 5488 --- [           main] org.hibernate.orm.idgen.factory          : Registering IdentifierGenerator strategy [uuid] -> [org.hibernate.id.UUIDHexGenerator]
2025-04-16T10:34:25.929+02:00 DEBUG 5488 --- [           main] org.hibernate.orm.idgen.factory          : Registering IdentifierGenerator strategy [uuid.hex] -> [org.hibernate.id.UUIDHexGenerator]
2025-04-16T10:34:25.929+02:00 DEBUG 5488 --- [           main] org.hibernate.orm.idgen.factory          : Registering IdentifierGenerator strategy [assigned] -> [org.hibernate.id.Assigned]
2025-04-16T10:34:25.930+02:00 DEBUG 5488 --- [           main] org.hibernate.orm.idgen.factory          : Registering IdentifierGenerator strategy [identity] -> [org.hibernate.id.IdentityGenerator]
2025-04-16T10:34:25.930+02:00 DEBUG 5488 --- [           main] org.hibernate.orm.idgen.factory          : Registering IdentifierGenerator strategy [select] -> [org.hibernate.id.SelectGenerator]
2025-04-16T10:34:25.931+02:00 DEBUG 5488 --- [           main] org.hibernate.orm.idgen.factory          : Registering IdentifierGenerator strategy [sequence] -> [org.hibernate.id.enhanced.SequenceStyleGenerator]
2025-04-16T10:34:25.931+02:00 DEBUG 5488 --- [           main] org.hibernate.orm.idgen.factory          : Registering IdentifierGenerator strategy [increment] -> [org.hibernate.id.IncrementGenerator]
2025-04-16T10:34:25.931+02:00 DEBUG 5488 --- [           main] org.hibernate.orm.idgen.factory          : Registering IdentifierGenerator strategy [foreign] -> [org.hibernate.id.ForeignGenerator]
2025-04-16T10:34:25.932+02:00 DEBUG 5488 --- [           main] org.hibernate.orm.idgen.factory          : Registering IdentifierGenerator strategy [enhanced-sequence] -> [org.hibernate.id.enhanced.SequenceStyleGenerator]
2025-04-16T10:34:25.932+02:00 DEBUG 5488 --- [           main] org.hibernate.orm.idgen.factory          : Registering IdentifierGenerator strategy [enhanced-table] -> [org.hibernate.id.enhanced.TableGenerator]
2025-04-16T10:34:25.937+02:00 DEBUG 5488 --- [           main] o.h.c.internal.RegionFactoryInitiator    : Cannot default RegionFactory based on registered strategies as `[]` RegionFactory strategies were registered
2025-04-16T10:34:25.938+02:00  INFO 5488 --- [           main] o.h.c.internal.RegionFactoryInitiator    : HHH000026: Second-level cache disabled
2025-04-16T10:34:25.990+02:00 DEBUG 5488 --- [           main] org.hibernate.type.BasicTypeRegistry     : Adding type registration boolean -> org.hibernate.type.BasicTypeReference@5382184b
2025-04-16T10:34:25.990+02:00 DEBUG 5488 --- [           main] org.hibernate.type.BasicTypeRegistry     : Adding type registration boolean -> org.hibernate.type.BasicTypeReference@5382184b
2025-04-16T10:34:25.990+02:00 DEBUG 5488 --- [           main] org.hibernate.type.BasicTypeRegistry     : Adding type registration java.lang.Boolean -> org.hibernate.type.BasicTypeReference@5382184b
2025-04-16T10:34:25.990+02:00 DEBUG 5488 --- [           main] org.hibernate.type.BasicTypeRegistry     : Adding type registration numeric_boolean -> org.hibernate.type.BasicTypeReference@77cb452c
2025-04-16T10:34:25.990+02:00 DEBUG 5488 --- [           main] org.hibernate.type.BasicTypeRegistry     : Adding type registration org.hibernate.type.NumericBooleanConverter -> org.hibernate.type.BasicTypeReference@77cb452c
2025-04-16T10:34:25.991+02:00 DEBUG 5488 --- [           main] org.hibernate.type.BasicTypeRegistry     : Adding type registration true_false -> org.hibernate.type.BasicTypeReference@2213639b
2025-04-16T10:34:25.991+02:00 DEBUG 5488 --- [           main] org.hibernate.type.BasicTypeRegistry     : Adding type registration org.hibernate.type.TrueFalseConverter -> org.hibernate.type.BasicTypeReference@2213639b
2025-04-16T10:34:25.991+02:00 DEBUG 5488 --- [           main] org.hibernate.type.BasicTypeRegistry     : Adding type registration yes_no -> org.hibernate.type.BasicTypeReference@2c26ba07
2025-04-16T10:34:25.991+02:00 DEBUG 5488 --- [           main] org.hibernate.type.BasicTypeRegistry     : Adding type registration org.hibernate.type.YesNoConverter -> org.hibernate.type.BasicTypeReference@2c26ba07
2025-04-16T10:34:25.991+02:00 DEBUG 5488 --- [           main] org.hibernate.type.BasicTypeRegistry     : Adding type registration byte -> org.hibernate.type.BasicTypeReference@6f25bf88
2025-04-16T10:34:25.991+02:00 DEBUG 5488 --- [           main] org.hibernate.type.BasicTypeRegistry     : Adding type registration byte -> org.hibernate.type.BasicTypeReference@6f25bf88
2025-04-16T10:34:25.991+02:00 DEBUG 5488 --- [           main] org.hibernate.type.BasicTypeRegistry     : Adding type registration java.lang.Byte -> org.hibernate.type.BasicTypeReference@6f25bf88
2025-04-16T10:34:25.991+02:00 DEBUG 5488 --- [           main] org.hibernate.type.BasicTypeRegistry     : Adding type registration binary -> org.hibernate.type.BasicTypeReference@42ea7565
2025-04-16T10:34:25.991+02:00 DEBUG 5488 --- [           main] org.hibernate.type.BasicTypeRegistry     : Adding type registration byte[] -> org.hibernate.type.BasicTypeReference@42ea7565
2025-04-16T10:34:25.991+02:00 DEBUG 5488 --- [           main] org.hibernate.type.BasicTypeRegistry     : Adding type registration [B -> org.hibernate.type.BasicTypeReference@42ea7565
2025-04-16T10:34:25.991+02:00 DEBUG 5488 --- [           main] org.hibernate.type.BasicTypeRegistry     : Adding type registration binary_wrapper -> org.hibernate.type.BasicTypeReference@7b5cc918
2025-04-16T10:34:25.991+02:00 DEBUG 5488 --- [           main] org.hibernate.type.BasicTypeRegistry     : Adding type registration wrapper-binary -> org.hibernate.type.BasicTypeReference@7b5cc918
2025-04-16T10:34:25.991+02:00 DEBUG 5488 --- [           main] org.hibernate.type.BasicTypeRegistry     : Adding type registration image -> org.hibernate.type.BasicTypeReference@62b3a2f6
2025-04-16T10:34:25.991+02:00 DEBUG 5488 --- [           main] org.hibernate.type.BasicTypeRegistry     : Adding type registration blob -> org.hibernate.type.BasicTypeReference@202898d7
2025-04-16T10:34:25.991+02:00 DEBUG 5488 --- [           main] org.hibernate.type.BasicTypeRegistry     : Adding type registration java.sql.Blob -> org.hibernate.type.BasicTypeReference@202898d7
2025-04-16T10:34:25.991+02:00 DEBUG 5488 --- [           main] org.hibernate.type.BasicTypeRegistry     : Adding type registration materialized_blob -> org.hibernate.type.BasicTypeReference@317890ea
2025-04-16T10:34:25.991+02:00 DEBUG 5488 --- [           main] org.hibernate.type.BasicTypeRegistry     : Adding type registration materialized_blob_wrapper -> org.hibernate.type.BasicTypeReference@2c719bd4
2025-04-16T10:34:25.991+02:00 DEBUG 5488 --- [           main] org.hibernate.type.BasicTypeRegistry     : Adding type registration short -> org.hibernate.type.BasicTypeReference@53aa38be
2025-04-16T10:34:25.993+02:00 DEBUG 5488 --- [           main] org.hibernate.type.BasicTypeRegistry     : Adding type registration short -> org.hibernate.type.BasicTypeReference@53aa38be
2025-04-16T10:34:25.993+02:00 DEBUG 5488 --- [           main] org.hibernate.type.BasicTypeRegistry     : Adding type registration java.lang.Short -> org.hibernate.type.BasicTypeReference@53aa38be
2025-04-16T10:34:25.993+02:00 DEBUG 5488 --- [           main] org.hibernate.type.BasicTypeRegistry     : Adding type registration integer -> org.hibernate.type.BasicTypeReference@37a0ec3c
2025-04-16T10:34:25.993+02:00 DEBUG 5488 --- [           main] org.hibernate.type.BasicTypeRegistry     : Adding type registration int -> org.hibernate.type.BasicTypeReference@37a0ec3c
2025-04-16T10:34:25.993+02:00 DEBUG 5488 --- [           main] org.hibernate.type.BasicTypeRegistry     : Adding type registration java.lang.Integer -> org.hibernate.type.BasicTypeReference@37a0ec3c
2025-04-16T10:34:25.993+02:00 DEBUG 5488 --- [           main] org.hibernate.type.BasicTypeRegistry     : Adding type registration long -> org.hibernate.type.BasicTypeReference@422ad5e2
2025-04-16T10:34:25.993+02:00 DEBUG 5488 --- [           main] org.hibernate.type.BasicTypeRegistry     : Adding type registration long -> org.hibernate.type.BasicTypeReference@422ad5e2
2025-04-16T10:34:25.993+02:00 DEBUG 5488 --- [           main] org.hibernate.type.BasicTypeRegistry     : Adding type registration java.lang.Long -> org.hibernate.type.BasicTypeReference@422ad5e2
2025-04-16T10:34:25.994+02:00 DEBUG 5488 --- [           main] org.hibernate.type.BasicTypeRegistry     : Adding type registration float -> org.hibernate.type.BasicTypeReference@62a54948
2025-04-16T10:34:25.994+02:00 DEBUG 5488 --- [           main] org.hibernate.type.BasicTypeRegistry     : Adding type registration float -> org.hibernate.type.BasicTypeReference@62a54948
2025-04-16T10:34:25.994+02:00 DEBUG 5488 --- [           main] org.hibernate.type.BasicTypeRegistry     : Adding type registration java.lang.Float -> org.hibernate.type.BasicTypeReference@62a54948
2025-04-16T10:34:25.994+02:00 DEBUG 5488 --- [           main] org.hibernate.type.BasicTypeRegistry     : Adding type registration double -> org.hibernate.type.BasicTypeReference@6048e26a
2025-04-16T10:34:25.994+02:00 DEBUG 5488 --- [           main] org.hibernate.type.BasicTypeRegistry     : Adding type registration double -> org.hibernate.type.BasicTypeReference@6048e26a
2025-04-16T10:34:25.994+02:00 DEBUG 5488 --- [           main] org.hibernate.type.BasicTypeRegistry     : Adding type registration java.lang.Double -> org.hibernate.type.BasicTypeReference@6048e26a
2025-04-16T10:34:25.994+02:00 DEBUG 5488 --- [           main] org.hibernate.type.BasicTypeRegistry     : Adding type registration big_integer -> org.hibernate.type.BasicTypeReference@50b93353
2025-04-16T10:34:25.994+02:00 DEBUG 5488 --- [           main] org.hibernate.type.BasicTypeRegistry     : Adding type registration java.math.BigInteger -> org.hibernate.type.BasicTypeReference@50b93353
2025-04-16T10:34:25.994+02:00 DEBUG 5488 --- [           main] org.hibernate.type.BasicTypeRegistry     : Adding type registration big_decimal -> org.hibernate.type.BasicTypeReference@44286963
2025-04-16T10:34:25.994+02:00 DEBUG 5488 --- [           main] org.hibernate.type.BasicTypeRegistry     : Adding type registration java.math.BigDecimal -> org.hibernate.type.BasicTypeReference@44286963
2025-04-16T10:34:25.994+02:00 DEBUG 5488 --- [           main] org.hibernate.type.BasicTypeRegistry     : Adding type registration character -> org.hibernate.type.BasicTypeReference@c8f97a7
2025-04-16T10:34:25.994+02:00 DEBUG 5488 --- [           main] org.hibernate.type.BasicTypeRegistry     : Adding type registration char -> org.hibernate.type.BasicTypeReference@c8f97a7
2025-04-16T10:34:25.994+02:00 DEBUG 5488 --- [           main] org.hibernate.type.BasicTypeRegistry     : Adding type registration java.lang.Character -> org.hibernate.type.BasicTypeReference@c8f97a7
2025-04-16T10:34:25.994+02:00 DEBUG 5488 --- [           main] org.hibernate.type.BasicTypeRegistry     : Adding type registration character_nchar -> org.hibernate.type.BasicTypeReference@2b736fee
2025-04-16T10:34:25.995+02:00 DEBUG 5488 --- [           main] org.hibernate.type.BasicTypeRegistry     : Adding type registration string -> org.hibernate.type.BasicTypeReference@3249e278
2025-04-16T10:34:25.995+02:00 DEBUG 5488 --- [           main] org.hibernate.type.BasicTypeRegistry     : Adding type registration java.lang.String -> org.hibernate.type.BasicTypeReference@3249e278
2025-04-16T10:34:25.995+02:00 DEBUG 5488 --- [           main] org.hibernate.type.BasicTypeRegistry     : Adding type registration nstring -> org.hibernate.type.BasicTypeReference@35adf623
2025-04-16T10:34:25.995+02:00 DEBUG 5488 --- [           main] org.hibernate.type.BasicTypeRegistry     : Adding type registration characters -> org.hibernate.type.BasicTypeReference@456f7d9e
2025-04-16T10:34:25.995+02:00 DEBUG 5488 --- [           main] org.hibernate.type.BasicTypeRegistry     : Adding type registration char[] -> org.hibernate.type.BasicTypeReference@456f7d9e
2025-04-16T10:34:25.995+02:00 DEBUG 5488 --- [           main] org.hibernate.type.BasicTypeRegistry     : Adding type registration [C -> org.hibernate.type.BasicTypeReference@456f7d9e
2025-04-16T10:34:25.995+02:00 DEBUG 5488 --- [           main] org.hibernate.type.BasicTypeRegistry     : Adding type registration wrapper-characters -> org.hibernate.type.BasicTypeReference@75d366c2
2025-04-16T10:34:25.995+02:00 DEBUG 5488 --- [           main] org.hibernate.type.BasicTypeRegistry     : Adding type registration text -> org.hibernate.type.BasicTypeReference@8f40022
2025-04-16T10:34:25.995+02:00 DEBUG 5488 --- [           main] org.hibernate.type.BasicTypeRegistry     : Adding type registration ntext -> org.hibernate.type.BasicTypeReference@5232e3f1
2025-04-16T10:34:25.995+02:00 DEBUG 5488 --- [           main] org.hibernate.type.BasicTypeRegistry     : Adding type registration clob -> org.hibernate.type.BasicTypeReference@6c8fe7a4
2025-04-16T10:34:25.995+02:00 DEBUG 5488 --- [           main] org.hibernate.type.BasicTypeRegistry     : Adding type registration java.sql.Clob -> org.hibernate.type.BasicTypeReference@6c8fe7a4
2025-04-16T10:34:25.995+02:00 DEBUG 5488 --- [           main] org.hibernate.type.BasicTypeRegistry     : Adding type registration nclob -> org.hibernate.type.BasicTypeReference@2047981
2025-04-16T10:34:25.995+02:00 DEBUG 5488 --- [           main] org.hibernate.type.BasicTypeRegistry     : Adding type registration java.sql.NClob -> org.hibernate.type.BasicTypeReference@2047981
2025-04-16T10:34:25.995+02:00 DEBUG 5488 --- [           main] org.hibernate.type.BasicTypeRegistry     : Adding type registration materialized_clob -> org.hibernate.type.BasicTypeReference@2ad99cf3
2025-04-16T10:34:25.995+02:00 DEBUG 5488 --- [           main] org.hibernate.type.BasicTypeRegistry     : Adding type registration materialized_clob_char_array -> org.hibernate.type.BasicTypeReference@6f31df32
2025-04-16T10:34:25.995+02:00 DEBUG 5488 --- [           main] org.hibernate.type.BasicTypeRegistry     : Adding type registration materialized_clob_character_array -> org.hibernate.type.BasicTypeReference@7c90b7b7
2025-04-16T10:34:25.995+02:00 DEBUG 5488 --- [           main] org.hibernate.type.BasicTypeRegistry     : Adding type registration materialized_nclob -> org.hibernate.type.BasicTypeReference@5d7911d5
2025-04-16T10:34:25.996+02:00 DEBUG 5488 --- [           main] org.hibernate.type.BasicTypeRegistry     : Adding type registration materialized_nclob_character_array -> org.hibernate.type.BasicTypeReference@3ba1308d
2025-04-16T10:34:25.996+02:00 DEBUG 5488 --- [           main] org.hibernate.type.BasicTypeRegistry     : Adding type registration materialized_nclob_char_array -> org.hibernate.type.BasicTypeReference@5a08b084
2025-04-16T10:34:25.996+02:00 DEBUG 5488 --- [           main] org.hibernate.type.BasicTypeRegistry     : Adding type registration Duration -> org.hibernate.type.BasicTypeReference@235c997d
2025-04-16T10:34:25.996+02:00 DEBUG 5488 --- [           main] org.hibernate.type.BasicTypeRegistry     : Adding type registration java.time.Duration -> org.hibernate.type.BasicTypeReference@235c997d
2025-04-16T10:34:25.996+02:00 DEBUG 5488 --- [           main] org.hibernate.type.BasicTypeRegistry     : Adding type registration LocalDateTime -> org.hibernate.type.BasicTypeReference@36bed37a
2025-04-16T10:34:25.996+02:00 DEBUG 5488 --- [           main] org.hibernate.type.BasicTypeRegistry     : Adding type registration java.time.LocalDateTime -> org.hibernate.type.BasicTypeReference@36bed37a
2025-04-16T10:34:25.996+02:00 DEBUG 5488 --- [           main] org.hibernate.type.BasicTypeRegistry     : Adding type registration LocalDate -> org.hibernate.type.BasicTypeReference@4a9a878
2025-04-16T10:34:25.996+02:00 DEBUG 5488 --- [           main] org.hibernate.type.BasicTypeRegistry     : Adding type registration java.time.LocalDate -> org.hibernate.type.BasicTypeReference@4a9a878
2025-04-16T10:34:25.996+02:00 DEBUG 5488 --- [           main] org.hibernate.type.BasicTypeRegistry     : Adding type registration LocalTime -> org.hibernate.type.BasicTypeReference@1b3ab4f9
2025-04-16T10:34:25.996+02:00 DEBUG 5488 --- [           main] org.hibernate.type.BasicTypeRegistry     : Adding type registration java.time.LocalTime -> org.hibernate.type.BasicTypeReference@1b3ab4f9
2025-04-16T10:34:25.996+02:00 DEBUG 5488 --- [           main] org.hibernate.type.BasicTypeRegistry     : Adding type registration OffsetDateTime -> org.hibernate.type.BasicTypeReference@5c6a5192
2025-04-16T10:34:25.996+02:00 DEBUG 5488 --- [           main] org.hibernate.type.BasicTypeRegistry     : Adding type registration java.time.OffsetDateTime -> org.hibernate.type.BasicTypeReference@5c6a5192
2025-04-16T10:34:25.996+02:00 DEBUG 5488 --- [           main] org.hibernate.type.BasicTypeRegistry     : Adding type registration OffsetDateTimeWithTimezone -> org.hibernate.type.BasicTypeReference@1c8f6c66
2025-04-16T10:34:25.996+02:00 DEBUG 5488 --- [           main] org.hibernate.type.BasicTypeRegistry     : Adding type registration OffsetDateTimeWithoutTimezone -> org.hibernate.type.BasicTypeReference@552cede7
2025-04-16T10:34:25.996+02:00 DEBUG 5488 --- [           main] org.hibernate.type.BasicTypeRegistry     : Adding type registration OffsetTime -> org.hibernate.type.BasicTypeReference@1b7f06c7
2025-04-16T10:34:25.996+02:00 DEBUG 5488 --- [           main] org.hibernate.type.BasicTypeRegistry     : Adding type registration java.time.OffsetTime -> org.hibernate.type.BasicTypeReference@1b7f06c7
2025-04-16T10:34:25.996+02:00 DEBUG 5488 --- [           main] org.hibernate.type.BasicTypeRegistry     : Adding type registration OffsetTimeUtc -> org.hibernate.type.BasicTypeReference@151732fb
2025-04-16T10:34:25.997+02:00 DEBUG 5488 --- [           main] org.hibernate.type.BasicTypeRegistry     : Adding type registration OffsetTimeWithTimezone -> org.hibernate.type.BasicTypeReference@729c8063
2025-04-16T10:34:25.997+02:00 DEBUG 5488 --- [           main] org.hibernate.type.BasicTypeRegistry     : Adding type registration OffsetTimeWithoutTimezone -> org.hibernate.type.BasicTypeReference@40ed1802
2025-04-16T10:34:25.997+02:00 DEBUG 5488 --- [           main] org.hibernate.type.BasicTypeRegistry     : Adding type registration ZonedDateTime -> org.hibernate.type.BasicTypeReference@23c767e6
2025-04-16T10:34:25.997+02:00 DEBUG 5488 --- [           main] org.hibernate.type.BasicTypeRegistry     : Adding type registration java.time.ZonedDateTime -> org.hibernate.type.BasicTypeReference@23c767e6
2025-04-16T10:34:25.997+02:00 DEBUG 5488 --- [           main] org.hibernate.type.BasicTypeRegistry     : Adding type registration ZonedDateTimeWithTimezone -> org.hibernate.type.BasicTypeReference@feb098f
2025-04-16T10:34:25.997+02:00 DEBUG 5488 --- [           main] org.hibernate.type.BasicTypeRegistry     : Adding type registration ZonedDateTimeWithoutTimezone -> org.hibernate.type.BasicTypeReference@19e21f89
2025-04-16T10:34:25.997+02:00 DEBUG 5488 --- [           main] org.hibernate.type.BasicTypeRegistry     : Adding type registration date -> org.hibernate.type.BasicTypeReference@31e739bf
2025-04-16T10:34:25.997+02:00 DEBUG 5488 --- [           main] org.hibernate.type.BasicTypeRegistry     : Adding type registration java.sql.Date -> org.hibernate.type.BasicTypeReference@31e739bf
2025-04-16T10:34:25.997+02:00 DEBUG 5488 --- [           main] org.hibernate.type.BasicTypeRegistry     : Adding type registration time -> org.hibernate.type.BasicTypeReference@29079032
2025-04-16T10:34:25.997+02:00 DEBUG 5488 --- [           main] org.hibernate.type.BasicTypeRegistry     : Adding type registration java.sql.Time -> org.hibernate.type.BasicTypeReference@29079032
2025-04-16T10:34:25.997+02:00 DEBUG 5488 --- [           main] org.hibernate.type.BasicTypeRegistry     : Adding type registration timestamp -> org.hibernate.type.BasicTypeReference@7e7743ec
2025-04-16T10:34:25.997+02:00 DEBUG 5488 --- [           main] org.hibernate.type.BasicTypeRegistry     : Adding type registration java.sql.Timestamp -> org.hibernate.type.BasicTypeReference@7e7743ec
2025-04-16T10:34:25.997+02:00 DEBUG 5488 --- [           main] org.hibernate.type.BasicTypeRegistry     : Adding type registration java.util.Date -> org.hibernate.type.BasicTypeReference@7e7743ec
2025-04-16T10:34:25.998+02:00 DEBUG 5488 --- [           main] org.hibernate.type.BasicTypeRegistry     : Adding type registration calendar -> org.hibernate.type.BasicTypeReference@776015fc
2025-04-16T10:34:25.998+02:00 DEBUG 5488 --- [           main] org.hibernate.type.BasicTypeRegistry     : Adding type registration java.util.Calendar -> org.hibernate.type.BasicTypeReference@776015fc
2025-04-16T10:34:25.998+02:00 DEBUG 5488 --- [           main] org.hibernate.type.BasicTypeRegistry     : Adding type registration java.util.GregorianCalendar -> org.hibernate.type.BasicTypeReference@776015fc
2025-04-16T10:34:25.998+02:00 DEBUG 5488 --- [           main] org.hibernate.type.BasicTypeRegistry     : Adding type registration calendar_date -> org.hibernate.type.BasicTypeReference@7f42e06e
2025-04-16T10:34:25.998+02:00 DEBUG 5488 --- [           main] org.hibernate.type.BasicTypeRegistry     : Adding type registration calendar_time -> org.hibernate.type.BasicTypeReference@6ad179b4
2025-04-16T10:34:25.998+02:00 DEBUG 5488 --- [           main] org.hibernate.type.BasicTypeRegistry     : Adding type registration instant -> org.hibernate.type.BasicTypeReference@2efd2f21
2025-04-16T10:34:25.998+02:00 DEBUG 5488 --- [           main] org.hibernate.type.BasicTypeRegistry     : Adding type registration java.time.Instant -> org.hibernate.type.BasicTypeReference@2efd2f21
2025-04-16T10:34:25.998+02:00 DEBUG 5488 --- [           main] org.hibernate.type.BasicTypeRegistry     : Adding type registration uuid -> org.hibernate.type.BasicTypeReference@59c500f7
2025-04-16T10:34:25.998+02:00 DEBUG 5488 --- [           main] org.hibernate.type.BasicTypeRegistry     : Adding type registration java.util.UUID -> org.hibernate.type.BasicTypeReference@59c500f7
2025-04-16T10:34:25.998+02:00 DEBUG 5488 --- [           main] org.hibernate.type.BasicTypeRegistry     : Adding type registration pg-uuid -> org.hibernate.type.BasicTypeReference@59c500f7
2025-04-16T10:34:25.998+02:00 DEBUG 5488 --- [           main] org.hibernate.type.BasicTypeRegistry     : Adding type registration uuid-binary -> org.hibernate.type.BasicTypeReference@316cda31
2025-04-16T10:34:25.998+02:00 DEBUG 5488 --- [           main] org.hibernate.type.BasicTypeRegistry     : Adding type registration uuid-char -> org.hibernate.type.BasicTypeReference@50110971
2025-04-16T10:34:25.998+02:00 DEBUG 5488 --- [           main] org.hibernate.type.BasicTypeRegistry     : Adding type registration class -> org.hibernate.type.BasicTypeReference@17d2b075
2025-04-16T10:34:25.998+02:00 DEBUG 5488 --- [           main] org.hibernate.type.BasicTypeRegistry     : Adding type registration java.lang.Class -> org.hibernate.type.BasicTypeReference@17d2b075
2025-04-16T10:34:25.998+02:00 DEBUG 5488 --- [           main] org.hibernate.type.BasicTypeRegistry     : Adding type registration currency -> org.hibernate.type.BasicTypeReference@6661d8c0
2025-04-16T10:34:25.998+02:00 DEBUG 5488 --- [           main] org.hibernate.type.BasicTypeRegistry     : Adding type registration Currency -> org.hibernate.type.BasicTypeReference@6661d8c0
2025-04-16T10:34:25.999+02:00 DEBUG 5488 --- [           main] org.hibernate.type.BasicTypeRegistry     : Adding type registration java.util.Currency -> org.hibernate.type.BasicTypeReference@6661d8c0
2025-04-16T10:34:25.999+02:00 DEBUG 5488 --- [           main] org.hibernate.type.BasicTypeRegistry     : Adding type registration locale -> org.hibernate.type.BasicTypeReference@6909f6be
2025-04-16T10:34:25.999+02:00 DEBUG 5488 --- [           main] org.hibernate.type.BasicTypeRegistry     : Adding type registration java.util.Locale -> org.hibernate.type.BasicTypeReference@6909f6be
2025-04-16T10:34:25.999+02:00 DEBUG 5488 --- [           main] org.hibernate.type.BasicTypeRegistry     : Adding type registration serializable -> org.hibernate.type.BasicTypeReference@6b5ab2f2
2025-04-16T10:34:25.999+02:00 DEBUG 5488 --- [           main] org.hibernate.type.BasicTypeRegistry     : Adding type registration java.io.Serializable -> org.hibernate.type.BasicTypeReference@6b5ab2f2
2025-04-16T10:34:25.999+02:00 DEBUG 5488 --- [           main] org.hibernate.type.BasicTypeRegistry     : Adding type registration timezone -> org.hibernate.type.BasicTypeReference@315c081
2025-04-16T10:34:25.999+02:00 DEBUG 5488 --- [           main] org.hibernate.type.BasicTypeRegistry     : Adding type registration java.util.TimeZone -> org.hibernate.type.BasicTypeReference@315c081
2025-04-16T10:34:25.999+02:00 DEBUG 5488 --- [           main] org.hibernate.type.BasicTypeRegistry     : Adding type registration ZoneOffset -> org.hibernate.type.BasicTypeReference@6b2dd3df
2025-04-16T10:34:25.999+02:00 DEBUG 5488 --- [           main] org.hibernate.type.BasicTypeRegistry     : Adding type registration java.time.ZoneOffset -> org.hibernate.type.BasicTypeReference@6b2dd3df
2025-04-16T10:34:25.999+02:00 DEBUG 5488 --- [           main] org.hibernate.type.BasicTypeRegistry     : Adding type registration url -> org.hibernate.type.BasicTypeReference@4db77402
2025-04-16T10:34:25.999+02:00 DEBUG 5488 --- [           main] org.hibernate.type.BasicTypeRegistry     : Adding type registration java.net.URL -> org.hibernate.type.BasicTypeReference@4db77402
2025-04-16T10:34:25.999+02:00 DEBUG 5488 --- [           main] org.hibernate.type.BasicTypeRegistry     : Adding type registration vector -> org.hibernate.type.BasicTypeReference@73c48264
2025-04-16T10:34:25.999+02:00 DEBUG 5488 --- [           main] org.hibernate.type.BasicTypeRegistry     : Adding type registration row_version -> org.hibernate.type.BasicTypeReference@5ef85555
2025-04-16T10:34:26.003+02:00 DEBUG 5488 --- [           main] org.hibernate.type.BasicTypeRegistry     : Adding type registration object -> org.hibernate.type.JavaObjectType@5d05f453
2025-04-16T10:34:26.003+02:00 DEBUG 5488 --- [           main] org.hibernate.type.BasicTypeRegistry     : Adding type registration java.lang.Object -> org.hibernate.type.JavaObjectType@5d05f453
2025-04-16T10:34:26.004+02:00 DEBUG 5488 --- [           main] org.hibernate.type.BasicTypeRegistry     : Adding type registration null -> org.hibernate.type.NullType@24c685e7
2025-04-16T10:34:26.005+02:00 DEBUG 5488 --- [           main] org.hibernate.type.BasicTypeRegistry     : Adding type registration imm_date -> org.hibernate.type.BasicTypeReference@7da635c0
2025-04-16T10:34:26.005+02:00 DEBUG 5488 --- [           main] org.hibernate.type.BasicTypeRegistry     : Adding type registration imm_time -> org.hibernate.type.BasicTypeReference@2ed9f6f8
2025-04-16T10:34:26.005+02:00 DEBUG 5488 --- [           main] org.hibernate.type.BasicTypeRegistry     : Adding type registration imm_timestamp -> org.hibernate.type.BasicTypeReference@251c4280
2025-04-16T10:34:26.005+02:00 DEBUG 5488 --- [           main] org.hibernate.type.BasicTypeRegistry     : Adding type registration imm_calendar -> org.hibernate.type.BasicTypeReference@35650279
2025-04-16T10:34:26.005+02:00 DEBUG 5488 --- [           main] org.hibernate.type.BasicTypeRegistry     : Adding type registration imm_calendar_date -> org.hibernate.type.BasicTypeReference@79a13920
2025-04-16T10:34:26.005+02:00 DEBUG 5488 --- [           main] org.hibernate.type.BasicTypeRegistry     : Adding type registration imm_calendar_time -> org.hibernate.type.BasicTypeReference@182e7eda
2025-04-16T10:34:26.005+02:00 DEBUG 5488 --- [           main] org.hibernate.type.BasicTypeRegistry     : Adding type registration imm_binary -> org.hibernate.type.BasicTypeReference@5f61371d
2025-04-16T10:34:26.005+02:00 DEBUG 5488 --- [           main] org.hibernate.type.BasicTypeRegistry     : Adding type registration imm_serializable -> org.hibernate.type.BasicTypeReference@420a8042
2025-04-16T10:34:26.009+02:00 DEBUG 5488 --- [           main] o.h.boot.internal.BootstrapContextImpl   : Injecting JPA temp ClassLoader [org.springframework.instrument.classloading.SimpleThrowawayClassLoader@37a9b687] into BootstrapContext; was [null]
2025-04-16T10:34:26.009+02:00 DEBUG 5488 --- [           main] o.h.boot.internal.ClassLoaderAccessImpl  : ClassLoaderAccessImpl#injectTempClassLoader(org.springframework.instrument.classloading.SimpleThrowawayClassLoader@37a9b687) [was null]
2025-04-16T10:34:26.010+02:00 DEBUG 5488 --- [           main] o.h.boot.internal.BootstrapContextImpl   : Injecting ScanEnvironment [org.hibernate.jpa.boot.internal.StandardJpaScanEnvironmentImpl@661d6bb6] into BootstrapContext; was [null]
2025-04-16T10:34:26.010+02:00 DEBUG 5488 --- [           main] o.h.boot.internal.BootstrapContextImpl   : Injecting ScanOptions [org.hibernate.boot.archive.scan.internal.StandardScanOptions@733fb462] into BootstrapContext; was [org.hibernate.boot.archive.scan.internal.StandardScanOptions@623e0631]
2025-04-16T10:34:26.144+02:00  INFO 5488 --- [           main] o.s.o.j.p.SpringPersistenceUnitInfo      : No LoadTimeWeaver setup: ignoring JPA class transformer
2025-04-16T10:34:26.145+02:00 DEBUG 5488 --- [           main] o.h.boot.internal.BootstrapContextImpl   : Injecting JPA temp ClassLoader [null] into BootstrapContext; was [org.springframework.instrument.classloading.SimpleThrowawayClassLoader@37a9b687]
2025-04-16T10:34:26.145+02:00 DEBUG 5488 --- [           main] o.h.boot.internal.ClassLoaderAccessImpl  : ClassLoaderAccessImpl#injectTempClassLoader(null) [was org.springframework.instrument.classloading.SimpleThrowawayClassLoader@37a9b687]
2025-04-16T10:34:26.166+02:00 DEBUG 5488 --- [           main] o.s.j.datasource.SimpleDriverDataSource  : Creating new JDBC Driver Connection to [jdbc:h2:mem:bb609ebb-9100-4165-aea1-c38e5465d10e;DB_CLOSE_DELAY=-1;DB_CLOSE_ON_EXIT=false]
2025-04-16T10:34:26.169+02:00 DEBUG 5488 --- [           main] o.h.e.j.e.i.JdbcEnvironmentInitiator     : Database ->
       name : H2
    version : 2.2.224 (2023-09-17)
      major : 2
      minor : 2
2025-04-16T10:34:26.169+02:00 DEBUG 5488 --- [           main] o.h.e.j.e.i.JdbcEnvironmentInitiator     : Driver ->
       name : H2 JDBC Driver
    version : 2.2.224 (2023-09-17)
      major : 2
      minor : 2
2025-04-16T10:34:26.169+02:00 DEBUG 5488 --- [           main] o.h.e.j.e.i.JdbcEnvironmentInitiator     : JDBC version : 4.2
2025-04-16T10:34:26.184+02:00  WARN 5488 --- [           main] org.hibernate.orm.deprecation            : HHH90000025: H2Dialect does not need to be specified explicitly using 'hibernate.dialect' (remove the property setting and it will be selected by default)
2025-04-16T10:34:26.185+02:00 DEBUG 5488 --- [           main] org.hibernate.orm.dialect                : HHH035001: Using dialect: org.hibernate.dialect.H2Dialect, version: 2.2.224
2025-04-16T10:34:26.192+02:00 DEBUG 5488 --- [           main] o.h.e.j.env.spi.IdentifierHelperBuilder  : JDBC driver metadata reported database stores quoted identifiers in neither upper, lower nor mixed case
2025-04-16T10:34:26.212+02:00 DEBUG 5488 --- [           main] o.h.t.d.jdbc.spi.JdbcTypeRegistry        : addDescriptor(NCharTypeDescriptor) replaced previous registration(CharTypeDescriptor)
2025-04-16T10:34:26.212+02:00 DEBUG 5488 --- [           main] o.h.t.d.jdbc.spi.JdbcTypeRegistry        : addDescriptor(NVarcharTypeDescriptor) replaced previous registration(VarcharTypeDescriptor)
2025-04-16T10:34:26.213+02:00 DEBUG 5488 --- [           main] o.h.t.d.jdbc.spi.JdbcTypeRegistry        : addDescriptor(LongNVarcharTypeDescriptor) replaced previous registration(LongVarcharTypeDescriptor)
2025-04-16T10:34:26.214+02:00 DEBUG 5488 --- [           main] o.h.t.d.jdbc.spi.JdbcTypeRegistry        : addDescriptor(NClobTypeDescriptor(DEFAULT)) replaced previous registration(ClobTypeDescriptor(DEFAULT))
2025-04-16T10:34:26.214+02:00 DEBUG 5488 --- [           main] o.h.t.d.jdbc.spi.JdbcTypeRegistry        : addDescriptor(2005, ClobTypeDescriptor(STREAM_BINDING)) replaced previous registration(ClobTypeDescriptor(DEFAULT))
2025-04-16T10:34:26.215+02:00 DEBUG 5488 --- [           main] o.h.t.d.jdbc.spi.JdbcTypeRegistry        : addDescriptor(TimestampUtcDescriptor) replaced previous registration(TimestampUtcDescriptor)
2025-04-16T10:34:26.221+02:00 DEBUG 5488 --- [           main] org.hibernate.type.BasicTypeRegistry     : Adding type registration org.hibernate.type.DurationType -> basicType@1(java.time.Duration,3015)
2025-04-16T10:34:26.221+02:00 DEBUG 5488 --- [           main] org.hibernate.type.BasicTypeRegistry     : Adding type registration Duration -> basicType@1(java.time.Duration,3015)
2025-04-16T10:34:26.222+02:00 DEBUG 5488 --- [           main] org.hibernate.type.BasicTypeRegistry     : Adding type registration java.time.Duration -> basicType@1(java.time.Duration,3015)
2025-04-16T10:34:26.224+02:00 DEBUG 5488 --- [           main] o.h.type.spi.TypeConfiguration$Scope     : Scoping TypeConfiguration [org.hibernate.type.spi.TypeConfiguration@68e5c7ae] to MetadataBuildingContext [org.hibernate.boot.internal.MetadataBuildingContextRootImpl@68bd8ca7]
2025-04-16T10:34:26.256+02:00 DEBUG 5488 --- [           main] o.h.boot.model.relational.Namespace      : Created database namespace [logicalName=Name{catalog=null, schema=null}, physicalName=Name{catalog=null, schema=null}]
2025-04-16T10:34:26.278+02:00 DEBUG 5488 --- [           main] o.h.boot.model.internal.EntityBinder     : Binding entity from annotated class: com.lexicon.springws.entity.AppUser
2025-04-16T10:34:26.286+02:00 DEBUG 5488 --- [           main] o.h.boot.model.internal.EntityBinder     : Import with entity name AppUser
2025-04-16T10:34:26.292+02:00 DEBUG 5488 --- [           main] o.h.boot.model.internal.EntityBinder     : Bind entity com.lexicon.springws.entity.AppUser on table app_users
2025-04-16T10:34:26.303+02:00 DEBUG 5488 --- [           main] o.h.boot.model.internal.AnnotatedColumn  : Binding column: AnnotatedDiscriminatorColumn(column='DTYPE')
2025-04-16T10:34:26.316+02:00 DEBUG 5488 --- [           main] o.h.boot.model.internal.AnnotatedColumn  : Binding column: AnnotatedColumn()
2025-04-16T10:34:26.316+02:00 DEBUG 5488 --- [           main] o.h.boot.internal.ClassLoaderAccessImpl  : Not known whether passed class name [com.lexicon.springws.entity.AppUser] is safe
2025-04-16T10:34:26.316+02:00 DEBUG 5488 --- [           main] o.h.boot.internal.ClassLoaderAccessImpl  : No temp ClassLoader provided; using live ClassLoader for loading potentially unsafe class : com.lexicon.springws.entity.AppUser
2025-04-16T10:34:26.318+02:00 DEBUG 5488 --- [           main] o.h.boot.model.internal.PropertyBinder   : MetadataSourceProcessor property id with lazy=false
2025-04-16T10:34:26.322+02:00 DEBUG 5488 --- [           main] o.h.b.m.internal.AbstractPropertyHolder  : Attempting to locate auto-apply AttributeConverter for property [com.lexicon.springws.entity.AppUser:id]
2025-04-16T10:34:26.326+02:00 DEBUG 5488 --- [           main] o.h.b.model.internal.BasicValueBinder    : building BasicValue for id
2025-04-16T10:34:26.328+02:00 DEBUG 5488 --- [           main] org.hibernate.mapping.BasicValue         : Skipping column re-registration: app_users.id
2025-04-16T10:34:26.329+02:00 DEBUG 5488 --- [           main] o.h.boot.model.internal.PropertyBinder   : Building property id
2025-04-16T10:34:26.332+02:00 DEBUG 5488 --- [           main] o.h.boot.model.internal.BinderHelper     : #makeIdGenerator(BasicValue([Column(id)]), id, identity, , ...)
2025-04-16T10:34:26.332+02:00 DEBUG 5488 --- [           main] o.h.boot.model.internal.AnnotatedColumn  : Binding column: AnnotatedColumn()
2025-04-16T10:34:26.332+02:00 DEBUG 5488 --- [           main] o.h.boot.model.internal.PropertyBinder   : MetadataSourceProcessor property password with lazy=false
2025-04-16T10:34:26.333+02:00 DEBUG 5488 --- [           main] o.h.b.m.internal.AbstractPropertyHolder  : Attempting to locate auto-apply AttributeConverter for property [com.lexicon.springws.entity.AppUser:password]
2025-04-16T10:34:26.333+02:00 DEBUG 5488 --- [           main] o.h.b.model.internal.BasicValueBinder    : building BasicValue for password
2025-04-16T10:34:26.333+02:00 DEBUG 5488 --- [           main] org.hibernate.mapping.BasicValue         : Skipping column re-registration: app_users.password
2025-04-16T10:34:26.333+02:00 DEBUG 5488 --- [           main] o.h.boot.model.internal.PropertyBinder   : Building property password
2025-04-16T10:34:26.333+02:00 DEBUG 5488 --- [           main] o.h.boot.model.internal.AnnotatedColumn  : Binding column: AnnotatedColumn()
2025-04-16T10:34:26.333+02:00 DEBUG 5488 --- [           main] o.h.boot.model.internal.PropertyBinder   : MetadataSourceProcessor property username with lazy=false
2025-04-16T10:34:26.333+02:00 DEBUG 5488 --- [           main] o.h.b.m.internal.AbstractPropertyHolder  : Attempting to locate auto-apply AttributeConverter for property [com.lexicon.springws.entity.AppUser:username]
2025-04-16T10:34:26.334+02:00 DEBUG 5488 --- [           main] o.h.b.model.internal.BasicValueBinder    : building BasicValue for username
2025-04-16T10:34:26.334+02:00 DEBUG 5488 --- [           main] org.hibernate.mapping.BasicValue         : Skipping column re-registration: app_users.username
2025-04-16T10:34:26.334+02:00 DEBUG 5488 --- [           main] o.h.boot.model.internal.PropertyBinder   : Building property username
2025-04-16T10:34:26.335+02:00 DEBUG 5488 --- [           main] o.h.b.r.c.i.ClassLoaderServiceImpl       : HHH000194: Package not found or wo package-info.java: com.lexicon.springws.entity
2025-04-16T10:34:26.339+02:00 DEBUG 5488 --- [           main] o.h.boot.model.internal.EntityBinder     : Binding entity from annotated class: com.lexicon.springws.entity.Author
2025-04-16T10:34:26.339+02:00 DEBUG 5488 --- [           main] o.h.boot.model.internal.EntityBinder     : Import with entity name Author
2025-04-16T10:34:26.340+02:00 DEBUG 5488 --- [           main] o.h.boot.model.internal.EntityBinder     : Bind entity com.lexicon.springws.entity.Author on table author
2025-04-16T10:34:26.340+02:00 DEBUG 5488 --- [           main] o.h.boot.model.internal.AnnotatedColumn  : Binding column: AnnotatedDiscriminatorColumn(column='DTYPE')
2025-04-16T10:34:26.342+02:00 DEBUG 5488 --- [           main] o.h.boot.model.internal.AnnotatedColumn  : Binding column: AnnotatedColumn()
2025-04-16T10:34:26.342+02:00 DEBUG 5488 --- [           main] o.h.boot.internal.ClassLoaderAccessImpl  : Not known whether passed class name [com.lexicon.springws.entity.Author] is safe
2025-04-16T10:34:26.342+02:00 DEBUG 5488 --- [           main] o.h.boot.internal.ClassLoaderAccessImpl  : No temp ClassLoader provided; using live ClassLoader for loading potentially unsafe class : com.lexicon.springws.entity.Author
2025-04-16T10:34:26.342+02:00 DEBUG 5488 --- [           main] o.h.boot.model.internal.PropertyBinder   : MetadataSourceProcessor property authorId with lazy=false
2025-04-16T10:34:26.342+02:00 DEBUG 5488 --- [           main] o.h.b.m.internal.AbstractPropertyHolder  : Attempting to locate auto-apply AttributeConverter for property [com.lexicon.springws.entity.Author:authorId]
2025-04-16T10:34:26.342+02:00 DEBUG 5488 --- [           main] o.h.b.model.internal.BasicValueBinder    : building BasicValue for authorId
2025-04-16T10:34:26.342+02:00 DEBUG 5488 --- [           main] org.hibernate.mapping.BasicValue         : Skipping column re-registration: author.author_id
2025-04-16T10:34:26.342+02:00 DEBUG 5488 --- [           main] o.h.boot.model.internal.PropertyBinder   : Building property authorId
2025-04-16T10:34:26.342+02:00 DEBUG 5488 --- [           main] o.h.boot.model.internal.BinderHelper     : #makeIdGenerator(BasicValue([Column(author_id)]), authorId, identity, , ...)
2025-04-16T10:34:26.344+02:00 DEBUG 5488 --- [           main] o.h.boot.model.internal.AnnotatedColumn  : Binding column: AnnotatedJoinColumn()
2025-04-16T10:34:26.345+02:00 DEBUG 5488 --- [           main] o.h.boot.model.internal.AnnotatedColumn  : Binding column: AnnotatedColumn()
2025-04-16T10:34:26.355+02:00 DEBUG 5488 --- [           main] o.h.boot.model.internal.AnnotatedColumn  : Binding column: IndexColumn(column='books_ORDER')
2025-04-16T10:34:26.357+02:00 DEBUG 5488 --- [           main] o.h.boot.model.internal.AnnotatedColumn  : Binding column: AnnotatedColumn()
2025-04-16T10:34:26.359+02:00 DEBUG 5488 --- [           main] o.h.boot.model.internal.AnnotatedColumn  : Binding column: AnnotatedColumn(column='books_KEY')
2025-04-16T10:34:26.360+02:00 DEBUG 5488 --- [           main] o.h.boot.model.internal.AnnotatedColumn  : Binding column: AnnotatedJoinColumn(column='books_KEY')
2025-04-16T10:34:26.361+02:00 DEBUG 5488 --- [           main] o.h.boot.model.internal.AnnotatedColumn  : Binding column: AnnotatedJoinColumn()
2025-04-16T10:34:26.362+02:00 DEBUG 5488 --- [           main] o.h.boot.model.internal.AnnotatedColumn  : Binding column: AnnotatedJoinColumn()
2025-04-16T10:34:26.363+02:00 DEBUG 5488 --- [           main] o.h.b.model.internal.CollectionBinder    : Collection role: com.lexicon.springws.entity.Author.books
2025-04-16T10:34:26.365+02:00 DEBUG 5488 --- [           main] o.h.boot.model.internal.PropertyBinder   : Building property books
2025-04-16T10:34:26.366+02:00 DEBUG 5488 --- [           main] o.h.boot.model.internal.AnnotatedColumn  : Binding column: AnnotatedColumn()
2025-04-16T10:34:26.366+02:00 DEBUG 5488 --- [           main] o.h.boot.model.internal.PropertyBinder   : MetadataSourceProcessor property email with lazy=false
2025-04-16T10:34:26.366+02:00 DEBUG 5488 --- [           main] o.h.b.m.internal.AbstractPropertyHolder  : Attempting to locate auto-apply AttributeConverter for property [com.lexicon.springws.entity.Author:email]
2025-04-16T10:34:26.366+02:00 DEBUG 5488 --- [           main] o.h.b.model.internal.BasicValueBinder    : building BasicValue for email
2025-04-16T10:34:26.366+02:00 DEBUG 5488 --- [           main] org.hibernate.mapping.BasicValue         : Skipping column re-registration: author.email
2025-04-16T10:34:26.366+02:00 DEBUG 5488 --- [           main] o.h.boot.model.internal.PropertyBinder   : Building property email
2025-04-16T10:34:26.367+02:00 DEBUG 5488 --- [           main] o.h.boot.model.internal.AnnotatedColumn  : Binding column: AnnotatedColumn()
2025-04-16T10:34:26.367+02:00 DEBUG 5488 --- [           main] o.h.boot.model.internal.PropertyBinder   : MetadataSourceProcessor property name with lazy=false
2025-04-16T10:34:26.367+02:00 DEBUG 5488 --- [           main] o.h.b.m.internal.AbstractPropertyHolder  : Attempting to locate auto-apply AttributeConverter for property [com.lexicon.springws.entity.Author:name]
2025-04-16T10:34:26.367+02:00 DEBUG 5488 --- [           main] o.h.b.model.internal.BasicValueBinder    : building BasicValue for name
2025-04-16T10:34:26.367+02:00 DEBUG 5488 --- [           main] org.hibernate.mapping.BasicValue         : Skipping column re-registration: author.name
2025-04-16T10:34:26.367+02:00 DEBUG 5488 --- [           main] o.h.boot.model.internal.PropertyBinder   : Building property name
2025-04-16T10:34:26.367+02:00 DEBUG 5488 --- [           main] o.h.b.r.c.i.ClassLoaderServiceImpl       : HHH000194: Package not found or wo package-info.java: com.lexicon.springws.entity
2025-04-16T10:34:26.369+02:00 DEBUG 5488 --- [           main] o.h.boot.model.internal.EntityBinder     : Binding entity from annotated class: com.lexicon.springws.entity.Book
2025-04-16T10:34:26.369+02:00 DEBUG 5488 --- [           main] o.h.boot.model.internal.EntityBinder     : Import with entity name Book
2025-04-16T10:34:26.369+02:00 DEBUG 5488 --- [           main] o.h.boot.model.internal.EntityBinder     : Bind entity com.lexicon.springws.entity.Book on table books
2025-04-16T10:34:26.370+02:00 DEBUG 5488 --- [           main] o.h.boot.model.internal.AnnotatedColumn  : Binding column: AnnotatedDiscriminatorColumn(column='DTYPE')
2025-04-16T10:34:26.372+02:00 DEBUG 5488 --- [           main] o.h.boot.model.internal.AnnotatedColumn  : Binding column: AnnotatedColumn()
2025-04-16T10:34:26.372+02:00 DEBUG 5488 --- [           main] o.h.boot.internal.ClassLoaderAccessImpl  : Not known whether passed class name [com.lexicon.springws.entity.Book] is safe
2025-04-16T10:34:26.373+02:00 DEBUG 5488 --- [           main] o.h.boot.internal.ClassLoaderAccessImpl  : No temp ClassLoader provided; using live ClassLoader for loading potentially unsafe class : com.lexicon.springws.entity.Book
2025-04-16T10:34:26.373+02:00 DEBUG 5488 --- [           main] o.h.boot.model.internal.PropertyBinder   : MetadataSourceProcessor property id with lazy=false
2025-04-16T10:34:26.373+02:00 DEBUG 5488 --- [           main] o.h.b.m.internal.AbstractPropertyHolder  : Attempting to locate auto-apply AttributeConverter for property [com.lexicon.springws.entity.Book:id]
2025-04-16T10:34:26.373+02:00 DEBUG 5488 --- [           main] o.h.b.model.internal.BasicValueBinder    : building BasicValue for id
2025-04-16T10:34:26.373+02:00 DEBUG 5488 --- [           main] org.hibernate.mapping.BasicValue         : Skipping column re-registration: books.id
2025-04-16T10:34:26.373+02:00 DEBUG 5488 --- [           main] o.h.boot.model.internal.PropertyBinder   : Building property id
2025-04-16T10:34:26.373+02:00 DEBUG 5488 --- [           main] o.h.boot.model.internal.BinderHelper     : #makeIdGenerator(BasicValue([Column(id)]), id, identity, , ...)
2025-04-16T10:34:26.373+02:00 DEBUG 5488 --- [           main] o.h.boot.model.internal.AnnotatedColumn  : Binding column: AnnotatedJoinColumn(column='author_id')
2025-04-16T10:34:26.374+02:00 DEBUG 5488 --- [           main] o.h.boot.model.internal.AnnotatedColumn  : Binding column: AnnotatedColumn()
2025-04-16T10:34:26.377+02:00 DEBUG 5488 --- [           main] o.h.boot.model.internal.PropertyBinder   : Building property author
2025-04-16T10:34:26.377+02:00 DEBUG 5488 --- [           main] o.h.boot.model.internal.AnnotatedColumn  : Binding column: AnnotatedColumn(column='available')
2025-04-16T10:34:26.377+02:00 DEBUG 5488 --- [           main] o.h.boot.model.internal.PropertyBinder   : MetadataSourceProcessor property available with lazy=false
2025-04-16T10:34:26.377+02:00 DEBUG 5488 --- [           main] o.h.b.m.internal.AbstractPropertyHolder  : Attempting to locate auto-apply AttributeConverter for property [com.lexicon.springws.entity.Book:available]
2025-04-16T10:34:26.377+02:00 DEBUG 5488 --- [           main] o.h.b.model.internal.BasicValueBinder    : building BasicValue for available
2025-04-16T10:34:26.377+02:00 DEBUG 5488 --- [           main] org.hibernate.mapping.BasicValue         : Skipping column re-registration: books.available
2025-04-16T10:34:26.377+02:00 DEBUG 5488 --- [           main] o.h.boot.model.internal.PropertyBinder   : Building property available
2025-04-16T10:34:26.377+02:00 DEBUG 5488 --- [           main] o.h.boot.model.internal.AnnotatedColumn  : Binding column: AnnotatedJoinColumn()
2025-04-16T10:34:26.377+02:00 DEBUG 5488 --- [           main] o.h.boot.model.internal.AnnotatedColumn  : Binding column: AnnotatedColumn()
2025-04-16T10:34:26.379+02:00 DEBUG 5488 --- [           main] o.h.boot.model.internal.AnnotatedColumn  : Binding column: IndexColumn(column='bookLoans_ORDER')
2025-04-16T10:34:26.379+02:00 DEBUG 5488 --- [           main] o.h.boot.model.internal.AnnotatedColumn  : Binding column: AnnotatedColumn()
2025-04-16T10:34:26.379+02:00 DEBUG 5488 --- [           main] o.h.boot.model.internal.AnnotatedColumn  : Binding column: AnnotatedColumn(column='bookLoans_KEY')
2025-04-16T10:34:26.379+02:00 DEBUG 5488 --- [           main] o.h.boot.model.internal.AnnotatedColumn  : Binding column: AnnotatedJoinColumn(column='bookLoans_KEY')
2025-04-16T10:34:26.379+02:00 DEBUG 5488 --- [           main] o.h.boot.model.internal.AnnotatedColumn  : Binding column: AnnotatedJoinColumn()
2025-04-16T10:34:26.379+02:00 DEBUG 5488 --- [           main] o.h.boot.model.internal.AnnotatedColumn  : Binding column: AnnotatedJoinColumn()
2025-04-16T10:34:26.379+02:00 DEBUG 5488 --- [           main] o.h.b.model.internal.CollectionBinder    : Collection role: com.lexicon.springws.entity.Book.bookLoans
2025-04-16T10:34:26.379+02:00 DEBUG 5488 --- [           main] o.h.boot.model.internal.PropertyBinder   : Building property bookLoans
2025-04-16T10:34:26.380+02:00 DEBUG 5488 --- [           main] o.h.boot.model.internal.AnnotatedColumn  : Binding column: AnnotatedColumn()
2025-04-16T10:34:26.380+02:00 DEBUG 5488 --- [           main] o.h.boot.model.internal.PropertyBinder   : MetadataSourceProcessor property isbn with lazy=false
2025-04-16T10:34:26.380+02:00 DEBUG 5488 --- [           main] o.h.b.m.internal.AbstractPropertyHolder  : Attempting to locate auto-apply AttributeConverter for property [com.lexicon.springws.entity.Book:isbn]
2025-04-16T10:34:26.380+02:00 DEBUG 5488 --- [           main] o.h.b.model.internal.BasicValueBinder    : building BasicValue for isbn
2025-04-16T10:34:26.380+02:00 DEBUG 5488 --- [           main] org.hibernate.mapping.BasicValue         : Skipping column re-registration: books.isbn
2025-04-16T10:34:26.380+02:00 DEBUG 5488 --- [           main] o.h.boot.model.internal.PropertyBinder   : Building property isbn
2025-04-16T10:34:26.380+02:00 DEBUG 5488 --- [           main] o.h.boot.model.internal.AnnotatedColumn  : Binding column: AnnotatedColumn(column='max_loan_days')
2025-04-16T10:34:26.380+02:00 DEBUG 5488 --- [           main] o.h.boot.model.internal.PropertyBinder   : MetadataSourceProcessor property maxLoanDays with lazy=false
2025-04-16T10:34:26.380+02:00 DEBUG 5488 --- [           main] o.h.b.m.internal.AbstractPropertyHolder  : Attempting to locate auto-apply AttributeConverter for property [com.lexicon.springws.entity.Book:maxLoanDays]
2025-04-16T10:34:26.380+02:00 DEBUG 5488 --- [           main] o.h.b.model.internal.BasicValueBinder    : building BasicValue for maxLoanDays
2025-04-16T10:34:26.380+02:00 DEBUG 5488 --- [           main] org.hibernate.mapping.BasicValue         : Skipping column re-registration: books.max_loan_days
2025-04-16T10:34:26.381+02:00 DEBUG 5488 --- [           main] o.h.boot.model.internal.PropertyBinder   : Building property maxLoanDays
2025-04-16T10:34:26.381+02:00 DEBUG 5488 --- [           main] o.h.boot.model.internal.AnnotatedColumn  : Binding column: AnnotatedColumn()
2025-04-16T10:34:26.381+02:00 DEBUG 5488 --- [           main] o.h.boot.model.internal.PropertyBinder   : MetadataSourceProcessor property title with lazy=false
2025-04-16T10:34:26.381+02:00 DEBUG 5488 --- [           main] o.h.b.m.internal.AbstractPropertyHolder  : Attempting to locate auto-apply AttributeConverter for property [com.lexicon.springws.entity.Book:title]
2025-04-16T10:34:26.381+02:00 DEBUG 5488 --- [           main] o.h.b.model.internal.BasicValueBinder    : building BasicValue for title
2025-04-16T10:34:26.381+02:00 DEBUG 5488 --- [           main] org.hibernate.mapping.BasicValue         : Skipping column re-registration: books.title
2025-04-16T10:34:26.381+02:00 DEBUG 5488 --- [           main] o.h.boot.model.internal.PropertyBinder   : Building property title
2025-04-16T10:34:26.382+02:00 DEBUG 5488 --- [           main] o.h.b.r.c.i.ClassLoaderServiceImpl       : HHH000194: Package not found or wo package-info.java: com.lexicon.springws.entity
2025-04-16T10:34:26.382+02:00 DEBUG 5488 --- [           main] o.h.boot.model.internal.EntityBinder     : Binding entity from annotated class: com.lexicon.springws.entity.BookLoan
2025-04-16T10:34:26.382+02:00 DEBUG 5488 --- [           main] o.h.boot.model.internal.EntityBinder     : Import with entity name BookLoan
2025-04-16T10:34:26.382+02:00 DEBUG 5488 --- [           main] o.h.boot.model.internal.EntityBinder     : Bind entity com.lexicon.springws.entity.BookLoan on table book_loans
2025-04-16T10:34:26.382+02:00 DEBUG 5488 --- [           main] o.h.boot.model.internal.AnnotatedColumn  : Binding column: AnnotatedDiscriminatorColumn(column='DTYPE')
2025-04-16T10:34:26.383+02:00 DEBUG 5488 --- [           main] o.h.boot.model.internal.AnnotatedColumn  : Binding column: AnnotatedColumn()
2025-04-16T10:34:26.383+02:00 DEBUG 5488 --- [           main] o.h.boot.internal.ClassLoaderAccessImpl  : Not known whether passed class name [com.lexicon.springws.entity.BookLoan] is safe
2025-04-16T10:34:26.383+02:00 DEBUG 5488 --- [           main] o.h.boot.internal.ClassLoaderAccessImpl  : No temp ClassLoader provided; using live ClassLoader for loading potentially unsafe class : com.lexicon.springws.entity.BookLoan
2025-04-16T10:34:26.383+02:00 DEBUG 5488 --- [           main] o.h.boot.model.internal.PropertyBinder   : MetadataSourceProcessor property id with lazy=false
2025-04-16T10:34:26.383+02:00 DEBUG 5488 --- [           main] o.h.b.m.internal.AbstractPropertyHolder  : Attempting to locate auto-apply AttributeConverter for property [com.lexicon.springws.entity.BookLoan:id]
2025-04-16T10:34:26.383+02:00 DEBUG 5488 --- [           main] o.h.b.model.internal.BasicValueBinder    : building BasicValue for id
2025-04-16T10:34:26.383+02:00 DEBUG 5488 --- [           main] org.hibernate.mapping.BasicValue         : Skipping column re-registration: book_loans.id
2025-04-16T10:34:26.383+02:00 DEBUG 5488 --- [           main] o.h.boot.model.internal.PropertyBinder   : Building property id
2025-04-16T10:34:26.383+02:00 DEBUG 5488 --- [           main] o.h.boot.model.internal.BinderHelper     : #makeIdGenerator(BasicValue([Column(id)]), id, identity, , ...)
2025-04-16T10:34:26.383+02:00 DEBUG 5488 --- [           main] o.h.boot.model.internal.AnnotatedColumn  : Binding column: AnnotatedJoinColumn(column='book_id')
2025-04-16T10:34:26.383+02:00 DEBUG 5488 --- [           main] o.h.boot.model.internal.AnnotatedColumn  : Binding column: AnnotatedColumn()
2025-04-16T10:34:26.384+02:00 DEBUG 5488 --- [           main] o.h.boot.model.internal.PropertyBinder   : Building property book
2025-04-16T10:34:26.384+02:00 DEBUG 5488 --- [           main] o.h.boot.model.internal.AnnotatedColumn  : Binding column: AnnotatedJoinColumn(column='borrower_id')
2025-04-16T10:34:26.384+02:00 DEBUG 5488 --- [           main] o.h.boot.model.internal.AnnotatedColumn  : Binding column: AnnotatedColumn()
2025-04-16T10:34:26.384+02:00 DEBUG 5488 --- [           main] o.h.boot.model.internal.PropertyBinder   : Building property borrower
2025-04-16T10:34:26.384+02:00 DEBUG 5488 --- [           main] o.h.boot.model.internal.AnnotatedColumn  : Binding column: AnnotatedColumn(column='due_date')
2025-04-16T10:34:26.385+02:00 DEBUG 5488 --- [           main] o.h.boot.model.internal.PropertyBinder   : MetadataSourceProcessor property dueDate with lazy=false
2025-04-16T10:34:26.385+02:00 DEBUG 5488 --- [           main] o.h.b.m.internal.AbstractPropertyHolder  : Attempting to locate auto-apply AttributeConverter for property [com.lexicon.springws.entity.BookLoan:dueDate]
2025-04-16T10:34:26.385+02:00 DEBUG 5488 --- [           main] o.h.b.model.internal.BasicValueBinder    : building BasicValue for dueDate
2025-04-16T10:34:26.385+02:00 DEBUG 5488 --- [           main] org.hibernate.mapping.BasicValue         : Skipping column re-registration: book_loans.due_date
2025-04-16T10:34:26.385+02:00 DEBUG 5488 --- [           main] o.h.boot.model.internal.PropertyBinder   : Building property dueDate
2025-04-16T10:34:26.385+02:00 DEBUG 5488 --- [           main] o.h.boot.model.internal.AnnotatedColumn  : Binding column: AnnotatedColumn(column='loan_date')
2025-04-16T10:34:26.385+02:00 DEBUG 5488 --- [           main] o.h.boot.model.internal.PropertyBinder   : MetadataSourceProcessor property loanDate with lazy=false
2025-04-16T10:34:26.385+02:00 DEBUG 5488 --- [           main] o.h.b.m.internal.AbstractPropertyHolder  : Attempting to locate auto-apply AttributeConverter for property [com.lexicon.springws.entity.BookLoan:loanDate]
2025-04-16T10:34:26.385+02:00 DEBUG 5488 --- [           main] o.h.b.model.internal.BasicValueBinder    : building BasicValue for loanDate
2025-04-16T10:34:26.385+02:00 DEBUG 5488 --- [           main] org.hibernate.mapping.BasicValue         : Skipping column re-registration: book_loans.loan_date
2025-04-16T10:34:26.385+02:00 DEBUG 5488 --- [           main] o.h.boot.model.internal.PropertyBinder   : Building property loanDate
2025-04-16T10:34:26.386+02:00 DEBUG 5488 --- [           main] o.h.boot.model.internal.AnnotatedColumn  : Binding column: AnnotatedColumn(column='return_date')
2025-04-16T10:34:26.386+02:00 DEBUG 5488 --- [           main] o.h.boot.model.internal.PropertyBinder   : MetadataSourceProcessor property returnDate with lazy=false
2025-04-16T10:34:26.387+02:00 DEBUG 5488 --- [           main] o.h.b.m.internal.AbstractPropertyHolder  : Attempting to locate auto-apply AttributeConverter for property [com.lexicon.springws.entity.BookLoan:returnDate]
2025-04-16T10:34:26.387+02:00 DEBUG 5488 --- [           main] o.h.b.model.internal.BasicValueBinder    : building BasicValue for returnDate
2025-04-16T10:34:26.387+02:00 DEBUG 5488 --- [           main] org.hibernate.mapping.BasicValue         : Skipping column re-registration: book_loans.return_date
2025-04-16T10:34:26.387+02:00 DEBUG 5488 --- [           main] o.h.boot.model.internal.PropertyBinder   : Building property returnDate
2025-04-16T10:34:26.387+02:00 DEBUG 5488 --- [           main] o.h.b.r.c.i.ClassLoaderServiceImpl       : HHH000194: Package not found or wo package-info.java: com.lexicon.springws.entity
2025-04-16T10:34:26.389+02:00 DEBUG 5488 --- [           main] o.h.b.model.internal.BasicValueBinder    : Starting `BasicValueBinder#fillSimpleValue` for id
2025-04-16T10:34:26.390+02:00 DEBUG 5488 --- [           main] o.h.b.model.internal.BasicValueBinder    : Starting `BasicValueBinder#fillSimpleValue` for password
2025-04-16T10:34:26.390+02:00 DEBUG 5488 --- [           main] o.h.b.model.internal.BasicValueBinder    : Starting `BasicValueBinder#fillSimpleValue` for username
2025-04-16T10:34:26.390+02:00 DEBUG 5488 --- [           main] o.h.b.model.internal.BasicValueBinder    : Starting `BasicValueBinder#fillSimpleValue` for authorId
2025-04-16T10:34:26.390+02:00 DEBUG 5488 --- [           main] o.h.b.model.internal.BasicValueBinder    : Starting `BasicValueBinder#fillSimpleValue` for email
2025-04-16T10:34:26.390+02:00 DEBUG 5488 --- [           main] o.h.b.model.internal.BasicValueBinder    : Starting `BasicValueBinder#fillSimpleValue` for name
2025-04-16T10:34:26.390+02:00 DEBUG 5488 --- [           main] o.h.b.model.internal.BasicValueBinder    : Starting `BasicValueBinder#fillSimpleValue` for id
2025-04-16T10:34:26.390+02:00 DEBUG 5488 --- [           main] o.h.b.model.internal.BasicValueBinder    : Starting `BasicValueBinder#fillSimpleValue` for available
2025-04-16T10:34:26.391+02:00 DEBUG 5488 --- [           main] o.h.b.model.internal.BasicValueBinder    : Starting `BasicValueBinder#fillSimpleValue` for isbn
2025-04-16T10:34:26.391+02:00 DEBUG 5488 --- [           main] o.h.b.model.internal.BasicValueBinder    : Starting `BasicValueBinder#fillSimpleValue` for maxLoanDays
2025-04-16T10:34:26.391+02:00 DEBUG 5488 --- [           main] o.h.b.model.internal.BasicValueBinder    : Starting `BasicValueBinder#fillSimpleValue` for title
2025-04-16T10:34:26.391+02:00 DEBUG 5488 --- [           main] o.h.b.model.internal.BasicValueBinder    : Starting `BasicValueBinder#fillSimpleValue` for id
2025-04-16T10:34:26.391+02:00 DEBUG 5488 --- [           main] o.h.b.model.internal.BasicValueBinder    : Starting `BasicValueBinder#fillSimpleValue` for dueDate
2025-04-16T10:34:26.391+02:00 DEBUG 5488 --- [           main] o.h.b.model.internal.BasicValueBinder    : Starting `BasicValueBinder#fillSimpleValue` for loanDate
2025-04-16T10:34:26.391+02:00 DEBUG 5488 --- [           main] o.h.b.model.internal.BasicValueBinder    : Starting `BasicValueBinder#fillSimpleValue` for returnDate
2025-04-16T10:34:26.395+02:00 DEBUG 5488 --- [           main] org.hibernate.mapping.PrimaryKey         : Forcing column [id] to be non-null as it is part of the primary key for table [app_users]
2025-04-16T10:34:26.395+02:00 DEBUG 5488 --- [           main] org.hibernate.mapping.PrimaryKey         : Forcing column [author_id] to be non-null as it is part of the primary key for table [author]
2025-04-16T10:34:26.395+02:00 DEBUG 5488 --- [           main] org.hibernate.mapping.PrimaryKey         : Forcing column [id] to be non-null as it is part of the primary key for table [books]
2025-04-16T10:34:26.395+02:00 DEBUG 5488 --- [           main] org.hibernate.mapping.PrimaryKey         : Forcing column [id] to be non-null as it is part of the primary key for table [book_loans]
2025-04-16T10:34:26.396+02:00 DEBUG 5488 --- [           main] o.h.b.m.internal.CollectionSecondPass    : Second pass for collection: com.lexicon.springws.entity.Author.books
2025-04-16T10:34:26.397+02:00 DEBUG 5488 --- [           main] o.h.b.model.internal.CollectionBinder    : Binding a OneToMany: com.lexicon.springws.entity.Author.books through a foreign key
2025-04-16T10:34:26.397+02:00 DEBUG 5488 --- [           main] o.h.b.model.internal.CollectionBinder    : Mapping collection: com.lexicon.springws.entity.Author.books -> books
2025-04-16T10:34:26.399+02:00 DEBUG 5488 --- [           main] o.h.boot.model.internal.TableBinder      : Retrieving property com.lexicon.springws.entity.Book.author
2025-04-16T10:34:26.400+02:00 DEBUG 5488 --- [           main] o.h.b.m.internal.CollectionSecondPass    : Mapped collection key: author_id, one-to-many: com.lexicon.springws.entity.Book
2025-04-16T10:34:26.400+02:00 DEBUG 5488 --- [           main] o.h.b.m.internal.CollectionSecondPass    : Second pass for collection: com.lexicon.springws.entity.Book.bookLoans
2025-04-16T10:34:26.400+02:00 DEBUG 5488 --- [           main] o.h.b.model.internal.CollectionBinder    : Binding a OneToMany: com.lexicon.springws.entity.Book.bookLoans through a foreign key
2025-04-16T10:34:26.400+02:00 DEBUG 5488 --- [           main] o.h.b.model.internal.CollectionBinder    : Mapping collection: com.lexicon.springws.entity.Book.bookLoans -> book_loans
2025-04-16T10:34:26.400+02:00 DEBUG 5488 --- [           main] o.h.boot.model.internal.TableBinder      : Retrieving property com.lexicon.springws.entity.BookLoan.book
2025-04-16T10:34:26.400+02:00 DEBUG 5488 --- [           main] o.h.b.m.internal.CollectionSecondPass    : Mapped collection key: book_id, one-to-many: com.lexicon.springws.entity.BookLoan
2025-04-16T10:34:26.400+02:00 DEBUG 5488 --- [           main] o.h.b.i.InFlightMetadataCollectorImpl    : Resolving reference to class: com.lexicon.springws.entity.Book
2025-04-16T10:34:26.402+02:00 DEBUG 5488 --- [           main] o.h.b.i.InFlightMetadataCollectorImpl    : Resolving reference to class: com.lexicon.springws.entity.AppUser
2025-04-16T10:34:26.402+02:00 DEBUG 5488 --- [           main] o.h.b.i.InFlightMetadataCollectorImpl    : Resolving reference to class: com.lexicon.springws.entity.Author
2025-04-16T10:34:26.416+02:00 DEBUG 5488 --- [           main] o.h.b.i.InFlightMetadataCollectorImpl    : Resolving reference to class: com.lexicon.springws.entity.Book
2025-04-16T10:34:26.417+02:00 DEBUG 5488 --- [           main] o.h.b.i.InFlightMetadataCollectorImpl    : Resolving reference to class: com.lexicon.springws.entity.AppUser
2025-04-16T10:34:26.417+02:00 DEBUG 5488 --- [           main] o.h.b.i.InFlightMetadataCollectorImpl    : Resolving reference to class: com.lexicon.springws.entity.Author
2025-04-16T10:34:26.447+02:00 DEBUG 5488 --- [           main] o.hibernate.internal.SessionFactoryImpl  : Building session factory
2025-04-16T10:34:26.487+02:00 DEBUG 5488 --- [           main] .h.s.i.SessionFactoryServiceRegistryImpl : EventListenerRegistry access via ServiceRegistry is deprecated.  Use `sessionFactory.getEventEngine().getListenerRegistry()` instead
2025-04-16T10:34:26.487+02:00 DEBUG 5488 --- [           main] o.hibernate.internal.SessionFactoryImpl  : Instantiating SessionFactory with settings: {hibernate.format_sql=true, java.specification.version=21, sun.cpu.isalist=amd64, hibernate.resource.beans.container=org.springframework.orm.hibernate5.SpringBeanContainer@144ee8a7, hibernate.connection.handling_mode=DELAYED_ACQUISITION_AND_HOLD, sun.jnu.encoding=Cp1252, hibernate.dialect=org.hibernate.dialect.H2Dialect, hibernate.implicit_naming_strategy=org.springframework.boot.orm.jpa.hibernate.SpringImplicitNamingStrategy, java.class.path=C:\Dev\Lexicon\Exercises\SpringWS\JPAWsPt3-4\target\test-classes;C:\Dev\Lexicon\Exercises\SpringWS\JPAWsPt3-4\target\classes;C:\Users\eliza\.m2\repository\org\springframework\boot\spring-boot-starter-data-jpa\3.2.3\spring-boot-starter-data-jpa-3.2.3.jar;C:\Users\eliza\.m2\repository\org\springframework\boot\spring-boot-starter-aop\3.2.3\spring-boot-starter-aop-3.2.3.jar;C:\Users\eliza\.m2\repository\org\springframework\spring-aop\6.1.4\spring-aop-6.1.4.jar;C:\Users\eliza\.m2\repository\org\aspectj\aspectjweaver\1.9.21\aspectjweaver-1.9.21.jar;C:\Users\eliza\.m2\repository\org\springframework\boot\spring-boot-starter-jdbc\3.2.3\spring-boot-starter-jdbc-3.2.3.jar;C:\Users\eliza\.m2\repository\com\zaxxer\HikariCP\5.0.1\HikariCP-5.0.1.jar;C:\Users\eliza\.m2\repository\org\springframework\spring-jdbc\6.1.4\spring-jdbc-6.1.4.jar;C:\Users\eliza\.m2\repository\org\hibernate\orm\hibernate-core\6.4.4.Final\hibernate-core-6.4.4.Final.jar;C:\Users\eliza\.m2\repository\jakarta\persistence\jakarta.persistence-api\3.1.0\jakarta.persistence-api-3.1.0.jar;C:\Users\eliza\.m2\repository\jakarta\transaction\jakarta.transaction-api\2.0.1\jakarta.transaction-api-2.0.1.jar;C:\Users\eliza\.m2\repository\org\jboss\logging\jboss-logging\3.5.3.Final\jboss-logging-3.5.3.Final.jar;C:\Users\eliza\.m2\repository\org\hibernate\common\hibernate-commons-annotations\6.0.6.Final\hibernate-commons-annotations-6.0.6.Final.jar;C:\Users\eliza\.m2\repository\io\smallrye\jandex\3.1.2\jandex-3.1.2.jar;C:\Users\eliza\.m2\repository\com\fasterxml\classmate\1.6.0\classmate-1.6.0.jar;C:\Users\eliza\.m2\repository\net\bytebuddy\byte-buddy\1.14.12\byte-buddy-1.14.12.jar;C:\Users\eliza\.m2\repository\org\glassfish\jaxb\jaxb-runtime\4.0.4\jaxb-runtime-4.0.4.jar;C:\Users\eliza\.m2\repository\org\glassfish\jaxb\jaxb-core\4.0.4\jaxb-core-4.0.4.jar;C:\Users\eliza\.m2\repository\org\eclipse\angus\angus-activation\2.0.1\angus-activation-2.0.1.jar;C:\Users\eliza\.m2\repository\org\glassfish\jaxb\txw2\4.0.4\txw2-4.0.4.jar;C:\Users\eliza\.m2\repository\com\sun\istack\istack-commons-runtime\4.1.2\istack-commons-runtime-4.1.2.jar;C:\Users\eliza\.m2\repository\jakarta\inject\jakarta.inject-api\2.0.1\jakarta.inject-api-2.0.1.jar;C:\Users\eliza\.m2\repository\org\antlr\antlr4-runtime\4.13.0\antlr4-runtime-4.13.0.jar;C:\Users\eliza\.m2\repository\org\springframework\data\spring-data-jpa\3.2.3\spring-data-jpa-3.2.3.jar;C:\Users\eliza\.m2\repository\org\springframework\data\spring-data-commons\3.2.3\spring-data-commons-3.2.3.jar;C:\Users\eliza\.m2\repository\org\springframework\spring-orm\6.1.4\spring-orm-6.1.4.jar;C:\Users\eliza\.m2\repository\org\springframework\spring-context\6.1.4\spring-context-6.1.4.jar;C:\Users\eliza\.m2\repository\org\springframework\spring-tx\6.1.4\spring-tx-6.1.4.jar;C:\Users\eliza\.m2\repository\org\springframework\spring-beans\6.1.4\spring-beans-6.1.4.jar;C:\Users\eliza\.m2\repository\jakarta\annotation\jakarta.annotation-api\2.1.1\jakarta.annotation-api-2.1.1.jar;C:\Users\eliza\.m2\repository\org\slf4j\slf4j-api\2.0.12\slf4j-api-2.0.12.jar;C:\Users\eliza\.m2\repository\org\springframework\spring-aspects\6.1.4\spring-aspects-6.1.4.jar;C:\Users\eliza\.m2\repository\org\springframework\boot\spring-boot-starter-web\3.2.3\spring-boot-starter-web-3.2.3.jar;C:\Users\eliza\.m2\repository\org\springframework\boot\spring-boot-starter\3.2.3\spring-boot-starter-3.2.3.jar;C:\Users\eliza\.m2\repository\org\springframework\boot\spring-boot\3.2.3\spring-boot-3.2.3.jar;C:\Users\eliza\.m2\repository\org\springframework\boot\spring-boot-autoconfigure\3.2.3\spring-boot-autoconfigure-3.2.3.jar;C:\Users\eliza\.m2\repository\org\springframework\boot\spring-boot-starter-logging\3.2.3\spring-boot-starter-logging-3.2.3.jar;C:\Users\eliza\.m2\repository\ch\qos\logback\logback-classic\1.4.14\logback-classic-1.4.14.jar;C:\Users\eliza\.m2\repository\ch\qos\logback\logback-core\1.4.14\logback-core-1.4.14.jar;C:\Users\eliza\.m2\repository\org\apache\logging\log4j\log4j-to-slf4j\2.21.1\log4j-to-slf4j-2.21.1.jar;C:\Users\eliza\.m2\repository\org\apache\logging\log4j\log4j-api\2.21.1\log4j-api-2.21.1.jar;C:\Users\eliza\.m2\repository\org\slf4j\jul-to-slf4j\2.0.12\jul-to-slf4j-2.0.12.jar;C:\Users\eliza\.m2\repository\org\yaml\snakeyaml\2.2\snakeyaml-2.2.jar;C:\Users\eliza\.m2\repository\org\springframework\boot\spring-boot-starter-json\3.2.3\spring-boot-starter-json-3.2.3.jar;C:\Users\eliza\.m2\repository\com\fasterxml\jackson\core\jackson-databind\2.15.4\jackson-databind-2.15.4.jar;C:\Users\eliza\.m2\repository\com\fasterxml\jackson\core\jackson-annotations\2.15.4\jackson-annotations-2.15.4.jar;C:\Users\eliza\.m2\repository\com\fasterxml\jackson\core\jackson-core\2.15.4\jackson-core-2.15.4.jar;C:\Users\eliza\.m2\repository\com\fasterxml\jackson\datatype\jackson-datatype-jdk8\2.15.4\jackson-datatype-jdk8-2.15.4.jar;C:\Users\eliza\.m2\repository\com\fasterxml\jackson\datatype\jackson-datatype-jsr310\2.15.4\jackson-datatype-jsr310-2.15.4.jar;C:\Users\eliza\.m2\repository\com\fasterxml\jackson\module\jackson-module-parameter-names\2.15.4\jackson-module-parameter-names-2.15.4.jar;C:\Users\eliza\.m2\repository\org\springframework\boot\spring-boot-starter-tomcat\3.2.3\spring-boot-starter-tomcat-3.2.3.jar;C:\Users\eliza\.m2\repository\org\apache\tomcat\embed\tomcat-embed-core\10.1.19\tomcat-embed-core-10.1.19.jar;C:\Users\eliza\.m2\repository\org\apache\tomcat\embed\tomcat-embed-el\10.1.19\tomcat-embed-el-10.1.19.jar;C:\Users\eliza\.m2\repository\org\apache\tomcat\embed\tomcat-embed-websocket\10.1.19\tomcat-embed-websocket-10.1.19.jar;C:\Users\eliza\.m2\repository\org\springframework\spring-web\6.1.4\spring-web-6.1.4.jar;C:\Users\eliza\.m2\repository\io\micrometer\micrometer-observation\1.12.3\micrometer-observation-1.12.3.jar;C:\Users\eliza\.m2\repository\io\micrometer\micrometer-commons\1.12.3\micrometer-commons-1.12.3.jar;C:\Users\eliza\.m2\repository\org\springframework\spring-webmvc\6.1.4\spring-webmvc-6.1.4.jar;C:\Users\eliza\.m2\repository\org\springframework\spring-expression\6.1.4\spring-expression-6.1.4.jar;C:\Users\eliza\.m2\repository\com\h2database\h2\2.2.224\h2-2.2.224.jar;C:\Users\eliza\.m2\repository\org\projectlombok\lombok\1.18.30\lombok-1.18.30.jar;C:\Users\eliza\.m2\repository\org\springframework\boot\spring-boot-starter-test\3.2.3\spring-boot-starter-test-3.2.3.jar;C:\Users\eliza\.m2\repository\org\springframework\boot\spring-boot-test\3.2.3\spring-boot-test-3.2.3.jar;C:\Users\eliza\.m2\repository\org\springframework\boot\spring-boot-test-autoconfigure\3.2.3\spring-boot-test-autoconfigure-3.2.3.jar;C:\Users\eliza\.m2\repository\com\jayway\jsonpath\json-path\2.9.0\json-path-2.9.0.jar;C:\Users\eliza\.m2\repository\jakarta\xml\bind\jakarta.xml.bind-api\4.0.1\jakarta.xml.bind-api-4.0.1.jar;C:\Users\eliza\.m2\repository\jakarta\activation\jakarta.activation-api\2.1.2\jakarta.activation-api-2.1.2.jar;C:\Users\eliza\.m2\repository\net\minidev\json-smart\2.5.0\json-smart-2.5.0.jar;C:\Users\eliza\.m2\repository\net\minidev\accessors-smart\2.5.0\accessors-smart-2.5.0.jar;C:\Users\eliza\.m2\repository\org\ow2\asm\asm\9.3\asm-9.3.jar;C:\Users\eliza\.m2\repository\org\assertj\assertj-core\3.24.2\assertj-core-3.24.2.jar;C:\Users\eliza\.m2\repository\org\awaitility\awaitility\4.2.0\awaitility-4.2.0.jar;C:\Users\eliza\.m2\repository\org\hamcrest\hamcrest\2.2\hamcrest-2.2.jar;C:\Users\eliza\.m2\repository\org\junit\jupiter\junit-jupiter\5.10.2\junit-jupiter-5.10.2.jar;C:\Users\eliza\.m2\repository\org\junit\jupiter\junit-jupiter-api\5.10.2\junit-jupiter-api-5.10.2.jar;C:\Users\eliza\.m2\repository\org\opentest4j\opentest4j\1.3.0\opentest4j-1.3.0.jar;C:\Users\eliza\.m2\repository\org\junit\platform\junit-platform-commons\1.10.2\junit-platform-commons-1.10.2.jar;C:\Users\eliza\.m2\repository\org\apiguardian\apiguardian-api\1.1.2\apiguardian-api-1.1.2.jar;C:\Users\eliza\.m2\repository\org\junit\jupiter\junit-jupiter-params\5.10.2\junit-jupiter-params-5.10.2.jar;C:\Users\eliza\.m2\repository\org\junit\jupiter\junit-jupiter-engine\5.10.2\junit-jupiter-engine-5.10.2.jar;C:\Users\eliza\.m2\repository\org\junit\platform\junit-platform-engine\1.10.2\junit-platform-engine-1.10.2.jar;C:\Users\eliza\.m2\repository\org\mockito\mockito-core\5.7.0\mockito-core-5.7.0.jar;C:\Users\eliza\.m2\repository\net\bytebuddy\byte-buddy-agent\1.14.12\byte-buddy-agent-1.14.12.jar;C:\Users\eliza\.m2\repository\org\objenesis\objenesis\3.3\objenesis-3.3.jar;C:\Users\eliza\.m2\repository\org\mockito\mockito-junit-jupiter\5.7.0\mockito-junit-jupiter-5.7.0.jar;C:\Users\eliza\.m2\repository\org\skyscreamer\jsonassert\1.5.1\jsonassert-1.5.1.jar;C:\Users\eliza\.m2\repository\com\vaadin\external\google\android-json\0.0.20131108.vaadin1\android-json-0.0.20131108.vaadin1.jar;C:\Users\eliza\.m2\repository\org\springframework\spring-core\6.1.4\spring-core-6.1.4.jar;C:\Users\eliza\.m2\repository\org\springframework\spring-jcl\6.1.4\spring-jcl-6.1.4.jar;C:\Users\eliza\.m2\repository\org\springframework\spring-test\6.1.4\spring-test-6.1.4.jar;C:\Users\eliza\.m2\repository\org\xmlunit\xmlunit-core\2.9.1\xmlunit-core-2.9.1.jar;, java.vm.vendor=Eclipse Adoptium, sun.arch.data.model=64, user.variant=, java.vendor.url=https://adoptium.net/, user.timezone=Europe/Stockholm, jakarta.persistence.sharedCache.mode=UNSPECIFIED, org.jboss.logging.provider=slf4j, user.country.format=SE, java.vm.specification.version=21, os.name=Windows 11, jakarta.persistence.nonJtaDataSource=org.springframework.jdbc.datasource.embedded.EmbeddedDatabaseFactory$EmbeddedDataSourceProxy@1a1cc163, sun.java.launcher=SUN_STANDARD, user.country=GB, sun.boot.library.path=C:\Program Files\Eclipse Adoptium\jdk-21.0.6.7-hotspot\bin, sun.java.command=C:\Users\eliza\AppData\Local\Temp\surefire919452006127095223\surefirebooter-20250416103423497_3.jar C:\Users\eliza\AppData\Local\Temp\surefire919452006127095223 2025-04-16T10-34-23_385-jvmRun1 surefire-20250416103423497_1tmp surefire_0-20250416103423497_2tmp, javax.persistence.nonJtaDataSource=org.springframework.jdbc.datasource.embedded.EmbeddedDatabaseFactory$EmbeddedDataSourceProxy@1a1cc163, hibernate.transaction.jta.platform=org.hibernate.engine.transaction.jta.platform.internal.NoJtaPlatform@52b32b70, jdk.debug=release, surefire.test.class.path=C:\Dev\Lexicon\Exercises\SpringWS\JPAWsPt3-4\target\test-classes;C:\Dev\Lexicon\Exercises\SpringWS\JPAWsPt3-4\target\classes;C:\Users\eliza\.m2\repository\org\springframework\boot\spring-boot-starter-data-jpa\3.2.3\spring-boot-starter-data-jpa-3.2.3.jar;C:\Users\eliza\.m2\repository\org\springframework\boot\spring-boot-starter-aop\3.2.3\spring-boot-starter-aop-3.2.3.jar;C:\Users\eliza\.m2\repository\org\springframework\spring-aop\6.1.4\spring-aop-6.1.4.jar;C:\Users\eliza\.m2\repository\org\aspectj\aspectjweaver\1.9.21\aspectjweaver-1.9.21.jar;C:\Users\eliza\.m2\repository\org\springframework\boot\spring-boot-starter-jdbc\3.2.3\spring-boot-starter-jdbc-3.2.3.jar;C:\Users\eliza\.m2\repository\com\zaxxer\HikariCP\5.0.1\HikariCP-5.0.1.jar;C:\Users\eliza\.m2\repository\org\springframework\spring-jdbc\6.1.4\spring-jdbc-6.1.4.jar;C:\Users\eliza\.m2\repository\org\hibernate\orm\hibernate-core\6.4.4.Final\hibernate-core-6.4.4.Final.jar;C:\Users\eliza\.m2\repository\jakarta\persistence\jakarta.persistence-api\3.1.0\jakarta.persistence-api-3.1.0.jar;C:\Users\eliza\.m2\repository\jakarta\transaction\jakarta.transaction-api\2.0.1\jakarta.transaction-api-2.0.1.jar;C:\Users\eliza\.m2\repository\org\jboss\logging\jboss-logging\3.5.3.Final\jboss-logging-3.5.3.Final.jar;C:\Users\eliza\.m2\repository\org\hibernate\common\hibernate-commons-annotations\6.0.6.Final\hibernate-commons-annotations-6.0.6.Final.jar;C:\Users\eliza\.m2\repository\io\smallrye\jandex\3.1.2\jandex-3.1.2.jar;C:\Users\eliza\.m2\repository\com\fasterxml\classmate\1.6.0\classmate-1.6.0.jar;C:\Users\eliza\.m2\repository\net\bytebuddy\byte-buddy\1.14.12\byte-buddy-1.14.12.jar;C:\Users\eliza\.m2\repository\org\glassfish\jaxb\jaxb-runtime\4.0.4\jaxb-runtime-4.0.4.jar;C:\Users\eliza\.m2\repository\org\glassfish\jaxb\jaxb-core\4.0.4\jaxb-core-4.0.4.jar;C:\Users\eliza\.m2\repository\org\eclipse\angus\angus-activation\2.0.1\angus-activation-2.0.1.jar;C:\Users\eliza\.m2\repository\org\glassfish\jaxb\txw2\4.0.4\txw2-4.0.4.jar;C:\Users\eliza\.m2\repository\com\sun\istack\istack-commons-runtime\4.1.2\istack-commons-runtime-4.1.2.jar;C:\Users\eliza\.m2\repository\jakarta\inject\jakarta.inject-api\2.0.1\jakarta.inject-api-2.0.1.jar;C:\Users\eliza\.m2\repository\org\antlr\antlr4-runtime\4.13.0\antlr4-runtime-4.13.0.jar;C:\Users\eliza\.m2\repository\org\springframework\data\spring-data-jpa\3.2.3\spring-data-jpa-3.2.3.jar;C:\Users\eliza\.m2\repository\org\springframework\data\spring-data-commons\3.2.3\spring-data-commons-3.2.3.jar;C:\Users\eliza\.m2\repository\org\springframework\spring-orm\6.1.4\spring-orm-6.1.4.jar;C:\Users\eliza\.m2\repository\org\springframework\spring-context\6.1.4\spring-context-6.1.4.jar;C:\Users\eliza\.m2\repository\org\springframework\spring-tx\6.1.4\spring-tx-6.1.4.jar;C:\Users\eliza\.m2\repository\org\springframework\spring-beans\6.1.4\spring-beans-6.1.4.jar;C:\Users\eliza\.m2\repository\jakarta\annotation\jakarta.annotation-api\2.1.1\jakarta.annotation-api-2.1.1.jar;C:\Users\eliza\.m2\repository\org\slf4j\slf4j-api\2.0.12\slf4j-api-2.0.12.jar;C:\Users\eliza\.m2\repository\org\springframework\spring-aspects\6.1.4\spring-aspects-6.1.4.jar;C:\Users\eliza\.m2\repository\org\springframework\boot\spring-boot-starter-web\3.2.3\spring-boot-starter-web-3.2.3.jar;C:\Users\eliza\.m2\repository\org\springframework\boot\spring-boot-starter\3.2.3\spring-boot-starter-3.2.3.jar;C:\Users\eliza\.m2\repository\org\springframework\boot\spring-boot\3.2.3\spring-boot-3.2.3.jar;C:\Users\eliza\.m2\repository\org\springframework\boot\spring-boot-autoconfigure\3.2.3\spring-boot-autoconfigure-3.2.3.jar;C:\Users\eliza\.m2\repository\org\springframework\boot\spring-boot-starter-logging\3.2.3\spring-boot-starter-logging-3.2.3.jar;C:\Users\eliza\.m2\repository\ch\qos\logback\logback-classic\1.4.14\logback-classic-1.4.14.jar;C:\Users\eliza\.m2\repository\ch\qos\logback\logback-core\1.4.14\logback-core-1.4.14.jar;C:\Users\eliza\.m2\repository\org\apache\logging\log4j\log4j-to-slf4j\2.21.1\log4j-to-slf4j-2.21.1.jar;C:\Users\eliza\.m2\repository\org\apache\logging\log4j\log4j-api\2.21.1\log4j-api-2.21.1.jar;C:\Users\eliza\.m2\repository\org\slf4j\jul-to-slf4j\2.0.12\jul-to-slf4j-2.0.12.jar;C:\Users\eliza\.m2\repository\org\yaml\snakeyaml\2.2\snakeyaml-2.2.jar;C:\Users\eliza\.m2\repository\org\springframework\boot\spring-boot-starter-json\3.2.3\spring-boot-starter-json-3.2.3.jar;C:\Users\eliza\.m2\repository\com\fasterxml\jackson\core\jackson-databind\2.15.4\jackson-databind-2.15.4.jar;C:\Users\eliza\.m2\repository\com\fasterxml\jackson\core\jackson-annotations\2.15.4\jackson-annotations-2.15.4.jar;C:\Users\eliza\.m2\repository\com\fasterxml\jackson\core\jackson-core\2.15.4\jackson-core-2.15.4.jar;C:\Users\eliza\.m2\repository\com\fasterxml\jackson\datatype\jackson-datatype-jdk8\2.15.4\jackson-datatype-jdk8-2.15.4.jar;C:\Users\eliza\.m2\repository\com\fasterxml\jackson\datatype\jackson-datatype-jsr310\2.15.4\jackson-datatype-jsr310-2.15.4.jar;C:\Users\eliza\.m2\repository\com\fasterxml\jackson\module\jackson-module-parameter-names\2.15.4\jackson-module-parameter-names-2.15.4.jar;C:\Users\eliza\.m2\repository\org\springframework\boot\spring-boot-starter-tomcat\3.2.3\spring-boot-starter-tomcat-3.2.3.jar;C:\Users\eliza\.m2\repository\org\apache\tomcat\embed\tomcat-embed-core\10.1.19\tomcat-embed-core-10.1.19.jar;C:\Users\eliza\.m2\repository\org\apache\tomcat\embed\tomcat-embed-el\10.1.19\tomcat-embed-el-10.1.19.jar;C:\Users\eliza\.m2\repository\org\apache\tomcat\embed\tomcat-embed-websocket\10.1.19\tomcat-embed-websocket-10.1.19.jar;C:\Users\eliza\.m2\repository\org\springframework\spring-web\6.1.4\spring-web-6.1.4.jar;C:\Users\eliza\.m2\repository\io\micrometer\micrometer-observation\1.12.3\micrometer-observation-1.12.3.jar;C:\Users\eliza\.m2\repository\io\micrometer\micrometer-commons\1.12.3\micrometer-commons-1.12.3.jar;C:\Users\eliza\.m2\repository\org\springframework\spring-webmvc\6.1.4\spring-webmvc-6.1.4.jar;C:\Users\eliza\.m2\repository\org\springframework\spring-expression\6.1.4\spring-expression-6.1.4.jar;C:\Users\eliza\.m2\repository\com\h2database\h2\2.2.224\h2-2.2.224.jar;C:\Users\eliza\.m2\repository\org\projectlombok\lombok\1.18.30\lombok-1.18.30.jar;C:\Users\eliza\.m2\repository\org\springframework\boot\spring-boot-starter-test\3.2.3\spring-boot-starter-test-3.2.3.jar;C:\Users\eliza\.m2\repository\org\springframework\boot\spring-boot-test\3.2.3\spring-boot-test-3.2.3.jar;C:\Users\eliza\.m2\repository\org\springframework\boot\spring-boot-test-autoconfigure\3.2.3\spring-boot-test-autoconfigure-3.2.3.jar;C:\Users\eliza\.m2\repository\com\jayway\jsonpath\json-path\2.9.0\json-path-2.9.0.jar;C:\Users\eliza\.m2\repository\jakarta\xml\bind\jakarta.xml.bind-api\4.0.1\jakarta.xml.bind-api-4.0.1.jar;C:\Users\eliza\.m2\repository\jakarta\activation\jakarta.activation-api\2.1.2\jakarta.activation-api-2.1.2.jar;C:\Users\eliza\.m2\repository\net\minidev\json-smart\2.5.0\json-smart-2.5.0.jar;C:\Users\eliza\.m2\repository\net\minidev\accessors-smart\2.5.0\accessors-smart-2.5.0.jar;C:\Users\eliza\.m2\repository\org\ow2\asm\asm\9.3\asm-9.3.jar;C:\Users\eliza\.m2\repository\org\assertj\assertj-core\3.24.2\assertj-core-3.24.2.jar;C:\Users\eliza\.m2\repository\org\awaitility\awaitility\4.2.0\awaitility-4.2.0.jar;C:\Users\eliza\.m2\repository\org\hamcrest\hamcrest\2.2\hamcrest-2.2.jar;C:\Users\eliza\.m2\repository\org\junit\jupiter\junit-jupiter\5.10.2\junit-jupiter-5.10.2.jar;C:\Users\eliza\.m2\repository\org\junit\jupiter\junit-jupiter-api\5.10.2\junit-jupiter-api-5.10.2.jar;C:\Users\eliza\.m2\repository\org\opentest4j\opentest4j\1.3.0\opentest4j-1.3.0.jar;C:\Users\eliza\.m2\repository\org\junit\platform\junit-platform-commons\1.10.2\junit-platform-commons-1.10.2.jar;C:\Users\eliza\.m2\repository\org\apiguardian\apiguardian-api\1.1.2\apiguardian-api-1.1.2.jar;C:\Users\eliza\.m2\repository\org\junit\jupiter\junit-jupiter-params\5.10.2\junit-jupiter-params-5.10.2.jar;C:\Users\eliza\.m2\repository\org\junit\jupiter\junit-jupiter-engine\5.10.2\junit-jupiter-engine-5.10.2.jar;C:\Users\eliza\.m2\repository\org\junit\platform\junit-platform-engine\1.10.2\junit-platform-engine-1.10.2.jar;C:\Users\eliza\.m2\repository\org\mockito\mockito-core\5.7.0\mockito-core-5.7.0.jar;C:\Users\eliza\.m2\repository\net\bytebuddy\byte-buddy-agent\1.14.12\byte-buddy-agent-1.14.12.jar;C:\Users\eliza\.m2\repository\org\objenesis\objenesis\3.3\objenesis-3.3.jar;C:\Users\eliza\.m2\repository\org\mockito\mockito-junit-jupiter\5.7.0\mockito-junit-jupiter-5.7.0.jar;C:\Users\eliza\.m2\repository\org\skyscreamer\jsonassert\1.5.1\jsonassert-1.5.1.jar;C:\Users\eliza\.m2\repository\com\vaadin\external\google\android-json\0.0.20131108.vaadin1\android-json-0.0.20131108.vaadin1.jar;C:\Users\eliza\.m2\repository\org\springframework\spring-core\6.1.4\spring-core-6.1.4.jar;C:\Users\eliza\.m2\repository\org\springframework\spring-jcl\6.1.4\spring-jcl-6.1.4.jar;C:\Users\eliza\.m2\repository\org\springframework\spring-test\6.1.4\spring-test-6.1.4.jar;C:\Users\eliza\.m2\repository\org\xmlunit\xmlunit-core\2.9.1\xmlunit-core-2.9.1.jar;, sun.cpu.endian=little, hibernate.cdi.extensions=true, user.home=C:\Users\eliza, user.language=en, java.specification.vendor=Oracle Corporation, java.version.date=2025-01-21, java.home=C:\Program Files\Eclipse Adoptium\jdk-21.0.6.7-hotspot, file.separator=\, basedir=C:\Dev\Lexicon\Exercises\SpringWS\JPAWsPt3-4, java.vm.compressedOopsMode=Zero based, line.separator=
, hibernate.persistenceUnitName=default, java.vm.specification.vendor=Oracle Corporation, java.specification.name=Java Platform API Specification, FILE_LOG_CHARSET=UTF-8, hibernate.transaction.coordinator_class=class org.hibernate.resource.transaction.backend.jdbc.internal.JdbcResourceLocalTransactionCoordinatorBuilderImpl, java.awt.headless=true, surefire.real.class.path=C:\Users\eliza\AppData\Local\Temp\surefire919452006127095223\surefirebooter-20250416103423497_3.jar, jakarta.persistence.validation.mode=AUTO, hibernate.hbm2ddl.auto=create-drop, user.script=, sun.management.compiler=HotSpot 64-Bit Tiered Compilers, java.runtime.version=21.0.6+7-LTS, user.name=eliza, stdout.encoding=Cp1252, path.separator=;, os.version=10.0, java.runtime.name=OpenJDK Runtime Environment, file.encoding=UTF-8, java.vm.name=OpenJDK 64-Bit Server VM, hibernate.show_sql=true, java.vendor.version=Temurin-21.0.6+7, localRepository=C:\Users\eliza\.m2\repository, java.vendor.url.bug=https://github.com/adoptium/adoptium-support/issues, java.io.tmpdir=C:\Users\eliza\AppData\Local\Temp\, java.version=21.0.6, hibernate.physical_naming_strategy=org.hibernate.boot.model.naming.CamelCaseToUnderscoresNamingStrategy, user.dir=C:\Dev\Lexicon\Exercises\SpringWS\JPAWsPt3-4, os.arch=amd64, java.vm.specification.name=Java Virtual Machine Specification, PID=5488, sun.os.patch.level=, CONSOLE_LOG_CHARSET=UTF-8, hibernate.boot.CfgXmlAccessService.key=org.hibernate.boot.registry.StandardServiceRegistryBuilder$1@18c820d2, native.encoding=Cp1252, java.library.path=C:\Program Files\Eclipse Adoptium\jdk-21.0.6.7-hotspot\bin;C:\WINDOWS\Sun\Java\bin;C:\WINDOWS\system32;C:\WINDOWS;C:\Program Files\PowerShell\7;C:\Python313\Scripts\;C:\Python313\;C:\Program Files\Eclipse Adoptium\jdk-21.0.6.7-hotspot\bin;c:\Users\eliza\AppData\Local\Programs\cursor\resources\app\bin;C:\Program Files\Common Files\Oracle\Java\javapath;C:\Python312\Scripts\;C:\Python312\;C:\Program Files\ImageMagick-7.1.1-Q16-HDRI;C:\WINDOWS\system32;C:\WINDOWS;C:\WINDOWS\System32\Wbem;C:\WINDOWS\System32\WindowsPowerShell\v1.0\;C:\WINDOWS\System32\OpenSSH\;C:\Program Files\dotnet\;C:\Program Files (x86)\NVIDIA Corporation\PhysX\Common;C:\Program Files\nodejs\;C:\ProgramData\chocolatey\bin;C:\Program Files\Git\cmd;C:\WINDOWS\system32\config\systemprofile\dev\flutter\bin;C:\Program Files\GitHub CLI\;C:\Users\eliza\AppData\Roaming\Python\Python312;C:\Program Files\NVIDIA Corporation\NVIDIA app\NvDLISR;C:\Maven\apache-maven-3.9.9\bin;C:\Users\eliza\dev\flutter\bin;C:\Users\eliza\AppData\Local\Microsoft\WindowsApps;C:\Users\eliza\AppData\Roaming\npm;C:\Apps\HyperTerminal\resources\bin;C:\Users\eliza\AppData\Local\JetBrains\Toolbox\scripts;C:\Users\eliza\.dotnet\tools;C:\Users\eliza\AppData\Local\Programs\Ollama;c:\User;C:\Program Files\WireGuard\;C:\Program Files\PowerShell\7\;C:\Program Files\MySQL\MySQL Server 8.0\bin;;%SystemRoot%\system32;%SystemRoot%;%SystemRoot%\System32\Wbem;%SYSTEMROOT%\System32\WindowsPowerShell\v1.0\;%SYSTEMROOT%\System32\OpenSSH\;C:\Program Files\MySQL\MySQL Shell 8.0\bin\;C:\Users\eliza\dev\flutter\bin;C:\Users\eliza\AppData\Local\Microsoft\WindowsApps;C:\Users\eliza\AppData\Roaming\npm;C:\Apps\HyperTerminal\resources\bin;C:\Users\eliza\AppData\Local\JetBrains\Toolbox\scripts;C:\Users\eliza\.dotnet\tools;C:\Users\eliza\AppData\Local\Programs\Ollama;C:\Program Files\JetBrains\IntelliJ IDEA 2024.3.5\bin;;C:\Users\eliza\AppData\Local\Microsoft\WindowsApps;C:\Users\eliza\AppData\Local\Programs\cursor\resources\app\bin;., stderr.encoding=Cp1252, java.vendor=Eclipse Adoptium, java.vm.info=mixed mode, sharing, java.vm.version=21.0.6+7-LTS, sun.io.unicode.encoding=UnicodeLittle, hibernate.archive.scanner=org.hibernate.boot.archive.scan.internal.DisabledScanner, hibernate.connection.datasource=org.springframework.jdbc.datasource.embedded.EmbeddedDatabaseFactory$EmbeddedDataSourceProxy@1a1cc163, java.class.version=65.0}
2025-04-16T10:34:26.492+02:00 DEBUG 5488 --- [           main] o.hibernate.internal.SessionFactoryImpl  : Session factory constructed with filter configurations : {}
2025-04-16T10:34:26.521+02:00 DEBUG 5488 --- [           main] o.h.q.sqm.function.SqmFunctionRegistry   : Registered SqmFunctionTemplate [NamedSqmFunctionTemplate(max)] under max; prior registration was null
2025-04-16T10:34:26.521+02:00 DEBUG 5488 --- [           main] o.h.q.sqm.function.SqmFunctionRegistry   : Registered SqmFunctionTemplate [NamedSqmFunctionTemplate(min)] under min; prior registration was null
2025-04-16T10:34:26.521+02:00 DEBUG 5488 --- [           main] o.h.q.sqm.function.SqmFunctionRegistry   : Registered SqmFunctionTemplate [NamedSqmFunctionTemplate(sum)] under sum; prior registration was null
2025-04-16T10:34:26.522+02:00 DEBUG 5488 --- [           main] o.h.q.sqm.function.SqmFunctionRegistry   : Registered SqmFunctionTemplate [NamedSqmFunctionTemplate(avg)] under avg; prior registration was null
2025-04-16T10:34:26.523+02:00 DEBUG 5488 --- [           main] o.h.q.sqm.function.SqmFunctionRegistry   : Registered SqmFunctionTemplate [org.hibernate.dialect.function.CountFunction@1282f784] under count; prior registration was null
2025-04-16T10:34:26.523+02:00 DEBUG 5488 --- [           main] o.h.q.sqm.function.SqmFunctionRegistry   : Registered SqmFunctionTemplate [org.hibernate.dialect.function.EveryAnyEmulation@733fae8] under every; prior registration was null
2025-04-16T10:34:26.524+02:00 DEBUG 5488 --- [           main] o.h.q.sqm.function.SqmFunctionRegistry   : Registered SqmFunctionTemplate [org.hibernate.dialect.function.EveryAnyEmulation@5a8d676e] under any; prior registration was null
2025-04-16T10:34:26.524+02:00 DEBUG 5488 --- [           main] o.h.q.sqm.function.SqmFunctionRegistry   : Registered SqmFunctionTemplate [NamedSqmFunctionTemplate(floor)] under floor; prior registration was null
2025-04-16T10:34:26.524+02:00 DEBUG 5488 --- [           main] o.h.q.sqm.function.SqmFunctionRegistry   : Registered SqmFunctionTemplate [NamedSqmFunctionTemplate(ceiling)] under ceiling; prior registration was null
2025-04-16T10:34:26.524+02:00 DEBUG 5488 --- [           main] o.h.q.sqm.function.SqmFunctionRegistry   : Registered SqmFunctionTemplate [NamedSqmFunctionTemplate(mod)] under mod; prior registration was null
2025-04-16T10:34:26.524+02:00 DEBUG 5488 --- [           main] o.h.q.sqm.function.SqmFunctionRegistry   : Registered SqmFunctionTemplate [NamedSqmFunctionTemplate(abs)] under abs; prior registration was null
2025-04-16T10:34:26.524+02:00 DEBUG 5488 --- [           main] o.h.q.sqm.function.SqmFunctionRegistry   : Registered SqmFunctionTemplate [NamedSqmFunctionTemplate(sign)] under sign; prior registration was null
2025-04-16T10:34:26.524+02:00 DEBUG 5488 --- [           main] o.h.q.sqm.function.SqmFunctionRegistry   : Registered SqmFunctionTemplate [NamedSqmFunctionTemplate(sqrt)] under sqrt; prior registration was null
2025-04-16T10:34:26.524+02:00 DEBUG 5488 --- [           main] o.h.q.sqm.function.SqmFunctionRegistry   : Registered SqmFunctionTemplate [NamedSqmFunctionTemplate(ln)] under ln; prior registration was null
2025-04-16T10:34:26.524+02:00 DEBUG 5488 --- [           main] o.h.q.sqm.function.SqmFunctionRegistry   : Registered SqmFunctionTemplate [NamedSqmFunctionTemplate(exp)] under exp; prior registration was null
2025-04-16T10:34:26.524+02:00 DEBUG 5488 --- [           main] o.h.q.sqm.function.SqmFunctionRegistry   : Registered SqmFunctionTemplate [NamedSqmFunctionTemplate(power)] under power; prior registration was null
2025-04-16T10:34:26.524+02:00 DEBUG 5488 --- [           main] o.h.q.sqm.function.SqmFunctionRegistry   : Registered SqmFunctionTemplate [NamedSqmFunctionTemplate(round)] under round; prior registration was null
2025-04-16T10:34:26.524+02:00 DEBUG 5488 --- [           main] o.h.q.sqm.function.SqmFunctionRegistry   : Registered SqmFunctionTemplate [NamedSqmFunctionTemplate(sin)] under sin; prior registration was null
2025-04-16T10:34:26.524+02:00 DEBUG 5488 --- [           main] o.h.q.sqm.function.SqmFunctionRegistry   : Registered SqmFunctionTemplate [NamedSqmFunctionTemplate(cos)] under cos; prior registration was null
2025-04-16T10:34:26.524+02:00 DEBUG 5488 --- [           main] o.h.q.sqm.function.SqmFunctionRegistry   : Registered SqmFunctionTemplate [NamedSqmFunctionTemplate(tan)] under tan; prior registration was null
2025-04-16T10:34:26.525+02:00 DEBUG 5488 --- [           main] o.h.q.sqm.function.SqmFunctionRegistry   : Registered SqmFunctionTemplate [NamedSqmFunctionTemplate(asin)] under asin; prior registration was null
2025-04-16T10:34:26.525+02:00 DEBUG 5488 --- [           main] o.h.q.sqm.function.SqmFunctionRegistry   : Registered SqmFunctionTemplate [NamedSqmFunctionTemplate(acos)] under acos; prior registration was null
2025-04-16T10:34:26.525+02:00 DEBUG 5488 --- [           main] o.h.q.sqm.function.SqmFunctionRegistry   : Registered SqmFunctionTemplate [NamedSqmFunctionTemplate(atan)] under atan; prior registration was null
2025-04-16T10:34:26.525+02:00 DEBUG 5488 --- [           main] o.h.q.sqm.function.SqmFunctionRegistry   : Registered SqmFunctionTemplate [NamedSqmFunctionTemplate(atan2)] under atan2; prior registration was null
2025-04-16T10:34:26.526+02:00 DEBUG 5488 --- [           main] o.h.q.sqm.function.SqmFunctionRegistry   : Registered SqmFunctionTemplate [org.hibernate.query.sqm.function.PatternBasedSqmFunctionDescriptor@53f495f0] under sinh; prior registration was null
2025-04-16T10:34:26.527+02:00 DEBUG 5488 --- [           main] o.h.q.sqm.function.SqmFunctionRegistry   : Registered SqmFunctionTemplate [org.hibernate.query.sqm.function.PatternBasedSqmFunctionDescriptor@5efe5b25] under cosh; prior registration was null
2025-04-16T10:34:26.527+02:00 DEBUG 5488 --- [           main] o.h.q.sqm.function.SqmFunctionRegistry   : Registered SqmFunctionTemplate [org.hibernate.query.sqm.function.PatternBasedSqmFunctionDescriptor@45707f76] under tanh; prior registration was null
2025-04-16T10:34:26.527+02:00 DEBUG 5488 --- [           main] o.h.q.sqm.function.SqmFunctionRegistry   : Registered SqmFunctionTemplate [org.hibernate.query.sqm.function.PatternBasedSqmFunctionDescriptor@1f0e2bdc] under pi; prior registration was null
2025-04-16T10:34:26.527+02:00 DEBUG 5488 --- [           main] o.h.q.sqm.function.SqmFunctionRegistry   : Registered SqmFunctionTemplate [org.hibernate.query.sqm.function.PatternBasedSqmFunctionDescriptor@682266d8] under log; prior registration was null
2025-04-16T10:34:26.527+02:00 DEBUG 5488 --- [           main] o.h.q.sqm.function.SqmFunctionRegistry   : Registered SqmFunctionTemplate [NamedSqmFunctionTemplate(coalesce)] under coalesce; prior registration was null
2025-04-16T10:34:26.527+02:00 DEBUG 5488 --- [           main] o.h.q.sqm.function.SqmFunctionRegistry   : Registered SqmFunctionTemplate [NamedSqmFunctionTemplate(nullif)] under nullif; prior registration was null
2025-04-16T10:34:26.527+02:00 DEBUG 5488 --- [           main] o.h.q.sqm.function.SqmFunctionRegistry   : Registered SqmFunctionTemplate [NamedSqmFunctionTemplate(left)] under left; prior registration was null
2025-04-16T10:34:26.527+02:00 DEBUG 5488 --- [           main] o.h.q.sqm.function.SqmFunctionRegistry   : Registered SqmFunctionTemplate [NamedSqmFunctionTemplate(right)] under right; prior registration was null
2025-04-16T10:34:26.527+02:00 DEBUG 5488 --- [           main] o.h.q.sqm.function.SqmFunctionRegistry   : Registered SqmFunctionTemplate [NamedSqmFunctionTemplate(replace)] under replace; prior registration was null
2025-04-16T10:34:26.527+02:00 DEBUG 5488 --- [           main] o.h.q.sqm.function.SqmFunctionRegistry   : Registered SqmFunctionTemplate [NamedSqmFunctionTemplate(concat)] under concat; prior registration was null
2025-04-16T10:34:26.527+02:00 DEBUG 5488 --- [           main] o.h.q.sqm.function.SqmFunctionRegistry   : Registered SqmFunctionTemplate [NamedSqmFunctionTemplate(lower)] under lower; prior registration was null
2025-04-16T10:34:26.527+02:00 DEBUG 5488 --- [           main] o.h.q.sqm.function.SqmFunctionRegistry   : Registered SqmFunctionTemplate [NamedSqmFunctionTemplate(upper)] under upper; prior registration was null
2025-04-16T10:34:26.527+02:00 DEBUG 5488 --- [           main] o.h.q.sqm.function.SqmFunctionRegistry   : Registered SqmFunctionTemplate [NamedSqmFunctionTemplate(substring)] under substring; prior registration was null
2025-04-16T10:34:26.527+02:00 DEBUG 5488 --- [           main] o.h.q.sqm.function.SqmFunctionRegistry   : Registered SqmFunctionTemplate [NamedSqmFunctionTemplate(locate)] under locate; prior registration was null
2025-04-16T10:34:26.527+02:00 DEBUG 5488 --- [           main] o.h.q.sqm.function.SqmFunctionRegistry   : Registered SqmFunctionTemplate [NamedSqmFunctionTemplate(character_length)] under character_length; prior registration was null
2025-04-16T10:34:26.527+02:00 DEBUG 5488 --- [           main] o.h.q.sqm.function.SqmFunctionRegistry   : Registering alternate key : length -> character_length
2025-04-16T10:34:26.529+02:00 DEBUG 5488 --- [           main] o.h.q.sqm.function.SqmFunctionRegistry   : Registered SqmFunctionTemplate [org.hibernate.dialect.function.LocatePositionEmulation@5dd6a4c8] under position; prior registration was null
2025-04-16T10:34:26.530+02:00 DEBUG 5488 --- [           main] o.h.q.sqm.function.SqmFunctionRegistry   : Registered SqmFunctionTemplate [org.hibernate.dialect.function.InsertSubstringOverlayEmulation@8ac512e] under overlay; prior registration was null
2025-04-16T10:34:26.530+02:00 DEBUG 5488 --- [           main] o.h.q.sqm.function.SqmFunctionRegistry   : Registered SqmFunctionTemplate [org.hibernate.dialect.function.TrimFunction@674aa626] under trim; prior registration was null
2025-04-16T10:34:26.531+02:00 DEBUG 5488 --- [           main] o.h.q.sqm.function.SqmFunctionRegistry   : Registered SqmFunctionTemplate [org.hibernate.dialect.function.CastFunction@7d6c4079] under cast; prior registration was null
2025-04-16T10:34:26.531+02:00 DEBUG 5488 --- [           main] o.h.q.sqm.function.SqmFunctionRegistry   : Registered SqmFunctionTemplate [org.hibernate.query.sqm.function.PatternBasedSqmFunctionDescriptor@606b53a3] under collate; prior registration was null
2025-04-16T10:34:26.532+02:00 DEBUG 5488 --- [           main] o.h.q.sqm.function.SqmFunctionRegistry   : Registered SqmFunctionTemplate [org.hibernate.dialect.function.ExtractFunction@1201e064] under extract; prior registration was null
2025-04-16T10:34:26.532+02:00 DEBUG 5488 --- [           main] o.h.q.sqm.function.SqmFunctionRegistry   : Registered SqmFunctionTemplate [NamedSqmFunctionTemplate(least)] under least; prior registration was null
2025-04-16T10:34:26.532+02:00 DEBUG 5488 --- [           main] o.h.q.sqm.function.SqmFunctionRegistry   : Registered SqmFunctionTemplate [NamedSqmFunctionTemplate(greatest)] under greatest; prior registration was null
2025-04-16T10:34:26.532+02:00 DEBUG 5488 --- [           main] o.h.q.sqm.function.SqmFunctionRegistry   : Registered SqmFunctionTemplate [org.hibernate.dialect.function.CoalesceIfnullEmulation@5597ca3] under ifnull; prior registration was null
2025-04-16T10:34:26.532+02:00 DEBUG 5488 --- [           main] o.h.q.sqm.function.SqmFunctionRegistry   : Registered SqmFunctionTemplate [NamedSqmFunctionTemplate(lpad)] under lpad; prior registration was null
2025-04-16T10:34:26.532+02:00 DEBUG 5488 --- [           main] o.h.q.sqm.function.SqmFunctionRegistry   : Registered SqmFunctionTemplate [NamedSqmFunctionTemplate(rpad)] under rpad; prior registration was null
2025-04-16T10:34:26.532+02:00 DEBUG 5488 --- [           main] o.h.q.sqm.function.SqmFunctionRegistry   : Registered SqmFunctionTemplate [org.hibernate.dialect.function.LpadRpadPadEmulation@660296d5] under pad; prior registration was null
2025-04-16T10:34:26.533+02:00 DEBUG 5488 --- [           main] o.h.q.sqm.function.SqmFunctionRegistry   : Registered SqmFunctionTemplate [org.hibernate.dialect.function.CastStrEmulation@2d9de284] under str; prior registration was null
2025-04-16T10:34:26.534+02:00 DEBUG 5488 --- [           main] o.h.q.sqm.function.SqmFunctionRegistry   : Registered SqmFunctionTemplate [org.hibernate.dialect.function.FormatFunction@31ab4859] under format; prior registration was null
2025-04-16T10:34:26.534+02:00 DEBUG 5488 --- [           main] o.h.q.sqm.function.SqmFunctionRegistry   : Registered SqmFunctionTemplate [org.hibernate.dialect.function.TimestampaddFunction@70f85235] under timestampadd; prior registration was null
2025-04-16T10:34:26.534+02:00 DEBUG 5488 --- [           main] o.h.q.sqm.function.SqmFunctionRegistry   : Registered SqmFunctionTemplate [org.hibernate.dialect.function.TimestampdiffFunction@1a6dc5ea] under timestampdiff; prior registration was null
2025-04-16T10:34:26.534+02:00 DEBUG 5488 --- [           main] o.h.q.sqm.function.SqmFunctionRegistry   : Registering alternate key : dateadd -> timestampadd
2025-04-16T10:34:26.534+02:00 DEBUG 5488 --- [           main] o.h.q.sqm.function.SqmFunctionRegistry   : Registering alternate key : datediff -> timestampdiff
2025-04-16T10:34:26.535+02:00 DEBUG 5488 --- [           main] o.h.q.sqm.function.SqmFunctionRegistry   : Registered SqmFunctionTemplate [org.hibernate.dialect.function.CurrentFunction@75cacb3e] under current_date; prior registration was null
2025-04-16T10:34:26.535+02:00 DEBUG 5488 --- [           main] o.h.q.sqm.function.SqmFunctionRegistry   : Registered SqmFunctionTemplate [org.hibernate.dialect.function.CurrentFunction@61957d9c] under current_time; prior registration was null
2025-04-16T10:34:26.535+02:00 DEBUG 5488 --- [           main] o.h.q.sqm.function.SqmFunctionRegistry   : Registered SqmFunctionTemplate [org.hibernate.dialect.function.CurrentFunction@29c59b6e] under current_timestamp; prior registration was null
2025-04-16T10:34:26.535+02:00 DEBUG 5488 --- [           main] o.h.q.sqm.function.SqmFunctionRegistry   : Registering alternate key : current date -> current_date
2025-04-16T10:34:26.535+02:00 DEBUG 5488 --- [           main] o.h.q.sqm.function.SqmFunctionRegistry   : Registering alternate key : current time -> current_time
2025-04-16T10:34:26.535+02:00 DEBUG 5488 --- [           main] o.h.q.sqm.function.SqmFunctionRegistry   : Registering alternate key : current timestamp -> current_timestamp
2025-04-16T10:34:26.535+02:00 DEBUG 5488 --- [           main] o.h.q.sqm.function.SqmFunctionRegistry   : Registered SqmFunctionTemplate [org.hibernate.dialect.function.CurrentFunction@483b7dc4] under local_date; prior registration was null
2025-04-16T10:34:26.535+02:00 DEBUG 5488 --- [           main] o.h.q.sqm.function.SqmFunctionRegistry   : Registered SqmFunctionTemplate [org.hibernate.dialect.function.CurrentFunction@6b8bdcc6] under local_time; prior registration was null
2025-04-16T10:34:26.535+02:00 DEBUG 5488 --- [           main] o.h.q.sqm.function.SqmFunctionRegistry   : Registered SqmFunctionTemplate [org.hibernate.dialect.function.CurrentFunction@213835b6] under local_datetime; prior registration was null
2025-04-16T10:34:26.535+02:00 DEBUG 5488 --- [           main] o.h.q.sqm.function.SqmFunctionRegistry   : Registered SqmFunctionTemplate [org.hibernate.dialect.function.CurrentFunction@24a3d414] under offset_datetime; prior registration was null
2025-04-16T10:34:26.535+02:00 DEBUG 5488 --- [           main] o.h.q.sqm.function.SqmFunctionRegistry   : Registering alternate key : local date -> local_date
2025-04-16T10:34:26.535+02:00 DEBUG 5488 --- [           main] o.h.q.sqm.function.SqmFunctionRegistry   : Registering alternate key : local time -> local_time
2025-04-16T10:34:26.535+02:00 DEBUG 5488 --- [           main] o.h.q.sqm.function.SqmFunctionRegistry   : Registering alternate key : local datetime -> local_datetime
2025-04-16T10:34:26.535+02:00 DEBUG 5488 --- [           main] o.h.q.sqm.function.SqmFunctionRegistry   : Registering alternate key : offset datetime -> offset_datetime
2025-04-16T10:34:26.535+02:00 DEBUG 5488 --- [           main] o.h.q.sqm.function.SqmFunctionRegistry   : Registered SqmFunctionTemplate [org.hibernate.dialect.function.CurrentFunction@37e55819] under instant; prior registration was null
2025-04-16T10:34:26.535+02:00 DEBUG 5488 --- [           main] o.h.q.sqm.function.SqmFunctionRegistry   : Registering alternate key : current_instant -> instant
2025-04-16T10:34:26.535+02:00 DEBUG 5488 --- [           main] o.h.q.sqm.function.SqmFunctionRegistry   : Registered SqmFunctionTemplate [org.hibernate.dialect.function.SqlFunction@45c90a05] under sql; prior registration was null
2025-04-16T10:34:26.535+02:00 DEBUG 5488 --- [           main] o.h.q.sqm.function.SqmFunctionRegistry   : Registered SqmFunctionTemplate [NamedSqmFunctionTemplate(max)] under max; prior registration was NamedSqmFunctionTemplate(max)
2025-04-16T10:34:26.535+02:00 DEBUG 5488 --- [           main] o.h.q.sqm.function.SqmFunctionRegistry   : Registered SqmFunctionTemplate [NamedSqmFunctionTemplate(min)] under min; prior registration was NamedSqmFunctionTemplate(min)
2025-04-16T10:34:26.535+02:00 DEBUG 5488 --- [           main] o.h.q.sqm.function.SqmFunctionRegistry   : Registered SqmFunctionTemplate [NamedSqmFunctionTemplate(sum)] under sum; prior registration was NamedSqmFunctionTemplate(sum)
2025-04-16T10:34:26.536+02:00 DEBUG 5488 --- [           main] o.h.q.sqm.function.SqmFunctionRegistry   : Registered SqmFunctionTemplate [NamedSqmFunctionTemplate(avg)] under avg; prior registration was NamedSqmFunctionTemplate(avg)
2025-04-16T10:34:26.536+02:00 DEBUG 5488 --- [           main] o.h.q.sqm.function.SqmFunctionRegistry   : Registered SqmFunctionTemplate [org.hibernate.dialect.function.CountFunction@296676c4] under count; prior registration was org.hibernate.dialect.function.CountFunction@1282f784
2025-04-16T10:34:26.536+02:00 DEBUG 5488 --- [           main] o.h.q.sqm.function.SqmFunctionRegistry   : Registered SqmFunctionTemplate [org.hibernate.dialect.function.AvgFunction@4fa91d5b] under avg; prior registration was NamedSqmFunctionTemplate(avg)
2025-04-16T10:34:26.536+02:00 DEBUG 5488 --- [           main] o.h.q.sqm.function.SqmFunctionRegistry   : Registered SqmFunctionTemplate [NamedSqmFunctionTemplate(pi)] under pi; prior registration was org.hibernate.query.sqm.function.PatternBasedSqmFunctionDescriptor@1f0e2bdc
2025-04-16T10:34:26.536+02:00 DEBUG 5488 --- [           main] o.h.q.sqm.function.SqmFunctionRegistry   : Registered SqmFunctionTemplate [NamedSqmFunctionTemplate(cot)] under cot; prior registration was null
2025-04-16T10:34:26.536+02:00 DEBUG 5488 --- [           main] o.h.q.sqm.function.SqmFunctionRegistry   : Registered SqmFunctionTemplate [NamedSqmFunctionTemplate(radians)] under radians; prior registration was null
2025-04-16T10:34:26.536+02:00 DEBUG 5488 --- [           main] o.h.q.sqm.function.SqmFunctionRegistry   : Registered SqmFunctionTemplate [NamedSqmFunctionTemplate(degrees)] under degrees; prior registration was null
2025-04-16T10:34:26.536+02:00 DEBUG 5488 --- [           main] o.h.q.sqm.function.SqmFunctionRegistry   : Registered SqmFunctionTemplate [NamedSqmFunctionTemplate(log10)] under log10; prior registration was null
2025-04-16T10:34:26.536+02:00 DEBUG 5488 --- [           main] o.h.q.sqm.function.SqmFunctionRegistry   : Registered SqmFunctionTemplate [org.hibernate.query.sqm.function.PatternBasedSqmFunctionDescriptor@7ce30c0b] under mod; prior registration was NamedSqmFunctionTemplate(mod)
2025-04-16T10:34:26.536+02:00 DEBUG 5488 --- [           main] o.h.q.sqm.function.SqmFunctionRegistry   : Registered SqmFunctionTemplate [NamedSqmFunctionTemplate(rand)] under rand; prior registration was null
2025-04-16T10:34:26.536+02:00 DEBUG 5488 --- [           main] o.h.q.sqm.function.SqmFunctionRegistry   : Registered SqmFunctionTemplate [NamedSqmFunctionTemplate(soundex)] under soundex; prior registration was null
2025-04-16T10:34:26.536+02:00 DEBUG 5488 --- [           main] o.h.q.sqm.function.SqmFunctionRegistry   : Registered SqmFunctionTemplate [NamedSqmFunctionTemplate(translate)] under translate; prior registration was null
2025-04-16T10:34:26.536+02:00 DEBUG 5488 --- [           main] o.h.q.sqm.function.SqmFunctionRegistry   : Registered SqmFunctionTemplate [NamedSqmFunctionTemplate(bitand)] under bitand; prior registration was null
2025-04-16T10:34:26.536+02:00 DEBUG 5488 --- [           main] o.h.q.sqm.function.SqmFunctionRegistry   : Registered SqmFunctionTemplate [NamedSqmFunctionTemplate(bitor)] under bitor; prior registration was null
2025-04-16T10:34:26.536+02:00 DEBUG 5488 --- [           main] o.h.q.sqm.function.SqmFunctionRegistry   : Registered SqmFunctionTemplate [NamedSqmFunctionTemplate(bitxor)] under bitxor; prior registration was null
2025-04-16T10:34:26.536+02:00 DEBUG 5488 --- [           main] o.h.q.sqm.function.SqmFunctionRegistry   : Registered SqmFunctionTemplate [NamedSqmFunctionTemplate(bit_and)] under bit_and; prior registration was null
2025-04-16T10:34:26.536+02:00 DEBUG 5488 --- [           main] o.h.q.sqm.function.SqmFunctionRegistry   : Registered SqmFunctionTemplate [NamedSqmFunctionTemplate(bit_or)] under bit_or; prior registration was null
2025-04-16T10:34:26.536+02:00 DEBUG 5488 --- [           main] o.h.q.sqm.function.SqmFunctionRegistry   : Registered SqmFunctionTemplate [NamedSqmFunctionTemplate(day)] under day; prior registration was null
2025-04-16T10:34:26.536+02:00 DEBUG 5488 --- [           main] o.h.q.sqm.function.SqmFunctionRegistry   : Registered SqmFunctionTemplate [NamedSqmFunctionTemplate(month)] under month; prior registration was null
2025-04-16T10:34:26.536+02:00 DEBUG 5488 --- [           main] o.h.q.sqm.function.SqmFunctionRegistry   : Registered SqmFunctionTemplate [NamedSqmFunctionTemplate(year)] under year; prior registration was null
2025-04-16T10:34:26.536+02:00 DEBUG 5488 --- [           main] o.h.q.sqm.function.SqmFunctionRegistry   : Registered SqmFunctionTemplate [NamedSqmFunctionTemplate(hour)] under hour; prior registration was null
2025-04-16T10:34:26.536+02:00 DEBUG 5488 --- [           main] o.h.q.sqm.function.SqmFunctionRegistry   : Registered SqmFunctionTemplate [NamedSqmFunctionTemplate(minute)] under minute; prior registration was null
2025-04-16T10:34:26.536+02:00 DEBUG 5488 --- [           main] o.h.q.sqm.function.SqmFunctionRegistry   : Registered SqmFunctionTemplate [NamedSqmFunctionTemplate(second)] under second; prior registration was null
2025-04-16T10:34:26.537+02:00 DEBUG 5488 --- [           main] o.h.q.sqm.function.SqmFunctionRegistry   : Registered SqmFunctionTemplate [NamedSqmFunctionTemplate(microsecond)] under microsecond; prior registration was null
2025-04-16T10:34:26.537+02:00 DEBUG 5488 --- [           main] o.h.q.sqm.function.SqmFunctionRegistry   : Registered SqmFunctionTemplate [NamedSqmFunctionTemplate(day_of_week)] under day_of_week; prior registration was null
2025-04-16T10:34:26.537+02:00 DEBUG 5488 --- [           main] o.h.q.sqm.function.SqmFunctionRegistry   : Registered SqmFunctionTemplate [NamedSqmFunctionTemplate(day_of_month)] under day_of_month; prior registration was null
2025-04-16T10:34:26.537+02:00 DEBUG 5488 --- [           main] o.h.q.sqm.function.SqmFunctionRegistry   : Registering alternate key : day -> day_of_month
2025-04-16T10:34:26.537+02:00 DEBUG 5488 --- [           main] o.h.q.sqm.function.SqmFunctionRegistry   : Registered SqmFunctionTemplate [NamedSqmFunctionTemplate(day_of_year)] under day_of_year; prior registration was null
2025-04-16T10:34:26.537+02:00 DEBUG 5488 --- [           main] o.h.q.sqm.function.SqmFunctionRegistry   : Registered SqmFunctionTemplate [NamedSqmFunctionTemplate(week)] under week; prior registration was null
2025-04-16T10:34:26.537+02:00 DEBUG 5488 --- [           main] o.h.q.sqm.function.SqmFunctionRegistry   : Registered SqmFunctionTemplate [NamedSqmFunctionTemplate(quarter)] under quarter; prior registration was null
2025-04-16T10:34:26.537+02:00 DEBUG 5488 --- [           main] o.h.q.sqm.function.SqmFunctionRegistry   : Registered SqmFunctionTemplate [NamedSqmFunctionTemplate(monthname)] under monthname; prior registration was null
2025-04-16T10:34:26.537+02:00 DEBUG 5488 --- [           main] o.h.q.sqm.function.SqmFunctionRegistry   : Registered SqmFunctionTemplate [NamedSqmFunctionTemplate(dayname)] under dayname; prior registration was null
2025-04-16T10:34:26.537+02:00 DEBUG 5488 --- [           main] o.h.q.sqm.function.SqmFunctionRegistry   : Registered SqmFunctionTemplate [NamedSqmFunctionTemplate(localtime)] under localtime; prior registration was null
2025-04-16T10:34:26.537+02:00 DEBUG 5488 --- [           main] o.h.q.sqm.function.SqmFunctionRegistry   : Registered SqmFunctionTemplate [NamedSqmFunctionTemplate(localtimestamp)] under localtimestamp; prior registration was null
2025-04-16T10:34:26.537+02:00 DEBUG 5488 --- [           main] o.h.q.sqm.function.SqmFunctionRegistry   : Registered SqmFunctionTemplate [NamedSqmFunctionTemplate(localtime)] under local_time; prior registration was org.hibernate.dialect.function.CurrentFunction@6b8bdcc6
2025-04-16T10:34:26.537+02:00 DEBUG 5488 --- [           main] o.h.q.sqm.function.SqmFunctionRegistry   : Registered SqmFunctionTemplate [NamedSqmFunctionTemplate(localtimestamp)] under local_datetime; prior registration was org.hibernate.dialect.function.CurrentFunction@213835b6
2025-04-16T10:34:26.538+02:00 DEBUG 5488 --- [           main] o.h.q.sqm.function.SqmFunctionRegistry   : Registered SqmFunctionTemplate [org.hibernate.dialect.function.TruncFunction@49122853] under trunc; prior registration was null
2025-04-16T10:34:26.538+02:00 DEBUG 5488 --- [           main] o.h.q.sqm.function.SqmFunctionRegistry   : Registering alternate key : truncate -> trunc
2025-04-16T10:34:26.538+02:00 DEBUG 5488 --- [           main] o.h.q.sqm.function.SqmFunctionRegistry   : Registered SqmFunctionTemplate [org.hibernate.query.sqm.function.PatternBasedSqmFunctionDescriptor@e97f115] under date_trunc; prior registration was null
2025-04-16T10:34:26.538+02:00 DEBUG 5488 --- [           main] o.h.q.sqm.function.SqmFunctionRegistry   : Registered SqmFunctionTemplate [NamedSqmFunctionTemplate(bit_length)] under bit_length; prior registration was null
2025-04-16T10:34:26.538+02:00 DEBUG 5488 --- [           main] o.h.q.sqm.function.SqmFunctionRegistry   : Registered SqmFunctionTemplate [NamedSqmFunctionTemplate(octet_length)] under octet_length; prior registration was null
2025-04-16T10:34:26.538+02:00 DEBUG 5488 --- [           main] o.h.q.sqm.function.SqmFunctionRegistry   : Registered SqmFunctionTemplate [NamedSqmFunctionTemplate(ascii)] under ascii; prior registration was null
2025-04-16T10:34:26.538+02:00 DEBUG 5488 --- [           main] o.h.q.sqm.function.SqmFunctionRegistry   : Registered SqmFunctionTemplate [NamedSqmFunctionTemplate(octet_length)] under octet_length; prior registration was NamedSqmFunctionTemplate(octet_length)
2025-04-16T10:34:26.538+02:00 DEBUG 5488 --- [           main] o.h.q.sqm.function.SqmFunctionRegistry   : Registered SqmFunctionTemplate [NamedSqmFunctionTemplate(space)] under space; prior registration was null
2025-04-16T10:34:26.538+02:00 DEBUG 5488 --- [           main] o.h.q.sqm.function.SqmFunctionRegistry   : Registered SqmFunctionTemplate [NamedSqmFunctionTemplate(repeat)] under repeat; prior registration was null
2025-04-16T10:34:26.538+02:00 DEBUG 5488 --- [           main] o.h.q.sqm.function.SqmFunctionRegistry   : Registered SqmFunctionTemplate [NamedSqmFunctionTemplate(char)] under char; prior registration was null
2025-04-16T10:34:26.538+02:00 DEBUG 5488 --- [           main] o.h.q.sqm.function.SqmFunctionRegistry   : Registering alternate key : chr -> char
2025-04-16T10:34:26.538+02:00 DEBUG 5488 --- [           main] o.h.q.sqm.function.SqmFunctionRegistry   : Registered SqmFunctionTemplate [NamedSqmFunctionTemplate(instr)] under instr; prior registration was null
2025-04-16T10:34:26.539+02:00 DEBUG 5488 --- [           main] o.h.q.sqm.function.SqmFunctionRegistry   : Registered SqmFunctionTemplate [NamedSqmFunctionTemplate(substr)] under substr; prior registration was null
2025-04-16T10:34:26.539+02:00 DEBUG 5488 --- [           main] o.h.q.sqm.function.SqmFunctionRegistry   : Registered SqmFunctionTemplate [org.hibernate.query.sqm.function.PatternBasedSqmFunctionDescriptor@5d6b42cf] under position; prior registration was org.hibernate.dialect.function.LocatePositionEmulation@5dd6a4c8
2025-04-16T10:34:26.539+02:00 DEBUG 5488 --- [           main] o.h.q.sqm.function.SqmFunctionRegistry   : Registered SqmFunctionTemplate [NamedSqmFunctionTemplate(ltrim)] under ltrim; prior registration was null
2025-04-16T10:34:26.539+02:00 DEBUG 5488 --- [           main] o.h.q.sqm.function.SqmFunctionRegistry   : Registered SqmFunctionTemplate [NamedSqmFunctionTemplate(rtrim)] under rtrim; prior registration was null
2025-04-16T10:34:26.539+02:00 DEBUG 5488 --- [           main] o.h.q.sqm.function.SqmFunctionRegistry   : Registered SqmFunctionTemplate [org.hibernate.query.sqm.function.PatternBasedSqmFunctionDescriptor@6f8ac8d5] under concat; prior registration was NamedSqmFunctionTemplate(concat)
2025-04-16T10:34:26.539+02:00 DEBUG 5488 --- [           main] o.h.q.sqm.function.SqmFunctionRegistry   : Registered SqmFunctionTemplate [NamedSqmFunctionTemplate(curtime)] under curtime; prior registration was null
2025-04-16T10:34:26.539+02:00 DEBUG 5488 --- [           main] o.h.q.sqm.function.SqmFunctionRegistry   : Registered SqmFunctionTemplate [NamedSqmFunctionTemplate(curdate)] under curdate; prior registration was null
2025-04-16T10:34:26.539+02:00 DEBUG 5488 --- [           main] o.h.q.sqm.function.SqmFunctionRegistry   : Registered SqmFunctionTemplate [NamedSqmFunctionTemplate(now)] under now; prior registration was null
2025-04-16T10:34:26.539+02:00 DEBUG 5488 --- [           main] o.h.q.sqm.function.SqmFunctionRegistry   : Registered SqmFunctionTemplate [NamedSqmFunctionTemplate(sysdate)] under sysdate; prior registration was null
2025-04-16T10:34:26.539+02:00 DEBUG 5488 --- [           main] o.h.q.sqm.function.SqmFunctionRegistry   : Registered SqmFunctionTemplate [NamedSqmFunctionTemplate(insert)] under insert; prior registration was null
2025-04-16T10:34:26.539+02:00 DEBUG 5488 --- [           main] o.h.q.sqm.function.SqmFunctionRegistry   : Registered SqmFunctionTemplate [NamedSqmFunctionTemplate(bool_and)] under bool_and; prior registration was null
2025-04-16T10:34:26.539+02:00 DEBUG 5488 --- [           main] o.h.q.sqm.function.SqmFunctionRegistry   : Registering alternate key : every -> bool_and
2025-04-16T10:34:26.539+02:00 DEBUG 5488 --- [           main] o.h.q.sqm.function.SqmFunctionRegistry   : Registered SqmFunctionTemplate [NamedSqmFunctionTemplate(bool_or)] under bool_or; prior registration was null
2025-04-16T10:34:26.539+02:00 DEBUG 5488 --- [           main] o.h.q.sqm.function.SqmFunctionRegistry   : Registering alternate key : any -> bool_or
2025-04-16T10:34:26.539+02:00 DEBUG 5488 --- [           main] o.h.q.sqm.function.SqmFunctionRegistry   : Registered SqmFunctionTemplate [NamedSqmFunctionTemplate(median)] under median; prior registration was null
2025-04-16T10:34:26.539+02:00 DEBUG 5488 --- [           main] o.h.q.sqm.function.SqmFunctionRegistry   : Registered SqmFunctionTemplate [NamedSqmFunctionTemplate(stddev_pop)] under stddev_pop; prior registration was null
2025-04-16T10:34:26.539+02:00 DEBUG 5488 --- [           main] o.h.q.sqm.function.SqmFunctionRegistry   : Registered SqmFunctionTemplate [NamedSqmFunctionTemplate(stddev_samp)] under stddev_samp; prior registration was null
2025-04-16T10:34:26.539+02:00 DEBUG 5488 --- [           main] o.h.q.sqm.function.SqmFunctionRegistry   : Registered SqmFunctionTemplate [NamedSqmFunctionTemplate(var_pop)] under var_pop; prior registration was null
2025-04-16T10:34:26.539+02:00 DEBUG 5488 --- [           main] o.h.q.sqm.function.SqmFunctionRegistry   : Registered SqmFunctionTemplate [NamedSqmFunctionTemplate(var_samp)] under var_samp; prior registration was null
2025-04-16T10:34:26.539+02:00 DEBUG 5488 --- [           main] o.h.q.sqm.function.SqmFunctionRegistry   : Registered SqmFunctionTemplate [org.hibernate.dialect.function.FormatFunction@370225c7] under format; prior registration was org.hibernate.dialect.function.FormatFunction@31ab4859
2025-04-16T10:34:26.539+02:00 DEBUG 5488 --- [           main] o.h.q.sqm.function.SqmFunctionRegistry   : Registered SqmFunctionTemplate [NamedSqmFunctionTemplate(rownum)] under rownum; prior registration was null
2025-04-16T10:34:26.539+02:00 DEBUG 5488 --- [           main] o.h.q.sqm.function.SqmFunctionRegistry   : Registered SqmFunctionTemplate [NamedSqmFunctionTemplate(row_number)] under row_number; prior registration was null
2025-04-16T10:34:26.540+02:00 DEBUG 5488 --- [           main] o.h.q.sqm.function.SqmFunctionRegistry   : Registered SqmFunctionTemplate [NamedSqmFunctionTemplate(lag)] under lag; prior registration was null
2025-04-16T10:34:26.540+02:00 DEBUG 5488 --- [           main] o.h.q.sqm.function.SqmFunctionRegistry   : Registered SqmFunctionTemplate [NamedSqmFunctionTemplate(lead)] under lead; prior registration was null
2025-04-16T10:34:26.540+02:00 DEBUG 5488 --- [           main] o.h.q.sqm.function.SqmFunctionRegistry   : Registered SqmFunctionTemplate [NamedSqmFunctionTemplate(first_value)] under first_value; prior registration was null
2025-04-16T10:34:26.540+02:00 DEBUG 5488 --- [           main] o.h.q.sqm.function.SqmFunctionRegistry   : Registered SqmFunctionTemplate [NamedSqmFunctionTemplate(last_value)] under last_value; prior registration was null
2025-04-16T10:34:26.540+02:00 DEBUG 5488 --- [           main] o.h.q.sqm.function.SqmFunctionRegistry   : Registered SqmFunctionTemplate [NamedSqmFunctionTemplate(nth_value)] under nth_value; prior registration was null
2025-04-16T10:34:26.540+02:00 DEBUG 5488 --- [           main] o.h.q.sqm.function.SqmFunctionRegistry   : Registered SqmFunctionTemplate [org.hibernate.dialect.function.ListaggFunction@7b4b8199] under listagg; prior registration was null
2025-04-16T10:34:26.542+02:00 DEBUG 5488 --- [           main] o.h.q.sqm.function.SqmFunctionRegistry   : Registered SqmFunctionTemplate [org.hibernate.dialect.function.InverseDistributionFunction@305aaedf] under mode; prior registration was null
2025-04-16T10:34:26.542+02:00 DEBUG 5488 --- [           main] o.h.q.sqm.function.SqmFunctionRegistry   : Registered SqmFunctionTemplate [org.hibernate.dialect.function.InverseDistributionFunction@2a425cf5] under percentile_cont; prior registration was null
2025-04-16T10:34:26.542+02:00 DEBUG 5488 --- [           main] o.h.q.sqm.function.SqmFunctionRegistry   : Registered SqmFunctionTemplate [org.hibernate.dialect.function.InverseDistributionFunction@17d76ebb] under percentile_disc; prior registration was null
2025-04-16T10:34:26.543+02:00 DEBUG 5488 --- [           main] o.h.q.sqm.function.SqmFunctionRegistry   : Registered SqmFunctionTemplate [org.hibernate.dialect.function.HypotheticalSetFunction@31693a86] under rank; prior registration was null
2025-04-16T10:34:26.543+02:00 DEBUG 5488 --- [           main] o.h.q.sqm.function.SqmFunctionRegistry   : Registered SqmFunctionTemplate [org.hibernate.dialect.function.HypotheticalSetFunction@69d2e517] under dense_rank; prior registration was null
2025-04-16T10:34:26.543+02:00 DEBUG 5488 --- [           main] o.h.q.sqm.function.SqmFunctionRegistry   : Registered SqmFunctionTemplate [org.hibernate.dialect.function.HypotheticalSetFunction@1f9a7684] under percent_rank; prior registration was null
2025-04-16T10:34:26.543+02:00 DEBUG 5488 --- [           main] o.h.q.sqm.function.SqmFunctionRegistry   : Registered SqmFunctionTemplate [org.hibernate.dialect.function.HypotheticalSetFunction@3b30eec5] under cume_dist; prior registration was null
2025-04-16T10:34:26.545+02:00 DEBUG 5488 --- [           main] o.h.q.sqm.function.SqmFunctionRegistry   : Registered SqmFunctionTemplate [org.hibernate.dialect.function.array.ArrayConstructorFunction@12aa519b] under array; prior registration was null
2025-04-16T10:34:26.545+02:00 DEBUG 5488 --- [           main] o.h.q.sqm.function.SqmFunctionRegistry   : Registered SqmFunctionTemplate [org.hibernate.dialect.function.array.ArrayConstructorFunction@7c5c20ed] under array_list; prior registration was null
2025-04-16T10:34:26.545+02:00 DEBUG 5488 --- [           main] o.h.q.sqm.function.SqmFunctionRegistry   : Registered SqmFunctionTemplate [org.hibernate.dialect.function.array.ArrayAggFunction@778c2e7c] under array_agg; prior registration was null
2025-04-16T10:34:26.549+02:00 DEBUG 5488 --- [           main] o.h.q.sqm.function.SqmFunctionRegistry   : Registered SqmFunctionTemplate [org.hibernate.dialect.function.array.H2ArrayPositionFunction@4c030fe1] under array_position; prior registration was null
2025-04-16T10:34:26.553+02:00 DEBUG 5488 --- [           main] o.h.q.sqm.function.SqmFunctionRegistry   : Registered SqmFunctionTemplate [org.hibernate.dialect.function.array.H2ArrayPositionsFunction@da22aa] under array_positions; prior registration was null
2025-04-16T10:34:26.555+02:00 DEBUG 5488 --- [           main] o.h.q.sqm.function.SqmFunctionRegistry   : Registered SqmFunctionTemplate [org.hibernate.dialect.function.array.H2ArrayPositionsFunction@1d1cfe4] under array_positions_list; prior registration was null
2025-04-16T10:34:26.555+02:00 DEBUG 5488 --- [           main] o.h.q.sqm.function.SqmFunctionRegistry   : Registered SqmFunctionTemplate [org.hibernate.query.sqm.function.PatternBasedSqmFunctionDescriptor@ba562e0] under array_length; prior registration was null
2025-04-16T10:34:26.555+02:00 DEBUG 5488 --- [           main] o.h.q.sqm.function.SqmFunctionRegistry   : Registered SqmFunctionTemplate [org.hibernate.dialect.function.array.ArrayConcatFunction@34cb0e49] under array_concat; prior registration was null
2025-04-16T10:34:26.556+02:00 DEBUG 5488 --- [           main] o.h.q.sqm.function.SqmFunctionRegistry   : Registered SqmFunctionTemplate [org.hibernate.dialect.function.array.ArrayConcatElementFunction@782e6b40] under array_prepend; prior registration was null
2025-04-16T10:34:26.556+02:00 DEBUG 5488 --- [           main] o.h.q.sqm.function.SqmFunctionRegistry   : Registered SqmFunctionTemplate [org.hibernate.dialect.function.array.ArrayConcatElementFunction@3b65084e] under array_append; prior registration was null
2025-04-16T10:34:26.557+02:00 DEBUG 5488 --- [           main] o.h.q.sqm.function.SqmFunctionRegistry   : Registered SqmFunctionTemplate [org.hibernate.dialect.function.array.H2ArrayContainsFunction@66e1b2a] under array_contains; prior registration was null
2025-04-16T10:34:26.557+02:00 DEBUG 5488 --- [           main] o.h.q.sqm.function.SqmFunctionRegistry   : Registered SqmFunctionTemplate [org.hibernate.dialect.function.array.H2ArrayContainsFunction@343db2f6] under array_contains_nullable; prior registration was null
2025-04-16T10:34:26.558+02:00 DEBUG 5488 --- [           main] o.h.q.sqm.function.SqmFunctionRegistry   : Registered SqmFunctionTemplate [org.hibernate.dialect.function.array.H2ArrayOverlapsFunction@65db548] under array_overlaps; prior registration was null
2025-04-16T10:34:26.558+02:00 DEBUG 5488 --- [           main] o.h.q.sqm.function.SqmFunctionRegistry   : Registered SqmFunctionTemplate [org.hibernate.dialect.function.array.H2ArrayOverlapsFunction@150f41b9] under array_overlaps_nullable; prior registration was null
2025-04-16T10:34:26.558+02:00 DEBUG 5488 --- [           main] o.h.q.sqm.function.SqmFunctionRegistry   : Registered SqmFunctionTemplate [org.hibernate.query.sqm.function.PatternBasedSqmFunctionDescriptor@466fedfa] under array_get; prior registration was null
2025-04-16T10:34:26.559+02:00 DEBUG 5488 --- [           main] o.h.q.sqm.function.SqmFunctionRegistry   : Registered SqmFunctionTemplate [org.hibernate.dialect.function.array.H2ArraySetFunction@553ce348] under array_set; prior registration was null
2025-04-16T10:34:26.559+02:00 DEBUG 5488 --- [           main] o.h.q.sqm.function.SqmFunctionRegistry   : Registered SqmFunctionTemplate [org.hibernate.dialect.function.array.H2ArrayRemoveFunction@3e98b933] under array_remove; prior registration was null
2025-04-16T10:34:26.559+02:00 DEBUG 5488 --- [           main] o.h.q.sqm.function.SqmFunctionRegistry   : Registered SqmFunctionTemplate [org.hibernate.dialect.function.array.H2ArrayRemoveIndexFunction@55e42684] under array_remove_index; prior registration was null
2025-04-16T10:34:26.559+02:00 DEBUG 5488 --- [           main] o.h.q.sqm.function.SqmFunctionRegistry   : Registered SqmFunctionTemplate [org.hibernate.query.sqm.function.PatternBasedSqmFunctionDescriptor@18d610e1] under array_slice; prior registration was null
2025-04-16T10:34:26.560+02:00 DEBUG 5488 --- [           main] o.h.q.sqm.function.SqmFunctionRegistry   : Registered SqmFunctionTemplate [org.hibernate.dialect.function.array.H2ArrayReplaceFunction@38ef1a0a] under array_replace; prior registration was null
2025-04-16T10:34:26.560+02:00 DEBUG 5488 --- [           main] o.h.q.sqm.function.SqmFunctionRegistry   : Registered SqmFunctionTemplate [org.hibernate.query.sqm.function.PatternBasedSqmFunctionDescriptor@56f9de3b] under array_trim; prior registration was null
2025-04-16T10:34:26.560+02:00 DEBUG 5488 --- [           main] o.h.q.sqm.function.SqmFunctionRegistry   : Registered SqmFunctionTemplate [org.hibernate.dialect.function.array.H2ArrayFillFunction@101c15ad] under array_fill; prior registration was null
2025-04-16T10:34:26.560+02:00 DEBUG 5488 --- [           main] o.h.q.sqm.function.SqmFunctionRegistry   : Registered SqmFunctionTemplate [org.hibernate.dialect.function.array.H2ArrayFillFunction@6068ebb2] under array_fill_list; prior registration was null
2025-04-16T10:34:26.561+02:00 DEBUG 5488 --- [           main] o.h.q.sqm.function.SqmFunctionRegistry   : Registered SqmFunctionTemplate [org.hibernate.dialect.function.array.H2ArrayToStringFunction@1179fc8c] under array_to_string; prior registration was null
2025-04-16T10:34:26.562+02:00 DEBUG 5488 --- [           main] org.hibernate.HQL_FUNCTIONS              : abs(NUMERIC arg)
2025-04-16T10:34:26.562+02:00 DEBUG 5488 --- [           main] org.hibernate.HQL_FUNCTIONS              : Double acos(NUMERIC arg)
2025-04-16T10:34:26.562+02:00 DEBUG 5488 --- [           main] org.hibernate.HQL_FUNCTIONS              : Boolean any(BOOLEAN predicate)
2025-04-16T10:34:26.562+02:00 DEBUG 5488 --- [           main] org.hibernate.HQL_FUNCTIONS              : array( ... )
2025-04-16T10:34:26.562+02:00 DEBUG 5488 --- [           main] org.hibernate.HQL_FUNCTIONS              : array_agg(arg)
2025-04-16T10:34:26.562+02:00 DEBUG 5488 --- [           main] org.hibernate.HQL_FUNCTIONS              : array_append( ... )
2025-04-16T10:34:26.562+02:00 DEBUG 5488 --- [           main] org.hibernate.HQL_FUNCTIONS              : array_concat( ... )
2025-04-16T10:34:26.562+02:00 DEBUG 5488 --- [           main] org.hibernate.HQL_FUNCTIONS              : Boolean array_contains(ARRAY haystackArray, OBJECT needleElementOrArray)
2025-04-16T10:34:26.562+02:00 DEBUG 5488 --- [           main] org.hibernate.HQL_FUNCTIONS              : Boolean array_contains_nullable(ARRAY haystackArray, OBJECT needleElementOrArray)
2025-04-16T10:34:26.562+02:00 DEBUG 5488 --- [           main] org.hibernate.HQL_FUNCTIONS              : array_fill(OBJECT element, INTEGER elementCount)
2025-04-16T10:34:26.562+02:00 DEBUG 5488 --- [           main] org.hibernate.HQL_FUNCTIONS              : array_fill_list(OBJECT element, INTEGER elementCount)
2025-04-16T10:34:26.562+02:00 DEBUG 5488 --- [           main] org.hibernate.HQL_FUNCTIONS              : array_get(ARRAY array, INTEGER index)
2025-04-16T10:34:26.562+02:00 DEBUG 5488 --- [           main] org.hibernate.HQL_FUNCTIONS              : Integer array_length(ARRAY array)
2025-04-16T10:34:26.562+02:00 DEBUG 5488 --- [           main] org.hibernate.HQL_FUNCTIONS              : array_list( ... )
2025-04-16T10:34:26.562+02:00 DEBUG 5488 --- [           main] org.hibernate.HQL_FUNCTIONS              : Boolean array_overlaps(ARRAY array0, OBJECT array1)
2025-04-16T10:34:26.562+02:00 DEBUG 5488 --- [           main] org.hibernate.HQL_FUNCTIONS              : Boolean array_overlaps_nullable(ARRAY array0, OBJECT array1)
2025-04-16T10:34:26.562+02:00 DEBUG 5488 --- [           main] org.hibernate.HQL_FUNCTIONS              : Integer array_position(ARRAY array, OBJECT element[, INTEGER startPosition])
2025-04-16T10:34:26.562+02:00 DEBUG 5488 --- [           main] org.hibernate.HQL_FUNCTIONS              : int[] array_positions(ARRAY array, OBJECT element)
2025-04-16T10:34:26.562+02:00 DEBUG 5488 --- [           main] org.hibernate.HQL_FUNCTIONS              : List array_positions_list(ARRAY array, OBJECT element)
2025-04-16T10:34:26.562+02:00 DEBUG 5488 --- [           main] org.hibernate.HQL_FUNCTIONS              : array_prepend( ... )
2025-04-16T10:34:26.562+02:00 DEBUG 5488 --- [           main] org.hibernate.HQL_FUNCTIONS              : array_remove( ... )
2025-04-16T10:34:26.562+02:00 DEBUG 5488 --- [           main] org.hibernate.HQL_FUNCTIONS              : array_remove_index( ... )
2025-04-16T10:34:26.562+02:00 DEBUG 5488 --- [           main] org.hibernate.HQL_FUNCTIONS              : array_replace( ... )
2025-04-16T10:34:26.562+02:00 DEBUG 5488 --- [           main] org.hibernate.HQL_FUNCTIONS              : array_set( ... )
2025-04-16T10:34:26.562+02:00 DEBUG 5488 --- [           main] org.hibernate.HQL_FUNCTIONS              : array_slice(ARRAY array, INTEGER start, INTEGER end)
2025-04-16T10:34:26.562+02:00 DEBUG 5488 --- [           main] org.hibernate.HQL_FUNCTIONS              : String array_to_string( ... )
2025-04-16T10:34:26.562+02:00 DEBUG 5488 --- [           main] org.hibernate.HQL_FUNCTIONS              : array_trim(ARRAY array, INTEGER elementsToRemove)
2025-04-16T10:34:26.562+02:00 DEBUG 5488 --- [           main] org.hibernate.HQL_FUNCTIONS              : Integer ascii(STRING arg)
2025-04-16T10:34:26.562+02:00 DEBUG 5488 --- [           main] org.hibernate.HQL_FUNCTIONS              : Double asin(NUMERIC arg)
2025-04-16T10:34:26.563+02:00 DEBUG 5488 --- [           main] org.hibernate.HQL_FUNCTIONS              : Double atan(NUMERIC arg)
2025-04-16T10:34:26.563+02:00 DEBUG 5488 --- [           main] org.hibernate.HQL_FUNCTIONS              : Double atan2(NUMERIC arg0, NUMERIC arg1)
2025-04-16T10:34:26.563+02:00 DEBUG 5488 --- [           main] org.hibernate.HQL_FUNCTIONS              : avg(NUMERIC arg)
2025-04-16T10:34:26.563+02:00 DEBUG 5488 --- [           main] org.hibernate.HQL_FUNCTIONS              : bit_and(arg)
2025-04-16T10:34:26.563+02:00 DEBUG 5488 --- [           main] org.hibernate.HQL_FUNCTIONS              : Integer bit_length(STRING_OR_CLOB arg)
2025-04-16T10:34:26.563+02:00 DEBUG 5488 --- [           main] org.hibernate.HQL_FUNCTIONS              : bit_or(arg)
2025-04-16T10:34:26.563+02:00 DEBUG 5488 --- [           main] org.hibernate.HQL_FUNCTIONS              : bitand(arg0, arg1)
2025-04-16T10:34:26.563+02:00 DEBUG 5488 --- [           main] org.hibernate.HQL_FUNCTIONS              : bitor(arg0, arg1)
2025-04-16T10:34:26.563+02:00 DEBUG 5488 --- [           main] org.hibernate.HQL_FUNCTIONS              : bitxor(arg0, arg1)
2025-04-16T10:34:26.563+02:00 DEBUG 5488 --- [           main] org.hibernate.HQL_FUNCTIONS              : Boolean bool_and(BOOLEAN predicate)
2025-04-16T10:34:26.563+02:00 DEBUG 5488 --- [           main] org.hibernate.HQL_FUNCTIONS              : Boolean bool_or(BOOLEAN predicate)
2025-04-16T10:34:26.563+02:00 DEBUG 5488 --- [           main] org.hibernate.HQL_FUNCTIONS              : cast(arg as Type)
2025-04-16T10:34:26.563+02:00 DEBUG 5488 --- [           main] org.hibernate.HQL_FUNCTIONS              : ceiling(NUMERIC arg)
2025-04-16T10:34:26.563+02:00 DEBUG 5488 --- [           main] org.hibernate.HQL_FUNCTIONS              : Character char(INTEGER arg)
2025-04-16T10:34:26.563+02:00 DEBUG 5488 --- [           main] org.hibernate.HQL_FUNCTIONS              : Integer character_length(STRING_OR_CLOB arg)
2025-04-16T10:34:26.563+02:00 DEBUG 5488 --- [           main] org.hibernate.HQL_FUNCTIONS              : Character chr(INTEGER arg)
2025-04-16T10:34:26.563+02:00 DEBUG 5488 --- [           main] org.hibernate.HQL_FUNCTIONS              : coalesce(arg0[, arg1[, ...]])
2025-04-16T10:34:26.563+02:00 DEBUG 5488 --- [           main] org.hibernate.HQL_FUNCTIONS              : String collate(STRING string as COLLATION collation)
2025-04-16T10:34:26.563+02:00 DEBUG 5488 --- [           main] org.hibernate.HQL_FUNCTIONS              : String concat(STRING string0[, STRING string1[, ...]])
2025-04-16T10:34:26.563+02:00 DEBUG 5488 --- [           main] org.hibernate.HQL_FUNCTIONS              : Double cos(NUMERIC arg)
2025-04-16T10:34:26.563+02:00 DEBUG 5488 --- [           main] org.hibernate.HQL_FUNCTIONS              : Double cosh(NUMERIC arg)
2025-04-16T10:34:26.563+02:00 DEBUG 5488 --- [           main] org.hibernate.HQL_FUNCTIONS              : Double cot(NUMERIC arg)
2025-04-16T10:34:26.563+02:00 DEBUG 5488 --- [           main] org.hibernate.HQL_FUNCTIONS              : Long count([distinct ]{arg|*})
2025-04-16T10:34:26.563+02:00 DEBUG 5488 --- [           main] org.hibernate.HQL_FUNCTIONS              : Double cume_dist([arg0[, ...]])
2025-04-16T10:34:26.563+02:00 DEBUG 5488 --- [           main] org.hibernate.HQL_FUNCTIONS              : Date curdate()
2025-04-16T10:34:26.563+02:00 DEBUG 5488 --- [           main] org.hibernate.HQL_FUNCTIONS              : Date current date
2025-04-16T10:34:26.563+02:00 DEBUG 5488 --- [           main] org.hibernate.HQL_FUNCTIONS              : Time current time
2025-04-16T10:34:26.563+02:00 DEBUG 5488 --- [           main] org.hibernate.HQL_FUNCTIONS              : Timestamp current timestamp
2025-04-16T10:34:26.563+02:00 DEBUG 5488 --- [           main] org.hibernate.HQL_FUNCTIONS              : Date current_date
2025-04-16T10:34:26.563+02:00 DEBUG 5488 --- [           main] org.hibernate.HQL_FUNCTIONS              : Instant current_instant
2025-04-16T10:34:26.563+02:00 DEBUG 5488 --- [           main] org.hibernate.HQL_FUNCTIONS              : Time current_time
2025-04-16T10:34:26.563+02:00 DEBUG 5488 --- [           main] org.hibernate.HQL_FUNCTIONS              : Timestamp current_timestamp
2025-04-16T10:34:26.563+02:00 DEBUG 5488 --- [           main] org.hibernate.HQL_FUNCTIONS              : Time curtime()
2025-04-16T10:34:26.563+02:00 DEBUG 5488 --- [           main] org.hibernate.HQL_FUNCTIONS              : date_trunc(STRING field, TEMPORAL datetime)
2025-04-16T10:34:26.563+02:00 DEBUG 5488 --- [           main] org.hibernate.HQL_FUNCTIONS              : dateadd(TEMPORAL_UNIT field, INTEGER magnitude, TEMPORAL datetime)
2025-04-16T10:34:26.563+02:00 DEBUG 5488 --- [           main] org.hibernate.HQL_FUNCTIONS              : basicType@2(java.lang.Long,-5)|basicType@15(java.lang.Double,8) datediff(TEMPORAL_UNIT field, TEMPORAL start, TEMPORAL end)
2025-04-16T10:34:26.563+02:00 DEBUG 5488 --- [           main] org.hibernate.HQL_FUNCTIONS              : Integer day(DATE arg)
2025-04-16T10:34:26.563+02:00 DEBUG 5488 --- [           main] org.hibernate.HQL_FUNCTIONS              : Integer day_of_month(DATE arg)
2025-04-16T10:34:26.563+02:00 DEBUG 5488 --- [           main] org.hibernate.HQL_FUNCTIONS              : Integer day_of_week(DATE arg)
2025-04-16T10:34:26.563+02:00 DEBUG 5488 --- [           main] org.hibernate.HQL_FUNCTIONS              : Integer day_of_year(DATE arg)
2025-04-16T10:34:26.563+02:00 DEBUG 5488 --- [           main] org.hibernate.HQL_FUNCTIONS              : String dayname(DATE arg)
2025-04-16T10:34:26.563+02:00 DEBUG 5488 --- [           main] org.hibernate.HQL_FUNCTIONS              : Double degrees(NUMERIC arg)
2025-04-16T10:34:26.564+02:00 DEBUG 5488 --- [           main] org.hibernate.HQL_FUNCTIONS              : Long dense_rank([arg0[, ...]])
2025-04-16T10:34:26.564+02:00 DEBUG 5488 --- [           main] org.hibernate.HQL_FUNCTIONS              : Boolean every(BOOLEAN predicate)
2025-04-16T10:34:26.564+02:00 DEBUG 5488 --- [           main] org.hibernate.HQL_FUNCTIONS              : Double exp(NUMERIC arg)
2025-04-16T10:34:26.564+02:00 DEBUG 5488 --- [           main] org.hibernate.HQL_FUNCTIONS              : extract(TEMPORAL_UNIT field from TEMPORAL arg)
2025-04-16T10:34:26.564+02:00 DEBUG 5488 --- [           main] org.hibernate.HQL_FUNCTIONS              : first_valueANY value
2025-04-16T10:34:26.564+02:00 DEBUG 5488 --- [           main] org.hibernate.HQL_FUNCTIONS              : floor(NUMERIC arg)
2025-04-16T10:34:26.564+02:00 DEBUG 5488 --- [           main] org.hibernate.HQL_FUNCTIONS              : String format(TEMPORAL datetime as STRING pattern)
2025-04-16T10:34:26.564+02:00 DEBUG 5488 --- [           main] org.hibernate.HQL_FUNCTIONS              : greatest(COMPARABLE arg0, COMPARABLE arg1[, arg2[, ...]])
2025-04-16T10:34:26.564+02:00 DEBUG 5488 --- [           main] org.hibernate.HQL_FUNCTIONS              : Integer hour(TIME arg)
2025-04-16T10:34:26.564+02:00 DEBUG 5488 --- [           main] org.hibernate.HQL_FUNCTIONS              : ifnull(arg0, arg1)
2025-04-16T10:34:26.564+02:00 DEBUG 5488 --- [           main] org.hibernate.HQL_FUNCTIONS              : String insert(STRING string, INTEGER start, INTEGER length, STRING replacement)
2025-04-16T10:34:26.564+02:00 DEBUG 5488 --- [           main] org.hibernate.HQL_FUNCTIONS              : Instant instant
2025-04-16T10:34:26.564+02:00 DEBUG 5488 --- [           main] org.hibernate.HQL_FUNCTIONS              : Integer instr(STRING string, STRING pattern[, INTEGER start[, INTEGER occurrence]])
2025-04-16T10:34:26.564+02:00 DEBUG 5488 --- [           main] org.hibernate.HQL_FUNCTIONS              : lagANY value[, INTEGER offset[, ANY default]]
2025-04-16T10:34:26.564+02:00 DEBUG 5488 --- [           main] org.hibernate.HQL_FUNCTIONS              : last_valueANY value
2025-04-16T10:34:26.564+02:00 DEBUG 5488 --- [           main] org.hibernate.HQL_FUNCTIONS              : leadANY value[, INTEGER offset[, ANY default]]
2025-04-16T10:34:26.564+02:00 DEBUG 5488 --- [           main] org.hibernate.HQL_FUNCTIONS              : least(COMPARABLE arg0, COMPARABLE arg1[, arg2[, ...]])
2025-04-16T10:34:26.564+02:00 DEBUG 5488 --- [           main] org.hibernate.HQL_FUNCTIONS              : String left(STRING string, INTEGER length)
2025-04-16T10:34:26.564+02:00 DEBUG 5488 --- [           main] org.hibernate.HQL_FUNCTIONS              : Integer length(STRING_OR_CLOB arg)
2025-04-16T10:34:26.564+02:00 DEBUG 5488 --- [           main] org.hibernate.HQL_FUNCTIONS              : String listagg(STRING arg0, STRING arg1)
2025-04-16T10:34:26.564+02:00 DEBUG 5488 --- [           main] org.hibernate.HQL_FUNCTIONS              : Double ln(NUMERIC arg)
2025-04-16T10:34:26.564+02:00 DEBUG 5488 --- [           main] org.hibernate.HQL_FUNCTIONS              : LocalDate local date
2025-04-16T10:34:26.564+02:00 DEBUG 5488 --- [           main] org.hibernate.HQL_FUNCTIONS              : LocalDateTime local datetime
2025-04-16T10:34:26.564+02:00 DEBUG 5488 --- [           main] org.hibernate.HQL_FUNCTIONS              : LocalTime local time
2025-04-16T10:34:26.564+02:00 DEBUG 5488 --- [           main] org.hibernate.HQL_FUNCTIONS              : LocalDate local_date
2025-04-16T10:34:26.564+02:00 DEBUG 5488 --- [           main] org.hibernate.HQL_FUNCTIONS              : LocalDateTime local_datetime
2025-04-16T10:34:26.564+02:00 DEBUG 5488 --- [           main] org.hibernate.HQL_FUNCTIONS              : LocalTime local_time
2025-04-16T10:34:26.564+02:00 DEBUG 5488 --- [           main] org.hibernate.HQL_FUNCTIONS              : Time localtime
2025-04-16T10:34:26.564+02:00 DEBUG 5488 --- [           main] org.hibernate.HQL_FUNCTIONS              : Timestamp localtimestamp
2025-04-16T10:34:26.564+02:00 DEBUG 5488 --- [           main] org.hibernate.HQL_FUNCTIONS              : Integer locate(STRING pattern, STRING string[, INTEGER start])
2025-04-16T10:34:26.564+02:00 DEBUG 5488 --- [           main] org.hibernate.HQL_FUNCTIONS              : Double log(NUMERIC base, NUMERIC arg)
2025-04-16T10:34:26.564+02:00 DEBUG 5488 --- [           main] org.hibernate.HQL_FUNCTIONS              : Double log10(NUMERIC arg)
2025-04-16T10:34:26.564+02:00 DEBUG 5488 --- [           main] org.hibernate.HQL_FUNCTIONS              : String lower(STRING string)
2025-04-16T10:34:26.564+02:00 DEBUG 5488 --- [           main] org.hibernate.HQL_FUNCTIONS              : String lpad(STRING string, INTEGER length[, STRING padding])
2025-04-16T10:34:26.564+02:00 DEBUG 5488 --- [           main] org.hibernate.HQL_FUNCTIONS              : String ltrim(STRING string)
2025-04-16T10:34:26.564+02:00 DEBUG 5488 --- [           main] org.hibernate.HQL_FUNCTIONS              : max(COMPARABLE arg)
2025-04-16T10:34:26.564+02:00 DEBUG 5488 --- [           main] org.hibernate.HQL_FUNCTIONS              : Double median(NUMERIC arg)
2025-04-16T10:34:26.564+02:00 DEBUG 5488 --- [           main] org.hibernate.HQL_FUNCTIONS              : Integer microsecond(TIME arg)
2025-04-16T10:34:26.564+02:00 DEBUG 5488 --- [           main] org.hibernate.HQL_FUNCTIONS              : min(COMPARABLE arg)
2025-04-16T10:34:26.564+02:00 DEBUG 5488 --- [           main] org.hibernate.HQL_FUNCTIONS              : Integer minute(TIME arg)
2025-04-16T10:34:26.564+02:00 DEBUG 5488 --- [           main] org.hibernate.HQL_FUNCTIONS              : Integer mod(INTEGER arg0, INTEGER arg1)
2025-04-16T10:34:26.564+02:00 DEBUG 5488 --- [           main] org.hibernate.HQL_FUNCTIONS              : mode()
2025-04-16T10:34:26.564+02:00 DEBUG 5488 --- [           main] org.hibernate.HQL_FUNCTIONS              : Integer month(DATE arg)
2025-04-16T10:34:26.564+02:00 DEBUG 5488 --- [           main] org.hibernate.HQL_FUNCTIONS              : String monthname(DATE arg)
2025-04-16T10:34:26.564+02:00 DEBUG 5488 --- [           main] org.hibernate.HQL_FUNCTIONS              : Timestamp now()
2025-04-16T10:34:26.564+02:00 DEBUG 5488 --- [           main] org.hibernate.HQL_FUNCTIONS              : nth_valueANY value, INTEGER nth
2025-04-16T10:34:26.564+02:00 DEBUG 5488 --- [           main] org.hibernate.HQL_FUNCTIONS              : nullif(arg0, arg1)
2025-04-16T10:34:26.564+02:00 DEBUG 5488 --- [           main] org.hibernate.HQL_FUNCTIONS              : Integer octet_length(STRING_OR_CLOB arg)
2025-04-16T10:34:26.564+02:00 DEBUG 5488 --- [           main] org.hibernate.HQL_FUNCTIONS              : OffsetDateTime offset datetime
2025-04-16T10:34:26.564+02:00 DEBUG 5488 --- [           main] org.hibernate.HQL_FUNCTIONS              : OffsetDateTime offset_datetime
2025-04-16T10:34:26.564+02:00 DEBUG 5488 --- [           main] org.hibernate.HQL_FUNCTIONS              : String overlay(STRING string placing STRING replacement from INTEGER start[ for INTEGER length])
2025-04-16T10:34:26.565+02:00 DEBUG 5488 --- [           main] org.hibernate.HQL_FUNCTIONS              : String pad(STRING string with INTEGER length {leading|trailing}[ STRING character])
2025-04-16T10:34:26.565+02:00 DEBUG 5488 --- [           main] org.hibernate.HQL_FUNCTIONS              : Double percent_rank([arg0[, ...]])
2025-04-16T10:34:26.565+02:00 DEBUG 5488 --- [           main] org.hibernate.HQL_FUNCTIONS              : percentile_cont(NUMERIC arg)
2025-04-16T10:34:26.565+02:00 DEBUG 5488 --- [           main] org.hibernate.HQL_FUNCTIONS              : percentile_disc(NUMERIC arg)
2025-04-16T10:34:26.565+02:00 DEBUG 5488 --- [           main] org.hibernate.HQL_FUNCTIONS              : Double pi
2025-04-16T10:34:26.565+02:00 DEBUG 5488 --- [           main] org.hibernate.HQL_FUNCTIONS              : Integer position(STRING pattern in STRING string)
2025-04-16T10:34:26.565+02:00 DEBUG 5488 --- [           main] org.hibernate.HQL_FUNCTIONS              : Double power(NUMERIC arg0, NUMERIC arg1)
2025-04-16T10:34:26.565+02:00 DEBUG 5488 --- [           main] org.hibernate.HQL_FUNCTIONS              : Integer quarter(DATE arg)
2025-04-16T10:34:26.565+02:00 DEBUG 5488 --- [           main] org.hibernate.HQL_FUNCTIONS              : Double radians(NUMERIC arg)
2025-04-16T10:34:26.565+02:00 DEBUG 5488 --- [           main] org.hibernate.HQL_FUNCTIONS              : Double rand([INTEGER seed])
2025-04-16T10:34:26.565+02:00 DEBUG 5488 --- [           main] org.hibernate.HQL_FUNCTIONS              : Long rank([arg0[, ...]])
2025-04-16T10:34:26.565+02:00 DEBUG 5488 --- [           main] org.hibernate.HQL_FUNCTIONS              : String repeat(STRING string, INTEGER times)
2025-04-16T10:34:26.565+02:00 DEBUG 5488 --- [           main] org.hibernate.HQL_FUNCTIONS              : String replace(STRING string, STRING pattern, STRING replacement)
2025-04-16T10:34:26.565+02:00 DEBUG 5488 --- [           main] org.hibernate.HQL_FUNCTIONS              : String right(STRING string, INTEGER length)
2025-04-16T10:34:26.565+02:00 DEBUG 5488 --- [           main] org.hibernate.HQL_FUNCTIONS              : round(NUMERIC number[, INTEGER places])
2025-04-16T10:34:26.565+02:00 DEBUG 5488 --- [           main] org.hibernate.HQL_FUNCTIONS              : Long row_number()
2025-04-16T10:34:26.565+02:00 DEBUG 5488 --- [           main] org.hibernate.HQL_FUNCTIONS              : Long rownum()
2025-04-16T10:34:26.565+02:00 DEBUG 5488 --- [           main] org.hibernate.HQL_FUNCTIONS              : String rpad(STRING string, INTEGER length[, STRING padding])
2025-04-16T10:34:26.565+02:00 DEBUG 5488 --- [           main] org.hibernate.HQL_FUNCTIONS              : String rtrim(STRING string)
2025-04-16T10:34:26.565+02:00 DEBUG 5488 --- [           main] org.hibernate.HQL_FUNCTIONS              : Integer second(TIME arg)
2025-04-16T10:34:26.565+02:00 DEBUG 5488 --- [           main] org.hibernate.HQL_FUNCTIONS              : Integer sign(NUMERIC arg)
2025-04-16T10:34:26.565+02:00 DEBUG 5488 --- [           main] org.hibernate.HQL_FUNCTIONS              : Double sin(NUMERIC arg)
2025-04-16T10:34:26.565+02:00 DEBUG 5488 --- [           main] org.hibernate.HQL_FUNCTIONS              : Double sinh(NUMERIC arg)
2025-04-16T10:34:26.565+02:00 DEBUG 5488 --- [           main] org.hibernate.HQL_FUNCTIONS              : String soundex(arg)
2025-04-16T10:34:26.565+02:00 DEBUG 5488 --- [           main] org.hibernate.HQL_FUNCTIONS              : String space(INTEGER arg)
2025-04-16T10:34:26.565+02:00 DEBUG 5488 --- [           main] org.hibernate.HQL_FUNCTIONS              : Object sql
2025-04-16T10:34:26.565+02:00 DEBUG 5488 --- [           main] org.hibernate.HQL_FUNCTIONS              : Double sqrt(NUMERIC arg)
2025-04-16T10:34:26.565+02:00 DEBUG 5488 --- [           main] org.hibernate.HQL_FUNCTIONS              : Double stddev_pop(NUMERIC arg)
2025-04-16T10:34:26.565+02:00 DEBUG 5488 --- [           main] org.hibernate.HQL_FUNCTIONS              : Double stddev_samp(NUMERIC arg)
2025-04-16T10:34:26.565+02:00 DEBUG 5488 --- [           main] org.hibernate.HQL_FUNCTIONS              : String str(arg)
2025-04-16T10:34:26.565+02:00 DEBUG 5488 --- [           main] org.hibernate.HQL_FUNCTIONS              : String substr(STRING string, INTEGER start[, INTEGER length])
2025-04-16T10:34:26.565+02:00 DEBUG 5488 --- [           main] org.hibernate.HQL_FUNCTIONS              : String substring(STRING string{ from|,} INTEGER start[{ for|,} INTEGER length])
2025-04-16T10:34:26.565+02:00 DEBUG 5488 --- [           main] org.hibernate.HQL_FUNCTIONS              : sum(arg)
2025-04-16T10:34:26.565+02:00 DEBUG 5488 --- [           main] org.hibernate.HQL_FUNCTIONS              : Timestamp sysdate
2025-04-16T10:34:26.565+02:00 DEBUG 5488 --- [           main] org.hibernate.HQL_FUNCTIONS              : Double tan(NUMERIC arg)
2025-04-16T10:34:26.565+02:00 DEBUG 5488 --- [           main] org.hibernate.HQL_FUNCTIONS              : Double tanh(NUMERIC arg)
2025-04-16T10:34:26.565+02:00 DEBUG 5488 --- [           main] org.hibernate.HQL_FUNCTIONS              : timestampadd(TEMPORAL_UNIT field, INTEGER magnitude, TEMPORAL datetime)
2025-04-16T10:34:26.565+02:00 DEBUG 5488 --- [           main] org.hibernate.HQL_FUNCTIONS              : basicType@2(java.lang.Long,-5)|basicType@15(java.lang.Double,8) timestampdiff(TEMPORAL_UNIT field, TEMPORAL start, TEMPORAL end)
2025-04-16T10:34:26.565+02:00 DEBUG 5488 --- [           main] org.hibernate.HQL_FUNCTIONS              : String translate(STRING arg0, STRING arg1, STRING arg2)
2025-04-16T10:34:26.565+02:00 DEBUG 5488 --- [           main] org.hibernate.HQL_FUNCTIONS              : String trim([[{leading|trailing|both} ][STRING arg0 ]from] STRING arg1)
2025-04-16T10:34:26.565+02:00 DEBUG 5488 --- [           main] org.hibernate.HQL_FUNCTIONS              : trunc( ... )
2025-04-16T10:34:26.565+02:00 DEBUG 5488 --- [           main] org.hibernate.HQL_FUNCTIONS              : truncate( ... )
2025-04-16T10:34:26.565+02:00 DEBUG 5488 --- [           main] org.hibernate.HQL_FUNCTIONS              : String upper(STRING string)
2025-04-16T10:34:26.565+02:00 DEBUG 5488 --- [           main] org.hibernate.HQL_FUNCTIONS              : Double var_pop(NUMERIC arg)
2025-04-16T10:34:26.565+02:00 DEBUG 5488 --- [           main] org.hibernate.HQL_FUNCTIONS              : Double var_samp(NUMERIC arg)
2025-04-16T10:34:26.565+02:00 DEBUG 5488 --- [           main] org.hibernate.HQL_FUNCTIONS              : Integer week(DATE arg)
2025-04-16T10:34:26.565+02:00 DEBUG 5488 --- [           main] org.hibernate.HQL_FUNCTIONS              : Integer year(DATE arg)
2025-04-16T10:34:26.569+02:00 DEBUG 5488 --- [           main] org.hibernate.orm.query.plan.cache       : Starting QueryInterpretationCache(2048)
2025-04-16T10:34:26.624+02:00 DEBUG 5488 --- [           main] .h.s.i.SessionFactoryServiceRegistryImpl : EventListenerRegistry access via ServiceRegistry is deprecated.  Use `sessionFactory.getEventEngine().getListenerRegistry()` instead
2025-04-16T10:34:26.625+02:00 DEBUG 5488 --- [           main] h.e.i.EntityCopyObserverFactoryInitiator : Configured EntityCopyObserver strategy: disallow
2025-04-16T10:34:26.677+02:00 DEBUG 5488 --- [           main] o.h.boot.internal.ClassLoaderAccessImpl  : Not known whether passed class name [com.lexicon.springws.entity.Author] is safe
2025-04-16T10:34:26.677+02:00 DEBUG 5488 --- [           main] o.h.boot.internal.ClassLoaderAccessImpl  : No temp ClassLoader provided; using live ClassLoader for loading potentially unsafe class : com.lexicon.springws.entity.Author
2025-04-16T10:34:26.839+02:00 DEBUG 5488 --- [           main] o.h.b.i.bytebuddy.BytecodeProviderImpl   : HHH000513: Unable to create the ReflectionOptimizer for [com.lexicon.springws.entity.Author]: private accessor [books]
2025-04-16T10:34:26.859+02:00 DEBUG 5488 --- [           main] o.h.boot.internal.ClassLoaderAccessImpl  : Not known whether passed class name [com.lexicon.springws.entity.Book] is safe
2025-04-16T10:34:26.859+02:00 DEBUG 5488 --- [           main] o.h.boot.internal.ClassLoaderAccessImpl  : No temp ClassLoader provided; using live ClassLoader for loading potentially unsafe class : com.lexicon.springws.entity.Book
2025-04-16T10:34:26.874+02:00 DEBUG 5488 --- [           main] o.h.b.i.bytebuddy.BytecodeProviderImpl   : HHH000513: Unable to create the ReflectionOptimizer for [com.lexicon.springws.entity.Book]: private accessor [author]
2025-04-16T10:34:26.875+02:00 DEBUG 5488 --- [           main] org.hibernate.ormbytecode.interceptor    : To-one property `com.lexicon.springws.entity.BookLoan#book` was mapped with LAZY + NO_PROXY but the class was not enhanced
2025-04-16T10:34:26.875+02:00 DEBUG 5488 --- [           main] org.hibernate.ormbytecode.interceptor    : To-one property `com.lexicon.springws.entity.BookLoan#book` was mapped with LAZY + NO_PROXY but the class was not enhanced
2025-04-16T10:34:26.875+02:00 DEBUG 5488 --- [           main] org.hibernate.ormbytecode.interceptor    : To-one property `com.lexicon.springws.entity.BookLoan#borrower` was mapped with LAZY + NO_PROXY but the class was not enhanced
2025-04-16T10:34:26.875+02:00 DEBUG 5488 --- [           main] org.hibernate.ormbytecode.interceptor    : To-one property `com.lexicon.springws.entity.BookLoan#borrower` was mapped with LAZY + NO_PROXY but the class was not enhanced
2025-04-16T10:34:26.876+02:00 DEBUG 5488 --- [           main] o.h.boot.internal.ClassLoaderAccessImpl  : Not known whether passed class name [com.lexicon.springws.entity.BookLoan] is safe
2025-04-16T10:34:26.876+02:00 DEBUG 5488 --- [           main] o.h.boot.internal.ClassLoaderAccessImpl  : No temp ClassLoader provided; using live ClassLoader for loading potentially unsafe class : com.lexicon.springws.entity.BookLoan
2025-04-16T10:34:26.886+02:00 DEBUG 5488 --- [           main] o.h.b.i.bytebuddy.BytecodeProviderImpl   : HHH000513: Unable to create the ReflectionOptimizer for [com.lexicon.springws.entity.BookLoan]: private accessor [book]
2025-04-16T10:34:26.887+02:00 DEBUG 5488 --- [           main] org.hibernate.ormbytecode.interceptor    : To-one property `com.lexicon.springws.entity.BookLoan#book` was mapped with LAZY + NO_PROXY but the class was not enhanced
2025-04-16T10:34:26.887+02:00 DEBUG 5488 --- [           main] org.hibernate.ormbytecode.interceptor    : To-one property `com.lexicon.springws.entity.BookLoan#borrower` was mapped with LAZY + NO_PROXY but the class was not enhanced
2025-04-16T10:34:26.887+02:00 DEBUG 5488 --- [           main] o.h.boot.internal.ClassLoaderAccessImpl  : Not known whether passed class name [com.lexicon.springws.entity.AppUser] is safe
2025-04-16T10:34:26.887+02:00 DEBUG 5488 --- [           main] o.h.boot.internal.ClassLoaderAccessImpl  : No temp ClassLoader provided; using live ClassLoader for loading potentially unsafe class : com.lexicon.springws.entity.AppUser
2025-04-16T10:34:26.897+02:00 DEBUG 5488 --- [           main] o.h.b.i.bytebuddy.BytecodeProviderImpl   : HHH000513: Unable to create the ReflectionOptimizer for [com.lexicon.springws.entity.AppUser]: private accessor [password]
2025-04-16T10:34:26.913+02:00 DEBUG 5488 --- [           main] org.hibernate.orm.jdbc.mutation          : Skipping collection (re)creation - com.lexicon.springws.entity.Author.books
2025-04-16T10:34:26.914+02:00 DEBUG 5488 --- [           main] org.hibernate.orm.jdbc.mutation          : Skipping collection row deletions - com.lexicon.springws.entity.Author.books
2025-04-16T10:34:26.914+02:00 DEBUG 5488 --- [           main] org.hibernate.orm.jdbc.mutation          : Skipping collection removals - com.lexicon.springws.entity.Author.books
2025-04-16T10:34:26.915+02:00 DEBUG 5488 --- [           main] org.hibernate.orm.jdbc.mutation          : Skipping collection (re)creation - com.lexicon.springws.entity.Book.bookLoans
2025-04-16T10:34:26.915+02:00 DEBUG 5488 --- [           main] org.hibernate.orm.jdbc.mutation          : Skipping collection row deletions - com.lexicon.springws.entity.Book.bookLoans
2025-04-16T10:34:26.915+02:00 DEBUG 5488 --- [           main] org.hibernate.orm.jdbc.mutation          : Skipping collection removals - com.lexicon.springws.entity.Book.bookLoans
2025-04-16T10:34:26.936+02:00 DEBUG 5488 --- [           main] o.hibernate.orm.model.mapping.creation   : Starting post-init callbacks
2025-04-16T10:34:26.936+02:00 DEBUG 5488 --- [           main] o.hibernate.orm.model.mapping.creation   : Starting PostInitCallbackEntry : PluralAttributeMapping( NavigableRole[com.lexicon.springws.entity.Author.books#{element}]) - element descriptor
2025-04-16T10:34:26.936+02:00 DEBUG 5488 --- [           main] o.hibernate.orm.model.mapping.creation   : Starting PostInitCallbackEntry : PluralAttributeMapping(com.lexicon.springws.entity.Author.books)#finishInitialization
2025-04-16T10:34:26.936+02:00 DEBUG 5488 --- [           main] o.hibernate.orm.model.mapping.creation   : Starting PostInitCallbackEntry : PluralAttributeMapping(com.lexicon.springws.entity.Author.books) - key descriptor
2025-04-16T10:34:26.939+02:00 DEBUG 5488 --- [           main] o.hibernate.orm.model.mapping.creation   : Starting PostInitCallbackEntry : Entity(com.lexicon.springws.entity.Author) `staticFetchableList` generator
2025-04-16T10:34:26.940+02:00 DEBUG 5488 --- [           main] o.hibernate.orm.model.mapping.creation   : Starting PostInitCallbackEntry : To-one key - NavigableRole[com.lexicon.springws.entity.Book.author]
2025-04-16T10:34:26.940+02:00 DEBUG 5488 --- [           main] o.hibernate.orm.model.mapping.creation   : Starting PostInitCallbackEntry : PluralAttributeMapping( NavigableRole[com.lexicon.springws.entity.Book.bookLoans#{element}]) - element descriptor
2025-04-16T10:34:26.940+02:00 DEBUG 5488 --- [           main] o.hibernate.orm.model.mapping.creation   : Starting PostInitCallbackEntry : PluralAttributeMapping(com.lexicon.springws.entity.Book.bookLoans)#finishInitialization
2025-04-16T10:34:26.940+02:00 DEBUG 5488 --- [           main] o.hibernate.orm.model.mapping.creation   : Starting PostInitCallbackEntry : PluralAttributeMapping(com.lexicon.springws.entity.Book.bookLoans) - key descriptor
2025-04-16T10:34:26.940+02:00 DEBUG 5488 --- [           main] o.hibernate.orm.model.mapping.creation   : Starting PostInitCallbackEntry : Entity(com.lexicon.springws.entity.Book) `staticFetchableList` generator
2025-04-16T10:34:26.940+02:00 DEBUG 5488 --- [           main] o.hibernate.orm.model.mapping.creation   : Starting PostInitCallbackEntry : To-one key - NavigableRole[com.lexicon.springws.entity.BookLoan.book]
2025-04-16T10:34:26.940+02:00 DEBUG 5488 --- [           main] o.hibernate.orm.model.mapping.creation   : Starting PostInitCallbackEntry : To-one key - NavigableRole[com.lexicon.springws.entity.BookLoan.borrower]
2025-04-16T10:34:26.940+02:00 DEBUG 5488 --- [           main] o.hibernate.orm.model.mapping.creation   : Starting PostInitCallbackEntry : Entity(com.lexicon.springws.entity.BookLoan) `staticFetchableList` generator
2025-04-16T10:34:26.940+02:00 DEBUG 5488 --- [           main] o.hibernate.orm.model.mapping.creation   : Starting PostInitCallbackEntry : Entity(com.lexicon.springws.entity.AppUser) `staticFetchableList` generator
2025-04-16T10:34:26.940+02:00 DEBUG 5488 --- [           main] o.hibernate.orm.model.mapping.creation   : Starting PostInitCallbackEntry : PluralAttributeMapping( NavigableRole[com.lexicon.springws.entity.Author.books#{element}]) - element descriptor
2025-04-16T10:34:26.940+02:00 DEBUG 5488 --- [           main] o.hibernate.orm.model.mapping.creation   : Starting PostInitCallbackEntry : PluralAttributeMapping( NavigableRole[com.lexicon.springws.entity.Book.bookLoans#{element}]) - element descriptor
2025-04-16T10:34:26.996+02:00 DEBUG 5488 --- [           main] org.hibernate.orm.sql.ast.create         : Created new SQL alias : a1_0
2025-04-16T10:34:26.997+02:00 DEBUG 5488 --- [           main] org.hibernate.orm.sql.ast.create         : Registration of TableGroup [StandardTableGroup(com.lexicon.springws.entity.Author)] with identifierForTableGroup [com.lexicon.springws.entity.Author] for NavigablePath [com.lexicon.springws.entity.Author] 
2025-04-16T10:34:27.009+02:00 DEBUG 5488 --- [           main] org.hibernate.orm.results.graph.AST      : DomainResult Graph:
 \-EntityResultImpl [com.lexicon.springws.entity.Author]
 |  +-DelayedCollectionFetch [com.lexicon.springws.entity.Author.books]
 |  +-BasicFetch [com.lexicon.springws.entity.Author.email]
 |  \-BasicFetch [com.lexicon.springws.entity.Author.name]

2025-04-16T10:34:27.013+02:00 DEBUG 5488 --- [           main] org.hibernate.orm.sql.ast.tree           : SQL AST Tree:
    SelectStatement {
      FromClause {
        StandardTableGroup (a1 : com.lexicon.springws.entity.Author) {
          primaryTableReference : author as a1_0
        }
      }
    }

2025-04-16T10:34:27.020+02:00 DEBUG 5488 --- [           main] o.h.p.entity.AbstractEntityPersister     : Static SQL for entity: com.lexicon.springws.entity.Author
2025-04-16T10:34:27.020+02:00 DEBUG 5488 --- [           main] o.h.p.entity.AbstractEntityPersister     :  Version select: select author_id from author where author_id=?
2025-04-16T10:34:27.020+02:00 DEBUG 5488 --- [           main] o.h.p.entity.AbstractEntityPersister     :  Insert (0): insert into author (email,name,author_id) values (?,?,default)
2025-04-16T10:34:27.020+02:00 DEBUG 5488 --- [           main] o.h.p.entity.AbstractEntityPersister     :  Update (0): update author set email=?,name=? where author_id=?
2025-04-16T10:34:27.020+02:00 DEBUG 5488 --- [           main] o.h.p.entity.AbstractEntityPersister     :  Delete (0): delete from author where author_id=?
2025-04-16T10:34:27.020+02:00 DEBUG 5488 --- [           main] org.hibernate.orm.sql.ast.create         : Created new SQL alias : b1_0
2025-04-16T10:34:27.021+02:00 DEBUG 5488 --- [           main] org.hibernate.orm.sql.ast.create         : Registration of TableGroup [StandardTableGroup(com.lexicon.springws.entity.Book)] with identifierForTableGroup [com.lexicon.springws.entity.Book] for NavigablePath [com.lexicon.springws.entity.Book] 
2025-04-16T10:34:27.023+02:00 DEBUG 5488 --- [           main] org.hibernate.orm.sql.ast.create         : Registration of TableGroup [org.hibernate.sql.ast.tree.from.LazyTableGroup@6109d880] with identifierForTableGroup [com.lexicon.springws.entity.Book.author] for NavigablePath [com.lexicon.springws.entity.Book.author] 
2025-04-16T10:34:27.024+02:00 DEBUG 5488 --- [           main] org.hibernate.orm.results.graph.AST      : DomainResult Graph:
 \-EntityResultImpl [com.lexicon.springws.entity.Book]
 |  +-EntityDelayedFetchImpl [com.lexicon.springws.entity.Book.author]
 |  +-BasicFetch [com.lexicon.springws.entity.Book.available]
 |  +-DelayedCollectionFetch [com.lexicon.springws.entity.Book.bookLoans]
 |  +-BasicFetch [com.lexicon.springws.entity.Book.isbn]
 |  +-BasicFetch [com.lexicon.springws.entity.Book.maxLoanDays]
 |  \-BasicFetch [com.lexicon.springws.entity.Book.title]

2025-04-16T10:34:27.025+02:00 DEBUG 5488 --- [           main] org.hibernate.orm.sql.ast.tree           : SQL AST Tree:
    SelectStatement {
      FromClause {
        StandardTableGroup (b1 : com.lexicon.springws.entity.Book) {
          primaryTableReference : books as b1_0
          TableGroupJoins {
            left  join LazyTableGroup (a1 : com.lexicon.springws.entity.Book.author) {
            }
          }
        }
      }
    }

2025-04-16T10:34:27.025+02:00 DEBUG 5488 --- [           main] o.h.p.entity.AbstractEntityPersister     : Static SQL for entity: com.lexicon.springws.entity.Book
2025-04-16T10:34:27.025+02:00 DEBUG 5488 --- [           main] o.h.p.entity.AbstractEntityPersister     :  Version select: select id from books where id=?
2025-04-16T10:34:27.025+02:00 DEBUG 5488 --- [           main] o.h.p.entity.AbstractEntityPersister     :  Insert (0): insert into books (author_id,available,isbn,max_loan_days,title,id) values (?,?,?,?,?,default)
2025-04-16T10:34:27.025+02:00 DEBUG 5488 --- [           main] o.h.p.entity.AbstractEntityPersister     :  Update (0): update books set author_id=?,available=?,isbn=?,max_loan_days=?,title=? where id=?
2025-04-16T10:34:27.025+02:00 DEBUG 5488 --- [           main] o.h.p.entity.AbstractEntityPersister     :  Delete (0): delete from books where id=?
2025-04-16T10:34:27.026+02:00 DEBUG 5488 --- [           main] org.hibernate.orm.sql.ast.create         : Created new SQL alias : bl1_0
2025-04-16T10:34:27.026+02:00 DEBUG 5488 --- [           main] org.hibernate.orm.sql.ast.create         : Registration of TableGroup [StandardTableGroup(com.lexicon.springws.entity.BookLoan)] with identifierForTableGroup [com.lexicon.springws.entity.BookLoan] for NavigablePath [com.lexicon.springws.entity.BookLoan] 
2025-04-16T10:34:27.026+02:00 DEBUG 5488 --- [           main] org.hibernate.orm.sql.ast.create         : Registration of TableGroup [org.hibernate.sql.ast.tree.from.LazyTableGroup@1203d787] with identifierForTableGroup [com.lexicon.springws.entity.BookLoan.book] for NavigablePath [com.lexicon.springws.entity.BookLoan.book] 
2025-04-16T10:34:27.027+02:00 DEBUG 5488 --- [           main] org.hibernate.orm.sql.ast.create         : Created new SQL alias : b1_0
2025-04-16T10:34:27.028+02:00 DEBUG 5488 --- [           main] org.hibernate.orm.sql.ast.create         : Registration of TableGroup [org.hibernate.sql.ast.tree.from.LazyTableGroup@719bb60d] with identifierForTableGroup [com.lexicon.springws.entity.BookLoan.book.author] for NavigablePath [com.lexicon.springws.entity.BookLoan.book.author] 
2025-04-16T10:34:27.028+02:00 DEBUG 5488 --- [           main] org.hibernate.orm.sql.ast.create         : Registration of TableGroup [org.hibernate.sql.ast.tree.from.LazyTableGroup@6942ee48] with identifierForTableGroup [com.lexicon.springws.entity.BookLoan.borrower] for NavigablePath [com.lexicon.springws.entity.BookLoan.borrower] 
2025-04-16T10:34:27.028+02:00 DEBUG 5488 --- [           main] org.hibernate.orm.sql.ast.create         : Created new SQL alias : b2_0
2025-04-16T10:34:27.029+02:00 DEBUG 5488 --- [           main] org.hibernate.orm.results.graph.AST      : DomainResult Graph:
 \-EntityResultImpl [com.lexicon.springws.entity.BookLoan]
 |  +-EntityFetchJoinedImpl [com.lexicon.springws.entity.BookLoan.book]
 |  +-EntityFetchJoinedImpl [com.lexicon.springws.entity.BookLoan.borrower]
 |  +-BasicFetch [com.lexicon.springws.entity.BookLoan.dueDate]
 |  +-BasicFetch [com.lexicon.springws.entity.BookLoan.loanDate]
 |  \-BasicFetch [com.lexicon.springws.entity.BookLoan.returnDate]

2025-04-16T10:34:27.029+02:00 DEBUG 5488 --- [           main] org.hibernate.orm.sql.ast.tree           : SQL AST Tree:
    SelectStatement {
      FromClause {
        StandardTableGroup (bl1 : com.lexicon.springws.entity.BookLoan) {
          primaryTableReference : book_loans as bl1_0
          TableGroupJoins {
             join LazyTableGroup (b1 : com.lexicon.springws.entity.BookLoan.book) {
              primaryTableReference : books as b1_0
              TableGroupJoins {
                left  join LazyTableGroup (a1 : com.lexicon.springws.entity.BookLoan.book.author) {
                }
              }
            }
             join LazyTableGroup (b2 : com.lexicon.springws.entity.BookLoan.borrower) {
              primaryTableReference : app_users as b2_0
            }
          }
        }
      }
    }

2025-04-16T10:34:27.029+02:00 DEBUG 5488 --- [           main] o.h.p.entity.AbstractEntityPersister     : Static SQL for entity: com.lexicon.springws.entity.BookLoan
2025-04-16T10:34:27.029+02:00 DEBUG 5488 --- [           main] o.h.p.entity.AbstractEntityPersister     :  Version select: select id from book_loans where id=?
2025-04-16T10:34:27.029+02:00 DEBUG 5488 --- [           main] o.h.p.entity.AbstractEntityPersister     :  Insert (0): insert into book_loans (book_id,borrower_id,due_date,loan_date,return_date,id) values (?,?,?,?,?,default)
2025-04-16T10:34:27.029+02:00 DEBUG 5488 --- [           main] o.h.p.entity.AbstractEntityPersister     :  Update (0): update book_loans set book_id=?,borrower_id=?,due_date=?,loan_date=?,return_date=? where id=?
2025-04-16T10:34:27.029+02:00 DEBUG 5488 --- [           main] o.h.p.entity.AbstractEntityPersister     :  Delete (0): delete from book_loans where id=?
2025-04-16T10:34:27.029+02:00 DEBUG 5488 --- [           main] org.hibernate.orm.sql.ast.create         : Created new SQL alias : au1_0
2025-04-16T10:34:27.029+02:00 DEBUG 5488 --- [           main] org.hibernate.orm.sql.ast.create         : Registration of TableGroup [StandardTableGroup(com.lexicon.springws.entity.AppUser)] with identifierForTableGroup [com.lexicon.springws.entity.AppUser] for NavigablePath [com.lexicon.springws.entity.AppUser] 
2025-04-16T10:34:27.030+02:00 DEBUG 5488 --- [           main] org.hibernate.orm.results.graph.AST      : DomainResult Graph:
 \-EntityResultImpl [com.lexicon.springws.entity.AppUser]
 |  +-BasicFetch [com.lexicon.springws.entity.AppUser.password]
 |  \-BasicFetch [com.lexicon.springws.entity.AppUser.username]

2025-04-16T10:34:27.030+02:00 DEBUG 5488 --- [           main] org.hibernate.orm.sql.ast.tree           : SQL AST Tree:
    SelectStatement {
      FromClause {
        StandardTableGroup (au1 : com.lexicon.springws.entity.AppUser) {
          primaryTableReference : app_users as au1_0
        }
      }
    }

2025-04-16T10:34:27.030+02:00 DEBUG 5488 --- [           main] o.h.p.entity.AbstractEntityPersister     : Static SQL for entity: com.lexicon.springws.entity.AppUser
2025-04-16T10:34:27.030+02:00 DEBUG 5488 --- [           main] o.h.p.entity.AbstractEntityPersister     :  Version select: select id from app_users where id=?
2025-04-16T10:34:27.030+02:00 DEBUG 5488 --- [           main] o.h.p.entity.AbstractEntityPersister     :  Insert (0): insert into app_users (password,username,id) values (?,?,default)
2025-04-16T10:34:27.030+02:00 DEBUG 5488 --- [           main] o.h.p.entity.AbstractEntityPersister     :  Update (0): update app_users set password=?,username=? where id=?
2025-04-16T10:34:27.030+02:00 DEBUG 5488 --- [           main] o.h.p.entity.AbstractEntityPersister     :  Delete (0): delete from app_users where id=?
2025-04-16T10:34:27.031+02:00 DEBUG 5488 --- [           main] org.hibernate.orm.sql.ast.create         : Created new SQL alias : b1_0
2025-04-16T10:34:27.031+02:00 DEBUG 5488 --- [           main] org.hibernate.orm.sql.ast.create         : Registration of TableGroup [org.hibernate.sql.ast.tree.from.OneToManyTableGroup@69944a90] with identifierForTableGroup [com.lexicon.springws.entity.Author.books] for NavigablePath [com.lexicon.springws.entity.Author.books] 
2025-04-16T10:34:27.031+02:00 DEBUG 5488 --- [           main] org.hibernate.orm.sql.ast.create         : Registration of TableGroup [StandardTableGroup(com.lexicon.springws.entity.Author.books.{element})] with identifierForTableGroup [com.lexicon.springws.entity.Author.books.{element}] for NavigablePath [com.lexicon.springws.entity.Author.books.{element}] 
2025-04-16T10:34:27.034+02:00 DEBUG 5488 --- [           main] org.hibernate.orm.sql.ast.create         : Registration of TableGroup [org.hibernate.sql.ast.tree.from.LazyTableGroup@8585cdd] with identifierForTableGroup [com.lexicon.springws.entity.Author.books.{element}.author] for NavigablePath [com.lexicon.springws.entity.Author.books.{element}.author] 
2025-04-16T10:34:27.037+02:00 DEBUG 5488 --- [           main] org.hibernate.orm.results.graph.AST      : DomainResult Graph:
 \-CollectionDomainResult [com.lexicon.springws.entity.Author.books]

2025-04-16T10:34:27.037+02:00 DEBUG 5488 --- [           main] org.hibernate.orm.sql.ast.tree           : SQL AST Tree:
    SelectStatement {
      FromClause {
        OneToManyTableGroup (b1 : com.lexicon.springws.entity.Author.books) {
          primaryTableReference : books as b1_0
          TableGroupJoins {
            left  join LazyTableGroup (a1 : com.lexicon.springws.entity.Author.books.{element}.author) {
            }
          }
        }
      }
    }

2025-04-16T10:34:27.037+02:00 DEBUG 5488 --- [           main] org.hibernate.orm.jdbc.mutation          : Static SQL for collection: com.lexicon.springws.entity.Author.books
2025-04-16T10:34:27.037+02:00 DEBUG 5488 --- [           main] org.hibernate.orm.sql.ast.create         : Created new SQL alias : bl1_0
2025-04-16T10:34:27.037+02:00 DEBUG 5488 --- [           main] org.hibernate.orm.sql.ast.create         : Registration of TableGroup [org.hibernate.sql.ast.tree.from.OneToManyTableGroup@4e14d520] with identifierForTableGroup [com.lexicon.springws.entity.Book.bookLoans] for NavigablePath [com.lexicon.springws.entity.Book.bookLoans] 
2025-04-16T10:34:27.037+02:00 DEBUG 5488 --- [           main] org.hibernate.orm.sql.ast.create         : Registration of TableGroup [StandardTableGroup(com.lexicon.springws.entity.Book.bookLoans.{element})] with identifierForTableGroup [com.lexicon.springws.entity.Book.bookLoans.{element}] for NavigablePath [com.lexicon.springws.entity.Book.bookLoans.{element}] 
2025-04-16T10:34:27.037+02:00 DEBUG 5488 --- [           main] org.hibernate.orm.sql.ast.create         : Registration of TableGroup [org.hibernate.sql.ast.tree.from.LazyTableGroup@4189e668] with identifierForTableGroup [com.lexicon.springws.entity.Book.bookLoans.{element}.book] for NavigablePath [com.lexicon.springws.entity.Book.bookLoans.{element}.book] 
2025-04-16T10:34:27.037+02:00 DEBUG 5488 --- [           main] org.hibernate.orm.sql.ast.create         : Registration of TableGroup [org.hibernate.sql.ast.tree.from.LazyTableGroup@3a589eed] with identifierForTableGroup [com.lexicon.springws.entity.Book.bookLoans.{element}.borrower] for NavigablePath [com.lexicon.springws.entity.Book.bookLoans.{element}.borrower] 
2025-04-16T10:34:27.037+02:00 DEBUG 5488 --- [           main] org.hibernate.orm.sql.ast.create         : Created new SQL alias : b2_0
2025-04-16T10:34:27.037+02:00 DEBUG 5488 --- [           main] org.hibernate.orm.results.graph.AST      : DomainResult Graph:
 \-CollectionDomainResult [com.lexicon.springws.entity.Book.bookLoans]

2025-04-16T10:34:27.039+02:00 DEBUG 5488 --- [           main] org.hibernate.orm.sql.ast.tree           : SQL AST Tree:
    SelectStatement {
      FromClause {
        OneToManyTableGroup (bl1 : com.lexicon.springws.entity.Book.bookLoans) {
          primaryTableReference : book_loans as bl1_0
          TableGroupJoins {
            left  join LazyTableGroup (b1 : com.lexicon.springws.entity.Book.bookLoans.{element}.book) {
            }
            left  join LazyTableGroup (b2 : com.lexicon.springws.entity.Book.bookLoans.{element}.borrower) {
              primaryTableReference : app_users as b2_0
            }
          }
        }
      }
    }

2025-04-16T10:34:27.039+02:00 DEBUG 5488 --- [           main] org.hibernate.orm.jdbc.mutation          : Static SQL for collection: com.lexicon.springws.entity.Book.bookLoans
2025-04-16T10:34:27.063+02:00  INFO 5488 --- [           main] o.h.e.t.j.p.i.JtaPlatformInitiator       : HHH000489: No JTA platform available (set 'hibernate.transaction.jta.platform' to enable JTA platform integration)
2025-04-16T10:34:27.063+02:00 DEBUG 5488 --- [           main] o.h.type.spi.TypeConfiguration$Scope     : Scoping TypeConfiguration [org.hibernate.type.spi.TypeConfiguration@68e5c7ae] to SessionFactoryImplementor [org.hibernate.internal.SessionFactoryImpl@13047d3d]
2025-04-16T10:34:27.064+02:00 DEBUG 5488 --- [           main] o.h.query.named.NamedObjectRepository    : Checking 0 named HQL queries
2025-04-16T10:34:27.064+02:00 DEBUG 5488 --- [           main] o.h.query.named.NamedObjectRepository    : Checking 0 named SQL queries
2025-04-16T10:34:27.076+02:00 DEBUG 5488 --- [           main] org.hibernate.SQL                        : 
    drop table if exists app_users cascade 
Hibernate: 
    drop table if exists app_users cascade 
2025-04-16T10:34:27.076+02:00 DEBUG 5488 --- [           main] o.s.j.datasource.SimpleDriverDataSource  : Creating new JDBC Driver Connection to [jdbc:h2:mem:bb609ebb-9100-4165-aea1-c38e5465d10e;DB_CLOSE_DELAY=-1;DB_CLOSE_ON_EXIT=false]
2025-04-16T10:34:27.079+02:00 DEBUG 5488 --- [           main] org.hibernate.SQL                        : 
    drop table if exists author cascade 
Hibernate: 
    drop table if exists author cascade 
2025-04-16T10:34:27.080+02:00 DEBUG 5488 --- [           main] org.hibernate.SQL                        : 
    drop table if exists book_loans cascade 
Hibernate: 
    drop table if exists book_loans cascade 
2025-04-16T10:34:27.080+02:00 DEBUG 5488 --- [           main] org.hibernate.SQL                        : 
    drop table if exists books cascade 
Hibernate: 
    drop table if exists books cascade 
2025-04-16T10:34:27.084+02:00 DEBUG 5488 --- [           main] org.hibernate.SQL                        : 
    create table app_users (
        id bigint generated by default as identity,
        password varchar(255) not null,
        username varchar(255) not null unique,
        primary key (id)
    )
Hibernate: 
    create table app_users (
        id bigint generated by default as identity,
        password varchar(255) not null,
        username varchar(255) not null unique,
        primary key (id)
    )
2025-04-16T10:34:27.084+02:00 DEBUG 5488 --- [           main] o.s.j.datasource.SimpleDriverDataSource  : Creating new JDBC Driver Connection to [jdbc:h2:mem:bb609ebb-9100-4165-aea1-c38e5465d10e;DB_CLOSE_DELAY=-1;DB_CLOSE_ON_EXIT=false]
2025-04-16T10:34:27.093+02:00 DEBUG 5488 --- [           main] org.hibernate.SQL                        : 
    create table author (
        author_id integer generated by default as identity,
        email varchar(255) not null,
        name varchar(255) not null,
        primary key (author_id)
    )
Hibernate: 
    create table author (
        author_id integer generated by default as identity,
        email varchar(255) not null,
        name varchar(255) not null,
        primary key (author_id)
    )
2025-04-16T10:34:27.094+02:00 DEBUG 5488 --- [           main] org.hibernate.SQL                        : 
    create table book_loans (
        due_date date not null,
        loan_date date not null,
        return_date date,
        book_id bigint not null,
        borrower_id bigint not null,
        id bigint generated by default as identity,
        primary key (id)
    )
Hibernate: 
    create table book_loans (
        due_date date not null,
        loan_date date not null,
        return_date date,
        book_id bigint not null,
        borrower_id bigint not null,
        id bigint generated by default as identity,
        primary key (id)
    )
2025-04-16T10:34:27.095+02:00 DEBUG 5488 --- [           main] org.hibernate.SQL                        : 
    create table books (
        author_id integer,
        available boolean not null,
        max_loan_days integer not null,
        id bigint generated by default as identity,
        isbn varchar(255) not null unique,
        title varchar(255) not null,
        primary key (id)
    )
Hibernate: 
    create table books (
        author_id integer,
        available boolean not null,
        max_loan_days integer not null,
        id bigint generated by default as identity,
        isbn varchar(255) not null unique,
        title varchar(255) not null,
        primary key (id)
    )
2025-04-16T10:34:27.096+02:00 DEBUG 5488 --- [           main] org.hibernate.SQL                        : 
    alter table if exists book_loans 
       add constraint FKo6d3xcdy9r2k3qbi4c84p9b6g 
       foreign key (book_id) 
       references books
Hibernate: 
    alter table if exists book_loans 
       add constraint FKo6d3xcdy9r2k3qbi4c84p9b6g 
       foreign key (book_id) 
       references books
2025-04-16T10:34:27.107+02:00 DEBUG 5488 --- [           main] org.hibernate.SQL                        : 
    alter table if exists book_loans 
       add constraint FKeq506o2cxaef8t6ig2qrdr99w 
       foreign key (borrower_id) 
       references app_users
Hibernate: 
    alter table if exists book_loans 
       add constraint FKeq506o2cxaef8t6ig2qrdr99w 
       foreign key (borrower_id) 
       references app_users
2025-04-16T10:34:27.110+02:00 DEBUG 5488 --- [           main] org.hibernate.SQL                        : 
    alter table if exists books 
       add constraint FKdh6rjf063y1kmud3t0vrmrlo3 
       foreign key (author_id) 
       references author
Hibernate: 
    alter table if exists books 
       add constraint FKdh6rjf063y1kmud3t0vrmrlo3 
       foreign key (author_id) 
       references author
2025-04-16T10:34:27.113+02:00 DEBUG 5488 --- [           main] o.h.internal.SessionFactoryRegistry      : Initializing SessionFactoryRegistry : org.hibernate.internal.SessionFactoryRegistry@197cc325
2025-04-16T10:34:27.113+02:00 DEBUG 5488 --- [           main] o.h.internal.SessionFactoryRegistry      : Registering SessionFactory: 6c8e9b0d-0d27-4bb0-bb11-5baa508beba1 (<unnamed>)
2025-04-16T10:34:27.113+02:00 DEBUG 5488 --- [           main] o.h.internal.SessionFactoryRegistry      : Not binding SessionFactory to JNDI, no JNDI name configured
2025-04-16T10:34:27.113+02:00 DEBUG 5488 --- [           main] o.hibernate.internal.SessionFactoryImpl  : Instantiated SessionFactory
2025-04-16T10:34:27.114+02:00  INFO 5488 --- [           main] j.LocalContainerEntityManagerFactoryBean : Initialized JPA EntityManagerFactory for persistence unit 'default'
2025-04-16T10:34:27.117+02:00 DEBUG 5488 --- [           main] o.s.b.f.s.DefaultListableBeanFactory     : Creating shared instance of singleton bean 'springWsApplication'
2025-04-16T10:34:27.120+02:00 DEBUG 5488 --- [           main] o.s.b.f.s.DefaultListableBeanFactory     : Creating shared instance of singleton bean 'authorDaoImpl'
2025-04-16T10:34:27.163+02:00 DEBUG 5488 --- [           main] o.s.b.f.s.DefaultListableBeanFactory     : Creating shared instance of singleton bean 'demo'
2025-04-16T10:34:27.164+02:00 DEBUG 5488 --- [           main] o.s.b.f.s.DefaultListableBeanFactory     : Creating shared instance of singleton bean 'authorRepository'
2025-04-16T10:34:27.172+02:00 DEBUG 5488 --- [           main] o.s.b.f.s.DefaultListableBeanFactory     : Creating shared instance of singleton bean 'jpa.named-queries#3'
2025-04-16T10:34:27.180+02:00 DEBUG 5488 --- [           main] o.s.b.f.s.DefaultListableBeanFactory     : Creating shared instance of singleton bean 'jpa.AuthorRepository.fragments#0'
2025-04-16T10:34:27.186+02:00 DEBUG 5488 --- [           main] o.s.b.f.s.DefaultListableBeanFactory     : Creating shared instance of singleton bean 'jpaSharedEM_entityManagerFactory'
2025-04-16T10:34:27.196+02:00 DEBUG 5488 --- [           main] o.s.b.f.s.DefaultListableBeanFactory     : Creating shared instance of singleton bean 'jpaMappingContext'
2025-04-16T10:34:27.196+02:00 DEBUG 5488 --- [           main] .c.JpaMetamodelMappingContextFactoryBean : Initializing JpaMetamodelMappingContext…
2025-04-16T10:34:27.209+02:00 DEBUG 5488 --- [           main] .c.JpaMetamodelMappingContextFactoryBean : Finished initializing JpaMetamodelMappingContext
2025-04-16T10:34:27.234+02:00 DEBUG 5488 --- [           main] tor$SharedEntityManagerInvocationHandler : Creating new EntityManager for shared EntityManager invocation
2025-04-16T10:34:27.271+02:00 DEBUG 5488 --- [           main] o.h.stat.internal.StatisticsInitiator    : Statistics initialized [enabled=false]
2025-04-16T10:34:27.276+02:00 DEBUG 5488 --- [           main] tor$SharedEntityManagerInvocationHandler : Creating new EntityManager for shared EntityManager invocation
2025-04-16T10:34:27.334+02:00 DEBUG 5488 --- [           main] o.s.d.r.c.s.RepositoryFactorySupport     : Initializing repository instance for com.lexicon.springws.repository.AuthorRepository…
2025-04-16T10:34:27.353+02:00 DEBUG 5488 --- [           main] tor$SharedEntityManagerInvocationHandler : Creating new EntityManager for shared EntityManager invocation
2025-04-16T10:34:27.397+02:00 DEBUG 5488 --- [           main] o.s.d.r.c.s.RepositoryFactorySupport     : Finished creation of repository instance for com.lexicon.springws.repository.AuthorRepository.
2025-04-16T10:34:27.399+02:00 DEBUG 5488 --- [           main] o.s.b.f.s.DefaultListableBeanFactory     : Creating shared instance of singleton bean 'bookRepository'
2025-04-16T10:34:27.401+02:00 DEBUG 5488 --- [           main] o.s.b.f.s.DefaultListableBeanFactory     : Creating shared instance of singleton bean 'jpa.named-queries#0'
2025-04-16T10:34:27.402+02:00 DEBUG 5488 --- [           main] o.s.b.f.s.DefaultListableBeanFactory     : Creating shared instance of singleton bean 'jpa.BookRepository.fragments#0'
2025-04-16T10:34:27.402+02:00 DEBUG 5488 --- [           main] tor$SharedEntityManagerInvocationHandler : Creating new EntityManager for shared EntityManager invocation
2025-04-16T10:34:27.403+02:00 DEBUG 5488 --- [           main] o.s.d.r.c.s.RepositoryFactorySupport     : Initializing repository instance for com.lexicon.springws.repository.BookRepository…
2025-04-16T10:34:27.403+02:00 DEBUG 5488 --- [           main] tor$SharedEntityManagerInvocationHandler : Creating new EntityManager for shared EntityManager invocation
2025-04-16T10:34:27.441+02:00 DEBUG 5488 --- [           main] o.s.d.jpa.repository.query.NamedQuery    : Looking up named query Book.findByAuthor
2025-04-16T10:34:27.444+02:00 DEBUG 5488 --- [           main] cResourceLocalTransactionCoordinatorImpl : JDBC transaction marked for rollback-only (exception provided for stack trace)

java.lang.Exception: exception just for purpose of providing stack trace
	at org.hibernate.resource.transaction.backend.jdbc.internal.JdbcResourceLocalTransactionCoordinatorImpl$TransactionDriverControlImpl.markRollbackOnly(JdbcResourceLocalTransactionCoordinatorImpl.java:310) ~[hibernate-core-6.4.4.Final.jar:6.4.4.Final]
	at org.hibernate.internal.AbstractSharedSessionContract.buildNamedQuery(AbstractSharedSessionContract.java:1097) ~[hibernate-core-6.4.4.Final.jar:6.4.4.Final]
	at org.hibernate.internal.AbstractSharedSessionContract.createNamedQuery(AbstractSharedSessionContract.java:975) ~[hibernate-core-6.4.4.Final.jar:6.4.4.Final]
	at org.hibernate.internal.AbstractSharedSessionContract.createNamedQuery(AbstractSharedSessionContract.java:136) ~[hibernate-core-6.4.4.Final.jar:6.4.4.Final]
	at java.base/jdk.internal.reflect.DirectMethodHandleAccessor.invoke(DirectMethodHandleAccessor.java:103) ~[na:na]
	at java.base/java.lang.reflect.Method.invoke(Method.java:580) ~[na:na]
	at org.springframework.orm.jpa.ExtendedEntityManagerCreator$ExtendedEntityManagerInvocationHandler.invoke(ExtendedEntityManagerCreator.java:364) ~[spring-orm-6.1.4.jar:6.1.4]
	at jdk.proxy2/jdk.proxy2.$Proxy106.createNamedQuery(Unknown Source) ~[na:na]
	at org.springframework.data.jpa.repository.query.NamedQuery.hasNamedQuery(NamedQuery.java:113) ~[spring-data-jpa-3.2.3.jar:3.2.3]
	at org.springframework.data.jpa.repository.query.NamedQuery.lookupFrom(NamedQuery.java:141) ~[spring-data-jpa-3.2.3.jar:3.2.3]
	at org.springframework.data.jpa.repository.query.JpaQueryLookupStrategy$DeclaredQueryLookupStrategy.resolveQuery(JpaQueryLookupStrategy.java:180) ~[spring-data-jpa-3.2.3.jar:3.2.3]
	at org.springframework.data.jpa.repository.query.JpaQueryLookupStrategy$CreateIfNotFoundQueryLookupStrategy.resolveQuery(JpaQueryLookupStrategy.java:252) ~[spring-data-jpa-3.2.3.jar:3.2.3]
	at org.springframework.data.jpa.repository.query.JpaQueryLookupStrategy$AbstractQueryLookupStrategy.resolveQuery(JpaQueryLookupStrategy.java:95) ~[spring-data-jpa-3.2.3.jar:3.2.3]
	at org.springframework.data.repository.core.support.QueryExecutorMethodInterceptor.lookupQuery(QueryExecutorMethodInterceptor.java:111) ~[spring-data-commons-3.2.3.jar:3.2.3]
	at org.springframework.data.repository.core.support.QueryExecutorMethodInterceptor.mapMethodsToQuery(QueryExecutorMethodInterceptor.java:99) ~[spring-data-commons-3.2.3.jar:3.2.3]
	at org.springframework.data.repository.core.support.QueryExecutorMethodInterceptor.lambda$new$0(QueryExecutorMethodInterceptor.java:88) ~[spring-data-commons-3.2.3.jar:3.2.3]
	at java.base/java.util.Optional.map(Optional.java:260) ~[na:na]
	at org.springframework.data.repository.core.support.QueryExecutorMethodInterceptor.<init>(QueryExecutorMethodInterceptor.java:88) ~[spring-data-commons-3.2.3.jar:3.2.3]
	at org.springframework.data.repository.core.support.RepositoryFactorySupport.getRepository(RepositoryFactorySupport.java:357) ~[spring-data-commons-3.2.3.jar:3.2.3]
	at org.springframework.data.repository.core.support.RepositoryFactoryBeanSupport.lambda$afterPropertiesSet$5(RepositoryFactoryBeanSupport.java:279) ~[spring-data-commons-3.2.3.jar:3.2.3]
	at org.springframework.data.util.Lazy.getNullable(Lazy.java:135) ~[spring-data-commons-3.2.3.jar:3.2.3]
	at org.springframework.data.util.Lazy.get(Lazy.java:113) ~[spring-data-commons-3.2.3.jar:3.2.3]
	at org.springframework.data.repository.core.support.RepositoryFactoryBeanSupport.afterPropertiesSet(RepositoryFactoryBeanSupport.java:285) ~[spring-data-commons-3.2.3.jar:3.2.3]
	at org.springframework.data.jpa.repository.support.JpaRepositoryFactoryBean.afterPropertiesSet(JpaRepositoryFactoryBean.java:132) ~[spring-data-jpa-3.2.3.jar:3.2.3]
	at org.springframework.beans.factory.support.AbstractAutowireCapableBeanFactory.invokeInitMethods(AbstractAutowireCapableBeanFactory.java:1833) ~[spring-beans-6.1.4.jar:6.1.4]
	at org.springframework.beans.factory.support.AbstractAutowireCapableBeanFactory.initializeBean(AbstractAutowireCapableBeanFactory.java:1782) ~[spring-beans-6.1.4.jar:6.1.4]
	at org.springframework.beans.factory.support.AbstractAutowireCapableBeanFactory.doCreateBean(AbstractAutowireCapableBeanFactory.java:600) ~[spring-beans-6.1.4.jar:6.1.4]
	at org.springframework.beans.factory.support.AbstractAutowireCapableBeanFactory.createBean(AbstractAutowireCapableBeanFactory.java:522) ~[spring-beans-6.1.4.jar:6.1.4]
	at org.springframework.beans.factory.support.AbstractBeanFactory.lambda$doGetBean$0(AbstractBeanFactory.java:325) ~[spring-beans-6.1.4.jar:6.1.4]
	at org.springframework.beans.factory.support.DefaultSingletonBeanRegistry.getSingleton(DefaultSingletonBeanRegistry.java:234) ~[spring-beans-6.1.4.jar:6.1.4]
	at org.springframework.beans.factory.support.AbstractBeanFactory.doGetBean(AbstractBeanFactory.java:323) ~[spring-beans-6.1.4.jar:6.1.4]
	at org.springframework.beans.factory.support.AbstractBeanFactory.getBean(AbstractBeanFactory.java:199) ~[spring-beans-6.1.4.jar:6.1.4]
	at org.springframework.beans.factory.config.DependencyDescriptor.resolveCandidate(DependencyDescriptor.java:254) ~[spring-beans-6.1.4.jar:6.1.4]
	at org.springframework.beans.factory.support.DefaultListableBeanFactory.doResolveDependency(DefaultListableBeanFactory.java:1443) ~[spring-beans-6.1.4.jar:6.1.4]
	at org.springframework.beans.factory.support.DefaultListableBeanFactory.resolveDependency(DefaultListableBeanFactory.java:1353) ~[spring-beans-6.1.4.jar:6.1.4]
	at org.springframework.beans.factory.support.ConstructorResolver.resolveAutowiredArgument(ConstructorResolver.java:907) ~[spring-beans-6.1.4.jar:6.1.4]
	at org.springframework.beans.factory.support.ConstructorResolver.createArgumentArray(ConstructorResolver.java:785) ~[spring-beans-6.1.4.jar:6.1.4]
	at org.springframework.beans.factory.support.ConstructorResolver.instantiateUsingFactoryMethod(ConstructorResolver.java:542) ~[spring-beans-6.1.4.jar:6.1.4]
	at org.springframework.beans.factory.support.AbstractAutowireCapableBeanFactory.instantiateUsingFactoryMethod(AbstractAutowireCapableBeanFactory.java:1335) ~[spring-beans-6.1.4.jar:6.1.4]
	at org.springframework.beans.factory.support.AbstractAutowireCapableBeanFactory.createBeanInstance(AbstractAutowireCapableBeanFactory.java:1165) ~[spring-beans-6.1.4.jar:6.1.4]
	at org.springframework.beans.factory.support.AbstractAutowireCapableBeanFactory.doCreateBean(AbstractAutowireCapableBeanFactory.java:562) ~[spring-beans-6.1.4.jar:6.1.4]
	at org.springframework.beans.factory.support.AbstractAutowireCapableBeanFactory.createBean(AbstractAutowireCapableBeanFactory.java:522) ~[spring-beans-6.1.4.jar:6.1.4]
	at org.springframework.beans.factory.support.AbstractBeanFactory.lambda$doGetBean$0(AbstractBeanFactory.java:325) ~[spring-beans-6.1.4.jar:6.1.4]
	at org.springframework.beans.factory.support.DefaultSingletonBeanRegistry.getSingleton(DefaultSingletonBeanRegistry.java:234) ~[spring-beans-6.1.4.jar:6.1.4]
	at org.springframework.beans.factory.support.AbstractBeanFactory.doGetBean(AbstractBeanFactory.java:323) ~[spring-beans-6.1.4.jar:6.1.4]
	at org.springframework.beans.factory.support.AbstractBeanFactory.getBean(AbstractBeanFactory.java:199) ~[spring-beans-6.1.4.jar:6.1.4]
	at org.springframework.beans.factory.support.DefaultListableBeanFactory.preInstantiateSingletons(DefaultListableBeanFactory.java:975) ~[spring-beans-6.1.4.jar:6.1.4]
	at org.springframework.context.support.AbstractApplicationContext.finishBeanFactoryInitialization(AbstractApplicationContext.java:959) ~[spring-context-6.1.4.jar:6.1.4]
	at org.springframework.context.support.AbstractApplicationContext.refresh(AbstractApplicationContext.java:624) ~[spring-context-6.1.4.jar:6.1.4]
	at org.springframework.boot.SpringApplication.refresh(SpringApplication.java:754) ~[spring-boot-3.2.3.jar:3.2.3]
	at org.springframework.boot.SpringApplication.refreshContext(SpringApplication.java:456) ~[spring-boot-3.2.3.jar:3.2.3]
	at org.springframework.boot.SpringApplication.run(SpringApplication.java:334) ~[spring-boot-3.2.3.jar:3.2.3]
	at org.springframework.boot.test.context.SpringBootContextLoader.lambda$loadContext$3(SpringBootContextLoader.java:137) ~[spring-boot-test-3.2.3.jar:3.2.3]
	at org.springframework.util.function.ThrowingSupplier.get(ThrowingSupplier.java:58) ~[spring-core-6.1.4.jar:6.1.4]
	at org.springframework.util.function.ThrowingSupplier.get(ThrowingSupplier.java:46) ~[spring-core-6.1.4.jar:6.1.4]
	at org.springframework.boot.SpringApplication.withHook(SpringApplication.java:1454) ~[spring-boot-3.2.3.jar:3.2.3]
	at org.springframework.boot.test.context.SpringBootContextLoader$ContextLoaderHook.run(SpringBootContextLoader.java:553) ~[spring-boot-test-3.2.3.jar:3.2.3]
	at org.springframework.boot.test.context.SpringBootContextLoader.loadContext(SpringBootContextLoader.java:137) ~[spring-boot-test-3.2.3.jar:3.2.3]
	at org.springframework.boot.test.context.SpringBootContextLoader.loadContext(SpringBootContextLoader.java:108) ~[spring-boot-test-3.2.3.jar:3.2.3]
	at org.springframework.test.context.cache.DefaultCacheAwareContextLoaderDelegate.loadContextInternal(DefaultCacheAwareContextLoaderDelegate.java:225) ~[spring-test-6.1.4.jar:6.1.4]
	at org.springframework.test.context.cache.DefaultCacheAwareContextLoaderDelegate.loadContext(DefaultCacheAwareContextLoaderDelegate.java:152) ~[spring-test-6.1.4.jar:6.1.4]
	at org.springframework.test.context.support.DefaultTestContext.getApplicationContext(DefaultTestContext.java:130) ~[spring-test-6.1.4.jar:6.1.4]
	at org.springframework.test.context.support.DependencyInjectionTestExecutionListener.injectDependencies(DependencyInjectionTestExecutionListener.java:142) ~[spring-test-6.1.4.jar:6.1.4]
	at org.springframework.test.context.support.DependencyInjectionTestExecutionListener.prepareTestInstance(DependencyInjectionTestExecutionListener.java:98) ~[spring-test-6.1.4.jar:6.1.4]
	at org.springframework.test.context.TestContextManager.prepareTestInstance(TestContextManager.java:260) ~[spring-test-6.1.4.jar:6.1.4]
	at org.springframework.test.context.junit.jupiter.SpringExtension.postProcessTestInstance(SpringExtension.java:163) ~[spring-test-6.1.4.jar:6.1.4]
	at org.junit.jupiter.engine.descriptor.ClassBasedTestDescriptor.lambda$invokeTestInstancePostProcessors$10(ClassBasedTestDescriptor.java:378) ~[junit-jupiter-engine-5.10.2.jar:5.10.2]
	at org.junit.jupiter.engine.descriptor.ClassBasedTestDescriptor.executeAndMaskThrowable(ClassBasedTestDescriptor.java:383) ~[junit-jupiter-engine-5.10.2.jar:5.10.2]
	at org.junit.jupiter.engine.descriptor.ClassBasedTestDescriptor.lambda$invokeTestInstancePostProcessors$11(ClassBasedTestDescriptor.java:378) ~[junit-jupiter-engine-5.10.2.jar:5.10.2]
	at java.base/java.util.stream.ReferencePipeline$3$1.accept(ReferencePipeline.java:197) ~[na:na]
	at java.base/java.util.stream.ReferencePipeline$2$1.accept(ReferencePipeline.java:179) ~[na:na]
	at java.base/java.util.ArrayList$ArrayListSpliterator.forEachRemaining(ArrayList.java:1708) ~[na:na]
	at java.base/java.util.stream.AbstractPipeline.copyInto(AbstractPipeline.java:509) ~[na:na]
	at java.base/java.util.stream.AbstractPipeline.wrapAndCopyInto(AbstractPipeline.java:499) ~[na:na]
	at java.base/java.util.stream.StreamSpliterators$WrappingSpliterator.forEachRemaining(StreamSpliterators.java:310) ~[na:na]
	at java.base/java.util.stream.Streams$ConcatSpliterator.forEachRemaining(Streams.java:735) ~[na:na]
	at java.base/java.util.stream.Streams$ConcatSpliterator.forEachRemaining(Streams.java:734) ~[na:na]
	at java.base/java.util.stream.ReferencePipeline$Head.forEach(ReferencePipeline.java:762) ~[na:na]
	at org.junit.jupiter.engine.descriptor.ClassBasedTestDescriptor.invokeTestInstancePostProcessors(ClassBasedTestDescriptor.java:377) ~[junit-jupiter-engine-5.10.2.jar:5.10.2]
	at org.junit.jupiter.engine.descriptor.ClassBasedTestDescriptor.lambda$instantiateAndPostProcessTestInstance$6(ClassBasedTestDescriptor.java:290) ~[junit-jupiter-engine-5.10.2.jar:5.10.2]
	at org.junit.platform.engine.support.hierarchical.ThrowableCollector.execute(ThrowableCollector.java:73) ~[junit-platform-engine-1.10.2.jar:1.10.2]
	at org.junit.jupiter.engine.descriptor.ClassBasedTestDescriptor.instantiateAndPostProcessTestInstance(ClassBasedTestDescriptor.java:289) ~[junit-jupiter-engine-5.10.2.jar:5.10.2]
	at org.junit.jupiter.engine.descriptor.ClassBasedTestDescriptor.lambda$testInstancesProvider$4(ClassBasedTestDescriptor.java:279) ~[junit-jupiter-engine-5.10.2.jar:5.10.2]
	at java.base/java.util.Optional.orElseGet(Optional.java:364) ~[na:na]
	at org.junit.jupiter.engine.descriptor.ClassBasedTestDescriptor.lambda$testInstancesProvider$5(ClassBasedTestDescriptor.java:278) ~[junit-jupiter-engine-5.10.2.jar:5.10.2]
	at org.junit.jupiter.engine.execution.TestInstancesProvider.getTestInstances(TestInstancesProvider.java:31) ~[junit-jupiter-engine-5.10.2.jar:5.10.2]
	at org.junit.jupiter.engine.descriptor.TestMethodTestDescriptor.lambda$prepare$0(TestMethodTestDescriptor.java:106) ~[junit-jupiter-engine-5.10.2.jar:5.10.2]
	at org.junit.platform.engine.support.hierarchical.ThrowableCollector.execute(ThrowableCollector.java:73) ~[junit-platform-engine-1.10.2.jar:1.10.2]
	at org.junit.jupiter.engine.descriptor.TestMethodTestDescriptor.prepare(TestMethodTestDescriptor.java:105) ~[junit-jupiter-engine-5.10.2.jar:5.10.2]
	at org.junit.jupiter.engine.descriptor.TestMethodTestDescriptor.prepare(TestMethodTestDescriptor.java:69) ~[junit-jupiter-engine-5.10.2.jar:5.10.2]
	at org.junit.platform.engine.support.hierarchical.NodeTestTask.lambda$prepare$2(NodeTestTask.java:123) ~[junit-platform-engine-1.10.2.jar:1.10.2]
	at org.junit.platform.engine.support.hierarchical.ThrowableCollector.execute(ThrowableCollector.java:73) ~[junit-platform-engine-1.10.2.jar:1.10.2]
	at org.junit.platform.engine.support.hierarchical.NodeTestTask.prepare(NodeTestTask.java:123) ~[junit-platform-engine-1.10.2.jar:1.10.2]
	at org.junit.platform.engine.support.hierarchical.NodeTestTask.execute(NodeTestTask.java:90) ~[junit-platform-engine-1.10.2.jar:1.10.2]
	at java.base/java.util.ArrayList.forEach(ArrayList.java:1596) ~[na:na]
	at org.junit.platform.engine.support.hierarchical.SameThreadHierarchicalTestExecutorService.invokeAll(SameThreadHierarchicalTestExecutorService.java:41) ~[junit-platform-engine-1.10.2.jar:1.10.2]
	at org.junit.platform.engine.support.hierarchical.NodeTestTask.lambda$executeRecursively$6(NodeTestTask.java:155) ~[junit-platform-engine-1.10.2.jar:1.10.2]
	at org.junit.platform.engine.support.hierarchical.ThrowableCollector.execute(ThrowableCollector.java:73) ~[junit-platform-engine-1.10.2.jar:1.10.2]
	at org.junit.platform.engine.support.hierarchical.NodeTestTask.lambda$executeRecursively$8(NodeTestTask.java:141) ~[junit-platform-engine-1.10.2.jar:1.10.2]
	at org.junit.platform.engine.support.hierarchical.Node.around(Node.java:137) ~[junit-platform-engine-1.10.2.jar:1.10.2]
	at org.junit.platform.engine.support.hierarchical.NodeTestTask.lambda$executeRecursively$9(NodeTestTask.java:139) ~[junit-platform-engine-1.10.2.jar:1.10.2]
	at org.junit.platform.engine.support.hierarchical.ThrowableCollector.execute(ThrowableCollector.java:73) ~[junit-platform-engine-1.10.2.jar:1.10.2]
	at org.junit.platform.engine.support.hierarchical.NodeTestTask.executeRecursively(NodeTestTask.java:138) ~[junit-platform-engine-1.10.2.jar:1.10.2]
	at org.junit.platform.engine.support.hierarchical.NodeTestTask.execute(NodeTestTask.java:95) ~[junit-platform-engine-1.10.2.jar:1.10.2]
	at java.base/java.util.ArrayList.forEach(ArrayList.java:1596) ~[na:na]
	at org.junit.platform.engine.support.hierarchical.SameThreadHierarchicalTestExecutorService.invokeAll(SameThreadHierarchicalTestExecutorService.java:41) ~[junit-platform-engine-1.10.2.jar:1.10.2]
	at org.junit.platform.engine.support.hierarchical.NodeTestTask.lambda$executeRecursively$6(NodeTestTask.java:155) ~[junit-platform-engine-1.10.2.jar:1.10.2]
	at org.junit.platform.engine.support.hierarchical.ThrowableCollector.execute(ThrowableCollector.java:73) ~[junit-platform-engine-1.10.2.jar:1.10.2]
	at org.junit.platform.engine.support.hierarchical.NodeTestTask.lambda$executeRecursively$8(NodeTestTask.java:141) ~[junit-platform-engine-1.10.2.jar:1.10.2]
	at org.junit.platform.engine.support.hierarchical.Node.around(Node.java:137) ~[junit-platform-engine-1.10.2.jar:1.10.2]
	at org.junit.platform.engine.support.hierarchical.NodeTestTask.lambda$executeRecursively$9(NodeTestTask.java:139) ~[junit-platform-engine-1.10.2.jar:1.10.2]
	at org.junit.platform.engine.support.hierarchical.ThrowableCollector.execute(ThrowableCollector.java:73) ~[junit-platform-engine-1.10.2.jar:1.10.2]
	at org.junit.platform.engine.support.hierarchical.NodeTestTask.executeRecursively(NodeTestTask.java:138) ~[junit-platform-engine-1.10.2.jar:1.10.2]
	at org.junit.platform.engine.support.hierarchical.NodeTestTask.execute(NodeTestTask.java:95) ~[junit-platform-engine-1.10.2.jar:1.10.2]
	at org.junit.platform.engine.support.hierarchical.SameThreadHierarchicalTestExecutorService.submit(SameThreadHierarchicalTestExecutorService.java:35) ~[junit-platform-engine-1.10.2.jar:1.10.2]
	at org.junit.platform.engine.support.hierarchical.HierarchicalTestExecutor.execute(HierarchicalTestExecutor.java:57) ~[junit-platform-engine-1.10.2.jar:1.10.2]
	at org.junit.platform.engine.support.hierarchical.HierarchicalTestEngine.execute(HierarchicalTestEngine.java:54) ~[junit-platform-engine-1.10.2.jar:1.10.2]
	at org.junit.platform.launcher.core.EngineExecutionOrchestrator.execute(EngineExecutionOrchestrator.java:198) ~[junit-platform-launcher-1.10.2.jar:1.10.2]
	at org.junit.platform.launcher.core.EngineExecutionOrchestrator.execute(EngineExecutionOrchestrator.java:169) ~[junit-platform-launcher-1.10.2.jar:1.10.2]
	at org.junit.platform.launcher.core.EngineExecutionOrchestrator.execute(EngineExecutionOrchestrator.java:93) ~[junit-platform-launcher-1.10.2.jar:1.10.2]
	at org.junit.platform.launcher.core.EngineExecutionOrchestrator.lambda$execute$0(EngineExecutionOrchestrator.java:58) ~[junit-platform-launcher-1.10.2.jar:1.10.2]
	at org.junit.platform.launcher.core.EngineExecutionOrchestrator.withInterceptedStreams(EngineExecutionOrchestrator.java:141) ~[junit-platform-launcher-1.10.2.jar:1.10.2]
	at org.junit.platform.launcher.core.EngineExecutionOrchestrator.execute(EngineExecutionOrchestrator.java:57) ~[junit-platform-launcher-1.10.2.jar:1.10.2]
	at org.junit.platform.launcher.core.DefaultLauncher.execute(DefaultLauncher.java:103) ~[junit-platform-launcher-1.10.2.jar:1.10.2]
	at org.junit.platform.launcher.core.DefaultLauncher.execute(DefaultLauncher.java:85) ~[junit-platform-launcher-1.10.2.jar:1.10.2]
	at org.junit.platform.launcher.core.DelegatingLauncher.execute(DelegatingLauncher.java:47) ~[junit-platform-launcher-1.10.2.jar:1.10.2]
	at org.apache.maven.surefire.junitplatform.LazyLauncher.execute(LazyLauncher.java:56) ~[surefire-junit-platform-3.1.2.jar:3.1.2]
	at org.apache.maven.surefire.junitplatform.JUnitPlatformProvider.execute(JUnitPlatformProvider.java:184) ~[surefire-junit-platform-3.1.2.jar:3.1.2]
	at org.apache.maven.surefire.junitplatform.JUnitPlatformProvider.invokeAllTests(JUnitPlatformProvider.java:148) ~[surefire-junit-platform-3.1.2.jar:3.1.2]
	at org.apache.maven.surefire.junitplatform.JUnitPlatformProvider.invoke(JUnitPlatformProvider.java:122) ~[surefire-junit-platform-3.1.2.jar:3.1.2]
	at org.apache.maven.surefire.booter.ForkedBooter.runSuitesInProcess(ForkedBooter.java:385) ~[surefire-booter-3.1.2.jar:3.1.2]
	at org.apache.maven.surefire.booter.ForkedBooter.execute(ForkedBooter.java:162) ~[surefire-booter-3.1.2.jar:3.1.2]
	at org.apache.maven.surefire.booter.ForkedBooter.run(ForkedBooter.java:507) ~[surefire-booter-3.1.2.jar:3.1.2]
	at org.apache.maven.surefire.booter.ForkedBooter.main(ForkedBooter.java:495) ~[surefire-booter-3.1.2.jar:3.1.2]

2025-04-16T10:34:27.450+02:00 DEBUG 5488 --- [           main] o.s.d.jpa.repository.query.NamedQuery    : Did not find named query Book.findByAuthor
2025-04-16T10:34:27.452+02:00 DEBUG 5488 --- [           main] tor$SharedEntityManagerInvocationHandler : Creating new EntityManager for shared EntityManager invocation
2025-04-16T10:34:27.508+02:00 DEBUG 5488 --- [           main] o.s.d.jpa.repository.query.NamedQuery    : Looking up named query Book.findByMaxLoanDaysLessThan
2025-04-16T10:34:27.508+02:00 DEBUG 5488 --- [           main] cResourceLocalTransactionCoordinatorImpl : JDBC transaction marked for rollback-only (exception provided for stack trace)

java.lang.Exception: exception just for purpose of providing stack trace
	at org.hibernate.resource.transaction.backend.jdbc.internal.JdbcResourceLocalTransactionCoordinatorImpl$TransactionDriverControlImpl.markRollbackOnly(JdbcResourceLocalTransactionCoordinatorImpl.java:310) ~[hibernate-core-6.4.4.Final.jar:6.4.4.Final]
	at org.hibernate.internal.AbstractSharedSessionContract.buildNamedQuery(AbstractSharedSessionContract.java:1097) ~[hibernate-core-6.4.4.Final.jar:6.4.4.Final]
	at org.hibernate.internal.AbstractSharedSessionContract.createNamedQuery(AbstractSharedSessionContract.java:975) ~[hibernate-core-6.4.4.Final.jar:6.4.4.Final]
	at org.hibernate.internal.AbstractSharedSessionContract.createNamedQuery(AbstractSharedSessionContract.java:136) ~[hibernate-core-6.4.4.Final.jar:6.4.4.Final]
	at java.base/jdk.internal.reflect.DirectMethodHandleAccessor.invoke(DirectMethodHandleAccessor.java:103) ~[na:na]
	at java.base/java.lang.reflect.Method.invoke(Method.java:580) ~[na:na]
	at org.springframework.orm.jpa.ExtendedEntityManagerCreator$ExtendedEntityManagerInvocationHandler.invoke(ExtendedEntityManagerCreator.java:364) ~[spring-orm-6.1.4.jar:6.1.4]
	at jdk.proxy2/jdk.proxy2.$Proxy106.createNamedQuery(Unknown Source) ~[na:na]
	at org.springframework.data.jpa.repository.query.NamedQuery.hasNamedQuery(NamedQuery.java:113) ~[spring-data-jpa-3.2.3.jar:3.2.3]
	at org.springframework.data.jpa.repository.query.NamedQuery.lookupFrom(NamedQuery.java:141) ~[spring-data-jpa-3.2.3.jar:3.2.3]
	at org.springframework.data.jpa.repository.query.JpaQueryLookupStrategy$DeclaredQueryLookupStrategy.resolveQuery(JpaQueryLookupStrategy.java:180) ~[spring-data-jpa-3.2.3.jar:3.2.3]
	at org.springframework.data.jpa.repository.query.JpaQueryLookupStrategy$CreateIfNotFoundQueryLookupStrategy.resolveQuery(JpaQueryLookupStrategy.java:252) ~[spring-data-jpa-3.2.3.jar:3.2.3]
	at org.springframework.data.jpa.repository.query.JpaQueryLookupStrategy$AbstractQueryLookupStrategy.resolveQuery(JpaQueryLookupStrategy.java:95) ~[spring-data-jpa-3.2.3.jar:3.2.3]
	at org.springframework.data.repository.core.support.QueryExecutorMethodInterceptor.lookupQuery(QueryExecutorMethodInterceptor.java:111) ~[spring-data-commons-3.2.3.jar:3.2.3]
	at org.springframework.data.repository.core.support.QueryExecutorMethodInterceptor.mapMethodsToQuery(QueryExecutorMethodInterceptor.java:99) ~[spring-data-commons-3.2.3.jar:3.2.3]
	at org.springframework.data.repository.core.support.QueryExecutorMethodInterceptor.lambda$new$0(QueryExecutorMethodInterceptor.java:88) ~[spring-data-commons-3.2.3.jar:3.2.3]
	at java.base/java.util.Optional.map(Optional.java:260) ~[na:na]
	at org.springframework.data.repository.core.support.QueryExecutorMethodInterceptor.<init>(QueryExecutorMethodInterceptor.java:88) ~[spring-data-commons-3.2.3.jar:3.2.3]
	at org.springframework.data.repository.core.support.RepositoryFactorySupport.getRepository(RepositoryFactorySupport.java:357) ~[spring-data-commons-3.2.3.jar:3.2.3]
	at org.springframework.data.repository.core.support.RepositoryFactoryBeanSupport.lambda$afterPropertiesSet$5(RepositoryFactoryBeanSupport.java:279) ~[spring-data-commons-3.2.3.jar:3.2.3]
	at org.springframework.data.util.Lazy.getNullable(Lazy.java:135) ~[spring-data-commons-3.2.3.jar:3.2.3]
	at org.springframework.data.util.Lazy.get(Lazy.java:113) ~[spring-data-commons-3.2.3.jar:3.2.3]
	at org.springframework.data.repository.core.support.RepositoryFactoryBeanSupport.afterPropertiesSet(RepositoryFactoryBeanSupport.java:285) ~[spring-data-commons-3.2.3.jar:3.2.3]
	at org.springframework.data.jpa.repository.support.JpaRepositoryFactoryBean.afterPropertiesSet(JpaRepositoryFactoryBean.java:132) ~[spring-data-jpa-3.2.3.jar:3.2.3]
	at org.springframework.beans.factory.support.AbstractAutowireCapableBeanFactory.invokeInitMethods(AbstractAutowireCapableBeanFactory.java:1833) ~[spring-beans-6.1.4.jar:6.1.4]
	at org.springframework.beans.factory.support.AbstractAutowireCapableBeanFactory.initializeBean(AbstractAutowireCapableBeanFactory.java:1782) ~[spring-beans-6.1.4.jar:6.1.4]
	at org.springframework.beans.factory.support.AbstractAutowireCapableBeanFactory.doCreateBean(AbstractAutowireCapableBeanFactory.java:600) ~[spring-beans-6.1.4.jar:6.1.4]
	at org.springframework.beans.factory.support.AbstractAutowireCapableBeanFactory.createBean(AbstractAutowireCapableBeanFactory.java:522) ~[spring-beans-6.1.4.jar:6.1.4]
	at org.springframework.beans.factory.support.AbstractBeanFactory.lambda$doGetBean$0(AbstractBeanFactory.java:325) ~[spring-beans-6.1.4.jar:6.1.4]
	at org.springframework.beans.factory.support.DefaultSingletonBeanRegistry.getSingleton(DefaultSingletonBeanRegistry.java:234) ~[spring-beans-6.1.4.jar:6.1.4]
	at org.springframework.beans.factory.support.AbstractBeanFactory.doGetBean(AbstractBeanFactory.java:323) ~[spring-beans-6.1.4.jar:6.1.4]
	at org.springframework.beans.factory.support.AbstractBeanFactory.getBean(AbstractBeanFactory.java:199) ~[spring-beans-6.1.4.jar:6.1.4]
	at org.springframework.beans.factory.config.DependencyDescriptor.resolveCandidate(DependencyDescriptor.java:254) ~[spring-beans-6.1.4.jar:6.1.4]
	at org.springframework.beans.factory.support.DefaultListableBeanFactory.doResolveDependency(DefaultListableBeanFactory.java:1443) ~[spring-beans-6.1.4.jar:6.1.4]
	at org.springframework.beans.factory.support.DefaultListableBeanFactory.resolveDependency(DefaultListableBeanFactory.java:1353) ~[spring-beans-6.1.4.jar:6.1.4]
	at org.springframework.beans.factory.support.ConstructorResolver.resolveAutowiredArgument(ConstructorResolver.java:907) ~[spring-beans-6.1.4.jar:6.1.4]
	at org.springframework.beans.factory.support.ConstructorResolver.createArgumentArray(ConstructorResolver.java:785) ~[spring-beans-6.1.4.jar:6.1.4]
	at org.springframework.beans.factory.support.ConstructorResolver.instantiateUsingFactoryMethod(ConstructorResolver.java:542) ~[spring-beans-6.1.4.jar:6.1.4]
	at org.springframework.beans.factory.support.AbstractAutowireCapableBeanFactory.instantiateUsingFactoryMethod(AbstractAutowireCapableBeanFactory.java:1335) ~[spring-beans-6.1.4.jar:6.1.4]
	at org.springframework.beans.factory.support.AbstractAutowireCapableBeanFactory.createBeanInstance(AbstractAutowireCapableBeanFactory.java:1165) ~[spring-beans-6.1.4.jar:6.1.4]
	at org.springframework.beans.factory.support.AbstractAutowireCapableBeanFactory.doCreateBean(AbstractAutowireCapableBeanFactory.java:562) ~[spring-beans-6.1.4.jar:6.1.4]
	at org.springframework.beans.factory.support.AbstractAutowireCapableBeanFactory.createBean(AbstractAutowireCapableBeanFactory.java:522) ~[spring-beans-6.1.4.jar:6.1.4]
	at org.springframework.beans.factory.support.AbstractBeanFactory.lambda$doGetBean$0(AbstractBeanFactory.java:325) ~[spring-beans-6.1.4.jar:6.1.4]
	at org.springframework.beans.factory.support.DefaultSingletonBeanRegistry.getSingleton(DefaultSingletonBeanRegistry.java:234) ~[spring-beans-6.1.4.jar:6.1.4]
	at org.springframework.beans.factory.support.AbstractBeanFactory.doGetBean(AbstractBeanFactory.java:323) ~[spring-beans-6.1.4.jar:6.1.4]
	at org.springframework.beans.factory.support.AbstractBeanFactory.getBean(AbstractBeanFactory.java:199) ~[spring-beans-6.1.4.jar:6.1.4]
	at org.springframework.beans.factory.support.DefaultListableBeanFactory.preInstantiateSingletons(DefaultListableBeanFactory.java:975) ~[spring-beans-6.1.4.jar:6.1.4]
	at org.springframework.context.support.AbstractApplicationContext.finishBeanFactoryInitialization(AbstractApplicationContext.java:959) ~[spring-context-6.1.4.jar:6.1.4]
	at org.springframework.context.support.AbstractApplicationContext.refresh(AbstractApplicationContext.java:624) ~[spring-context-6.1.4.jar:6.1.4]
	at org.springframework.boot.SpringApplication.refresh(SpringApplication.java:754) ~[spring-boot-3.2.3.jar:3.2.3]
	at org.springframework.boot.SpringApplication.refreshContext(SpringApplication.java:456) ~[spring-boot-3.2.3.jar:3.2.3]
	at org.springframework.boot.SpringApplication.run(SpringApplication.java:334) ~[spring-boot-3.2.3.jar:3.2.3]
	at org.springframework.boot.test.context.SpringBootContextLoader.lambda$loadContext$3(SpringBootContextLoader.java:137) ~[spring-boot-test-3.2.3.jar:3.2.3]
	at org.springframework.util.function.ThrowingSupplier.get(ThrowingSupplier.java:58) ~[spring-core-6.1.4.jar:6.1.4]
	at org.springframework.util.function.ThrowingSupplier.get(ThrowingSupplier.java:46) ~[spring-core-6.1.4.jar:6.1.4]
	at org.springframework.boot.SpringApplication.withHook(SpringApplication.java:1454) ~[spring-boot-3.2.3.jar:3.2.3]
	at org.springframework.boot.test.context.SpringBootContextLoader$ContextLoaderHook.run(SpringBootContextLoader.java:553) ~[spring-boot-test-3.2.3.jar:3.2.3]
	at org.springframework.boot.test.context.SpringBootContextLoader.loadContext(SpringBootContextLoader.java:137) ~[spring-boot-test-3.2.3.jar:3.2.3]
	at org.springframework.boot.test.context.SpringBootContextLoader.loadContext(SpringBootContextLoader.java:108) ~[spring-boot-test-3.2.3.jar:3.2.3]
	at org.springframework.test.context.cache.DefaultCacheAwareContextLoaderDelegate.loadContextInternal(DefaultCacheAwareContextLoaderDelegate.java:225) ~[spring-test-6.1.4.jar:6.1.4]
	at org.springframework.test.context.cache.DefaultCacheAwareContextLoaderDelegate.loadContext(DefaultCacheAwareContextLoaderDelegate.java:152) ~[spring-test-6.1.4.jar:6.1.4]
	at org.springframework.test.context.support.DefaultTestContext.getApplicationContext(DefaultTestContext.java:130) ~[spring-test-6.1.4.jar:6.1.4]
	at org.springframework.test.context.support.DependencyInjectionTestExecutionListener.injectDependencies(DependencyInjectionTestExecutionListener.java:142) ~[spring-test-6.1.4.jar:6.1.4]
	at org.springframework.test.context.support.DependencyInjectionTestExecutionListener.prepareTestInstance(DependencyInjectionTestExecutionListener.java:98) ~[spring-test-6.1.4.jar:6.1.4]
	at org.springframework.test.context.TestContextManager.prepareTestInstance(TestContextManager.java:260) ~[spring-test-6.1.4.jar:6.1.4]
	at org.springframework.test.context.junit.jupiter.SpringExtension.postProcessTestInstance(SpringExtension.java:163) ~[spring-test-6.1.4.jar:6.1.4]
	at org.junit.jupiter.engine.descriptor.ClassBasedTestDescriptor.lambda$invokeTestInstancePostProcessors$10(ClassBasedTestDescriptor.java:378) ~[junit-jupiter-engine-5.10.2.jar:5.10.2]
	at org.junit.jupiter.engine.descriptor.ClassBasedTestDescriptor.executeAndMaskThrowable(ClassBasedTestDescriptor.java:383) ~[junit-jupiter-engine-5.10.2.jar:5.10.2]
	at org.junit.jupiter.engine.descriptor.ClassBasedTestDescriptor.lambda$invokeTestInstancePostProcessors$11(ClassBasedTestDescriptor.java:378) ~[junit-jupiter-engine-5.10.2.jar:5.10.2]
	at java.base/java.util.stream.ReferencePipeline$3$1.accept(ReferencePipeline.java:197) ~[na:na]
	at java.base/java.util.stream.ReferencePipeline$2$1.accept(ReferencePipeline.java:179) ~[na:na]
	at java.base/java.util.ArrayList$ArrayListSpliterator.forEachRemaining(ArrayList.java:1708) ~[na:na]
	at java.base/java.util.stream.AbstractPipeline.copyInto(AbstractPipeline.java:509) ~[na:na]
	at java.base/java.util.stream.AbstractPipeline.wrapAndCopyInto(AbstractPipeline.java:499) ~[na:na]
	at java.base/java.util.stream.StreamSpliterators$WrappingSpliterator.forEachRemaining(StreamSpliterators.java:310) ~[na:na]
	at java.base/java.util.stream.Streams$ConcatSpliterator.forEachRemaining(Streams.java:735) ~[na:na]
	at java.base/java.util.stream.Streams$ConcatSpliterator.forEachRemaining(Streams.java:734) ~[na:na]
	at java.base/java.util.stream.ReferencePipeline$Head.forEach(ReferencePipeline.java:762) ~[na:na]
	at org.junit.jupiter.engine.descriptor.ClassBasedTestDescriptor.invokeTestInstancePostProcessors(ClassBasedTestDescriptor.java:377) ~[junit-jupiter-engine-5.10.2.jar:5.10.2]
	at org.junit.jupiter.engine.descriptor.ClassBasedTestDescriptor.lambda$instantiateAndPostProcessTestInstance$6(ClassBasedTestDescriptor.java:290) ~[junit-jupiter-engine-5.10.2.jar:5.10.2]
	at org.junit.platform.engine.support.hierarchical.ThrowableCollector.execute(ThrowableCollector.java:73) ~[junit-platform-engine-1.10.2.jar:1.10.2]
	at org.junit.jupiter.engine.descriptor.ClassBasedTestDescriptor.instantiateAndPostProcessTestInstance(ClassBasedTestDescriptor.java:289) ~[junit-jupiter-engine-5.10.2.jar:5.10.2]
	at org.junit.jupiter.engine.descriptor.ClassBasedTestDescriptor.lambda$testInstancesProvider$4(ClassBasedTestDescriptor.java:279) ~[junit-jupiter-engine-5.10.2.jar:5.10.2]
	at java.base/java.util.Optional.orElseGet(Optional.java:364) ~[na:na]
	at org.junit.jupiter.engine.descriptor.ClassBasedTestDescriptor.lambda$testInstancesProvider$5(ClassBasedTestDescriptor.java:278) ~[junit-jupiter-engine-5.10.2.jar:5.10.2]
	at org.junit.jupiter.engine.execution.TestInstancesProvider.getTestInstances(TestInstancesProvider.java:31) ~[junit-jupiter-engine-5.10.2.jar:5.10.2]
	at org.junit.jupiter.engine.descriptor.TestMethodTestDescriptor.lambda$prepare$0(TestMethodTestDescriptor.java:106) ~[junit-jupiter-engine-5.10.2.jar:5.10.2]
	at org.junit.platform.engine.support.hierarchical.ThrowableCollector.execute(ThrowableCollector.java:73) ~[junit-platform-engine-1.10.2.jar:1.10.2]
	at org.junit.jupiter.engine.descriptor.TestMethodTestDescriptor.prepare(TestMethodTestDescriptor.java:105) ~[junit-jupiter-engine-5.10.2.jar:5.10.2]
	at org.junit.jupiter.engine.descriptor.TestMethodTestDescriptor.prepare(TestMethodTestDescriptor.java:69) ~[junit-jupiter-engine-5.10.2.jar:5.10.2]
	at org.junit.platform.engine.support.hierarchical.NodeTestTask.lambda$prepare$2(NodeTestTask.java:123) ~[junit-platform-engine-1.10.2.jar:1.10.2]
	at org.junit.platform.engine.support.hierarchical.ThrowableCollector.execute(ThrowableCollector.java:73) ~[junit-platform-engine-1.10.2.jar:1.10.2]
	at org.junit.platform.engine.support.hierarchical.NodeTestTask.prepare(NodeTestTask.java:123) ~[junit-platform-engine-1.10.2.jar:1.10.2]
	at org.junit.platform.engine.support.hierarchical.NodeTestTask.execute(NodeTestTask.java:90) ~[junit-platform-engine-1.10.2.jar:1.10.2]
	at java.base/java.util.ArrayList.forEach(ArrayList.java:1596) ~[na:na]
	at org.junit.platform.engine.support.hierarchical.SameThreadHierarchicalTestExecutorService.invokeAll(SameThreadHierarchicalTestExecutorService.java:41) ~[junit-platform-engine-1.10.2.jar:1.10.2]
	at org.junit.platform.engine.support.hierarchical.NodeTestTask.lambda$executeRecursively$6(NodeTestTask.java:155) ~[junit-platform-engine-1.10.2.jar:1.10.2]
	at org.junit.platform.engine.support.hierarchical.ThrowableCollector.execute(ThrowableCollector.java:73) ~[junit-platform-engine-1.10.2.jar:1.10.2]
	at org.junit.platform.engine.support.hierarchical.NodeTestTask.lambda$executeRecursively$8(NodeTestTask.java:141) ~[junit-platform-engine-1.10.2.jar:1.10.2]
	at org.junit.platform.engine.support.hierarchical.Node.around(Node.java:137) ~[junit-platform-engine-1.10.2.jar:1.10.2]
	at org.junit.platform.engine.support.hierarchical.NodeTestTask.lambda$executeRecursively$9(NodeTestTask.java:139) ~[junit-platform-engine-1.10.2.jar:1.10.2]
	at org.junit.platform.engine.support.hierarchical.ThrowableCollector.execute(ThrowableCollector.java:73) ~[junit-platform-engine-1.10.2.jar:1.10.2]
	at org.junit.platform.engine.support.hierarchical.NodeTestTask.executeRecursively(NodeTestTask.java:138) ~[junit-platform-engine-1.10.2.jar:1.10.2]
	at org.junit.platform.engine.support.hierarchical.NodeTestTask.execute(NodeTestTask.java:95) ~[junit-platform-engine-1.10.2.jar:1.10.2]
	at java.base/java.util.ArrayList.forEach(ArrayList.java:1596) ~[na:na]
	at org.junit.platform.engine.support.hierarchical.SameThreadHierarchicalTestExecutorService.invokeAll(SameThreadHierarchicalTestExecutorService.java:41) ~[junit-platform-engine-1.10.2.jar:1.10.2]
	at org.junit.platform.engine.support.hierarchical.NodeTestTask.lambda$executeRecursively$6(NodeTestTask.java:155) ~[junit-platform-engine-1.10.2.jar:1.10.2]
	at org.junit.platform.engine.support.hierarchical.ThrowableCollector.execute(ThrowableCollector.java:73) ~[junit-platform-engine-1.10.2.jar:1.10.2]
	at org.junit.platform.engine.support.hierarchical.NodeTestTask.lambda$executeRecursively$8(NodeTestTask.java:141) ~[junit-platform-engine-1.10.2.jar:1.10.2]
	at org.junit.platform.engine.support.hierarchical.Node.around(Node.java:137) ~[junit-platform-engine-1.10.2.jar:1.10.2]
	at org.junit.platform.engine.support.hierarchical.NodeTestTask.lambda$executeRecursively$9(NodeTestTask.java:139) ~[junit-platform-engine-1.10.2.jar:1.10.2]
	at org.junit.platform.engine.support.hierarchical.ThrowableCollector.execute(ThrowableCollector.java:73) ~[junit-platform-engine-1.10.2.jar:1.10.2]
	at org.junit.platform.engine.support.hierarchical.NodeTestTask.executeRecursively(NodeTestTask.java:138) ~[junit-platform-engine-1.10.2.jar:1.10.2]
	at org.junit.platform.engine.support.hierarchical.NodeTestTask.execute(NodeTestTask.java:95) ~[junit-platform-engine-1.10.2.jar:1.10.2]
	at org.junit.platform.engine.support.hierarchical.SameThreadHierarchicalTestExecutorService.submit(SameThreadHierarchicalTestExecutorService.java:35) ~[junit-platform-engine-1.10.2.jar:1.10.2]
	at org.junit.platform.engine.support.hierarchical.HierarchicalTestExecutor.execute(HierarchicalTestExecutor.java:57) ~[junit-platform-engine-1.10.2.jar:1.10.2]
	at org.junit.platform.engine.support.hierarchical.HierarchicalTestEngine.execute(HierarchicalTestEngine.java:54) ~[junit-platform-engine-1.10.2.jar:1.10.2]
	at org.junit.platform.launcher.core.EngineExecutionOrchestrator.execute(EngineExecutionOrchestrator.java:198) ~[junit-platform-launcher-1.10.2.jar:1.10.2]
	at org.junit.platform.launcher.core.EngineExecutionOrchestrator.execute(EngineExecutionOrchestrator.java:169) ~[junit-platform-launcher-1.10.2.jar:1.10.2]
	at org.junit.platform.launcher.core.EngineExecutionOrchestrator.execute(EngineExecutionOrchestrator.java:93) ~[junit-platform-launcher-1.10.2.jar:1.10.2]
	at org.junit.platform.launcher.core.EngineExecutionOrchestrator.lambda$execute$0(EngineExecutionOrchestrator.java:58) ~[junit-platform-launcher-1.10.2.jar:1.10.2]
	at org.junit.platform.launcher.core.EngineExecutionOrchestrator.withInterceptedStreams(EngineExecutionOrchestrator.java:141) ~[junit-platform-launcher-1.10.2.jar:1.10.2]
	at org.junit.platform.launcher.core.EngineExecutionOrchestrator.execute(EngineExecutionOrchestrator.java:57) ~[junit-platform-launcher-1.10.2.jar:1.10.2]
	at org.junit.platform.launcher.core.DefaultLauncher.execute(DefaultLauncher.java:103) ~[junit-platform-launcher-1.10.2.jar:1.10.2]
	at org.junit.platform.launcher.core.DefaultLauncher.execute(DefaultLauncher.java:85) ~[junit-platform-launcher-1.10.2.jar:1.10.2]
	at org.junit.platform.launcher.core.DelegatingLauncher.execute(DelegatingLauncher.java:47) ~[junit-platform-launcher-1.10.2.jar:1.10.2]
	at org.apache.maven.surefire.junitplatform.LazyLauncher.execute(LazyLauncher.java:56) ~[surefire-junit-platform-3.1.2.jar:3.1.2]
	at org.apache.maven.surefire.junitplatform.JUnitPlatformProvider.execute(JUnitPlatformProvider.java:184) ~[surefire-junit-platform-3.1.2.jar:3.1.2]
	at org.apache.maven.surefire.junitplatform.JUnitPlatformProvider.invokeAllTests(JUnitPlatformProvider.java:148) ~[surefire-junit-platform-3.1.2.jar:3.1.2]
	at org.apache.maven.surefire.junitplatform.JUnitPlatformProvider.invoke(JUnitPlatformProvider.java:122) ~[surefire-junit-platform-3.1.2.jar:3.1.2]
	at org.apache.maven.surefire.booter.ForkedBooter.runSuitesInProcess(ForkedBooter.java:385) ~[surefire-booter-3.1.2.jar:3.1.2]
	at org.apache.maven.surefire.booter.ForkedBooter.execute(ForkedBooter.java:162) ~[surefire-booter-3.1.2.jar:3.1.2]
	at org.apache.maven.surefire.booter.ForkedBooter.run(ForkedBooter.java:507) ~[surefire-booter-3.1.2.jar:3.1.2]
	at org.apache.maven.surefire.booter.ForkedBooter.main(ForkedBooter.java:495) ~[surefire-booter-3.1.2.jar:3.1.2]

2025-04-16T10:34:27.509+02:00 DEBUG 5488 --- [           main] o.s.d.jpa.repository.query.NamedQuery    : Did not find named query Book.findByMaxLoanDaysLessThan
2025-04-16T10:34:27.509+02:00 DEBUG 5488 --- [           main] tor$SharedEntityManagerInvocationHandler : Creating new EntityManager for shared EntityManager invocation
2025-04-16T10:34:27.513+02:00 DEBUG 5488 --- [           main] o.s.d.jpa.repository.query.NamedQuery    : Looking up named query Book.findByIsbnIgnoreCase
2025-04-16T10:34:27.514+02:00 DEBUG 5488 --- [           main] cResourceLocalTransactionCoordinatorImpl : JDBC transaction marked for rollback-only (exception provided for stack trace)

java.lang.Exception: exception just for purpose of providing stack trace
	at org.hibernate.resource.transaction.backend.jdbc.internal.JdbcResourceLocalTransactionCoordinatorImpl$TransactionDriverControlImpl.markRollbackOnly(JdbcResourceLocalTransactionCoordinatorImpl.java:310) ~[hibernate-core-6.4.4.Final.jar:6.4.4.Final]
	at org.hibernate.internal.AbstractSharedSessionContract.buildNamedQuery(AbstractSharedSessionContract.java:1097) ~[hibernate-core-6.4.4.Final.jar:6.4.4.Final]
	at org.hibernate.internal.AbstractSharedSessionContract.createNamedQuery(AbstractSharedSessionContract.java:975) ~[hibernate-core-6.4.4.Final.jar:6.4.4.Final]
	at org.hibernate.internal.AbstractSharedSessionContract.createNamedQuery(AbstractSharedSessionContract.java:136) ~[hibernate-core-6.4.4.Final.jar:6.4.4.Final]
	at java.base/jdk.internal.reflect.DirectMethodHandleAccessor.invoke(DirectMethodHandleAccessor.java:103) ~[na:na]
	at java.base/java.lang.reflect.Method.invoke(Method.java:580) ~[na:na]
	at org.springframework.orm.jpa.ExtendedEntityManagerCreator$ExtendedEntityManagerInvocationHandler.invoke(ExtendedEntityManagerCreator.java:364) ~[spring-orm-6.1.4.jar:6.1.4]
	at jdk.proxy2/jdk.proxy2.$Proxy106.createNamedQuery(Unknown Source) ~[na:na]
	at org.springframework.data.jpa.repository.query.NamedQuery.hasNamedQuery(NamedQuery.java:113) ~[spring-data-jpa-3.2.3.jar:3.2.3]
	at org.springframework.data.jpa.repository.query.NamedQuery.lookupFrom(NamedQuery.java:141) ~[spring-data-jpa-3.2.3.jar:3.2.3]
	at org.springframework.data.jpa.repository.query.JpaQueryLookupStrategy$DeclaredQueryLookupStrategy.resolveQuery(JpaQueryLookupStrategy.java:180) ~[spring-data-jpa-3.2.3.jar:3.2.3]
	at org.springframework.data.jpa.repository.query.JpaQueryLookupStrategy$CreateIfNotFoundQueryLookupStrategy.resolveQuery(JpaQueryLookupStrategy.java:252) ~[spring-data-jpa-3.2.3.jar:3.2.3]
	at org.springframework.data.jpa.repository.query.JpaQueryLookupStrategy$AbstractQueryLookupStrategy.resolveQuery(JpaQueryLookupStrategy.java:95) ~[spring-data-jpa-3.2.3.jar:3.2.3]
	at org.springframework.data.repository.core.support.QueryExecutorMethodInterceptor.lookupQuery(QueryExecutorMethodInterceptor.java:111) ~[spring-data-commons-3.2.3.jar:3.2.3]
	at org.springframework.data.repository.core.support.QueryExecutorMethodInterceptor.mapMethodsToQuery(QueryExecutorMethodInterceptor.java:99) ~[spring-data-commons-3.2.3.jar:3.2.3]
	at org.springframework.data.repository.core.support.QueryExecutorMethodInterceptor.lambda$new$0(QueryExecutorMethodInterceptor.java:88) ~[spring-data-commons-3.2.3.jar:3.2.3]
	at java.base/java.util.Optional.map(Optional.java:260) ~[na:na]
	at org.springframework.data.repository.core.support.QueryExecutorMethodInterceptor.<init>(QueryExecutorMethodInterceptor.java:88) ~[spring-data-commons-3.2.3.jar:3.2.3]
	at org.springframework.data.repository.core.support.RepositoryFactorySupport.getRepository(RepositoryFactorySupport.java:357) ~[spring-data-commons-3.2.3.jar:3.2.3]
	at org.springframework.data.repository.core.support.RepositoryFactoryBeanSupport.lambda$afterPropertiesSet$5(RepositoryFactoryBeanSupport.java:279) ~[spring-data-commons-3.2.3.jar:3.2.3]
	at org.springframework.data.util.Lazy.getNullable(Lazy.java:135) ~[spring-data-commons-3.2.3.jar:3.2.3]
	at org.springframework.data.util.Lazy.get(Lazy.java:113) ~[spring-data-commons-3.2.3.jar:3.2.3]
	at org.springframework.data.repository.core.support.RepositoryFactoryBeanSupport.afterPropertiesSet(RepositoryFactoryBeanSupport.java:285) ~[spring-data-commons-3.2.3.jar:3.2.3]
	at org.springframework.data.jpa.repository.support.JpaRepositoryFactoryBean.afterPropertiesSet(JpaRepositoryFactoryBean.java:132) ~[spring-data-jpa-3.2.3.jar:3.2.3]
	at org.springframework.beans.factory.support.AbstractAutowireCapableBeanFactory.invokeInitMethods(AbstractAutowireCapableBeanFactory.java:1833) ~[spring-beans-6.1.4.jar:6.1.4]
	at org.springframework.beans.factory.support.AbstractAutowireCapableBeanFactory.initializeBean(AbstractAutowireCapableBeanFactory.java:1782) ~[spring-beans-6.1.4.jar:6.1.4]
	at org.springframework.beans.factory.support.AbstractAutowireCapableBeanFactory.doCreateBean(AbstractAutowireCapableBeanFactory.java:600) ~[spring-beans-6.1.4.jar:6.1.4]
	at org.springframework.beans.factory.support.AbstractAutowireCapableBeanFactory.createBean(AbstractAutowireCapableBeanFactory.java:522) ~[spring-beans-6.1.4.jar:6.1.4]
	at org.springframework.beans.factory.support.AbstractBeanFactory.lambda$doGetBean$0(AbstractBeanFactory.java:325) ~[spring-beans-6.1.4.jar:6.1.4]
	at org.springframework.beans.factory.support.DefaultSingletonBeanRegistry.getSingleton(DefaultSingletonBeanRegistry.java:234) ~[spring-beans-6.1.4.jar:6.1.4]
	at org.springframework.beans.factory.support.AbstractBeanFactory.doGetBean(AbstractBeanFactory.java:323) ~[spring-beans-6.1.4.jar:6.1.4]
	at org.springframework.beans.factory.support.AbstractBeanFactory.getBean(AbstractBeanFactory.java:199) ~[spring-beans-6.1.4.jar:6.1.4]
	at org.springframework.beans.factory.config.DependencyDescriptor.resolveCandidate(DependencyDescriptor.java:254) ~[spring-beans-6.1.4.jar:6.1.4]
	at org.springframework.beans.factory.support.DefaultListableBeanFactory.doResolveDependency(DefaultListableBeanFactory.java:1443) ~[spring-beans-6.1.4.jar:6.1.4]
	at org.springframework.beans.factory.support.DefaultListableBeanFactory.resolveDependency(DefaultListableBeanFactory.java:1353) ~[spring-beans-6.1.4.jar:6.1.4]
	at org.springframework.beans.factory.support.ConstructorResolver.resolveAutowiredArgument(ConstructorResolver.java:907) ~[spring-beans-6.1.4.jar:6.1.4]
	at org.springframework.beans.factory.support.ConstructorResolver.createArgumentArray(ConstructorResolver.java:785) ~[spring-beans-6.1.4.jar:6.1.4]
	at org.springframework.beans.factory.support.ConstructorResolver.instantiateUsingFactoryMethod(ConstructorResolver.java:542) ~[spring-beans-6.1.4.jar:6.1.4]
	at org.springframework.beans.factory.support.AbstractAutowireCapableBeanFactory.instantiateUsingFactoryMethod(AbstractAutowireCapableBeanFactory.java:1335) ~[spring-beans-6.1.4.jar:6.1.4]
	at org.springframework.beans.factory.support.AbstractAutowireCapableBeanFactory.createBeanInstance(AbstractAutowireCapableBeanFactory.java:1165) ~[spring-beans-6.1.4.jar:6.1.4]
	at org.springframework.beans.factory.support.AbstractAutowireCapableBeanFactory.doCreateBean(AbstractAutowireCapableBeanFactory.java:562) ~[spring-beans-6.1.4.jar:6.1.4]
	at org.springframework.beans.factory.support.AbstractAutowireCapableBeanFactory.createBean(AbstractAutowireCapableBeanFactory.java:522) ~[spring-beans-6.1.4.jar:6.1.4]
	at org.springframework.beans.factory.support.AbstractBeanFactory.lambda$doGetBean$0(AbstractBeanFactory.java:325) ~[spring-beans-6.1.4.jar:6.1.4]
	at org.springframework.beans.factory.support.DefaultSingletonBeanRegistry.getSingleton(DefaultSingletonBeanRegistry.java:234) ~[spring-beans-6.1.4.jar:6.1.4]
	at org.springframework.beans.factory.support.AbstractBeanFactory.doGetBean(AbstractBeanFactory.java:323) ~[spring-beans-6.1.4.jar:6.1.4]
	at org.springframework.beans.factory.support.AbstractBeanFactory.getBean(AbstractBeanFactory.java:199) ~[spring-beans-6.1.4.jar:6.1.4]
	at org.springframework.beans.factory.support.DefaultListableBeanFactory.preInstantiateSingletons(DefaultListableBeanFactory.java:975) ~[spring-beans-6.1.4.jar:6.1.4]
	at org.springframework.context.support.AbstractApplicationContext.finishBeanFactoryInitialization(AbstractApplicationContext.java:959) ~[spring-context-6.1.4.jar:6.1.4]
	at org.springframework.context.support.AbstractApplicationContext.refresh(AbstractApplicationContext.java:624) ~[spring-context-6.1.4.jar:6.1.4]
	at org.springframework.boot.SpringApplication.refresh(SpringApplication.java:754) ~[spring-boot-3.2.3.jar:3.2.3]
	at org.springframework.boot.SpringApplication.refreshContext(SpringApplication.java:456) ~[spring-boot-3.2.3.jar:3.2.3]
	at org.springframework.boot.SpringApplication.run(SpringApplication.java:334) ~[spring-boot-3.2.3.jar:3.2.3]
	at org.springframework.boot.test.context.SpringBootContextLoader.lambda$loadContext$3(SpringBootContextLoader.java:137) ~[spring-boot-test-3.2.3.jar:3.2.3]
	at org.springframework.util.function.ThrowingSupplier.get(ThrowingSupplier.java:58) ~[spring-core-6.1.4.jar:6.1.4]
	at org.springframework.util.function.ThrowingSupplier.get(ThrowingSupplier.java:46) ~[spring-core-6.1.4.jar:6.1.4]
	at org.springframework.boot.SpringApplication.withHook(SpringApplication.java:1454) ~[spring-boot-3.2.3.jar:3.2.3]
	at org.springframework.boot.test.context.SpringBootContextLoader$ContextLoaderHook.run(SpringBootContextLoader.java:553) ~[spring-boot-test-3.2.3.jar:3.2.3]
	at org.springframework.boot.test.context.SpringBootContextLoader.loadContext(SpringBootContextLoader.java:137) ~[spring-boot-test-3.2.3.jar:3.2.3]
	at org.springframework.boot.test.context.SpringBootContextLoader.loadContext(SpringBootContextLoader.java:108) ~[spring-boot-test-3.2.3.jar:3.2.3]
	at org.springframework.test.context.cache.DefaultCacheAwareContextLoaderDelegate.loadContextInternal(DefaultCacheAwareContextLoaderDelegate.java:225) ~[spring-test-6.1.4.jar:6.1.4]
	at org.springframework.test.context.cache.DefaultCacheAwareContextLoaderDelegate.loadContext(DefaultCacheAwareContextLoaderDelegate.java:152) ~[spring-test-6.1.4.jar:6.1.4]
	at org.springframework.test.context.support.DefaultTestContext.getApplicationContext(DefaultTestContext.java:130) ~[spring-test-6.1.4.jar:6.1.4]
	at org.springframework.test.context.support.DependencyInjectionTestExecutionListener.injectDependencies(DependencyInjectionTestExecutionListener.java:142) ~[spring-test-6.1.4.jar:6.1.4]
	at org.springframework.test.context.support.DependencyInjectionTestExecutionListener.prepareTestInstance(DependencyInjectionTestExecutionListener.java:98) ~[spring-test-6.1.4.jar:6.1.4]
	at org.springframework.test.context.TestContextManager.prepareTestInstance(TestContextManager.java:260) ~[spring-test-6.1.4.jar:6.1.4]
	at org.springframework.test.context.junit.jupiter.SpringExtension.postProcessTestInstance(SpringExtension.java:163) ~[spring-test-6.1.4.jar:6.1.4]
	at org.junit.jupiter.engine.descriptor.ClassBasedTestDescriptor.lambda$invokeTestInstancePostProcessors$10(ClassBasedTestDescriptor.java:378) ~[junit-jupiter-engine-5.10.2.jar:5.10.2]
	at org.junit.jupiter.engine.descriptor.ClassBasedTestDescriptor.executeAndMaskThrowable(ClassBasedTestDescriptor.java:383) ~[junit-jupiter-engine-5.10.2.jar:5.10.2]
	at org.junit.jupiter.engine.descriptor.ClassBasedTestDescriptor.lambda$invokeTestInstancePostProcessors$11(ClassBasedTestDescriptor.java:378) ~[junit-jupiter-engine-5.10.2.jar:5.10.2]
	at java.base/java.util.stream.ReferencePipeline$3$1.accept(ReferencePipeline.java:197) ~[na:na]
	at java.base/java.util.stream.ReferencePipeline$2$1.accept(ReferencePipeline.java:179) ~[na:na]
	at java.base/java.util.ArrayList$ArrayListSpliterator.forEachRemaining(ArrayList.java:1708) ~[na:na]
	at java.base/java.util.stream.AbstractPipeline.copyInto(AbstractPipeline.java:509) ~[na:na]
	at java.base/java.util.stream.AbstractPipeline.wrapAndCopyInto(AbstractPipeline.java:499) ~[na:na]
	at java.base/java.util.stream.StreamSpliterators$WrappingSpliterator.forEachRemaining(StreamSpliterators.java:310) ~[na:na]
	at java.base/java.util.stream.Streams$ConcatSpliterator.forEachRemaining(Streams.java:735) ~[na:na]
	at java.base/java.util.stream.Streams$ConcatSpliterator.forEachRemaining(Streams.java:734) ~[na:na]
	at java.base/java.util.stream.ReferencePipeline$Head.forEach(ReferencePipeline.java:762) ~[na:na]
	at org.junit.jupiter.engine.descriptor.ClassBasedTestDescriptor.invokeTestInstancePostProcessors(ClassBasedTestDescriptor.java:377) ~[junit-jupiter-engine-5.10.2.jar:5.10.2]
	at org.junit.jupiter.engine.descriptor.ClassBasedTestDescriptor.lambda$instantiateAndPostProcessTestInstance$6(ClassBasedTestDescriptor.java:290) ~[junit-jupiter-engine-5.10.2.jar:5.10.2]
	at org.junit.platform.engine.support.hierarchical.ThrowableCollector.execute(ThrowableCollector.java:73) ~[junit-platform-engine-1.10.2.jar:1.10.2]
	at org.junit.jupiter.engine.descriptor.ClassBasedTestDescriptor.instantiateAndPostProcessTestInstance(ClassBasedTestDescriptor.java:289) ~[junit-jupiter-engine-5.10.2.jar:5.10.2]
	at org.junit.jupiter.engine.descriptor.ClassBasedTestDescriptor.lambda$testInstancesProvider$4(ClassBasedTestDescriptor.java:279) ~[junit-jupiter-engine-5.10.2.jar:5.10.2]
	at java.base/java.util.Optional.orElseGet(Optional.java:364) ~[na:na]
	at org.junit.jupiter.engine.descriptor.ClassBasedTestDescriptor.lambda$testInstancesProvider$5(ClassBasedTestDescriptor.java:278) ~[junit-jupiter-engine-5.10.2.jar:5.10.2]
	at org.junit.jupiter.engine.execution.TestInstancesProvider.getTestInstances(TestInstancesProvider.java:31) ~[junit-jupiter-engine-5.10.2.jar:5.10.2]
	at org.junit.jupiter.engine.descriptor.TestMethodTestDescriptor.lambda$prepare$0(TestMethodTestDescriptor.java:106) ~[junit-jupiter-engine-5.10.2.jar:5.10.2]
	at org.junit.platform.engine.support.hierarchical.ThrowableCollector.execute(ThrowableCollector.java:73) ~[junit-platform-engine-1.10.2.jar:1.10.2]
	at org.junit.jupiter.engine.descriptor.TestMethodTestDescriptor.prepare(TestMethodTestDescriptor.java:105) ~[junit-jupiter-engine-5.10.2.jar:5.10.2]
	at org.junit.jupiter.engine.descriptor.TestMethodTestDescriptor.prepare(TestMethodTestDescriptor.java:69) ~[junit-jupiter-engine-5.10.2.jar:5.10.2]
	at org.junit.platform.engine.support.hierarchical.NodeTestTask.lambda$prepare$2(NodeTestTask.java:123) ~[junit-platform-engine-1.10.2.jar:1.10.2]
	at org.junit.platform.engine.support.hierarchical.ThrowableCollector.execute(ThrowableCollector.java:73) ~[junit-platform-engine-1.10.2.jar:1.10.2]
	at org.junit.platform.engine.support.hierarchical.NodeTestTask.prepare(NodeTestTask.java:123) ~[junit-platform-engine-1.10.2.jar:1.10.2]
	at org.junit.platform.engine.support.hierarchical.NodeTestTask.execute(NodeTestTask.java:90) ~[junit-platform-engine-1.10.2.jar:1.10.2]
	at java.base/java.util.ArrayList.forEach(ArrayList.java:1596) ~[na:na]
	at org.junit.platform.engine.support.hierarchical.SameThreadHierarchicalTestExecutorService.invokeAll(SameThreadHierarchicalTestExecutorService.java:41) ~[junit-platform-engine-1.10.2.jar:1.10.2]
	at org.junit.platform.engine.support.hierarchical.NodeTestTask.lambda$executeRecursively$6(NodeTestTask.java:155) ~[junit-platform-engine-1.10.2.jar:1.10.2]
	at org.junit.platform.engine.support.hierarchical.ThrowableCollector.execute(ThrowableCollector.java:73) ~[junit-platform-engine-1.10.2.jar:1.10.2]
	at org.junit.platform.engine.support.hierarchical.NodeTestTask.lambda$executeRecursively$8(NodeTestTask.java:141) ~[junit-platform-engine-1.10.2.jar:1.10.2]
	at org.junit.platform.engine.support.hierarchical.Node.around(Node.java:137) ~[junit-platform-engine-1.10.2.jar:1.10.2]
	at org.junit.platform.engine.support.hierarchical.NodeTestTask.lambda$executeRecursively$9(NodeTestTask.java:139) ~[junit-platform-engine-1.10.2.jar:1.10.2]
	at org.junit.platform.engine.support.hierarchical.ThrowableCollector.execute(ThrowableCollector.java:73) ~[junit-platform-engine-1.10.2.jar:1.10.2]
	at org.junit.platform.engine.support.hierarchical.NodeTestTask.executeRecursively(NodeTestTask.java:138) ~[junit-platform-engine-1.10.2.jar:1.10.2]
	at org.junit.platform.engine.support.hierarchical.NodeTestTask.execute(NodeTestTask.java:95) ~[junit-platform-engine-1.10.2.jar:1.10.2]
	at java.base/java.util.ArrayList.forEach(ArrayList.java:1596) ~[na:na]
	at org.junit.platform.engine.support.hierarchical.SameThreadHierarchicalTestExecutorService.invokeAll(SameThreadHierarchicalTestExecutorService.java:41) ~[junit-platform-engine-1.10.2.jar:1.10.2]
	at org.junit.platform.engine.support.hierarchical.NodeTestTask.lambda$executeRecursively$6(NodeTestTask.java:155) ~[junit-platform-engine-1.10.2.jar:1.10.2]
	at org.junit.platform.engine.support.hierarchical.ThrowableCollector.execute(ThrowableCollector.java:73) ~[junit-platform-engine-1.10.2.jar:1.10.2]
	at org.junit.platform.engine.support.hierarchical.NodeTestTask.lambda$executeRecursively$8(NodeTestTask.java:141) ~[junit-platform-engine-1.10.2.jar:1.10.2]
	at org.junit.platform.engine.support.hierarchical.Node.around(Node.java:137) ~[junit-platform-engine-1.10.2.jar:1.10.2]
	at org.junit.platform.engine.support.hierarchical.NodeTestTask.lambda$executeRecursively$9(NodeTestTask.java:139) ~[junit-platform-engine-1.10.2.jar:1.10.2]
	at org.junit.platform.engine.support.hierarchical.ThrowableCollector.execute(ThrowableCollector.java:73) ~[junit-platform-engine-1.10.2.jar:1.10.2]
	at org.junit.platform.engine.support.hierarchical.NodeTestTask.executeRecursively(NodeTestTask.java:138) ~[junit-platform-engine-1.10.2.jar:1.10.2]
	at org.junit.platform.engine.support.hierarchical.NodeTestTask.execute(NodeTestTask.java:95) ~[junit-platform-engine-1.10.2.jar:1.10.2]
	at org.junit.platform.engine.support.hierarchical.SameThreadHierarchicalTestExecutorService.submit(SameThreadHierarchicalTestExecutorService.java:35) ~[junit-platform-engine-1.10.2.jar:1.10.2]
	at org.junit.platform.engine.support.hierarchical.HierarchicalTestExecutor.execute(HierarchicalTestExecutor.java:57) ~[junit-platform-engine-1.10.2.jar:1.10.2]
	at org.junit.platform.engine.support.hierarchical.HierarchicalTestEngine.execute(HierarchicalTestEngine.java:54) ~[junit-platform-engine-1.10.2.jar:1.10.2]
	at org.junit.platform.launcher.core.EngineExecutionOrchestrator.execute(EngineExecutionOrchestrator.java:198) ~[junit-platform-launcher-1.10.2.jar:1.10.2]
	at org.junit.platform.launcher.core.EngineExecutionOrchestrator.execute(EngineExecutionOrchestrator.java:169) ~[junit-platform-launcher-1.10.2.jar:1.10.2]
	at org.junit.platform.launcher.core.EngineExecutionOrchestrator.execute(EngineExecutionOrchestrator.java:93) ~[junit-platform-launcher-1.10.2.jar:1.10.2]
	at org.junit.platform.launcher.core.EngineExecutionOrchestrator.lambda$execute$0(EngineExecutionOrchestrator.java:58) ~[junit-platform-launcher-1.10.2.jar:1.10.2]
	at org.junit.platform.launcher.core.EngineExecutionOrchestrator.withInterceptedStreams(EngineExecutionOrchestrator.java:141) ~[junit-platform-launcher-1.10.2.jar:1.10.2]
	at org.junit.platform.launcher.core.EngineExecutionOrchestrator.execute(EngineExecutionOrchestrator.java:57) ~[junit-platform-launcher-1.10.2.jar:1.10.2]
	at org.junit.platform.launcher.core.DefaultLauncher.execute(DefaultLauncher.java:103) ~[junit-platform-launcher-1.10.2.jar:1.10.2]
	at org.junit.platform.launcher.core.DefaultLauncher.execute(DefaultLauncher.java:85) ~[junit-platform-launcher-1.10.2.jar:1.10.2]
	at org.junit.platform.launcher.core.DelegatingLauncher.execute(DelegatingLauncher.java:47) ~[junit-platform-launcher-1.10.2.jar:1.10.2]
	at org.apache.maven.surefire.junitplatform.LazyLauncher.execute(LazyLauncher.java:56) ~[surefire-junit-platform-3.1.2.jar:3.1.2]
	at org.apache.maven.surefire.junitplatform.JUnitPlatformProvider.execute(JUnitPlatformProvider.java:184) ~[surefire-junit-platform-3.1.2.jar:3.1.2]
	at org.apache.maven.surefire.junitplatform.JUnitPlatformProvider.invokeAllTests(JUnitPlatformProvider.java:148) ~[surefire-junit-platform-3.1.2.jar:3.1.2]
	at org.apache.maven.surefire.junitplatform.JUnitPlatformProvider.invoke(JUnitPlatformProvider.java:122) ~[surefire-junit-platform-3.1.2.jar:3.1.2]
	at org.apache.maven.surefire.booter.ForkedBooter.runSuitesInProcess(ForkedBooter.java:385) ~[surefire-booter-3.1.2.jar:3.1.2]
	at org.apache.maven.surefire.booter.ForkedBooter.execute(ForkedBooter.java:162) ~[surefire-booter-3.1.2.jar:3.1.2]
	at org.apache.maven.surefire.booter.ForkedBooter.run(ForkedBooter.java:507) ~[surefire-booter-3.1.2.jar:3.1.2]
	at org.apache.maven.surefire.booter.ForkedBooter.main(ForkedBooter.java:495) ~[surefire-booter-3.1.2.jar:3.1.2]

2025-04-16T10:34:27.515+02:00 DEBUG 5488 --- [           main] o.s.d.jpa.repository.query.NamedQuery    : Did not find named query Book.findByIsbnIgnoreCase
2025-04-16T10:34:27.515+02:00 DEBUG 5488 --- [           main] tor$SharedEntityManagerInvocationHandler : Creating new EntityManager for shared EntityManager invocation
2025-04-16T10:34:27.517+02:00 DEBUG 5488 --- [           main] o.s.d.jpa.repository.query.NamedQuery    : Looking up named query Book.findByTitleContains
2025-04-16T10:34:27.518+02:00 DEBUG 5488 --- [           main] cResourceLocalTransactionCoordinatorImpl : JDBC transaction marked for rollback-only (exception provided for stack trace)

java.lang.Exception: exception just for purpose of providing stack trace
	at org.hibernate.resource.transaction.backend.jdbc.internal.JdbcResourceLocalTransactionCoordinatorImpl$TransactionDriverControlImpl.markRollbackOnly(JdbcResourceLocalTransactionCoordinatorImpl.java:310) ~[hibernate-core-6.4.4.Final.jar:6.4.4.Final]
	at org.hibernate.internal.AbstractSharedSessionContract.buildNamedQuery(AbstractSharedSessionContract.java:1097) ~[hibernate-core-6.4.4.Final.jar:6.4.4.Final]
	at org.hibernate.internal.AbstractSharedSessionContract.createNamedQuery(AbstractSharedSessionContract.java:975) ~[hibernate-core-6.4.4.Final.jar:6.4.4.Final]
	at org.hibernate.internal.AbstractSharedSessionContract.createNamedQuery(AbstractSharedSessionContract.java:136) ~[hibernate-core-6.4.4.Final.jar:6.4.4.Final]
	at java.base/jdk.internal.reflect.DirectMethodHandleAccessor.invoke(DirectMethodHandleAccessor.java:103) ~[na:na]
	at java.base/java.lang.reflect.Method.invoke(Method.java:580) ~[na:na]
	at org.springframework.orm.jpa.ExtendedEntityManagerCreator$ExtendedEntityManagerInvocationHandler.invoke(ExtendedEntityManagerCreator.java:364) ~[spring-orm-6.1.4.jar:6.1.4]
	at jdk.proxy2/jdk.proxy2.$Proxy106.createNamedQuery(Unknown Source) ~[na:na]
	at org.springframework.data.jpa.repository.query.NamedQuery.hasNamedQuery(NamedQuery.java:113) ~[spring-data-jpa-3.2.3.jar:3.2.3]
	at org.springframework.data.jpa.repository.query.NamedQuery.lookupFrom(NamedQuery.java:141) ~[spring-data-jpa-3.2.3.jar:3.2.3]
	at org.springframework.data.jpa.repository.query.JpaQueryLookupStrategy$DeclaredQueryLookupStrategy.resolveQuery(JpaQueryLookupStrategy.java:180) ~[spring-data-jpa-3.2.3.jar:3.2.3]
	at org.springframework.data.jpa.repository.query.JpaQueryLookupStrategy$CreateIfNotFoundQueryLookupStrategy.resolveQuery(JpaQueryLookupStrategy.java:252) ~[spring-data-jpa-3.2.3.jar:3.2.3]
	at org.springframework.data.jpa.repository.query.JpaQueryLookupStrategy$AbstractQueryLookupStrategy.resolveQuery(JpaQueryLookupStrategy.java:95) ~[spring-data-jpa-3.2.3.jar:3.2.3]
	at org.springframework.data.repository.core.support.QueryExecutorMethodInterceptor.lookupQuery(QueryExecutorMethodInterceptor.java:111) ~[spring-data-commons-3.2.3.jar:3.2.3]
	at org.springframework.data.repository.core.support.QueryExecutorMethodInterceptor.mapMethodsToQuery(QueryExecutorMethodInterceptor.java:99) ~[spring-data-commons-3.2.3.jar:3.2.3]
	at org.springframework.data.repository.core.support.QueryExecutorMethodInterceptor.lambda$new$0(QueryExecutorMethodInterceptor.java:88) ~[spring-data-commons-3.2.3.jar:3.2.3]
	at java.base/java.util.Optional.map(Optional.java:260) ~[na:na]
	at org.springframework.data.repository.core.support.QueryExecutorMethodInterceptor.<init>(QueryExecutorMethodInterceptor.java:88) ~[spring-data-commons-3.2.3.jar:3.2.3]
	at org.springframework.data.repository.core.support.RepositoryFactorySupport.getRepository(RepositoryFactorySupport.java:357) ~[spring-data-commons-3.2.3.jar:3.2.3]
	at org.springframework.data.repository.core.support.RepositoryFactoryBeanSupport.lambda$afterPropertiesSet$5(RepositoryFactoryBeanSupport.java:279) ~[spring-data-commons-3.2.3.jar:3.2.3]
	at org.springframework.data.util.Lazy.getNullable(Lazy.java:135) ~[spring-data-commons-3.2.3.jar:3.2.3]
	at org.springframework.data.util.Lazy.get(Lazy.java:113) ~[spring-data-commons-3.2.3.jar:3.2.3]
	at org.springframework.data.repository.core.support.RepositoryFactoryBeanSupport.afterPropertiesSet(RepositoryFactoryBeanSupport.java:285) ~[spring-data-commons-3.2.3.jar:3.2.3]
	at org.springframework.data.jpa.repository.support.JpaRepositoryFactoryBean.afterPropertiesSet(JpaRepositoryFactoryBean.java:132) ~[spring-data-jpa-3.2.3.jar:3.2.3]
	at org.springframework.beans.factory.support.AbstractAutowireCapableBeanFactory.invokeInitMethods(AbstractAutowireCapableBeanFactory.java:1833) ~[spring-beans-6.1.4.jar:6.1.4]
	at org.springframework.beans.factory.support.AbstractAutowireCapableBeanFactory.initializeBean(AbstractAutowireCapableBeanFactory.java:1782) ~[spring-beans-6.1.4.jar:6.1.4]
	at org.springframework.beans.factory.support.AbstractAutowireCapableBeanFactory.doCreateBean(AbstractAutowireCapableBeanFactory.java:600) ~[spring-beans-6.1.4.jar:6.1.4]
	at org.springframework.beans.factory.support.AbstractAutowireCapableBeanFactory.createBean(AbstractAutowireCapableBeanFactory.java:522) ~[spring-beans-6.1.4.jar:6.1.4]
	at org.springframework.beans.factory.support.AbstractBeanFactory.lambda$doGetBean$0(AbstractBeanFactory.java:325) ~[spring-beans-6.1.4.jar:6.1.4]
	at org.springframework.beans.factory.support.DefaultSingletonBeanRegistry.getSingleton(DefaultSingletonBeanRegistry.java:234) ~[spring-beans-6.1.4.jar:6.1.4]
	at org.springframework.beans.factory.support.AbstractBeanFactory.doGetBean(AbstractBeanFactory.java:323) ~[spring-beans-6.1.4.jar:6.1.4]
	at org.springframework.beans.factory.support.AbstractBeanFactory.getBean(AbstractBeanFactory.java:199) ~[spring-beans-6.1.4.jar:6.1.4]
	at org.springframework.beans.factory.config.DependencyDescriptor.resolveCandidate(DependencyDescriptor.java:254) ~[spring-beans-6.1.4.jar:6.1.4]
	at org.springframework.beans.factory.support.DefaultListableBeanFactory.doResolveDependency(DefaultListableBeanFactory.java:1443) ~[spring-beans-6.1.4.jar:6.1.4]
	at org.springframework.beans.factory.support.DefaultListableBeanFactory.resolveDependency(DefaultListableBeanFactory.java:1353) ~[spring-beans-6.1.4.jar:6.1.4]
	at org.springframework.beans.factory.support.ConstructorResolver.resolveAutowiredArgument(ConstructorResolver.java:907) ~[spring-beans-6.1.4.jar:6.1.4]
	at org.springframework.beans.factory.support.ConstructorResolver.createArgumentArray(ConstructorResolver.java:785) ~[spring-beans-6.1.4.jar:6.1.4]
	at org.springframework.beans.factory.support.ConstructorResolver.instantiateUsingFactoryMethod(ConstructorResolver.java:542) ~[spring-beans-6.1.4.jar:6.1.4]
	at org.springframework.beans.factory.support.AbstractAutowireCapableBeanFactory.instantiateUsingFactoryMethod(AbstractAutowireCapableBeanFactory.java:1335) ~[spring-beans-6.1.4.jar:6.1.4]
	at org.springframework.beans.factory.support.AbstractAutowireCapableBeanFactory.createBeanInstance(AbstractAutowireCapableBeanFactory.java:1165) ~[spring-beans-6.1.4.jar:6.1.4]
	at org.springframework.beans.factory.support.AbstractAutowireCapableBeanFactory.doCreateBean(AbstractAutowireCapableBeanFactory.java:562) ~[spring-beans-6.1.4.jar:6.1.4]
	at org.springframework.beans.factory.support.AbstractAutowireCapableBeanFactory.createBean(AbstractAutowireCapableBeanFactory.java:522) ~[spring-beans-6.1.4.jar:6.1.4]
	at org.springframework.beans.factory.support.AbstractBeanFactory.lambda$doGetBean$0(AbstractBeanFactory.java:325) ~[spring-beans-6.1.4.jar:6.1.4]
	at org.springframework.beans.factory.support.DefaultSingletonBeanRegistry.getSingleton(DefaultSingletonBeanRegistry.java:234) ~[spring-beans-6.1.4.jar:6.1.4]
	at org.springframework.beans.factory.support.AbstractBeanFactory.doGetBean(AbstractBeanFactory.java:323) ~[spring-beans-6.1.4.jar:6.1.4]
	at org.springframework.beans.factory.support.AbstractBeanFactory.getBean(AbstractBeanFactory.java:199) ~[spring-beans-6.1.4.jar:6.1.4]
	at org.springframework.beans.factory.support.DefaultListableBeanFactory.preInstantiateSingletons(DefaultListableBeanFactory.java:975) ~[spring-beans-6.1.4.jar:6.1.4]
	at org.springframework.context.support.AbstractApplicationContext.finishBeanFactoryInitialization(AbstractApplicationContext.java:959) ~[spring-context-6.1.4.jar:6.1.4]
	at org.springframework.context.support.AbstractApplicationContext.refresh(AbstractApplicationContext.java:624) ~[spring-context-6.1.4.jar:6.1.4]
	at org.springframework.boot.SpringApplication.refresh(SpringApplication.java:754) ~[spring-boot-3.2.3.jar:3.2.3]
	at org.springframework.boot.SpringApplication.refreshContext(SpringApplication.java:456) ~[spring-boot-3.2.3.jar:3.2.3]
	at org.springframework.boot.SpringApplication.run(SpringApplication.java:334) ~[spring-boot-3.2.3.jar:3.2.3]
	at org.springframework.boot.test.context.SpringBootContextLoader.lambda$loadContext$3(SpringBootContextLoader.java:137) ~[spring-boot-test-3.2.3.jar:3.2.3]
	at org.springframework.util.function.ThrowingSupplier.get(ThrowingSupplier.java:58) ~[spring-core-6.1.4.jar:6.1.4]
	at org.springframework.util.function.ThrowingSupplier.get(ThrowingSupplier.java:46) ~[spring-core-6.1.4.jar:6.1.4]
	at org.springframework.boot.SpringApplication.withHook(SpringApplication.java:1454) ~[spring-boot-3.2.3.jar:3.2.3]
	at org.springframework.boot.test.context.SpringBootContextLoader$ContextLoaderHook.run(SpringBootContextLoader.java:553) ~[spring-boot-test-3.2.3.jar:3.2.3]
	at org.springframework.boot.test.context.SpringBootContextLoader.loadContext(SpringBootContextLoader.java:137) ~[spring-boot-test-3.2.3.jar:3.2.3]
	at org.springframework.boot.test.context.SpringBootContextLoader.loadContext(SpringBootContextLoader.java:108) ~[spring-boot-test-3.2.3.jar:3.2.3]
	at org.springframework.test.context.cache.DefaultCacheAwareContextLoaderDelegate.loadContextInternal(DefaultCacheAwareContextLoaderDelegate.java:225) ~[spring-test-6.1.4.jar:6.1.4]
	at org.springframework.test.context.cache.DefaultCacheAwareContextLoaderDelegate.loadContext(DefaultCacheAwareContextLoaderDelegate.java:152) ~[spring-test-6.1.4.jar:6.1.4]
	at org.springframework.test.context.support.DefaultTestContext.getApplicationContext(DefaultTestContext.java:130) ~[spring-test-6.1.4.jar:6.1.4]
	at org.springframework.test.context.support.DependencyInjectionTestExecutionListener.injectDependencies(DependencyInjectionTestExecutionListener.java:142) ~[spring-test-6.1.4.jar:6.1.4]
	at org.springframework.test.context.support.DependencyInjectionTestExecutionListener.prepareTestInstance(DependencyInjectionTestExecutionListener.java:98) ~[spring-test-6.1.4.jar:6.1.4]
	at org.springframework.test.context.TestContextManager.prepareTestInstance(TestContextManager.java:260) ~[spring-test-6.1.4.jar:6.1.4]
	at org.springframework.test.context.junit.jupiter.SpringExtension.postProcessTestInstance(SpringExtension.java:163) ~[spring-test-6.1.4.jar:6.1.4]
	at org.junit.jupiter.engine.descriptor.ClassBasedTestDescriptor.lambda$invokeTestInstancePostProcessors$10(ClassBasedTestDescriptor.java:378) ~[junit-jupiter-engine-5.10.2.jar:5.10.2]
	at org.junit.jupiter.engine.descriptor.ClassBasedTestDescriptor.executeAndMaskThrowable(ClassBasedTestDescriptor.java:383) ~[junit-jupiter-engine-5.10.2.jar:5.10.2]
	at org.junit.jupiter.engine.descriptor.ClassBasedTestDescriptor.lambda$invokeTestInstancePostProcessors$11(ClassBasedTestDescriptor.java:378) ~[junit-jupiter-engine-5.10.2.jar:5.10.2]
	at java.base/java.util.stream.ReferencePipeline$3$1.accept(ReferencePipeline.java:197) ~[na:na]
	at java.base/java.util.stream.ReferencePipeline$2$1.accept(ReferencePipeline.java:179) ~[na:na]
	at java.base/java.util.ArrayList$ArrayListSpliterator.forEachRemaining(ArrayList.java:1708) ~[na:na]
	at java.base/java.util.stream.AbstractPipeline.copyInto(AbstractPipeline.java:509) ~[na:na]
	at java.base/java.util.stream.AbstractPipeline.wrapAndCopyInto(AbstractPipeline.java:499) ~[na:na]
	at java.base/java.util.stream.StreamSpliterators$WrappingSpliterator.forEachRemaining(StreamSpliterators.java:310) ~[na:na]
	at java.base/java.util.stream.Streams$ConcatSpliterator.forEachRemaining(Streams.java:735) ~[na:na]
	at java.base/java.util.stream.Streams$ConcatSpliterator.forEachRemaining(Streams.java:734) ~[na:na]
	at java.base/java.util.stream.ReferencePipeline$Head.forEach(ReferencePipeline.java:762) ~[na:na]
	at org.junit.jupiter.engine.descriptor.ClassBasedTestDescriptor.invokeTestInstancePostProcessors(ClassBasedTestDescriptor.java:377) ~[junit-jupiter-engine-5.10.2.jar:5.10.2]
	at org.junit.jupiter.engine.descriptor.ClassBasedTestDescriptor.lambda$instantiateAndPostProcessTestInstance$6(ClassBasedTestDescriptor.java:290) ~[junit-jupiter-engine-5.10.2.jar:5.10.2]
	at org.junit.platform.engine.support.hierarchical.ThrowableCollector.execute(ThrowableCollector.java:73) ~[junit-platform-engine-1.10.2.jar:1.10.2]
	at org.junit.jupiter.engine.descriptor.ClassBasedTestDescriptor.instantiateAndPostProcessTestInstance(ClassBasedTestDescriptor.java:289) ~[junit-jupiter-engine-5.10.2.jar:5.10.2]
	at org.junit.jupiter.engine.descriptor.ClassBasedTestDescriptor.lambda$testInstancesProvider$4(ClassBasedTestDescriptor.java:279) ~[junit-jupiter-engine-5.10.2.jar:5.10.2]
	at java.base/java.util.Optional.orElseGet(Optional.java:364) ~[na:na]
	at org.junit.jupiter.engine.descriptor.ClassBasedTestDescriptor.lambda$testInstancesProvider$5(ClassBasedTestDescriptor.java:278) ~[junit-jupiter-engine-5.10.2.jar:5.10.2]
	at org.junit.jupiter.engine.execution.TestInstancesProvider.getTestInstances(TestInstancesProvider.java:31) ~[junit-jupiter-engine-5.10.2.jar:5.10.2]
	at org.junit.jupiter.engine.descriptor.TestMethodTestDescriptor.lambda$prepare$0(TestMethodTestDescriptor.java:106) ~[junit-jupiter-engine-5.10.2.jar:5.10.2]
	at org.junit.platform.engine.support.hierarchical.ThrowableCollector.execute(ThrowableCollector.java:73) ~[junit-platform-engine-1.10.2.jar:1.10.2]
	at org.junit.jupiter.engine.descriptor.TestMethodTestDescriptor.prepare(TestMethodTestDescriptor.java:105) ~[junit-jupiter-engine-5.10.2.jar:5.10.2]
	at org.junit.jupiter.engine.descriptor.TestMethodTestDescriptor.prepare(TestMethodTestDescriptor.java:69) ~[junit-jupiter-engine-5.10.2.jar:5.10.2]
	at org.junit.platform.engine.support.hierarchical.NodeTestTask.lambda$prepare$2(NodeTestTask.java:123) ~[junit-platform-engine-1.10.2.jar:1.10.2]
	at org.junit.platform.engine.support.hierarchical.ThrowableCollector.execute(ThrowableCollector.java:73) ~[junit-platform-engine-1.10.2.jar:1.10.2]
	at org.junit.platform.engine.support.hierarchical.NodeTestTask.prepare(NodeTestTask.java:123) ~[junit-platform-engine-1.10.2.jar:1.10.2]
	at org.junit.platform.engine.support.hierarchical.NodeTestTask.execute(NodeTestTask.java:90) ~[junit-platform-engine-1.10.2.jar:1.10.2]
	at java.base/java.util.ArrayList.forEach(ArrayList.java:1596) ~[na:na]
	at org.junit.platform.engine.support.hierarchical.SameThreadHierarchicalTestExecutorService.invokeAll(SameThreadHierarchicalTestExecutorService.java:41) ~[junit-platform-engine-1.10.2.jar:1.10.2]
	at org.junit.platform.engine.support.hierarchical.NodeTestTask.lambda$executeRecursively$6(NodeTestTask.java:155) ~[junit-platform-engine-1.10.2.jar:1.10.2]
	at org.junit.platform.engine.support.hierarchical.ThrowableCollector.execute(ThrowableCollector.java:73) ~[junit-platform-engine-1.10.2.jar:1.10.2]
	at org.junit.platform.engine.support.hierarchical.NodeTestTask.lambda$executeRecursively$8(NodeTestTask.java:141) ~[junit-platform-engine-1.10.2.jar:1.10.2]
	at org.junit.platform.engine.support.hierarchical.Node.around(Node.java:137) ~[junit-platform-engine-1.10.2.jar:1.10.2]
	at org.junit.platform.engine.support.hierarchical.NodeTestTask.lambda$executeRecursively$9(NodeTestTask.java:139) ~[junit-platform-engine-1.10.2.jar:1.10.2]
	at org.junit.platform.engine.support.hierarchical.ThrowableCollector.execute(ThrowableCollector.java:73) ~[junit-platform-engine-1.10.2.jar:1.10.2]
	at org.junit.platform.engine.support.hierarchical.NodeTestTask.executeRecursively(NodeTestTask.java:138) ~[junit-platform-engine-1.10.2.jar:1.10.2]
	at org.junit.platform.engine.support.hierarchical.NodeTestTask.execute(NodeTestTask.java:95) ~[junit-platform-engine-1.10.2.jar:1.10.2]
	at java.base/java.util.ArrayList.forEach(ArrayList.java:1596) ~[na:na]
	at org.junit.platform.engine.support.hierarchical.SameThreadHierarchicalTestExecutorService.invokeAll(SameThreadHierarchicalTestExecutorService.java:41) ~[junit-platform-engine-1.10.2.jar:1.10.2]
	at org.junit.platform.engine.support.hierarchical.NodeTestTask.lambda$executeRecursively$6(NodeTestTask.java:155) ~[junit-platform-engine-1.10.2.jar:1.10.2]
	at org.junit.platform.engine.support.hierarchical.ThrowableCollector.execute(ThrowableCollector.java:73) ~[junit-platform-engine-1.10.2.jar:1.10.2]
	at org.junit.platform.engine.support.hierarchical.NodeTestTask.lambda$executeRecursively$8(NodeTestTask.java:141) ~[junit-platform-engine-1.10.2.jar:1.10.2]
	at org.junit.platform.engine.support.hierarchical.Node.around(Node.java:137) ~[junit-platform-engine-1.10.2.jar:1.10.2]
	at org.junit.platform.engine.support.hierarchical.NodeTestTask.lambda$executeRecursively$9(NodeTestTask.java:139) ~[junit-platform-engine-1.10.2.jar:1.10.2]
	at org.junit.platform.engine.support.hierarchical.ThrowableCollector.execute(ThrowableCollector.java:73) ~[junit-platform-engine-1.10.2.jar:1.10.2]
	at org.junit.platform.engine.support.hierarchical.NodeTestTask.executeRecursively(NodeTestTask.java:138) ~[junit-platform-engine-1.10.2.jar:1.10.2]
	at org.junit.platform.engine.support.hierarchical.NodeTestTask.execute(NodeTestTask.java:95) ~[junit-platform-engine-1.10.2.jar:1.10.2]
	at org.junit.platform.engine.support.hierarchical.SameThreadHierarchicalTestExecutorService.submit(SameThreadHierarchicalTestExecutorService.java:35) ~[junit-platform-engine-1.10.2.jar:1.10.2]
	at org.junit.platform.engine.support.hierarchical.HierarchicalTestExecutor.execute(HierarchicalTestExecutor.java:57) ~[junit-platform-engine-1.10.2.jar:1.10.2]
	at org.junit.platform.engine.support.hierarchical.HierarchicalTestEngine.execute(HierarchicalTestEngine.java:54) ~[junit-platform-engine-1.10.2.jar:1.10.2]
	at org.junit.platform.launcher.core.EngineExecutionOrchestrator.execute(EngineExecutionOrchestrator.java:198) ~[junit-platform-launcher-1.10.2.jar:1.10.2]
	at org.junit.platform.launcher.core.EngineExecutionOrchestrator.execute(EngineExecutionOrchestrator.java:169) ~[junit-platform-launcher-1.10.2.jar:1.10.2]
	at org.junit.platform.launcher.core.EngineExecutionOrchestrator.execute(EngineExecutionOrchestrator.java:93) ~[junit-platform-launcher-1.10.2.jar:1.10.2]
	at org.junit.platform.launcher.core.EngineExecutionOrchestrator.lambda$execute$0(EngineExecutionOrchestrator.java:58) ~[junit-platform-launcher-1.10.2.jar:1.10.2]
	at org.junit.platform.launcher.core.EngineExecutionOrchestrator.withInterceptedStreams(EngineExecutionOrchestrator.java:141) ~[junit-platform-launcher-1.10.2.jar:1.10.2]
	at org.junit.platform.launcher.core.EngineExecutionOrchestrator.execute(EngineExecutionOrchestrator.java:57) ~[junit-platform-launcher-1.10.2.jar:1.10.2]
	at org.junit.platform.launcher.core.DefaultLauncher.execute(DefaultLauncher.java:103) ~[junit-platform-launcher-1.10.2.jar:1.10.2]
	at org.junit.platform.launcher.core.DefaultLauncher.execute(DefaultLauncher.java:85) ~[junit-platform-launcher-1.10.2.jar:1.10.2]
	at org.junit.platform.launcher.core.DelegatingLauncher.execute(DelegatingLauncher.java:47) ~[junit-platform-launcher-1.10.2.jar:1.10.2]
	at org.apache.maven.surefire.junitplatform.LazyLauncher.execute(LazyLauncher.java:56) ~[surefire-junit-platform-3.1.2.jar:3.1.2]
	at org.apache.maven.surefire.junitplatform.JUnitPlatformProvider.execute(JUnitPlatformProvider.java:184) ~[surefire-junit-platform-3.1.2.jar:3.1.2]
	at org.apache.maven.surefire.junitplatform.JUnitPlatformProvider.invokeAllTests(JUnitPlatformProvider.java:148) ~[surefire-junit-platform-3.1.2.jar:3.1.2]
	at org.apache.maven.surefire.junitplatform.JUnitPlatformProvider.invoke(JUnitPlatformProvider.java:122) ~[surefire-junit-platform-3.1.2.jar:3.1.2]
	at org.apache.maven.surefire.booter.ForkedBooter.runSuitesInProcess(ForkedBooter.java:385) ~[surefire-booter-3.1.2.jar:3.1.2]
	at org.apache.maven.surefire.booter.ForkedBooter.execute(ForkedBooter.java:162) ~[surefire-booter-3.1.2.jar:3.1.2]
	at org.apache.maven.surefire.booter.ForkedBooter.run(ForkedBooter.java:507) ~[surefire-booter-3.1.2.jar:3.1.2]
	at org.apache.maven.surefire.booter.ForkedBooter.main(ForkedBooter.java:495) ~[surefire-booter-3.1.2.jar:3.1.2]

2025-04-16T10:34:27.519+02:00 DEBUG 5488 --- [           main] o.s.d.jpa.repository.query.NamedQuery    : Did not find named query Book.findByTitleContains
2025-04-16T10:34:27.519+02:00 DEBUG 5488 --- [           main] tor$SharedEntityManagerInvocationHandler : Creating new EntityManager for shared EntityManager invocation
2025-04-16T10:34:27.523+02:00 DEBUG 5488 --- [           main] o.s.d.r.c.s.RepositoryFactorySupport     : Finished creation of repository instance for com.lexicon.springws.repository.BookRepository.
2025-04-16T10:34:27.523+02:00 DEBUG 5488 --- [           main] o.s.b.f.s.DefaultListableBeanFactory     : Creating shared instance of singleton bean 'appUserRepository'
2025-04-16T10:34:27.524+02:00 DEBUG 5488 --- [           main] o.s.b.f.s.DefaultListableBeanFactory     : Creating shared instance of singleton bean 'jpa.named-queries#1'
2025-04-16T10:34:27.525+02:00 DEBUG 5488 --- [           main] o.s.b.f.s.DefaultListableBeanFactory     : Creating shared instance of singleton bean 'jpa.AppUserRepository.fragments#0'
2025-04-16T10:34:27.525+02:00 DEBUG 5488 --- [           main] tor$SharedEntityManagerInvocationHandler : Creating new EntityManager for shared EntityManager invocation
2025-04-16T10:34:27.526+02:00 DEBUG 5488 --- [           main] o.s.d.r.c.s.RepositoryFactorySupport     : Initializing repository instance for com.lexicon.springws.repository.AppUserRepository…
2025-04-16T10:34:27.526+02:00 DEBUG 5488 --- [           main] tor$SharedEntityManagerInvocationHandler : Creating new EntityManager for shared EntityManager invocation
2025-04-16T10:34:27.538+02:00 DEBUG 5488 --- [           main] o.s.d.jpa.repository.query.NamedQuery    : Looking up named query AppUser.findByUsername
2025-04-16T10:34:27.539+02:00 DEBUG 5488 --- [           main] cResourceLocalTransactionCoordinatorImpl : JDBC transaction marked for rollback-only (exception provided for stack trace)

java.lang.Exception: exception just for purpose of providing stack trace
	at org.hibernate.resource.transaction.backend.jdbc.internal.JdbcResourceLocalTransactionCoordinatorImpl$TransactionDriverControlImpl.markRollbackOnly(JdbcResourceLocalTransactionCoordinatorImpl.java:310) ~[hibernate-core-6.4.4.Final.jar:6.4.4.Final]
	at org.hibernate.internal.AbstractSharedSessionContract.buildNamedQuery(AbstractSharedSessionContract.java:1097) ~[hibernate-core-6.4.4.Final.jar:6.4.4.Final]
	at org.hibernate.internal.AbstractSharedSessionContract.createNamedQuery(AbstractSharedSessionContract.java:975) ~[hibernate-core-6.4.4.Final.jar:6.4.4.Final]
	at org.hibernate.internal.AbstractSharedSessionContract.createNamedQuery(AbstractSharedSessionContract.java:136) ~[hibernate-core-6.4.4.Final.jar:6.4.4.Final]
	at java.base/jdk.internal.reflect.DirectMethodHandleAccessor.invoke(DirectMethodHandleAccessor.java:103) ~[na:na]
	at java.base/java.lang.reflect.Method.invoke(Method.java:580) ~[na:na]
	at org.springframework.orm.jpa.ExtendedEntityManagerCreator$ExtendedEntityManagerInvocationHandler.invoke(ExtendedEntityManagerCreator.java:364) ~[spring-orm-6.1.4.jar:6.1.4]
	at jdk.proxy2/jdk.proxy2.$Proxy106.createNamedQuery(Unknown Source) ~[na:na]
	at org.springframework.data.jpa.repository.query.NamedQuery.hasNamedQuery(NamedQuery.java:113) ~[spring-data-jpa-3.2.3.jar:3.2.3]
	at org.springframework.data.jpa.repository.query.NamedQuery.lookupFrom(NamedQuery.java:141) ~[spring-data-jpa-3.2.3.jar:3.2.3]
	at org.springframework.data.jpa.repository.query.JpaQueryLookupStrategy$DeclaredQueryLookupStrategy.resolveQuery(JpaQueryLookupStrategy.java:180) ~[spring-data-jpa-3.2.3.jar:3.2.3]
	at org.springframework.data.jpa.repository.query.JpaQueryLookupStrategy$CreateIfNotFoundQueryLookupStrategy.resolveQuery(JpaQueryLookupStrategy.java:252) ~[spring-data-jpa-3.2.3.jar:3.2.3]
	at org.springframework.data.jpa.repository.query.JpaQueryLookupStrategy$AbstractQueryLookupStrategy.resolveQuery(JpaQueryLookupStrategy.java:95) ~[spring-data-jpa-3.2.3.jar:3.2.3]
	at org.springframework.data.repository.core.support.QueryExecutorMethodInterceptor.lookupQuery(QueryExecutorMethodInterceptor.java:111) ~[spring-data-commons-3.2.3.jar:3.2.3]
	at org.springframework.data.repository.core.support.QueryExecutorMethodInterceptor.mapMethodsToQuery(QueryExecutorMethodInterceptor.java:99) ~[spring-data-commons-3.2.3.jar:3.2.3]
	at org.springframework.data.repository.core.support.QueryExecutorMethodInterceptor.lambda$new$0(QueryExecutorMethodInterceptor.java:88) ~[spring-data-commons-3.2.3.jar:3.2.3]
	at java.base/java.util.Optional.map(Optional.java:260) ~[na:na]
	at org.springframework.data.repository.core.support.QueryExecutorMethodInterceptor.<init>(QueryExecutorMethodInterceptor.java:88) ~[spring-data-commons-3.2.3.jar:3.2.3]
	at org.springframework.data.repository.core.support.RepositoryFactorySupport.getRepository(RepositoryFactorySupport.java:357) ~[spring-data-commons-3.2.3.jar:3.2.3]
	at org.springframework.data.repository.core.support.RepositoryFactoryBeanSupport.lambda$afterPropertiesSet$5(RepositoryFactoryBeanSupport.java:279) ~[spring-data-commons-3.2.3.jar:3.2.3]
	at org.springframework.data.util.Lazy.getNullable(Lazy.java:135) ~[spring-data-commons-3.2.3.jar:3.2.3]
	at org.springframework.data.util.Lazy.get(Lazy.java:113) ~[spring-data-commons-3.2.3.jar:3.2.3]
	at org.springframework.data.repository.core.support.RepositoryFactoryBeanSupport.afterPropertiesSet(RepositoryFactoryBeanSupport.java:285) ~[spring-data-commons-3.2.3.jar:3.2.3]
	at org.springframework.data.jpa.repository.support.JpaRepositoryFactoryBean.afterPropertiesSet(JpaRepositoryFactoryBean.java:132) ~[spring-data-jpa-3.2.3.jar:3.2.3]
	at org.springframework.beans.factory.support.AbstractAutowireCapableBeanFactory.invokeInitMethods(AbstractAutowireCapableBeanFactory.java:1833) ~[spring-beans-6.1.4.jar:6.1.4]
	at org.springframework.beans.factory.support.AbstractAutowireCapableBeanFactory.initializeBean(AbstractAutowireCapableBeanFactory.java:1782) ~[spring-beans-6.1.4.jar:6.1.4]
	at org.springframework.beans.factory.support.AbstractAutowireCapableBeanFactory.doCreateBean(AbstractAutowireCapableBeanFactory.java:600) ~[spring-beans-6.1.4.jar:6.1.4]
	at org.springframework.beans.factory.support.AbstractAutowireCapableBeanFactory.createBean(AbstractAutowireCapableBeanFactory.java:522) ~[spring-beans-6.1.4.jar:6.1.4]
	at org.springframework.beans.factory.support.AbstractBeanFactory.lambda$doGetBean$0(AbstractBeanFactory.java:325) ~[spring-beans-6.1.4.jar:6.1.4]
	at org.springframework.beans.factory.support.DefaultSingletonBeanRegistry.getSingleton(DefaultSingletonBeanRegistry.java:234) ~[spring-beans-6.1.4.jar:6.1.4]
	at org.springframework.beans.factory.support.AbstractBeanFactory.doGetBean(AbstractBeanFactory.java:323) ~[spring-beans-6.1.4.jar:6.1.4]
	at org.springframework.beans.factory.support.AbstractBeanFactory.getBean(AbstractBeanFactory.java:199) ~[spring-beans-6.1.4.jar:6.1.4]
	at org.springframework.beans.factory.config.DependencyDescriptor.resolveCandidate(DependencyDescriptor.java:254) ~[spring-beans-6.1.4.jar:6.1.4]
	at org.springframework.beans.factory.support.DefaultListableBeanFactory.doResolveDependency(DefaultListableBeanFactory.java:1443) ~[spring-beans-6.1.4.jar:6.1.4]
	at org.springframework.beans.factory.support.DefaultListableBeanFactory.resolveDependency(DefaultListableBeanFactory.java:1353) ~[spring-beans-6.1.4.jar:6.1.4]
	at org.springframework.beans.factory.support.ConstructorResolver.resolveAutowiredArgument(ConstructorResolver.java:907) ~[spring-beans-6.1.4.jar:6.1.4]
	at org.springframework.beans.factory.support.ConstructorResolver.createArgumentArray(ConstructorResolver.java:785) ~[spring-beans-6.1.4.jar:6.1.4]
	at org.springframework.beans.factory.support.ConstructorResolver.instantiateUsingFactoryMethod(ConstructorResolver.java:542) ~[spring-beans-6.1.4.jar:6.1.4]
	at org.springframework.beans.factory.support.AbstractAutowireCapableBeanFactory.instantiateUsingFactoryMethod(AbstractAutowireCapableBeanFactory.java:1335) ~[spring-beans-6.1.4.jar:6.1.4]
	at org.springframework.beans.factory.support.AbstractAutowireCapableBeanFactory.createBeanInstance(AbstractAutowireCapableBeanFactory.java:1165) ~[spring-beans-6.1.4.jar:6.1.4]
	at org.springframework.beans.factory.support.AbstractAutowireCapableBeanFactory.doCreateBean(AbstractAutowireCapableBeanFactory.java:562) ~[spring-beans-6.1.4.jar:6.1.4]
	at org.springframework.beans.factory.support.AbstractAutowireCapableBeanFactory.createBean(AbstractAutowireCapableBeanFactory.java:522) ~[spring-beans-6.1.4.jar:6.1.4]
	at org.springframework.beans.factory.support.AbstractBeanFactory.lambda$doGetBean$0(AbstractBeanFactory.java:325) ~[spring-beans-6.1.4.jar:6.1.4]
	at org.springframework.beans.factory.support.DefaultSingletonBeanRegistry.getSingleton(DefaultSingletonBeanRegistry.java:234) ~[spring-beans-6.1.4.jar:6.1.4]
	at org.springframework.beans.factory.support.AbstractBeanFactory.doGetBean(AbstractBeanFactory.java:323) ~[spring-beans-6.1.4.jar:6.1.4]
	at org.springframework.beans.factory.support.AbstractBeanFactory.getBean(AbstractBeanFactory.java:199) ~[spring-beans-6.1.4.jar:6.1.4]
	at org.springframework.beans.factory.support.DefaultListableBeanFactory.preInstantiateSingletons(DefaultListableBeanFactory.java:975) ~[spring-beans-6.1.4.jar:6.1.4]
	at org.springframework.context.support.AbstractApplicationContext.finishBeanFactoryInitialization(AbstractApplicationContext.java:959) ~[spring-context-6.1.4.jar:6.1.4]
	at org.springframework.context.support.AbstractApplicationContext.refresh(AbstractApplicationContext.java:624) ~[spring-context-6.1.4.jar:6.1.4]
	at org.springframework.boot.SpringApplication.refresh(SpringApplication.java:754) ~[spring-boot-3.2.3.jar:3.2.3]
	at org.springframework.boot.SpringApplication.refreshContext(SpringApplication.java:456) ~[spring-boot-3.2.3.jar:3.2.3]
	at org.springframework.boot.SpringApplication.run(SpringApplication.java:334) ~[spring-boot-3.2.3.jar:3.2.3]
	at org.springframework.boot.test.context.SpringBootContextLoader.lambda$loadContext$3(SpringBootContextLoader.java:137) ~[spring-boot-test-3.2.3.jar:3.2.3]
	at org.springframework.util.function.ThrowingSupplier.get(ThrowingSupplier.java:58) ~[spring-core-6.1.4.jar:6.1.4]
	at org.springframework.util.function.ThrowingSupplier.get(ThrowingSupplier.java:46) ~[spring-core-6.1.4.jar:6.1.4]
	at org.springframework.boot.SpringApplication.withHook(SpringApplication.java:1454) ~[spring-boot-3.2.3.jar:3.2.3]
	at org.springframework.boot.test.context.SpringBootContextLoader$ContextLoaderHook.run(SpringBootContextLoader.java:553) ~[spring-boot-test-3.2.3.jar:3.2.3]
	at org.springframework.boot.test.context.SpringBootContextLoader.loadContext(SpringBootContextLoader.java:137) ~[spring-boot-test-3.2.3.jar:3.2.3]
	at org.springframework.boot.test.context.SpringBootContextLoader.loadContext(SpringBootContextLoader.java:108) ~[spring-boot-test-3.2.3.jar:3.2.3]
	at org.springframework.test.context.cache.DefaultCacheAwareContextLoaderDelegate.loadContextInternal(DefaultCacheAwareContextLoaderDelegate.java:225) ~[spring-test-6.1.4.jar:6.1.4]
	at org.springframework.test.context.cache.DefaultCacheAwareContextLoaderDelegate.loadContext(DefaultCacheAwareContextLoaderDelegate.java:152) ~[spring-test-6.1.4.jar:6.1.4]
	at org.springframework.test.context.support.DefaultTestContext.getApplicationContext(DefaultTestContext.java:130) ~[spring-test-6.1.4.jar:6.1.4]
	at org.springframework.test.context.support.DependencyInjectionTestExecutionListener.injectDependencies(DependencyInjectionTestExecutionListener.java:142) ~[spring-test-6.1.4.jar:6.1.4]
	at org.springframework.test.context.support.DependencyInjectionTestExecutionListener.prepareTestInstance(DependencyInjectionTestExecutionListener.java:98) ~[spring-test-6.1.4.jar:6.1.4]
	at org.springframework.test.context.TestContextManager.prepareTestInstance(TestContextManager.java:260) ~[spring-test-6.1.4.jar:6.1.4]
	at org.springframework.test.context.junit.jupiter.SpringExtension.postProcessTestInstance(SpringExtension.java:163) ~[spring-test-6.1.4.jar:6.1.4]
	at org.junit.jupiter.engine.descriptor.ClassBasedTestDescriptor.lambda$invokeTestInstancePostProcessors$10(ClassBasedTestDescriptor.java:378) ~[junit-jupiter-engine-5.10.2.jar:5.10.2]
	at org.junit.jupiter.engine.descriptor.ClassBasedTestDescriptor.executeAndMaskThrowable(ClassBasedTestDescriptor.java:383) ~[junit-jupiter-engine-5.10.2.jar:5.10.2]
	at org.junit.jupiter.engine.descriptor.ClassBasedTestDescriptor.lambda$invokeTestInstancePostProcessors$11(ClassBasedTestDescriptor.java:378) ~[junit-jupiter-engine-5.10.2.jar:5.10.2]
	at java.base/java.util.stream.ReferencePipeline$3$1.accept(ReferencePipeline.java:197) ~[na:na]
	at java.base/java.util.stream.ReferencePipeline$2$1.accept(ReferencePipeline.java:179) ~[na:na]
	at java.base/java.util.ArrayList$ArrayListSpliterator.forEachRemaining(ArrayList.java:1708) ~[na:na]
	at java.base/java.util.stream.AbstractPipeline.copyInto(AbstractPipeline.java:509) ~[na:na]
	at java.base/java.util.stream.AbstractPipeline.wrapAndCopyInto(AbstractPipeline.java:499) ~[na:na]
	at java.base/java.util.stream.StreamSpliterators$WrappingSpliterator.forEachRemaining(StreamSpliterators.java:310) ~[na:na]
	at java.base/java.util.stream.Streams$ConcatSpliterator.forEachRemaining(Streams.java:735) ~[na:na]
	at java.base/java.util.stream.Streams$ConcatSpliterator.forEachRemaining(Streams.java:734) ~[na:na]
	at java.base/java.util.stream.ReferencePipeline$Head.forEach(ReferencePipeline.java:762) ~[na:na]
	at org.junit.jupiter.engine.descriptor.ClassBasedTestDescriptor.invokeTestInstancePostProcessors(ClassBasedTestDescriptor.java:377) ~[junit-jupiter-engine-5.10.2.jar:5.10.2]
	at org.junit.jupiter.engine.descriptor.ClassBasedTestDescriptor.lambda$instantiateAndPostProcessTestInstance$6(ClassBasedTestDescriptor.java:290) ~[junit-jupiter-engine-5.10.2.jar:5.10.2]
	at org.junit.platform.engine.support.hierarchical.ThrowableCollector.execute(ThrowableCollector.java:73) ~[junit-platform-engine-1.10.2.jar:1.10.2]
	at org.junit.jupiter.engine.descriptor.ClassBasedTestDescriptor.instantiateAndPostProcessTestInstance(ClassBasedTestDescriptor.java:289) ~[junit-jupiter-engine-5.10.2.jar:5.10.2]
	at org.junit.jupiter.engine.descriptor.ClassBasedTestDescriptor.lambda$testInstancesProvider$4(ClassBasedTestDescriptor.java:279) ~[junit-jupiter-engine-5.10.2.jar:5.10.2]
	at java.base/java.util.Optional.orElseGet(Optional.java:364) ~[na:na]
	at org.junit.jupiter.engine.descriptor.ClassBasedTestDescriptor.lambda$testInstancesProvider$5(ClassBasedTestDescriptor.java:278) ~[junit-jupiter-engine-5.10.2.jar:5.10.2]
	at org.junit.jupiter.engine.execution.TestInstancesProvider.getTestInstances(TestInstancesProvider.java:31) ~[junit-jupiter-engine-5.10.2.jar:5.10.2]
	at org.junit.jupiter.engine.descriptor.TestMethodTestDescriptor.lambda$prepare$0(TestMethodTestDescriptor.java:106) ~[junit-jupiter-engine-5.10.2.jar:5.10.2]
	at org.junit.platform.engine.support.hierarchical.ThrowableCollector.execute(ThrowableCollector.java:73) ~[junit-platform-engine-1.10.2.jar:1.10.2]
	at org.junit.jupiter.engine.descriptor.TestMethodTestDescriptor.prepare(TestMethodTestDescriptor.java:105) ~[junit-jupiter-engine-5.10.2.jar:5.10.2]
	at org.junit.jupiter.engine.descriptor.TestMethodTestDescriptor.prepare(TestMethodTestDescriptor.java:69) ~[junit-jupiter-engine-5.10.2.jar:5.10.2]
	at org.junit.platform.engine.support.hierarchical.NodeTestTask.lambda$prepare$2(NodeTestTask.java:123) ~[junit-platform-engine-1.10.2.jar:1.10.2]
	at org.junit.platform.engine.support.hierarchical.ThrowableCollector.execute(ThrowableCollector.java:73) ~[junit-platform-engine-1.10.2.jar:1.10.2]
	at org.junit.platform.engine.support.hierarchical.NodeTestTask.prepare(NodeTestTask.java:123) ~[junit-platform-engine-1.10.2.jar:1.10.2]
	at org.junit.platform.engine.support.hierarchical.NodeTestTask.execute(NodeTestTask.java:90) ~[junit-platform-engine-1.10.2.jar:1.10.2]
	at java.base/java.util.ArrayList.forEach(ArrayList.java:1596) ~[na:na]
	at org.junit.platform.engine.support.hierarchical.SameThreadHierarchicalTestExecutorService.invokeAll(SameThreadHierarchicalTestExecutorService.java:41) ~[junit-platform-engine-1.10.2.jar:1.10.2]
	at org.junit.platform.engine.support.hierarchical.NodeTestTask.lambda$executeRecursively$6(NodeTestTask.java:155) ~[junit-platform-engine-1.10.2.jar:1.10.2]
	at org.junit.platform.engine.support.hierarchical.ThrowableCollector.execute(ThrowableCollector.java:73) ~[junit-platform-engine-1.10.2.jar:1.10.2]
	at org.junit.platform.engine.support.hierarchical.NodeTestTask.lambda$executeRecursively$8(NodeTestTask.java:141) ~[junit-platform-engine-1.10.2.jar:1.10.2]
	at org.junit.platform.engine.support.hierarchical.Node.around(Node.java:137) ~[junit-platform-engine-1.10.2.jar:1.10.2]
	at org.junit.platform.engine.support.hierarchical.NodeTestTask.lambda$executeRecursively$9(NodeTestTask.java:139) ~[junit-platform-engine-1.10.2.jar:1.10.2]
	at org.junit.platform.engine.support.hierarchical.ThrowableCollector.execute(ThrowableCollector.java:73) ~[junit-platform-engine-1.10.2.jar:1.10.2]
	at org.junit.platform.engine.support.hierarchical.NodeTestTask.executeRecursively(NodeTestTask.java:138) ~[junit-platform-engine-1.10.2.jar:1.10.2]
	at org.junit.platform.engine.support.hierarchical.NodeTestTask.execute(NodeTestTask.java:95) ~[junit-platform-engine-1.10.2.jar:1.10.2]
	at java.base/java.util.ArrayList.forEach(ArrayList.java:1596) ~[na:na]
	at org.junit.platform.engine.support.hierarchical.SameThreadHierarchicalTestExecutorService.invokeAll(SameThreadHierarchicalTestExecutorService.java:41) ~[junit-platform-engine-1.10.2.jar:1.10.2]
	at org.junit.platform.engine.support.hierarchical.NodeTestTask.lambda$executeRecursively$6(NodeTestTask.java:155) ~[junit-platform-engine-1.10.2.jar:1.10.2]
	at org.junit.platform.engine.support.hierarchical.ThrowableCollector.execute(ThrowableCollector.java:73) ~[junit-platform-engine-1.10.2.jar:1.10.2]
	at org.junit.platform.engine.support.hierarchical.NodeTestTask.lambda$executeRecursively$8(NodeTestTask.java:141) ~[junit-platform-engine-1.10.2.jar:1.10.2]
	at org.junit.platform.engine.support.hierarchical.Node.around(Node.java:137) ~[junit-platform-engine-1.10.2.jar:1.10.2]
	at org.junit.platform.engine.support.hierarchical.NodeTestTask.lambda$executeRecursively$9(NodeTestTask.java:139) ~[junit-platform-engine-1.10.2.jar:1.10.2]
	at org.junit.platform.engine.support.hierarchical.ThrowableCollector.execute(ThrowableCollector.java:73) ~[junit-platform-engine-1.10.2.jar:1.10.2]
	at org.junit.platform.engine.support.hierarchical.NodeTestTask.executeRecursively(NodeTestTask.java:138) ~[junit-platform-engine-1.10.2.jar:1.10.2]
	at org.junit.platform.engine.support.hierarchical.NodeTestTask.execute(NodeTestTask.java:95) ~[junit-platform-engine-1.10.2.jar:1.10.2]
	at org.junit.platform.engine.support.hierarchical.SameThreadHierarchicalTestExecutorService.submit(SameThreadHierarchicalTestExecutorService.java:35) ~[junit-platform-engine-1.10.2.jar:1.10.2]
	at org.junit.platform.engine.support.hierarchical.HierarchicalTestExecutor.execute(HierarchicalTestExecutor.java:57) ~[junit-platform-engine-1.10.2.jar:1.10.2]
	at org.junit.platform.engine.support.hierarchical.HierarchicalTestEngine.execute(HierarchicalTestEngine.java:54) ~[junit-platform-engine-1.10.2.jar:1.10.2]
	at org.junit.platform.launcher.core.EngineExecutionOrchestrator.execute(EngineExecutionOrchestrator.java:198) ~[junit-platform-launcher-1.10.2.jar:1.10.2]
	at org.junit.platform.launcher.core.EngineExecutionOrchestrator.execute(EngineExecutionOrchestrator.java:169) ~[junit-platform-launcher-1.10.2.jar:1.10.2]
	at org.junit.platform.launcher.core.EngineExecutionOrchestrator.execute(EngineExecutionOrchestrator.java:93) ~[junit-platform-launcher-1.10.2.jar:1.10.2]
	at org.junit.platform.launcher.core.EngineExecutionOrchestrator.lambda$execute$0(EngineExecutionOrchestrator.java:58) ~[junit-platform-launcher-1.10.2.jar:1.10.2]
	at org.junit.platform.launcher.core.EngineExecutionOrchestrator.withInterceptedStreams(EngineExecutionOrchestrator.java:141) ~[junit-platform-launcher-1.10.2.jar:1.10.2]
	at org.junit.platform.launcher.core.EngineExecutionOrchestrator.execute(EngineExecutionOrchestrator.java:57) ~[junit-platform-launcher-1.10.2.jar:1.10.2]
	at org.junit.platform.launcher.core.DefaultLauncher.execute(DefaultLauncher.java:103) ~[junit-platform-launcher-1.10.2.jar:1.10.2]
	at org.junit.platform.launcher.core.DefaultLauncher.execute(DefaultLauncher.java:85) ~[junit-platform-launcher-1.10.2.jar:1.10.2]
	at org.junit.platform.launcher.core.DelegatingLauncher.execute(DelegatingLauncher.java:47) ~[junit-platform-launcher-1.10.2.jar:1.10.2]
	at org.apache.maven.surefire.junitplatform.LazyLauncher.execute(LazyLauncher.java:56) ~[surefire-junit-platform-3.1.2.jar:3.1.2]
	at org.apache.maven.surefire.junitplatform.JUnitPlatformProvider.execute(JUnitPlatformProvider.java:184) ~[surefire-junit-platform-3.1.2.jar:3.1.2]
	at org.apache.maven.surefire.junitplatform.JUnitPlatformProvider.invokeAllTests(JUnitPlatformProvider.java:148) ~[surefire-junit-platform-3.1.2.jar:3.1.2]
	at org.apache.maven.surefire.junitplatform.JUnitPlatformProvider.invoke(JUnitPlatformProvider.java:122) ~[surefire-junit-platform-3.1.2.jar:3.1.2]
	at org.apache.maven.surefire.booter.ForkedBooter.runSuitesInProcess(ForkedBooter.java:385) ~[surefire-booter-3.1.2.jar:3.1.2]
	at org.apache.maven.surefire.booter.ForkedBooter.execute(ForkedBooter.java:162) ~[surefire-booter-3.1.2.jar:3.1.2]
	at org.apache.maven.surefire.booter.ForkedBooter.run(ForkedBooter.java:507) ~[surefire-booter-3.1.2.jar:3.1.2]
	at org.apache.maven.surefire.booter.ForkedBooter.main(ForkedBooter.java:495) ~[surefire-booter-3.1.2.jar:3.1.2]

2025-04-16T10:34:27.540+02:00 DEBUG 5488 --- [           main] o.s.d.jpa.repository.query.NamedQuery    : Did not find named query AppUser.findByUsername
2025-04-16T10:34:27.540+02:00 DEBUG 5488 --- [           main] tor$SharedEntityManagerInvocationHandler : Creating new EntityManager for shared EntityManager invocation
2025-04-16T10:34:27.544+02:00 DEBUG 5488 --- [           main] o.s.d.r.c.s.RepositoryFactorySupport     : Finished creation of repository instance for com.lexicon.springws.repository.AppUserRepository.
2025-04-16T10:34:27.545+02:00 DEBUG 5488 --- [           main] o.s.b.f.s.DefaultListableBeanFactory     : Creating shared instance of singleton bean 'bookLoanRepository'
2025-04-16T10:34:27.546+02:00 DEBUG 5488 --- [           main] o.s.b.f.s.DefaultListableBeanFactory     : Creating shared instance of singleton bean 'jpa.named-queries#2'
2025-04-16T10:34:27.547+02:00 DEBUG 5488 --- [           main] o.s.b.f.s.DefaultListableBeanFactory     : Creating shared instance of singleton bean 'jpa.BookLoanRepository.fragments#0'
2025-04-16T10:34:27.547+02:00 DEBUG 5488 --- [           main] tor$SharedEntityManagerInvocationHandler : Creating new EntityManager for shared EntityManager invocation
2025-04-16T10:34:27.547+02:00 DEBUG 5488 --- [           main] o.s.d.r.c.s.RepositoryFactorySupport     : Initializing repository instance for com.lexicon.springws.repository.BookLoanRepository…
2025-04-16T10:34:27.548+02:00 DEBUG 5488 --- [           main] tor$SharedEntityManagerInvocationHandler : Creating new EntityManager for shared EntityManager invocation
2025-04-16T10:34:27.573+02:00  INFO 5488 --- [           main] o.s.d.j.r.query.QueryEnhancerFactory     : Hibernate is in classpath; If applicable, HQL parser will be used.
2025-04-16T10:34:27.700+02:00 DEBUG 5488 --- [           main] cResourceLocalTransactionCoordinatorImpl : JDBC transaction marked for rollback-only (exception provided for stack trace)

java.lang.Exception: exception just for purpose of providing stack trace
	at org.hibernate.resource.transaction.backend.jdbc.internal.JdbcResourceLocalTransactionCoordinatorImpl$TransactionDriverControlImpl.markRollbackOnly(JdbcResourceLocalTransactionCoordinatorImpl.java:310) ~[hibernate-core-6.4.4.Final.jar:6.4.4.Final]
	at org.hibernate.internal.AbstractSharedSessionContract.buildNamedQuery(AbstractSharedSessionContract.java:1097) ~[hibernate-core-6.4.4.Final.jar:6.4.4.Final]
	at org.hibernate.internal.AbstractSharedSessionContract.createNamedQuery(AbstractSharedSessionContract.java:975) ~[hibernate-core-6.4.4.Final.jar:6.4.4.Final]
	at org.hibernate.internal.AbstractSharedSessionContract.createNamedQuery(AbstractSharedSessionContract.java:136) ~[hibernate-core-6.4.4.Final.jar:6.4.4.Final]
	at java.base/jdk.internal.reflect.DirectMethodHandleAccessor.invoke(DirectMethodHandleAccessor.java:103) ~[na:na]
	at java.base/java.lang.reflect.Method.invoke(Method.java:580) ~[na:na]
	at org.springframework.orm.jpa.ExtendedEntityManagerCreator$ExtendedEntityManagerInvocationHandler.invoke(ExtendedEntityManagerCreator.java:364) ~[spring-orm-6.1.4.jar:6.1.4]
	at jdk.proxy2/jdk.proxy2.$Proxy106.createNamedQuery(Unknown Source) ~[na:na]
	at org.springframework.data.jpa.repository.query.NamedQuery.hasNamedQuery(NamedQuery.java:113) ~[spring-data-jpa-3.2.3.jar:3.2.3]
	at org.springframework.data.jpa.repository.query.JpaQueryLookupStrategy$DeclaredQueryLookupStrategy.getCountQuery(JpaQueryLookupStrategy.java:204) ~[spring-data-jpa-3.2.3.jar:3.2.3]
	at org.springframework.data.jpa.repository.query.JpaQueryLookupStrategy$DeclaredQueryLookupStrategy.resolveQuery(JpaQueryLookupStrategy.java:171) ~[spring-data-jpa-3.2.3.jar:3.2.3]
	at org.springframework.data.jpa.repository.query.JpaQueryLookupStrategy$CreateIfNotFoundQueryLookupStrategy.resolveQuery(JpaQueryLookupStrategy.java:252) ~[spring-data-jpa-3.2.3.jar:3.2.3]
	at org.springframework.data.jpa.repository.query.JpaQueryLookupStrategy$AbstractQueryLookupStrategy.resolveQuery(JpaQueryLookupStrategy.java:95) ~[spring-data-jpa-3.2.3.jar:3.2.3]
	at org.springframework.data.repository.core.support.QueryExecutorMethodInterceptor.lookupQuery(QueryExecutorMethodInterceptor.java:111) ~[spring-data-commons-3.2.3.jar:3.2.3]
	at org.springframework.data.repository.core.support.QueryExecutorMethodInterceptor.mapMethodsToQuery(QueryExecutorMethodInterceptor.java:99) ~[spring-data-commons-3.2.3.jar:3.2.3]
	at org.springframework.data.repository.core.support.QueryExecutorMethodInterceptor.lambda$new$0(QueryExecutorMethodInterceptor.java:88) ~[spring-data-commons-3.2.3.jar:3.2.3]
	at java.base/java.util.Optional.map(Optional.java:260) ~[na:na]
	at org.springframework.data.repository.core.support.QueryExecutorMethodInterceptor.<init>(QueryExecutorMethodInterceptor.java:88) ~[spring-data-commons-3.2.3.jar:3.2.3]
	at org.springframework.data.repository.core.support.RepositoryFactorySupport.getRepository(RepositoryFactorySupport.java:357) ~[spring-data-commons-3.2.3.jar:3.2.3]
	at org.springframework.data.repository.core.support.RepositoryFactoryBeanSupport.lambda$afterPropertiesSet$5(RepositoryFactoryBeanSupport.java:279) ~[spring-data-commons-3.2.3.jar:3.2.3]
	at org.springframework.data.util.Lazy.getNullable(Lazy.java:135) ~[spring-data-commons-3.2.3.jar:3.2.3]
	at org.springframework.data.util.Lazy.get(Lazy.java:113) ~[spring-data-commons-3.2.3.jar:3.2.3]
	at org.springframework.data.repository.core.support.RepositoryFactoryBeanSupport.afterPropertiesSet(RepositoryFactoryBeanSupport.java:285) ~[spring-data-commons-3.2.3.jar:3.2.3]
	at org.springframework.data.jpa.repository.support.JpaRepositoryFactoryBean.afterPropertiesSet(JpaRepositoryFactoryBean.java:132) ~[spring-data-jpa-3.2.3.jar:3.2.3]
	at org.springframework.beans.factory.support.AbstractAutowireCapableBeanFactory.invokeInitMethods(AbstractAutowireCapableBeanFactory.java:1833) ~[spring-beans-6.1.4.jar:6.1.4]
	at org.springframework.beans.factory.support.AbstractAutowireCapableBeanFactory.initializeBean(AbstractAutowireCapableBeanFactory.java:1782) ~[spring-beans-6.1.4.jar:6.1.4]
	at org.springframework.beans.factory.support.AbstractAutowireCapableBeanFactory.doCreateBean(AbstractAutowireCapableBeanFactory.java:600) ~[spring-beans-6.1.4.jar:6.1.4]
	at org.springframework.beans.factory.support.AbstractAutowireCapableBeanFactory.createBean(AbstractAutowireCapableBeanFactory.java:522) ~[spring-beans-6.1.4.jar:6.1.4]
	at org.springframework.beans.factory.support.AbstractBeanFactory.lambda$doGetBean$0(AbstractBeanFactory.java:325) ~[spring-beans-6.1.4.jar:6.1.4]
	at org.springframework.beans.factory.support.DefaultSingletonBeanRegistry.getSingleton(DefaultSingletonBeanRegistry.java:234) ~[spring-beans-6.1.4.jar:6.1.4]
	at org.springframework.beans.factory.support.AbstractBeanFactory.doGetBean(AbstractBeanFactory.java:323) ~[spring-beans-6.1.4.jar:6.1.4]
	at org.springframework.beans.factory.support.AbstractBeanFactory.getBean(AbstractBeanFactory.java:199) ~[spring-beans-6.1.4.jar:6.1.4]
	at org.springframework.beans.factory.config.DependencyDescriptor.resolveCandidate(DependencyDescriptor.java:254) ~[spring-beans-6.1.4.jar:6.1.4]
	at org.springframework.beans.factory.support.DefaultListableBeanFactory.doResolveDependency(DefaultListableBeanFactory.java:1443) ~[spring-beans-6.1.4.jar:6.1.4]
	at org.springframework.beans.factory.support.DefaultListableBeanFactory.resolveDependency(DefaultListableBeanFactory.java:1353) ~[spring-beans-6.1.4.jar:6.1.4]
	at org.springframework.beans.factory.support.ConstructorResolver.resolveAutowiredArgument(ConstructorResolver.java:907) ~[spring-beans-6.1.4.jar:6.1.4]
	at org.springframework.beans.factory.support.ConstructorResolver.createArgumentArray(ConstructorResolver.java:785) ~[spring-beans-6.1.4.jar:6.1.4]
	at org.springframework.beans.factory.support.ConstructorResolver.instantiateUsingFactoryMethod(ConstructorResolver.java:542) ~[spring-beans-6.1.4.jar:6.1.4]
	at org.springframework.beans.factory.support.AbstractAutowireCapableBeanFactory.instantiateUsingFactoryMethod(AbstractAutowireCapableBeanFactory.java:1335) ~[spring-beans-6.1.4.jar:6.1.4]
	at org.springframework.beans.factory.support.AbstractAutowireCapableBeanFactory.createBeanInstance(AbstractAutowireCapableBeanFactory.java:1165) ~[spring-beans-6.1.4.jar:6.1.4]
	at org.springframework.beans.factory.support.AbstractAutowireCapableBeanFactory.doCreateBean(AbstractAutowireCapableBeanFactory.java:562) ~[spring-beans-6.1.4.jar:6.1.4]
	at org.springframework.beans.factory.support.AbstractAutowireCapableBeanFactory.createBean(AbstractAutowireCapableBeanFactory.java:522) ~[spring-beans-6.1.4.jar:6.1.4]
	at org.springframework.beans.factory.support.AbstractBeanFactory.lambda$doGetBean$0(AbstractBeanFactory.java:325) ~[spring-beans-6.1.4.jar:6.1.4]
	at org.springframework.beans.factory.support.DefaultSingletonBeanRegistry.getSingleton(DefaultSingletonBeanRegistry.java:234) ~[spring-beans-6.1.4.jar:6.1.4]
	at org.springframework.beans.factory.support.AbstractBeanFactory.doGetBean(AbstractBeanFactory.java:323) ~[spring-beans-6.1.4.jar:6.1.4]
	at org.springframework.beans.factory.support.AbstractBeanFactory.getBean(AbstractBeanFactory.java:199) ~[spring-beans-6.1.4.jar:6.1.4]
	at org.springframework.beans.factory.support.DefaultListableBeanFactory.preInstantiateSingletons(DefaultListableBeanFactory.java:975) ~[spring-beans-6.1.4.jar:6.1.4]
	at org.springframework.context.support.AbstractApplicationContext.finishBeanFactoryInitialization(AbstractApplicationContext.java:959) ~[spring-context-6.1.4.jar:6.1.4]
	at org.springframework.context.support.AbstractApplicationContext.refresh(AbstractApplicationContext.java:624) ~[spring-context-6.1.4.jar:6.1.4]
	at org.springframework.boot.SpringApplication.refresh(SpringApplication.java:754) ~[spring-boot-3.2.3.jar:3.2.3]
	at org.springframework.boot.SpringApplication.refreshContext(SpringApplication.java:456) ~[spring-boot-3.2.3.jar:3.2.3]
	at org.springframework.boot.SpringApplication.run(SpringApplication.java:334) ~[spring-boot-3.2.3.jar:3.2.3]
	at org.springframework.boot.test.context.SpringBootContextLoader.lambda$loadContext$3(SpringBootContextLoader.java:137) ~[spring-boot-test-3.2.3.jar:3.2.3]
	at org.springframework.util.function.ThrowingSupplier.get(ThrowingSupplier.java:58) ~[spring-core-6.1.4.jar:6.1.4]
	at org.springframework.util.function.ThrowingSupplier.get(ThrowingSupplier.java:46) ~[spring-core-6.1.4.jar:6.1.4]
	at org.springframework.boot.SpringApplication.withHook(SpringApplication.java:1454) ~[spring-boot-3.2.3.jar:3.2.3]
	at org.springframework.boot.test.context.SpringBootContextLoader$ContextLoaderHook.run(SpringBootContextLoader.java:553) ~[spring-boot-test-3.2.3.jar:3.2.3]
	at org.springframework.boot.test.context.SpringBootContextLoader.loadContext(SpringBootContextLoader.java:137) ~[spring-boot-test-3.2.3.jar:3.2.3]
	at org.springframework.boot.test.context.SpringBootContextLoader.loadContext(SpringBootContextLoader.java:108) ~[spring-boot-test-3.2.3.jar:3.2.3]
	at org.springframework.test.context.cache.DefaultCacheAwareContextLoaderDelegate.loadContextInternal(DefaultCacheAwareContextLoaderDelegate.java:225) ~[spring-test-6.1.4.jar:6.1.4]
	at org.springframework.test.context.cache.DefaultCacheAwareContextLoaderDelegate.loadContext(DefaultCacheAwareContextLoaderDelegate.java:152) ~[spring-test-6.1.4.jar:6.1.4]
	at org.springframework.test.context.support.DefaultTestContext.getApplicationContext(DefaultTestContext.java:130) ~[spring-test-6.1.4.jar:6.1.4]
	at org.springframework.test.context.support.DependencyInjectionTestExecutionListener.injectDependencies(DependencyInjectionTestExecutionListener.java:142) ~[spring-test-6.1.4.jar:6.1.4]
	at org.springframework.test.context.support.DependencyInjectionTestExecutionListener.prepareTestInstance(DependencyInjectionTestExecutionListener.java:98) ~[spring-test-6.1.4.jar:6.1.4]
	at org.springframework.test.context.TestContextManager.prepareTestInstance(TestContextManager.java:260) ~[spring-test-6.1.4.jar:6.1.4]
	at org.springframework.test.context.junit.jupiter.SpringExtension.postProcessTestInstance(SpringExtension.java:163) ~[spring-test-6.1.4.jar:6.1.4]
	at org.junit.jupiter.engine.descriptor.ClassBasedTestDescriptor.lambda$invokeTestInstancePostProcessors$10(ClassBasedTestDescriptor.java:378) ~[junit-jupiter-engine-5.10.2.jar:5.10.2]
	at org.junit.jupiter.engine.descriptor.ClassBasedTestDescriptor.executeAndMaskThrowable(ClassBasedTestDescriptor.java:383) ~[junit-jupiter-engine-5.10.2.jar:5.10.2]
	at org.junit.jupiter.engine.descriptor.ClassBasedTestDescriptor.lambda$invokeTestInstancePostProcessors$11(ClassBasedTestDescriptor.java:378) ~[junit-jupiter-engine-5.10.2.jar:5.10.2]
	at java.base/java.util.stream.ReferencePipeline$3$1.accept(ReferencePipeline.java:197) ~[na:na]
	at java.base/java.util.stream.ReferencePipeline$2$1.accept(ReferencePipeline.java:179) ~[na:na]
	at java.base/java.util.ArrayList$ArrayListSpliterator.forEachRemaining(ArrayList.java:1708) ~[na:na]
	at java.base/java.util.stream.AbstractPipeline.copyInto(AbstractPipeline.java:509) ~[na:na]
	at java.base/java.util.stream.AbstractPipeline.wrapAndCopyInto(AbstractPipeline.java:499) ~[na:na]
	at java.base/java.util.stream.StreamSpliterators$WrappingSpliterator.forEachRemaining(StreamSpliterators.java:310) ~[na:na]
	at java.base/java.util.stream.Streams$ConcatSpliterator.forEachRemaining(Streams.java:735) ~[na:na]
	at java.base/java.util.stream.Streams$ConcatSpliterator.forEachRemaining(Streams.java:734) ~[na:na]
	at java.base/java.util.stream.ReferencePipeline$Head.forEach(ReferencePipeline.java:762) ~[na:na]
	at org.junit.jupiter.engine.descriptor.ClassBasedTestDescriptor.invokeTestInstancePostProcessors(ClassBasedTestDescriptor.java:377) ~[junit-jupiter-engine-5.10.2.jar:5.10.2]
	at org.junit.jupiter.engine.descriptor.ClassBasedTestDescriptor.lambda$instantiateAndPostProcessTestInstance$6(ClassBasedTestDescriptor.java:290) ~[junit-jupiter-engine-5.10.2.jar:5.10.2]
	at org.junit.platform.engine.support.hierarchical.ThrowableCollector.execute(ThrowableCollector.java:73) ~[junit-platform-engine-1.10.2.jar:1.10.2]
	at org.junit.jupiter.engine.descriptor.ClassBasedTestDescriptor.instantiateAndPostProcessTestInstance(ClassBasedTestDescriptor.java:289) ~[junit-jupiter-engine-5.10.2.jar:5.10.2]
	at org.junit.jupiter.engine.descriptor.ClassBasedTestDescriptor.lambda$testInstancesProvider$4(ClassBasedTestDescriptor.java:279) ~[junit-jupiter-engine-5.10.2.jar:5.10.2]
	at java.base/java.util.Optional.orElseGet(Optional.java:364) ~[na:na]
	at org.junit.jupiter.engine.descriptor.ClassBasedTestDescriptor.lambda$testInstancesProvider$5(ClassBasedTestDescriptor.java:278) ~[junit-jupiter-engine-5.10.2.jar:5.10.2]
	at org.junit.jupiter.engine.execution.TestInstancesProvider.getTestInstances(TestInstancesProvider.java:31) ~[junit-jupiter-engine-5.10.2.jar:5.10.2]
	at org.junit.jupiter.engine.descriptor.TestMethodTestDescriptor.lambda$prepare$0(TestMethodTestDescriptor.java:106) ~[junit-jupiter-engine-5.10.2.jar:5.10.2]
	at org.junit.platform.engine.support.hierarchical.ThrowableCollector.execute(ThrowableCollector.java:73) ~[junit-platform-engine-1.10.2.jar:1.10.2]
	at org.junit.jupiter.engine.descriptor.TestMethodTestDescriptor.prepare(TestMethodTestDescriptor.java:105) ~[junit-jupiter-engine-5.10.2.jar:5.10.2]
	at org.junit.jupiter.engine.descriptor.TestMethodTestDescriptor.prepare(TestMethodTestDescriptor.java:69) ~[junit-jupiter-engine-5.10.2.jar:5.10.2]
	at org.junit.platform.engine.support.hierarchical.NodeTestTask.lambda$prepare$2(NodeTestTask.java:123) ~[junit-platform-engine-1.10.2.jar:1.10.2]
	at org.junit.platform.engine.support.hierarchical.ThrowableCollector.execute(ThrowableCollector.java:73) ~[junit-platform-engine-1.10.2.jar:1.10.2]
	at org.junit.platform.engine.support.hierarchical.NodeTestTask.prepare(NodeTestTask.java:123) ~[junit-platform-engine-1.10.2.jar:1.10.2]
	at org.junit.platform.engine.support.hierarchical.NodeTestTask.execute(NodeTestTask.java:90) ~[junit-platform-engine-1.10.2.jar:1.10.2]
	at java.base/java.util.ArrayList.forEach(ArrayList.java:1596) ~[na:na]
	at org.junit.platform.engine.support.hierarchical.SameThreadHierarchicalTestExecutorService.invokeAll(SameThreadHierarchicalTestExecutorService.java:41) ~[junit-platform-engine-1.10.2.jar:1.10.2]
	at org.junit.platform.engine.support.hierarchical.NodeTestTask.lambda$executeRecursively$6(NodeTestTask.java:155) ~[junit-platform-engine-1.10.2.jar:1.10.2]
	at org.junit.platform.engine.support.hierarchical.ThrowableCollector.execute(ThrowableCollector.java:73) ~[junit-platform-engine-1.10.2.jar:1.10.2]
	at org.junit.platform.engine.support.hierarchical.NodeTestTask.lambda$executeRecursively$8(NodeTestTask.java:141) ~[junit-platform-engine-1.10.2.jar:1.10.2]
	at org.junit.platform.engine.support.hierarchical.Node.around(Node.java:137) ~[junit-platform-engine-1.10.2.jar:1.10.2]
	at org.junit.platform.engine.support.hierarchical.NodeTestTask.lambda$executeRecursively$9(NodeTestTask.java:139) ~[junit-platform-engine-1.10.2.jar:1.10.2]
	at org.junit.platform.engine.support.hierarchical.ThrowableCollector.execute(ThrowableCollector.java:73) ~[junit-platform-engine-1.10.2.jar:1.10.2]
	at org.junit.platform.engine.support.hierarchical.NodeTestTask.executeRecursively(NodeTestTask.java:138) ~[junit-platform-engine-1.10.2.jar:1.10.2]
	at org.junit.platform.engine.support.hierarchical.NodeTestTask.execute(NodeTestTask.java:95) ~[junit-platform-engine-1.10.2.jar:1.10.2]
	at java.base/java.util.ArrayList.forEach(ArrayList.java:1596) ~[na:na]
	at org.junit.platform.engine.support.hierarchical.SameThreadHierarchicalTestExecutorService.invokeAll(SameThreadHierarchicalTestExecutorService.java:41) ~[junit-platform-engine-1.10.2.jar:1.10.2]
	at org.junit.platform.engine.support.hierarchical.NodeTestTask.lambda$executeRecursively$6(NodeTestTask.java:155) ~[junit-platform-engine-1.10.2.jar:1.10.2]
	at org.junit.platform.engine.support.hierarchical.ThrowableCollector.execute(ThrowableCollector.java:73) ~[junit-platform-engine-1.10.2.jar:1.10.2]
	at org.junit.platform.engine.support.hierarchical.NodeTestTask.lambda$executeRecursively$8(NodeTestTask.java:141) ~[junit-platform-engine-1.10.2.jar:1.10.2]
	at org.junit.platform.engine.support.hierarchical.Node.around(Node.java:137) ~[junit-platform-engine-1.10.2.jar:1.10.2]
	at org.junit.platform.engine.support.hierarchical.NodeTestTask.lambda$executeRecursively$9(NodeTestTask.java:139) ~[junit-platform-engine-1.10.2.jar:1.10.2]
	at org.junit.platform.engine.support.hierarchical.ThrowableCollector.execute(ThrowableCollector.java:73) ~[junit-platform-engine-1.10.2.jar:1.10.2]
	at org.junit.platform.engine.support.hierarchical.NodeTestTask.executeRecursively(NodeTestTask.java:138) ~[junit-platform-engine-1.10.2.jar:1.10.2]
	at org.junit.platform.engine.support.hierarchical.NodeTestTask.execute(NodeTestTask.java:95) ~[junit-platform-engine-1.10.2.jar:1.10.2]
	at org.junit.platform.engine.support.hierarchical.SameThreadHierarchicalTestExecutorService.submit(SameThreadHierarchicalTestExecutorService.java:35) ~[junit-platform-engine-1.10.2.jar:1.10.2]
	at org.junit.platform.engine.support.hierarchical.HierarchicalTestExecutor.execute(HierarchicalTestExecutor.java:57) ~[junit-platform-engine-1.10.2.jar:1.10.2]
	at org.junit.platform.engine.support.hierarchical.HierarchicalTestEngine.execute(HierarchicalTestEngine.java:54) ~[junit-platform-engine-1.10.2.jar:1.10.2]
	at org.junit.platform.launcher.core.EngineExecutionOrchestrator.execute(EngineExecutionOrchestrator.java:198) ~[junit-platform-launcher-1.10.2.jar:1.10.2]
	at org.junit.platform.launcher.core.EngineExecutionOrchestrator.execute(EngineExecutionOrchestrator.java:169) ~[junit-platform-launcher-1.10.2.jar:1.10.2]
	at org.junit.platform.launcher.core.EngineExecutionOrchestrator.execute(EngineExecutionOrchestrator.java:93) ~[junit-platform-launcher-1.10.2.jar:1.10.2]
	at org.junit.platform.launcher.core.EngineExecutionOrchestrator.lambda$execute$0(EngineExecutionOrchestrator.java:58) ~[junit-platform-launcher-1.10.2.jar:1.10.2]
	at org.junit.platform.launcher.core.EngineExecutionOrchestrator.withInterceptedStreams(EngineExecutionOrchestrator.java:141) ~[junit-platform-launcher-1.10.2.jar:1.10.2]
	at org.junit.platform.launcher.core.EngineExecutionOrchestrator.execute(EngineExecutionOrchestrator.java:57) ~[junit-platform-launcher-1.10.2.jar:1.10.2]
	at org.junit.platform.launcher.core.DefaultLauncher.execute(DefaultLauncher.java:103) ~[junit-platform-launcher-1.10.2.jar:1.10.2]
	at org.junit.platform.launcher.core.DefaultLauncher.execute(DefaultLauncher.java:85) ~[junit-platform-launcher-1.10.2.jar:1.10.2]
	at org.junit.platform.launcher.core.DelegatingLauncher.execute(DelegatingLauncher.java:47) ~[junit-platform-launcher-1.10.2.jar:1.10.2]
	at org.apache.maven.surefire.junitplatform.LazyLauncher.execute(LazyLauncher.java:56) ~[surefire-junit-platform-3.1.2.jar:3.1.2]
	at org.apache.maven.surefire.junitplatform.JUnitPlatformProvider.execute(JUnitPlatformProvider.java:184) ~[surefire-junit-platform-3.1.2.jar:3.1.2]
	at org.apache.maven.surefire.junitplatform.JUnitPlatformProvider.invokeAllTests(JUnitPlatformProvider.java:148) ~[surefire-junit-platform-3.1.2.jar:3.1.2]
	at org.apache.maven.surefire.junitplatform.JUnitPlatformProvider.invoke(JUnitPlatformProvider.java:122) ~[surefire-junit-platform-3.1.2.jar:3.1.2]
	at org.apache.maven.surefire.booter.ForkedBooter.runSuitesInProcess(ForkedBooter.java:385) ~[surefire-booter-3.1.2.jar:3.1.2]
	at org.apache.maven.surefire.booter.ForkedBooter.execute(ForkedBooter.java:162) ~[surefire-booter-3.1.2.jar:3.1.2]
	at org.apache.maven.surefire.booter.ForkedBooter.run(ForkedBooter.java:507) ~[surefire-booter-3.1.2.jar:3.1.2]
	at org.apache.maven.surefire.booter.ForkedBooter.main(ForkedBooter.java:495) ~[surefire-booter-3.1.2.jar:3.1.2]

2025-04-16T10:34:27.701+02:00 DEBUG 5488 --- [           main] o.s.d.jpa.repository.query.NamedQuery    : Did not find named query BookLoan.markAsReturned.count
2025-04-16T10:34:27.702+02:00 DEBUG 5488 --- [           main] tor$SharedEntityManagerInvocationHandler : Creating new EntityManager for shared EntityManager invocation
2025-04-16T10:34:27.706+02:00 DEBUG 5488 --- [           main] org.hibernate.orm.query.hql              : HQL : UPDATE BookLoan bl SET bl.returnDate = CURRENT_DATE WHERE bl.id = :id
2025-04-16T10:34:27.827+02:00 DEBUG 5488 --- [           main] o.h.o.q.hql.reservedWordAsIdentifier     : Encountered use of reserved word as identifier : =
2025-04-16T10:34:27.829+02:00 DEBUG 5488 --- [           main] o.h.o.q.hql.reservedWordAsIdentifier     : Encountered use of reserved word as identifier : <EOF>
2025-04-16T10:34:27.864+02:00 DEBUG 5488 --- [           main] org.hibernate.orm.query.sqm.creation     : Applying inferable type to SqmExpression [SqmNamedParameter(id)] : null -> SqmBasicValuedSimplePath(com.lexicon.springws.entity.BookLoan(bl).id)
2025-04-16T10:34:27.870+02:00 DEBUG 5488 --- [           main] org.hibernate.orm.query.sqm.ast          : SqmStatement Tree :
    -> [update]
      [target = com.lexicon.springws.entity.BookLoan(bl)]
      -> [set]
        -> [assignment]
          =
            [com.lexicon.springws.entity.BookLoan(bl).returnDate]
        <- [assignment]
      <- [set]
      -> [where]
        -> [EQUAL]
            -> [basic-path] - `com.lexicon.springws.entity.BookLoan(bl).id`
            :id
        <- [EQUAL]
      <- [where]
    <- [update]

2025-04-16T10:34:27.892+02:00 DEBUG 5488 --- [           main] o.s.d.jpa.repository.query.NamedQuery    : Looking up named query BookLoan.findByBorrowerId
2025-04-16T10:34:27.892+02:00 DEBUG 5488 --- [           main] cResourceLocalTransactionCoordinatorImpl : JDBC transaction marked for rollback-only (exception provided for stack trace)

java.lang.Exception: exception just for purpose of providing stack trace
	at org.hibernate.resource.transaction.backend.jdbc.internal.JdbcResourceLocalTransactionCoordinatorImpl$TransactionDriverControlImpl.markRollbackOnly(JdbcResourceLocalTransactionCoordinatorImpl.java:310) ~[hibernate-core-6.4.4.Final.jar:6.4.4.Final]
	at org.hibernate.internal.AbstractSharedSessionContract.buildNamedQuery(AbstractSharedSessionContract.java:1097) ~[hibernate-core-6.4.4.Final.jar:6.4.4.Final]
	at org.hibernate.internal.AbstractSharedSessionContract.createNamedQuery(AbstractSharedSessionContract.java:975) ~[hibernate-core-6.4.4.Final.jar:6.4.4.Final]
	at org.hibernate.internal.AbstractSharedSessionContract.createNamedQuery(AbstractSharedSessionContract.java:136) ~[hibernate-core-6.4.4.Final.jar:6.4.4.Final]
	at java.base/jdk.internal.reflect.DirectMethodHandleAccessor.invoke(DirectMethodHandleAccessor.java:103) ~[na:na]
	at java.base/java.lang.reflect.Method.invoke(Method.java:580) ~[na:na]
	at org.springframework.orm.jpa.ExtendedEntityManagerCreator$ExtendedEntityManagerInvocationHandler.invoke(ExtendedEntityManagerCreator.java:364) ~[spring-orm-6.1.4.jar:6.1.4]
	at jdk.proxy2/jdk.proxy2.$Proxy106.createNamedQuery(Unknown Source) ~[na:na]
	at org.springframework.data.jpa.repository.query.NamedQuery.hasNamedQuery(NamedQuery.java:113) ~[spring-data-jpa-3.2.3.jar:3.2.3]
	at org.springframework.data.jpa.repository.query.NamedQuery.lookupFrom(NamedQuery.java:141) ~[spring-data-jpa-3.2.3.jar:3.2.3]
	at org.springframework.data.jpa.repository.query.JpaQueryLookupStrategy$DeclaredQueryLookupStrategy.resolveQuery(JpaQueryLookupStrategy.java:180) ~[spring-data-jpa-3.2.3.jar:3.2.3]
	at org.springframework.data.jpa.repository.query.JpaQueryLookupStrategy$CreateIfNotFoundQueryLookupStrategy.resolveQuery(JpaQueryLookupStrategy.java:252) ~[spring-data-jpa-3.2.3.jar:3.2.3]
	at org.springframework.data.jpa.repository.query.JpaQueryLookupStrategy$AbstractQueryLookupStrategy.resolveQuery(JpaQueryLookupStrategy.java:95) ~[spring-data-jpa-3.2.3.jar:3.2.3]
	at org.springframework.data.repository.core.support.QueryExecutorMethodInterceptor.lookupQuery(QueryExecutorMethodInterceptor.java:111) ~[spring-data-commons-3.2.3.jar:3.2.3]
	at org.springframework.data.repository.core.support.QueryExecutorMethodInterceptor.mapMethodsToQuery(QueryExecutorMethodInterceptor.java:99) ~[spring-data-commons-3.2.3.jar:3.2.3]
	at org.springframework.data.repository.core.support.QueryExecutorMethodInterceptor.lambda$new$0(QueryExecutorMethodInterceptor.java:88) ~[spring-data-commons-3.2.3.jar:3.2.3]
	at java.base/java.util.Optional.map(Optional.java:260) ~[na:na]
	at org.springframework.data.repository.core.support.QueryExecutorMethodInterceptor.<init>(QueryExecutorMethodInterceptor.java:88) ~[spring-data-commons-3.2.3.jar:3.2.3]
	at org.springframework.data.repository.core.support.RepositoryFactorySupport.getRepository(RepositoryFactorySupport.java:357) ~[spring-data-commons-3.2.3.jar:3.2.3]
	at org.springframework.data.repository.core.support.RepositoryFactoryBeanSupport.lambda$afterPropertiesSet$5(RepositoryFactoryBeanSupport.java:279) ~[spring-data-commons-3.2.3.jar:3.2.3]
	at org.springframework.data.util.Lazy.getNullable(Lazy.java:135) ~[spring-data-commons-3.2.3.jar:3.2.3]
	at org.springframework.data.util.Lazy.get(Lazy.java:113) ~[spring-data-commons-3.2.3.jar:3.2.3]
	at org.springframework.data.repository.core.support.RepositoryFactoryBeanSupport.afterPropertiesSet(RepositoryFactoryBeanSupport.java:285) ~[spring-data-commons-3.2.3.jar:3.2.3]
	at org.springframework.data.jpa.repository.support.JpaRepositoryFactoryBean.afterPropertiesSet(JpaRepositoryFactoryBean.java:132) ~[spring-data-jpa-3.2.3.jar:3.2.3]
	at org.springframework.beans.factory.support.AbstractAutowireCapableBeanFactory.invokeInitMethods(AbstractAutowireCapableBeanFactory.java:1833) ~[spring-beans-6.1.4.jar:6.1.4]
	at org.springframework.beans.factory.support.AbstractAutowireCapableBeanFactory.initializeBean(AbstractAutowireCapableBeanFactory.java:1782) ~[spring-beans-6.1.4.jar:6.1.4]
	at org.springframework.beans.factory.support.AbstractAutowireCapableBeanFactory.doCreateBean(AbstractAutowireCapableBeanFactory.java:600) ~[spring-beans-6.1.4.jar:6.1.4]
	at org.springframework.beans.factory.support.AbstractAutowireCapableBeanFactory.createBean(AbstractAutowireCapableBeanFactory.java:522) ~[spring-beans-6.1.4.jar:6.1.4]
	at org.springframework.beans.factory.support.AbstractBeanFactory.lambda$doGetBean$0(AbstractBeanFactory.java:325) ~[spring-beans-6.1.4.jar:6.1.4]
	at org.springframework.beans.factory.support.DefaultSingletonBeanRegistry.getSingleton(DefaultSingletonBeanRegistry.java:234) ~[spring-beans-6.1.4.jar:6.1.4]
	at org.springframework.beans.factory.support.AbstractBeanFactory.doGetBean(AbstractBeanFactory.java:323) ~[spring-beans-6.1.4.jar:6.1.4]
	at org.springframework.beans.factory.support.AbstractBeanFactory.getBean(AbstractBeanFactory.java:199) ~[spring-beans-6.1.4.jar:6.1.4]
	at org.springframework.beans.factory.config.DependencyDescriptor.resolveCandidate(DependencyDescriptor.java:254) ~[spring-beans-6.1.4.jar:6.1.4]
	at org.springframework.beans.factory.support.DefaultListableBeanFactory.doResolveDependency(DefaultListableBeanFactory.java:1443) ~[spring-beans-6.1.4.jar:6.1.4]
	at org.springframework.beans.factory.support.DefaultListableBeanFactory.resolveDependency(DefaultListableBeanFactory.java:1353) ~[spring-beans-6.1.4.jar:6.1.4]
	at org.springframework.beans.factory.support.ConstructorResolver.resolveAutowiredArgument(ConstructorResolver.java:907) ~[spring-beans-6.1.4.jar:6.1.4]
	at org.springframework.beans.factory.support.ConstructorResolver.createArgumentArray(ConstructorResolver.java:785) ~[spring-beans-6.1.4.jar:6.1.4]
	at org.springframework.beans.factory.support.ConstructorResolver.instantiateUsingFactoryMethod(ConstructorResolver.java:542) ~[spring-beans-6.1.4.jar:6.1.4]
	at org.springframework.beans.factory.support.AbstractAutowireCapableBeanFactory.instantiateUsingFactoryMethod(AbstractAutowireCapableBeanFactory.java:1335) ~[spring-beans-6.1.4.jar:6.1.4]
	at org.springframework.beans.factory.support.AbstractAutowireCapableBeanFactory.createBeanInstance(AbstractAutowireCapableBeanFactory.java:1165) ~[spring-beans-6.1.4.jar:6.1.4]
	at org.springframework.beans.factory.support.AbstractAutowireCapableBeanFactory.doCreateBean(AbstractAutowireCapableBeanFactory.java:562) ~[spring-beans-6.1.4.jar:6.1.4]
	at org.springframework.beans.factory.support.AbstractAutowireCapableBeanFactory.createBean(AbstractAutowireCapableBeanFactory.java:522) ~[spring-beans-6.1.4.jar:6.1.4]
	at org.springframework.beans.factory.support.AbstractBeanFactory.lambda$doGetBean$0(AbstractBeanFactory.java:325) ~[spring-beans-6.1.4.jar:6.1.4]
	at org.springframework.beans.factory.support.DefaultSingletonBeanRegistry.getSingleton(DefaultSingletonBeanRegistry.java:234) ~[spring-beans-6.1.4.jar:6.1.4]
	at org.springframework.beans.factory.support.AbstractBeanFactory.doGetBean(AbstractBeanFactory.java:323) ~[spring-beans-6.1.4.jar:6.1.4]
	at org.springframework.beans.factory.support.AbstractBeanFactory.getBean(AbstractBeanFactory.java:199) ~[spring-beans-6.1.4.jar:6.1.4]
	at org.springframework.beans.factory.support.DefaultListableBeanFactory.preInstantiateSingletons(DefaultListableBeanFactory.java:975) ~[spring-beans-6.1.4.jar:6.1.4]
	at org.springframework.context.support.AbstractApplicationContext.finishBeanFactoryInitialization(AbstractApplicationContext.java:959) ~[spring-context-6.1.4.jar:6.1.4]
	at org.springframework.context.support.AbstractApplicationContext.refresh(AbstractApplicationContext.java:624) ~[spring-context-6.1.4.jar:6.1.4]
	at org.springframework.boot.SpringApplication.refresh(SpringApplication.java:754) ~[spring-boot-3.2.3.jar:3.2.3]
	at org.springframework.boot.SpringApplication.refreshContext(SpringApplication.java:456) ~[spring-boot-3.2.3.jar:3.2.3]
	at org.springframework.boot.SpringApplication.run(SpringApplication.java:334) ~[spring-boot-3.2.3.jar:3.2.3]
	at org.springframework.boot.test.context.SpringBootContextLoader.lambda$loadContext$3(SpringBootContextLoader.java:137) ~[spring-boot-test-3.2.3.jar:3.2.3]
	at org.springframework.util.function.ThrowingSupplier.get(ThrowingSupplier.java:58) ~[spring-core-6.1.4.jar:6.1.4]
	at org.springframework.util.function.ThrowingSupplier.get(ThrowingSupplier.java:46) ~[spring-core-6.1.4.jar:6.1.4]
	at org.springframework.boot.SpringApplication.withHook(SpringApplication.java:1454) ~[spring-boot-3.2.3.jar:3.2.3]
	at org.springframework.boot.test.context.SpringBootContextLoader$ContextLoaderHook.run(SpringBootContextLoader.java:553) ~[spring-boot-test-3.2.3.jar:3.2.3]
	at org.springframework.boot.test.context.SpringBootContextLoader.loadContext(SpringBootContextLoader.java:137) ~[spring-boot-test-3.2.3.jar:3.2.3]
	at org.springframework.boot.test.context.SpringBootContextLoader.loadContext(SpringBootContextLoader.java:108) ~[spring-boot-test-3.2.3.jar:3.2.3]
	at org.springframework.test.context.cache.DefaultCacheAwareContextLoaderDelegate.loadContextInternal(DefaultCacheAwareContextLoaderDelegate.java:225) ~[spring-test-6.1.4.jar:6.1.4]
	at org.springframework.test.context.cache.DefaultCacheAwareContextLoaderDelegate.loadContext(DefaultCacheAwareContextLoaderDelegate.java:152) ~[spring-test-6.1.4.jar:6.1.4]
	at org.springframework.test.context.support.DefaultTestContext.getApplicationContext(DefaultTestContext.java:130) ~[spring-test-6.1.4.jar:6.1.4]
	at org.springframework.test.context.support.DependencyInjectionTestExecutionListener.injectDependencies(DependencyInjectionTestExecutionListener.java:142) ~[spring-test-6.1.4.jar:6.1.4]
	at org.springframework.test.context.support.DependencyInjectionTestExecutionListener.prepareTestInstance(DependencyInjectionTestExecutionListener.java:98) ~[spring-test-6.1.4.jar:6.1.4]
	at org.springframework.test.context.TestContextManager.prepareTestInstance(TestContextManager.java:260) ~[spring-test-6.1.4.jar:6.1.4]
	at org.springframework.test.context.junit.jupiter.SpringExtension.postProcessTestInstance(SpringExtension.java:163) ~[spring-test-6.1.4.jar:6.1.4]
	at org.junit.jupiter.engine.descriptor.ClassBasedTestDescriptor.lambda$invokeTestInstancePostProcessors$10(ClassBasedTestDescriptor.java:378) ~[junit-jupiter-engine-5.10.2.jar:5.10.2]
	at org.junit.jupiter.engine.descriptor.ClassBasedTestDescriptor.executeAndMaskThrowable(ClassBasedTestDescriptor.java:383) ~[junit-jupiter-engine-5.10.2.jar:5.10.2]
	at org.junit.jupiter.engine.descriptor.ClassBasedTestDescriptor.lambda$invokeTestInstancePostProcessors$11(ClassBasedTestDescriptor.java:378) ~[junit-jupiter-engine-5.10.2.jar:5.10.2]
	at java.base/java.util.stream.ReferencePipeline$3$1.accept(ReferencePipeline.java:197) ~[na:na]
	at java.base/java.util.stream.ReferencePipeline$2$1.accept(ReferencePipeline.java:179) ~[na:na]
	at java.base/java.util.ArrayList$ArrayListSpliterator.forEachRemaining(ArrayList.java:1708) ~[na:na]
	at java.base/java.util.stream.AbstractPipeline.copyInto(AbstractPipeline.java:509) ~[na:na]
	at java.base/java.util.stream.AbstractPipeline.wrapAndCopyInto(AbstractPipeline.java:499) ~[na:na]
	at java.base/java.util.stream.StreamSpliterators$WrappingSpliterator.forEachRemaining(StreamSpliterators.java:310) ~[na:na]
	at java.base/java.util.stream.Streams$ConcatSpliterator.forEachRemaining(Streams.java:735) ~[na:na]
	at java.base/java.util.stream.Streams$ConcatSpliterator.forEachRemaining(Streams.java:734) ~[na:na]
	at java.base/java.util.stream.ReferencePipeline$Head.forEach(ReferencePipeline.java:762) ~[na:na]
	at org.junit.jupiter.engine.descriptor.ClassBasedTestDescriptor.invokeTestInstancePostProcessors(ClassBasedTestDescriptor.java:377) ~[junit-jupiter-engine-5.10.2.jar:5.10.2]
	at org.junit.jupiter.engine.descriptor.ClassBasedTestDescriptor.lambda$instantiateAndPostProcessTestInstance$6(ClassBasedTestDescriptor.java:290) ~[junit-jupiter-engine-5.10.2.jar:5.10.2]
	at org.junit.platform.engine.support.hierarchical.ThrowableCollector.execute(ThrowableCollector.java:73) ~[junit-platform-engine-1.10.2.jar:1.10.2]
	at org.junit.jupiter.engine.descriptor.ClassBasedTestDescriptor.instantiateAndPostProcessTestInstance(ClassBasedTestDescriptor.java:289) ~[junit-jupiter-engine-5.10.2.jar:5.10.2]
	at org.junit.jupiter.engine.descriptor.ClassBasedTestDescriptor.lambda$testInstancesProvider$4(ClassBasedTestDescriptor.java:279) ~[junit-jupiter-engine-5.10.2.jar:5.10.2]
	at java.base/java.util.Optional.orElseGet(Optional.java:364) ~[na:na]
	at org.junit.jupiter.engine.descriptor.ClassBasedTestDescriptor.lambda$testInstancesProvider$5(ClassBasedTestDescriptor.java:278) ~[junit-jupiter-engine-5.10.2.jar:5.10.2]
	at org.junit.jupiter.engine.execution.TestInstancesProvider.getTestInstances(TestInstancesProvider.java:31) ~[junit-jupiter-engine-5.10.2.jar:5.10.2]
	at org.junit.jupiter.engine.descriptor.TestMethodTestDescriptor.lambda$prepare$0(TestMethodTestDescriptor.java:106) ~[junit-jupiter-engine-5.10.2.jar:5.10.2]
	at org.junit.platform.engine.support.hierarchical.ThrowableCollector.execute(ThrowableCollector.java:73) ~[junit-platform-engine-1.10.2.jar:1.10.2]
	at org.junit.jupiter.engine.descriptor.TestMethodTestDescriptor.prepare(TestMethodTestDescriptor.java:105) ~[junit-jupiter-engine-5.10.2.jar:5.10.2]
	at org.junit.jupiter.engine.descriptor.TestMethodTestDescriptor.prepare(TestMethodTestDescriptor.java:69) ~[junit-jupiter-engine-5.10.2.jar:5.10.2]
	at org.junit.platform.engine.support.hierarchical.NodeTestTask.lambda$prepare$2(NodeTestTask.java:123) ~[junit-platform-engine-1.10.2.jar:1.10.2]
	at org.junit.platform.engine.support.hierarchical.ThrowableCollector.execute(ThrowableCollector.java:73) ~[junit-platform-engine-1.10.2.jar:1.10.2]
	at org.junit.platform.engine.support.hierarchical.NodeTestTask.prepare(NodeTestTask.java:123) ~[junit-platform-engine-1.10.2.jar:1.10.2]
	at org.junit.platform.engine.support.hierarchical.NodeTestTask.execute(NodeTestTask.java:90) ~[junit-platform-engine-1.10.2.jar:1.10.2]
	at java.base/java.util.ArrayList.forEach(ArrayList.java:1596) ~[na:na]
	at org.junit.platform.engine.support.hierarchical.SameThreadHierarchicalTestExecutorService.invokeAll(SameThreadHierarchicalTestExecutorService.java:41) ~[junit-platform-engine-1.10.2.jar:1.10.2]
	at org.junit.platform.engine.support.hierarchical.NodeTestTask.lambda$executeRecursively$6(NodeTestTask.java:155) ~[junit-platform-engine-1.10.2.jar:1.10.2]
	at org.junit.platform.engine.support.hierarchical.ThrowableCollector.execute(ThrowableCollector.java:73) ~[junit-platform-engine-1.10.2.jar:1.10.2]
	at org.junit.platform.engine.support.hierarchical.NodeTestTask.lambda$executeRecursively$8(NodeTestTask.java:141) ~[junit-platform-engine-1.10.2.jar:1.10.2]
	at org.junit.platform.engine.support.hierarchical.Node.around(Node.java:137) ~[junit-platform-engine-1.10.2.jar:1.10.2]
	at org.junit.platform.engine.support.hierarchical.NodeTestTask.lambda$executeRecursively$9(NodeTestTask.java:139) ~[junit-platform-engine-1.10.2.jar:1.10.2]
	at org.junit.platform.engine.support.hierarchical.ThrowableCollector.execute(ThrowableCollector.java:73) ~[junit-platform-engine-1.10.2.jar:1.10.2]
	at org.junit.platform.engine.support.hierarchical.NodeTestTask.executeRecursively(NodeTestTask.java:138) ~[junit-platform-engine-1.10.2.jar:1.10.2]
	at org.junit.platform.engine.support.hierarchical.NodeTestTask.execute(NodeTestTask.java:95) ~[junit-platform-engine-1.10.2.jar:1.10.2]
	at java.base/java.util.ArrayList.forEach(ArrayList.java:1596) ~[na:na]
	at org.junit.platform.engine.support.hierarchical.SameThreadHierarchicalTestExecutorService.invokeAll(SameThreadHierarchicalTestExecutorService.java:41) ~[junit-platform-engine-1.10.2.jar:1.10.2]
	at org.junit.platform.engine.support.hierarchical.NodeTestTask.lambda$executeRecursively$6(NodeTestTask.java:155) ~[junit-platform-engine-1.10.2.jar:1.10.2]
	at org.junit.platform.engine.support.hierarchical.ThrowableCollector.execute(ThrowableCollector.java:73) ~[junit-platform-engine-1.10.2.jar:1.10.2]
	at org.junit.platform.engine.support.hierarchical.NodeTestTask.lambda$executeRecursively$8(NodeTestTask.java:141) ~[junit-platform-engine-1.10.2.jar:1.10.2]
	at org.junit.platform.engine.support.hierarchical.Node.around(Node.java:137) ~[junit-platform-engine-1.10.2.jar:1.10.2]
	at org.junit.platform.engine.support.hierarchical.NodeTestTask.lambda$executeRecursively$9(NodeTestTask.java:139) ~[junit-platform-engine-1.10.2.jar:1.10.2]
	at org.junit.platform.engine.support.hierarchical.ThrowableCollector.execute(ThrowableCollector.java:73) ~[junit-platform-engine-1.10.2.jar:1.10.2]
	at org.junit.platform.engine.support.hierarchical.NodeTestTask.executeRecursively(NodeTestTask.java:138) ~[junit-platform-engine-1.10.2.jar:1.10.2]
	at org.junit.platform.engine.support.hierarchical.NodeTestTask.execute(NodeTestTask.java:95) ~[junit-platform-engine-1.10.2.jar:1.10.2]
	at org.junit.platform.engine.support.hierarchical.SameThreadHierarchicalTestExecutorService.submit(SameThreadHierarchicalTestExecutorService.java:35) ~[junit-platform-engine-1.10.2.jar:1.10.2]
	at org.junit.platform.engine.support.hierarchical.HierarchicalTestExecutor.execute(HierarchicalTestExecutor.java:57) ~[junit-platform-engine-1.10.2.jar:1.10.2]
	at org.junit.platform.engine.support.hierarchical.HierarchicalTestEngine.execute(HierarchicalTestEngine.java:54) ~[junit-platform-engine-1.10.2.jar:1.10.2]
	at org.junit.platform.launcher.core.EngineExecutionOrchestrator.execute(EngineExecutionOrchestrator.java:198) ~[junit-platform-launcher-1.10.2.jar:1.10.2]
	at org.junit.platform.launcher.core.EngineExecutionOrchestrator.execute(EngineExecutionOrchestrator.java:169) ~[junit-platform-launcher-1.10.2.jar:1.10.2]
	at org.junit.platform.launcher.core.EngineExecutionOrchestrator.execute(EngineExecutionOrchestrator.java:93) ~[junit-platform-launcher-1.10.2.jar:1.10.2]
	at org.junit.platform.launcher.core.EngineExecutionOrchestrator.lambda$execute$0(EngineExecutionOrchestrator.java:58) ~[junit-platform-launcher-1.10.2.jar:1.10.2]
	at org.junit.platform.launcher.core.EngineExecutionOrchestrator.withInterceptedStreams(EngineExecutionOrchestrator.java:141) ~[junit-platform-launcher-1.10.2.jar:1.10.2]
	at org.junit.platform.launcher.core.EngineExecutionOrchestrator.execute(EngineExecutionOrchestrator.java:57) ~[junit-platform-launcher-1.10.2.jar:1.10.2]
	at org.junit.platform.launcher.core.DefaultLauncher.execute(DefaultLauncher.java:103) ~[junit-platform-launcher-1.10.2.jar:1.10.2]
	at org.junit.platform.launcher.core.DefaultLauncher.execute(DefaultLauncher.java:85) ~[junit-platform-launcher-1.10.2.jar:1.10.2]
	at org.junit.platform.launcher.core.DelegatingLauncher.execute(DelegatingLauncher.java:47) ~[junit-platform-launcher-1.10.2.jar:1.10.2]
	at org.apache.maven.surefire.junitplatform.LazyLauncher.execute(LazyLauncher.java:56) ~[surefire-junit-platform-3.1.2.jar:3.1.2]
	at org.apache.maven.surefire.junitplatform.JUnitPlatformProvider.execute(JUnitPlatformProvider.java:184) ~[surefire-junit-platform-3.1.2.jar:3.1.2]
	at org.apache.maven.surefire.junitplatform.JUnitPlatformProvider.invokeAllTests(JUnitPlatformProvider.java:148) ~[surefire-junit-platform-3.1.2.jar:3.1.2]
	at org.apache.maven.surefire.junitplatform.JUnitPlatformProvider.invoke(JUnitPlatformProvider.java:122) ~[surefire-junit-platform-3.1.2.jar:3.1.2]
	at org.apache.maven.surefire.booter.ForkedBooter.runSuitesInProcess(ForkedBooter.java:385) ~[surefire-booter-3.1.2.jar:3.1.2]
	at org.apache.maven.surefire.booter.ForkedBooter.execute(ForkedBooter.java:162) ~[surefire-booter-3.1.2.jar:3.1.2]
	at org.apache.maven.surefire.booter.ForkedBooter.run(ForkedBooter.java:507) ~[surefire-booter-3.1.2.jar:3.1.2]
	at org.apache.maven.surefire.booter.ForkedBooter.main(ForkedBooter.java:495) ~[surefire-booter-3.1.2.jar:3.1.2]

2025-04-16T10:34:27.893+02:00 DEBUG 5488 --- [           main] o.s.d.jpa.repository.query.NamedQuery    : Did not find named query BookLoan.findByBorrowerId
2025-04-16T10:34:27.893+02:00 DEBUG 5488 --- [           main] tor$SharedEntityManagerInvocationHandler : Creating new EntityManager for shared EntityManager invocation
2025-04-16T10:34:27.897+02:00 DEBUG 5488 --- [           main] o.s.d.jpa.repository.query.NamedQuery    : Looking up named query BookLoan.findByReturnDateIsNull
2025-04-16T10:34:27.899+02:00 DEBUG 5488 --- [           main] cResourceLocalTransactionCoordinatorImpl : JDBC transaction marked for rollback-only (exception provided for stack trace)

java.lang.Exception: exception just for purpose of providing stack trace
	at org.hibernate.resource.transaction.backend.jdbc.internal.JdbcResourceLocalTransactionCoordinatorImpl$TransactionDriverControlImpl.markRollbackOnly(JdbcResourceLocalTransactionCoordinatorImpl.java:310) ~[hibernate-core-6.4.4.Final.jar:6.4.4.Final]
	at org.hibernate.internal.AbstractSharedSessionContract.buildNamedQuery(AbstractSharedSessionContract.java:1097) ~[hibernate-core-6.4.4.Final.jar:6.4.4.Final]
	at org.hibernate.internal.AbstractSharedSessionContract.createNamedQuery(AbstractSharedSessionContract.java:975) ~[hibernate-core-6.4.4.Final.jar:6.4.4.Final]
	at org.hibernate.internal.AbstractSharedSessionContract.createNamedQuery(AbstractSharedSessionContract.java:136) ~[hibernate-core-6.4.4.Final.jar:6.4.4.Final]
	at java.base/jdk.internal.reflect.DirectMethodHandleAccessor.invoke(DirectMethodHandleAccessor.java:103) ~[na:na]
	at java.base/java.lang.reflect.Method.invoke(Method.java:580) ~[na:na]
	at org.springframework.orm.jpa.ExtendedEntityManagerCreator$ExtendedEntityManagerInvocationHandler.invoke(ExtendedEntityManagerCreator.java:364) ~[spring-orm-6.1.4.jar:6.1.4]
	at jdk.proxy2/jdk.proxy2.$Proxy106.createNamedQuery(Unknown Source) ~[na:na]
	at org.springframework.data.jpa.repository.query.NamedQuery.hasNamedQuery(NamedQuery.java:113) ~[spring-data-jpa-3.2.3.jar:3.2.3]
	at org.springframework.data.jpa.repository.query.NamedQuery.lookupFrom(NamedQuery.java:141) ~[spring-data-jpa-3.2.3.jar:3.2.3]
	at org.springframework.data.jpa.repository.query.JpaQueryLookupStrategy$DeclaredQueryLookupStrategy.resolveQuery(JpaQueryLookupStrategy.java:180) ~[spring-data-jpa-3.2.3.jar:3.2.3]
	at org.springframework.data.jpa.repository.query.JpaQueryLookupStrategy$CreateIfNotFoundQueryLookupStrategy.resolveQuery(JpaQueryLookupStrategy.java:252) ~[spring-data-jpa-3.2.3.jar:3.2.3]
	at org.springframework.data.jpa.repository.query.JpaQueryLookupStrategy$AbstractQueryLookupStrategy.resolveQuery(JpaQueryLookupStrategy.java:95) ~[spring-data-jpa-3.2.3.jar:3.2.3]
	at org.springframework.data.repository.core.support.QueryExecutorMethodInterceptor.lookupQuery(QueryExecutorMethodInterceptor.java:111) ~[spring-data-commons-3.2.3.jar:3.2.3]
	at org.springframework.data.repository.core.support.QueryExecutorMethodInterceptor.mapMethodsToQuery(QueryExecutorMethodInterceptor.java:99) ~[spring-data-commons-3.2.3.jar:3.2.3]
	at org.springframework.data.repository.core.support.QueryExecutorMethodInterceptor.lambda$new$0(QueryExecutorMethodInterceptor.java:88) ~[spring-data-commons-3.2.3.jar:3.2.3]
	at java.base/java.util.Optional.map(Optional.java:260) ~[na:na]
	at org.springframework.data.repository.core.support.QueryExecutorMethodInterceptor.<init>(QueryExecutorMethodInterceptor.java:88) ~[spring-data-commons-3.2.3.jar:3.2.3]
	at org.springframework.data.repository.core.support.RepositoryFactorySupport.getRepository(RepositoryFactorySupport.java:357) ~[spring-data-commons-3.2.3.jar:3.2.3]
	at org.springframework.data.repository.core.support.RepositoryFactoryBeanSupport.lambda$afterPropertiesSet$5(RepositoryFactoryBeanSupport.java:279) ~[spring-data-commons-3.2.3.jar:3.2.3]
	at org.springframework.data.util.Lazy.getNullable(Lazy.java:135) ~[spring-data-commons-3.2.3.jar:3.2.3]
	at org.springframework.data.util.Lazy.get(Lazy.java:113) ~[spring-data-commons-3.2.3.jar:3.2.3]
	at org.springframework.data.repository.core.support.RepositoryFactoryBeanSupport.afterPropertiesSet(RepositoryFactoryBeanSupport.java:285) ~[spring-data-commons-3.2.3.jar:3.2.3]
	at org.springframework.data.jpa.repository.support.JpaRepositoryFactoryBean.afterPropertiesSet(JpaRepositoryFactoryBean.java:132) ~[spring-data-jpa-3.2.3.jar:3.2.3]
	at org.springframework.beans.factory.support.AbstractAutowireCapableBeanFactory.invokeInitMethods(AbstractAutowireCapableBeanFactory.java:1833) ~[spring-beans-6.1.4.jar:6.1.4]
	at org.springframework.beans.factory.support.AbstractAutowireCapableBeanFactory.initializeBean(AbstractAutowireCapableBeanFactory.java:1782) ~[spring-beans-6.1.4.jar:6.1.4]
	at org.springframework.beans.factory.support.AbstractAutowireCapableBeanFactory.doCreateBean(AbstractAutowireCapableBeanFactory.java:600) ~[spring-beans-6.1.4.jar:6.1.4]
	at org.springframework.beans.factory.support.AbstractAutowireCapableBeanFactory.createBean(AbstractAutowireCapableBeanFactory.java:522) ~[spring-beans-6.1.4.jar:6.1.4]
	at org.springframework.beans.factory.support.AbstractBeanFactory.lambda$doGetBean$0(AbstractBeanFactory.java:325) ~[spring-beans-6.1.4.jar:6.1.4]
	at org.springframework.beans.factory.support.DefaultSingletonBeanRegistry.getSingleton(DefaultSingletonBeanRegistry.java:234) ~[spring-beans-6.1.4.jar:6.1.4]
	at org.springframework.beans.factory.support.AbstractBeanFactory.doGetBean(AbstractBeanFactory.java:323) ~[spring-beans-6.1.4.jar:6.1.4]
	at org.springframework.beans.factory.support.AbstractBeanFactory.getBean(AbstractBeanFactory.java:199) ~[spring-beans-6.1.4.jar:6.1.4]
	at org.springframework.beans.factory.config.DependencyDescriptor.resolveCandidate(DependencyDescriptor.java:254) ~[spring-beans-6.1.4.jar:6.1.4]
	at org.springframework.beans.factory.support.DefaultListableBeanFactory.doResolveDependency(DefaultListableBeanFactory.java:1443) ~[spring-beans-6.1.4.jar:6.1.4]
	at org.springframework.beans.factory.support.DefaultListableBeanFactory.resolveDependency(DefaultListableBeanFactory.java:1353) ~[spring-beans-6.1.4.jar:6.1.4]
	at org.springframework.beans.factory.support.ConstructorResolver.resolveAutowiredArgument(ConstructorResolver.java:907) ~[spring-beans-6.1.4.jar:6.1.4]
	at org.springframework.beans.factory.support.ConstructorResolver.createArgumentArray(ConstructorResolver.java:785) ~[spring-beans-6.1.4.jar:6.1.4]
	at org.springframework.beans.factory.support.ConstructorResolver.instantiateUsingFactoryMethod(ConstructorResolver.java:542) ~[spring-beans-6.1.4.jar:6.1.4]
	at org.springframework.beans.factory.support.AbstractAutowireCapableBeanFactory.instantiateUsingFactoryMethod(AbstractAutowireCapableBeanFactory.java:1335) ~[spring-beans-6.1.4.jar:6.1.4]
	at org.springframework.beans.factory.support.AbstractAutowireCapableBeanFactory.createBeanInstance(AbstractAutowireCapableBeanFactory.java:1165) ~[spring-beans-6.1.4.jar:6.1.4]
	at org.springframework.beans.factory.support.AbstractAutowireCapableBeanFactory.doCreateBean(AbstractAutowireCapableBeanFactory.java:562) ~[spring-beans-6.1.4.jar:6.1.4]
	at org.springframework.beans.factory.support.AbstractAutowireCapableBeanFactory.createBean(AbstractAutowireCapableBeanFactory.java:522) ~[spring-beans-6.1.4.jar:6.1.4]
	at org.springframework.beans.factory.support.AbstractBeanFactory.lambda$doGetBean$0(AbstractBeanFactory.java:325) ~[spring-beans-6.1.4.jar:6.1.4]
	at org.springframework.beans.factory.support.DefaultSingletonBeanRegistry.getSingleton(DefaultSingletonBeanRegistry.java:234) ~[spring-beans-6.1.4.jar:6.1.4]
	at org.springframework.beans.factory.support.AbstractBeanFactory.doGetBean(AbstractBeanFactory.java:323) ~[spring-beans-6.1.4.jar:6.1.4]
	at org.springframework.beans.factory.support.AbstractBeanFactory.getBean(AbstractBeanFactory.java:199) ~[spring-beans-6.1.4.jar:6.1.4]
	at org.springframework.beans.factory.support.DefaultListableBeanFactory.preInstantiateSingletons(DefaultListableBeanFactory.java:975) ~[spring-beans-6.1.4.jar:6.1.4]
	at org.springframework.context.support.AbstractApplicationContext.finishBeanFactoryInitialization(AbstractApplicationContext.java:959) ~[spring-context-6.1.4.jar:6.1.4]
	at org.springframework.context.support.AbstractApplicationContext.refresh(AbstractApplicationContext.java:624) ~[spring-context-6.1.4.jar:6.1.4]
	at org.springframework.boot.SpringApplication.refresh(SpringApplication.java:754) ~[spring-boot-3.2.3.jar:3.2.3]
	at org.springframework.boot.SpringApplication.refreshContext(SpringApplication.java:456) ~[spring-boot-3.2.3.jar:3.2.3]
	at org.springframework.boot.SpringApplication.run(SpringApplication.java:334) ~[spring-boot-3.2.3.jar:3.2.3]
	at org.springframework.boot.test.context.SpringBootContextLoader.lambda$loadContext$3(SpringBootContextLoader.java:137) ~[spring-boot-test-3.2.3.jar:3.2.3]
	at org.springframework.util.function.ThrowingSupplier.get(ThrowingSupplier.java:58) ~[spring-core-6.1.4.jar:6.1.4]
	at org.springframework.util.function.ThrowingSupplier.get(ThrowingSupplier.java:46) ~[spring-core-6.1.4.jar:6.1.4]
	at org.springframework.boot.SpringApplication.withHook(SpringApplication.java:1454) ~[spring-boot-3.2.3.jar:3.2.3]
	at org.springframework.boot.test.context.SpringBootContextLoader$ContextLoaderHook.run(SpringBootContextLoader.java:553) ~[spring-boot-test-3.2.3.jar:3.2.3]
	at org.springframework.boot.test.context.SpringBootContextLoader.loadContext(SpringBootContextLoader.java:137) ~[spring-boot-test-3.2.3.jar:3.2.3]
	at org.springframework.boot.test.context.SpringBootContextLoader.loadContext(SpringBootContextLoader.java:108) ~[spring-boot-test-3.2.3.jar:3.2.3]
	at org.springframework.test.context.cache.DefaultCacheAwareContextLoaderDelegate.loadContextInternal(DefaultCacheAwareContextLoaderDelegate.java:225) ~[spring-test-6.1.4.jar:6.1.4]
	at org.springframework.test.context.cache.DefaultCacheAwareContextLoaderDelegate.loadContext(DefaultCacheAwareContextLoaderDelegate.java:152) ~[spring-test-6.1.4.jar:6.1.4]
	at org.springframework.test.context.support.DefaultTestContext.getApplicationContext(DefaultTestContext.java:130) ~[spring-test-6.1.4.jar:6.1.4]
	at org.springframework.test.context.support.DependencyInjectionTestExecutionListener.injectDependencies(DependencyInjectionTestExecutionListener.java:142) ~[spring-test-6.1.4.jar:6.1.4]
	at org.springframework.test.context.support.DependencyInjectionTestExecutionListener.prepareTestInstance(DependencyInjectionTestExecutionListener.java:98) ~[spring-test-6.1.4.jar:6.1.4]
	at org.springframework.test.context.TestContextManager.prepareTestInstance(TestContextManager.java:260) ~[spring-test-6.1.4.jar:6.1.4]
	at org.springframework.test.context.junit.jupiter.SpringExtension.postProcessTestInstance(SpringExtension.java:163) ~[spring-test-6.1.4.jar:6.1.4]
	at org.junit.jupiter.engine.descriptor.ClassBasedTestDescriptor.lambda$invokeTestInstancePostProcessors$10(ClassBasedTestDescriptor.java:378) ~[junit-jupiter-engine-5.10.2.jar:5.10.2]
	at org.junit.jupiter.engine.descriptor.ClassBasedTestDescriptor.executeAndMaskThrowable(ClassBasedTestDescriptor.java:383) ~[junit-jupiter-engine-5.10.2.jar:5.10.2]
	at org.junit.jupiter.engine.descriptor.ClassBasedTestDescriptor.lambda$invokeTestInstancePostProcessors$11(ClassBasedTestDescriptor.java:378) ~[junit-jupiter-engine-5.10.2.jar:5.10.2]
	at java.base/java.util.stream.ReferencePipeline$3$1.accept(ReferencePipeline.java:197) ~[na:na]
	at java.base/java.util.stream.ReferencePipeline$2$1.accept(ReferencePipeline.java:179) ~[na:na]
	at java.base/java.util.ArrayList$ArrayListSpliterator.forEachRemaining(ArrayList.java:1708) ~[na:na]
	at java.base/java.util.stream.AbstractPipeline.copyInto(AbstractPipeline.java:509) ~[na:na]
	at java.base/java.util.stream.AbstractPipeline.wrapAndCopyInto(AbstractPipeline.java:499) ~[na:na]
	at java.base/java.util.stream.StreamSpliterators$WrappingSpliterator.forEachRemaining(StreamSpliterators.java:310) ~[na:na]
	at java.base/java.util.stream.Streams$ConcatSpliterator.forEachRemaining(Streams.java:735) ~[na:na]
	at java.base/java.util.stream.Streams$ConcatSpliterator.forEachRemaining(Streams.java:734) ~[na:na]
	at java.base/java.util.stream.ReferencePipeline$Head.forEach(ReferencePipeline.java:762) ~[na:na]
	at org.junit.jupiter.engine.descriptor.ClassBasedTestDescriptor.invokeTestInstancePostProcessors(ClassBasedTestDescriptor.java:377) ~[junit-jupiter-engine-5.10.2.jar:5.10.2]
	at org.junit.jupiter.engine.descriptor.ClassBasedTestDescriptor.lambda$instantiateAndPostProcessTestInstance$6(ClassBasedTestDescriptor.java:290) ~[junit-jupiter-engine-5.10.2.jar:5.10.2]
	at org.junit.platform.engine.support.hierarchical.ThrowableCollector.execute(ThrowableCollector.java:73) ~[junit-platform-engine-1.10.2.jar:1.10.2]
	at org.junit.jupiter.engine.descriptor.ClassBasedTestDescriptor.instantiateAndPostProcessTestInstance(ClassBasedTestDescriptor.java:289) ~[junit-jupiter-engine-5.10.2.jar:5.10.2]
	at org.junit.jupiter.engine.descriptor.ClassBasedTestDescriptor.lambda$testInstancesProvider$4(ClassBasedTestDescriptor.java:279) ~[junit-jupiter-engine-5.10.2.jar:5.10.2]
	at java.base/java.util.Optional.orElseGet(Optional.java:364) ~[na:na]
	at org.junit.jupiter.engine.descriptor.ClassBasedTestDescriptor.lambda$testInstancesProvider$5(ClassBasedTestDescriptor.java:278) ~[junit-jupiter-engine-5.10.2.jar:5.10.2]
	at org.junit.jupiter.engine.execution.TestInstancesProvider.getTestInstances(TestInstancesProvider.java:31) ~[junit-jupiter-engine-5.10.2.jar:5.10.2]
	at org.junit.jupiter.engine.descriptor.TestMethodTestDescriptor.lambda$prepare$0(TestMethodTestDescriptor.java:106) ~[junit-jupiter-engine-5.10.2.jar:5.10.2]
	at org.junit.platform.engine.support.hierarchical.ThrowableCollector.execute(ThrowableCollector.java:73) ~[junit-platform-engine-1.10.2.jar:1.10.2]
	at org.junit.jupiter.engine.descriptor.TestMethodTestDescriptor.prepare(TestMethodTestDescriptor.java:105) ~[junit-jupiter-engine-5.10.2.jar:5.10.2]
	at org.junit.jupiter.engine.descriptor.TestMethodTestDescriptor.prepare(TestMethodTestDescriptor.java:69) ~[junit-jupiter-engine-5.10.2.jar:5.10.2]
	at org.junit.platform.engine.support.hierarchical.NodeTestTask.lambda$prepare$2(NodeTestTask.java:123) ~[junit-platform-engine-1.10.2.jar:1.10.2]
	at org.junit.platform.engine.support.hierarchical.ThrowableCollector.execute(ThrowableCollector.java:73) ~[junit-platform-engine-1.10.2.jar:1.10.2]
	at org.junit.platform.engine.support.hierarchical.NodeTestTask.prepare(NodeTestTask.java:123) ~[junit-platform-engine-1.10.2.jar:1.10.2]
	at org.junit.platform.engine.support.hierarchical.NodeTestTask.execute(NodeTestTask.java:90) ~[junit-platform-engine-1.10.2.jar:1.10.2]
	at java.base/java.util.ArrayList.forEach(ArrayList.java:1596) ~[na:na]
	at org.junit.platform.engine.support.hierarchical.SameThreadHierarchicalTestExecutorService.invokeAll(SameThreadHierarchicalTestExecutorService.java:41) ~[junit-platform-engine-1.10.2.jar:1.10.2]
	at org.junit.platform.engine.support.hierarchical.NodeTestTask.lambda$executeRecursively$6(NodeTestTask.java:155) ~[junit-platform-engine-1.10.2.jar:1.10.2]
	at org.junit.platform.engine.support.hierarchical.ThrowableCollector.execute(ThrowableCollector.java:73) ~[junit-platform-engine-1.10.2.jar:1.10.2]
	at org.junit.platform.engine.support.hierarchical.NodeTestTask.lambda$executeRecursively$8(NodeTestTask.java:141) ~[junit-platform-engine-1.10.2.jar:1.10.2]
	at org.junit.platform.engine.support.hierarchical.Node.around(Node.java:137) ~[junit-platform-engine-1.10.2.jar:1.10.2]
	at org.junit.platform.engine.support.hierarchical.NodeTestTask.lambda$executeRecursively$9(NodeTestTask.java:139) ~[junit-platform-engine-1.10.2.jar:1.10.2]
	at org.junit.platform.engine.support.hierarchical.ThrowableCollector.execute(ThrowableCollector.java:73) ~[junit-platform-engine-1.10.2.jar:1.10.2]
	at org.junit.platform.engine.support.hierarchical.NodeTestTask.executeRecursively(NodeTestTask.java:138) ~[junit-platform-engine-1.10.2.jar:1.10.2]
	at org.junit.platform.engine.support.hierarchical.NodeTestTask.execute(NodeTestTask.java:95) ~[junit-platform-engine-1.10.2.jar:1.10.2]
	at java.base/java.util.ArrayList.forEach(ArrayList.java:1596) ~[na:na]
	at org.junit.platform.engine.support.hierarchical.SameThreadHierarchicalTestExecutorService.invokeAll(SameThreadHierarchicalTestExecutorService.java:41) ~[junit-platform-engine-1.10.2.jar:1.10.2]
	at org.junit.platform.engine.support.hierarchical.NodeTestTask.lambda$executeRecursively$6(NodeTestTask.java:155) ~[junit-platform-engine-1.10.2.jar:1.10.2]
	at org.junit.platform.engine.support.hierarchical.ThrowableCollector.execute(ThrowableCollector.java:73) ~[junit-platform-engine-1.10.2.jar:1.10.2]
	at org.junit.platform.engine.support.hierarchical.NodeTestTask.lambda$executeRecursively$8(NodeTestTask.java:141) ~[junit-platform-engine-1.10.2.jar:1.10.2]
	at org.junit.platform.engine.support.hierarchical.Node.around(Node.java:137) ~[junit-platform-engine-1.10.2.jar:1.10.2]
	at org.junit.platform.engine.support.hierarchical.NodeTestTask.lambda$executeRecursively$9(NodeTestTask.java:139) ~[junit-platform-engine-1.10.2.jar:1.10.2]
	at org.junit.platform.engine.support.hierarchical.ThrowableCollector.execute(ThrowableCollector.java:73) ~[junit-platform-engine-1.10.2.jar:1.10.2]
	at org.junit.platform.engine.support.hierarchical.NodeTestTask.executeRecursively(NodeTestTask.java:138) ~[junit-platform-engine-1.10.2.jar:1.10.2]
	at org.junit.platform.engine.support.hierarchical.NodeTestTask.execute(NodeTestTask.java:95) ~[junit-platform-engine-1.10.2.jar:1.10.2]
	at org.junit.platform.engine.support.hierarchical.SameThreadHierarchicalTestExecutorService.submit(SameThreadHierarchicalTestExecutorService.java:35) ~[junit-platform-engine-1.10.2.jar:1.10.2]
	at org.junit.platform.engine.support.hierarchical.HierarchicalTestExecutor.execute(HierarchicalTestExecutor.java:57) ~[junit-platform-engine-1.10.2.jar:1.10.2]
	at org.junit.platform.engine.support.hierarchical.HierarchicalTestEngine.execute(HierarchicalTestEngine.java:54) ~[junit-platform-engine-1.10.2.jar:1.10.2]
	at org.junit.platform.launcher.core.EngineExecutionOrchestrator.execute(EngineExecutionOrchestrator.java:198) ~[junit-platform-launcher-1.10.2.jar:1.10.2]
	at org.junit.platform.launcher.core.EngineExecutionOrchestrator.execute(EngineExecutionOrchestrator.java:169) ~[junit-platform-launcher-1.10.2.jar:1.10.2]
	at org.junit.platform.launcher.core.EngineExecutionOrchestrator.execute(EngineExecutionOrchestrator.java:93) ~[junit-platform-launcher-1.10.2.jar:1.10.2]
	at org.junit.platform.launcher.core.EngineExecutionOrchestrator.lambda$execute$0(EngineExecutionOrchestrator.java:58) ~[junit-platform-launcher-1.10.2.jar:1.10.2]
	at org.junit.platform.launcher.core.EngineExecutionOrchestrator.withInterceptedStreams(EngineExecutionOrchestrator.java:141) ~[junit-platform-launcher-1.10.2.jar:1.10.2]
	at org.junit.platform.launcher.core.EngineExecutionOrchestrator.execute(EngineExecutionOrchestrator.java:57) ~[junit-platform-launcher-1.10.2.jar:1.10.2]
	at org.junit.platform.launcher.core.DefaultLauncher.execute(DefaultLauncher.java:103) ~[junit-platform-launcher-1.10.2.jar:1.10.2]
	at org.junit.platform.launcher.core.DefaultLauncher.execute(DefaultLauncher.java:85) ~[junit-platform-launcher-1.10.2.jar:1.10.2]
	at org.junit.platform.launcher.core.DelegatingLauncher.execute(DelegatingLauncher.java:47) ~[junit-platform-launcher-1.10.2.jar:1.10.2]
	at org.apache.maven.surefire.junitplatform.LazyLauncher.execute(LazyLauncher.java:56) ~[surefire-junit-platform-3.1.2.jar:3.1.2]
	at org.apache.maven.surefire.junitplatform.JUnitPlatformProvider.execute(JUnitPlatformProvider.java:184) ~[surefire-junit-platform-3.1.2.jar:3.1.2]
	at org.apache.maven.surefire.junitplatform.JUnitPlatformProvider.invokeAllTests(JUnitPlatformProvider.java:148) ~[surefire-junit-platform-3.1.2.jar:3.1.2]
	at org.apache.maven.surefire.junitplatform.JUnitPlatformProvider.invoke(JUnitPlatformProvider.java:122) ~[surefire-junit-platform-3.1.2.jar:3.1.2]
	at org.apache.maven.surefire.booter.ForkedBooter.runSuitesInProcess(ForkedBooter.java:385) ~[surefire-booter-3.1.2.jar:3.1.2]
	at org.apache.maven.surefire.booter.ForkedBooter.execute(ForkedBooter.java:162) ~[surefire-booter-3.1.2.jar:3.1.2]
	at org.apache.maven.surefire.booter.ForkedBooter.run(ForkedBooter.java:507) ~[surefire-booter-3.1.2.jar:3.1.2]
	at org.apache.maven.surefire.booter.ForkedBooter.main(ForkedBooter.java:495) ~[surefire-booter-3.1.2.jar:3.1.2]

2025-04-16T10:34:27.900+02:00 DEBUG 5488 --- [           main] o.s.d.jpa.repository.query.NamedQuery    : Did not find named query BookLoan.findByReturnDateIsNull
2025-04-16T10:34:27.900+02:00 DEBUG 5488 --- [           main] tor$SharedEntityManagerInvocationHandler : Creating new EntityManager for shared EntityManager invocation
2025-04-16T10:34:27.901+02:00 DEBUG 5488 --- [           main] o.s.d.jpa.repository.query.NamedQuery    : Looking up named query BookLoan.findByDueDateBeforeAndReturnDateIsNull
2025-04-16T10:34:27.902+02:00 DEBUG 5488 --- [           main] cResourceLocalTransactionCoordinatorImpl : JDBC transaction marked for rollback-only (exception provided for stack trace)

java.lang.Exception: exception just for purpose of providing stack trace
	at org.hibernate.resource.transaction.backend.jdbc.internal.JdbcResourceLocalTransactionCoordinatorImpl$TransactionDriverControlImpl.markRollbackOnly(JdbcResourceLocalTransactionCoordinatorImpl.java:310) ~[hibernate-core-6.4.4.Final.jar:6.4.4.Final]
	at org.hibernate.internal.AbstractSharedSessionContract.buildNamedQuery(AbstractSharedSessionContract.java:1097) ~[hibernate-core-6.4.4.Final.jar:6.4.4.Final]
	at org.hibernate.internal.AbstractSharedSessionContract.createNamedQuery(AbstractSharedSessionContract.java:975) ~[hibernate-core-6.4.4.Final.jar:6.4.4.Final]
	at org.hibernate.internal.AbstractSharedSessionContract.createNamedQuery(AbstractSharedSessionContract.java:136) ~[hibernate-core-6.4.4.Final.jar:6.4.4.Final]
	at java.base/jdk.internal.reflect.DirectMethodHandleAccessor.invoke(DirectMethodHandleAccessor.java:103) ~[na:na]
	at java.base/java.lang.reflect.Method.invoke(Method.java:580) ~[na:na]
	at org.springframework.orm.jpa.ExtendedEntityManagerCreator$ExtendedEntityManagerInvocationHandler.invoke(ExtendedEntityManagerCreator.java:364) ~[spring-orm-6.1.4.jar:6.1.4]
	at jdk.proxy2/jdk.proxy2.$Proxy106.createNamedQuery(Unknown Source) ~[na:na]
	at org.springframework.data.jpa.repository.query.NamedQuery.hasNamedQuery(NamedQuery.java:113) ~[spring-data-jpa-3.2.3.jar:3.2.3]
	at org.springframework.data.jpa.repository.query.NamedQuery.lookupFrom(NamedQuery.java:141) ~[spring-data-jpa-3.2.3.jar:3.2.3]
	at org.springframework.data.jpa.repository.query.JpaQueryLookupStrategy$DeclaredQueryLookupStrategy.resolveQuery(JpaQueryLookupStrategy.java:180) ~[spring-data-jpa-3.2.3.jar:3.2.3]
	at org.springframework.data.jpa.repository.query.JpaQueryLookupStrategy$CreateIfNotFoundQueryLookupStrategy.resolveQuery(JpaQueryLookupStrategy.java:252) ~[spring-data-jpa-3.2.3.jar:3.2.3]
	at org.springframework.data.jpa.repository.query.JpaQueryLookupStrategy$AbstractQueryLookupStrategy.resolveQuery(JpaQueryLookupStrategy.java:95) ~[spring-data-jpa-3.2.3.jar:3.2.3]
	at org.springframework.data.repository.core.support.QueryExecutorMethodInterceptor.lookupQuery(QueryExecutorMethodInterceptor.java:111) ~[spring-data-commons-3.2.3.jar:3.2.3]
	at org.springframework.data.repository.core.support.QueryExecutorMethodInterceptor.mapMethodsToQuery(QueryExecutorMethodInterceptor.java:99) ~[spring-data-commons-3.2.3.jar:3.2.3]
	at org.springframework.data.repository.core.support.QueryExecutorMethodInterceptor.lambda$new$0(QueryExecutorMethodInterceptor.java:88) ~[spring-data-commons-3.2.3.jar:3.2.3]
	at java.base/java.util.Optional.map(Optional.java:260) ~[na:na]
	at org.springframework.data.repository.core.support.QueryExecutorMethodInterceptor.<init>(QueryExecutorMethodInterceptor.java:88) ~[spring-data-commons-3.2.3.jar:3.2.3]
	at org.springframework.data.repository.core.support.RepositoryFactorySupport.getRepository(RepositoryFactorySupport.java:357) ~[spring-data-commons-3.2.3.jar:3.2.3]
	at org.springframework.data.repository.core.support.RepositoryFactoryBeanSupport.lambda$afterPropertiesSet$5(RepositoryFactoryBeanSupport.java:279) ~[spring-data-commons-3.2.3.jar:3.2.3]
	at org.springframework.data.util.Lazy.getNullable(Lazy.java:135) ~[spring-data-commons-3.2.3.jar:3.2.3]
	at org.springframework.data.util.Lazy.get(Lazy.java:113) ~[spring-data-commons-3.2.3.jar:3.2.3]
	at org.springframework.data.repository.core.support.RepositoryFactoryBeanSupport.afterPropertiesSet(RepositoryFactoryBeanSupport.java:285) ~[spring-data-commons-3.2.3.jar:3.2.3]
	at org.springframework.data.jpa.repository.support.JpaRepositoryFactoryBean.afterPropertiesSet(JpaRepositoryFactoryBean.java:132) ~[spring-data-jpa-3.2.3.jar:3.2.3]
	at org.springframework.beans.factory.support.AbstractAutowireCapableBeanFactory.invokeInitMethods(AbstractAutowireCapableBeanFactory.java:1833) ~[spring-beans-6.1.4.jar:6.1.4]
	at org.springframework.beans.factory.support.AbstractAutowireCapableBeanFactory.initializeBean(AbstractAutowireCapableBeanFactory.java:1782) ~[spring-beans-6.1.4.jar:6.1.4]
	at org.springframework.beans.factory.support.AbstractAutowireCapableBeanFactory.doCreateBean(AbstractAutowireCapableBeanFactory.java:600) ~[spring-beans-6.1.4.jar:6.1.4]
	at org.springframework.beans.factory.support.AbstractAutowireCapableBeanFactory.createBean(AbstractAutowireCapableBeanFactory.java:522) ~[spring-beans-6.1.4.jar:6.1.4]
	at org.springframework.beans.factory.support.AbstractBeanFactory.lambda$doGetBean$0(AbstractBeanFactory.java:325) ~[spring-beans-6.1.4.jar:6.1.4]
	at org.springframework.beans.factory.support.DefaultSingletonBeanRegistry.getSingleton(DefaultSingletonBeanRegistry.java:234) ~[spring-beans-6.1.4.jar:6.1.4]
	at org.springframework.beans.factory.support.AbstractBeanFactory.doGetBean(AbstractBeanFactory.java:323) ~[spring-beans-6.1.4.jar:6.1.4]
	at org.springframework.beans.factory.support.AbstractBeanFactory.getBean(AbstractBeanFactory.java:199) ~[spring-beans-6.1.4.jar:6.1.4]
	at org.springframework.beans.factory.config.DependencyDescriptor.resolveCandidate(DependencyDescriptor.java:254) ~[spring-beans-6.1.4.jar:6.1.4]
	at org.springframework.beans.factory.support.DefaultListableBeanFactory.doResolveDependency(DefaultListableBeanFactory.java:1443) ~[spring-beans-6.1.4.jar:6.1.4]
	at org.springframework.beans.factory.support.DefaultListableBeanFactory.resolveDependency(DefaultListableBeanFactory.java:1353) ~[spring-beans-6.1.4.jar:6.1.4]
	at org.springframework.beans.factory.support.ConstructorResolver.resolveAutowiredArgument(ConstructorResolver.java:907) ~[spring-beans-6.1.4.jar:6.1.4]
	at org.springframework.beans.factory.support.ConstructorResolver.createArgumentArray(ConstructorResolver.java:785) ~[spring-beans-6.1.4.jar:6.1.4]
	at org.springframework.beans.factory.support.ConstructorResolver.instantiateUsingFactoryMethod(ConstructorResolver.java:542) ~[spring-beans-6.1.4.jar:6.1.4]
	at org.springframework.beans.factory.support.AbstractAutowireCapableBeanFactory.instantiateUsingFactoryMethod(AbstractAutowireCapableBeanFactory.java:1335) ~[spring-beans-6.1.4.jar:6.1.4]
	at org.springframework.beans.factory.support.AbstractAutowireCapableBeanFactory.createBeanInstance(AbstractAutowireCapableBeanFactory.java:1165) ~[spring-beans-6.1.4.jar:6.1.4]
	at org.springframework.beans.factory.support.AbstractAutowireCapableBeanFactory.doCreateBean(AbstractAutowireCapableBeanFactory.java:562) ~[spring-beans-6.1.4.jar:6.1.4]
	at org.springframework.beans.factory.support.AbstractAutowireCapableBeanFactory.createBean(AbstractAutowireCapableBeanFactory.java:522) ~[spring-beans-6.1.4.jar:6.1.4]
	at org.springframework.beans.factory.support.AbstractBeanFactory.lambda$doGetBean$0(AbstractBeanFactory.java:325) ~[spring-beans-6.1.4.jar:6.1.4]
	at org.springframework.beans.factory.support.DefaultSingletonBeanRegistry.getSingleton(DefaultSingletonBeanRegistry.java:234) ~[spring-beans-6.1.4.jar:6.1.4]
	at org.springframework.beans.factory.support.AbstractBeanFactory.doGetBean(AbstractBeanFactory.java:323) ~[spring-beans-6.1.4.jar:6.1.4]
	at org.springframework.beans.factory.support.AbstractBeanFactory.getBean(AbstractBeanFactory.java:199) ~[spring-beans-6.1.4.jar:6.1.4]
	at org.springframework.beans.factory.support.DefaultListableBeanFactory.preInstantiateSingletons(DefaultListableBeanFactory.java:975) ~[spring-beans-6.1.4.jar:6.1.4]
	at org.springframework.context.support.AbstractApplicationContext.finishBeanFactoryInitialization(AbstractApplicationContext.java:959) ~[spring-context-6.1.4.jar:6.1.4]
	at org.springframework.context.support.AbstractApplicationContext.refresh(AbstractApplicationContext.java:624) ~[spring-context-6.1.4.jar:6.1.4]
	at org.springframework.boot.SpringApplication.refresh(SpringApplication.java:754) ~[spring-boot-3.2.3.jar:3.2.3]
	at org.springframework.boot.SpringApplication.refreshContext(SpringApplication.java:456) ~[spring-boot-3.2.3.jar:3.2.3]
	at org.springframework.boot.SpringApplication.run(SpringApplication.java:334) ~[spring-boot-3.2.3.jar:3.2.3]
	at org.springframework.boot.test.context.SpringBootContextLoader.lambda$loadContext$3(SpringBootContextLoader.java:137) ~[spring-boot-test-3.2.3.jar:3.2.3]
	at org.springframework.util.function.ThrowingSupplier.get(ThrowingSupplier.java:58) ~[spring-core-6.1.4.jar:6.1.4]
	at org.springframework.util.function.ThrowingSupplier.get(ThrowingSupplier.java:46) ~[spring-core-6.1.4.jar:6.1.4]
	at org.springframework.boot.SpringApplication.withHook(SpringApplication.java:1454) ~[spring-boot-3.2.3.jar:3.2.3]
	at org.springframework.boot.test.context.SpringBootContextLoader$ContextLoaderHook.run(SpringBootContextLoader.java:553) ~[spring-boot-test-3.2.3.jar:3.2.3]
	at org.springframework.boot.test.context.SpringBootContextLoader.loadContext(SpringBootContextLoader.java:137) ~[spring-boot-test-3.2.3.jar:3.2.3]
	at org.springframework.boot.test.context.SpringBootContextLoader.loadContext(SpringBootContextLoader.java:108) ~[spring-boot-test-3.2.3.jar:3.2.3]
	at org.springframework.test.context.cache.DefaultCacheAwareContextLoaderDelegate.loadContextInternal(DefaultCacheAwareContextLoaderDelegate.java:225) ~[spring-test-6.1.4.jar:6.1.4]
	at org.springframework.test.context.cache.DefaultCacheAwareContextLoaderDelegate.loadContext(DefaultCacheAwareContextLoaderDelegate.java:152) ~[spring-test-6.1.4.jar:6.1.4]
	at org.springframework.test.context.support.DefaultTestContext.getApplicationContext(DefaultTestContext.java:130) ~[spring-test-6.1.4.jar:6.1.4]
	at org.springframework.test.context.support.DependencyInjectionTestExecutionListener.injectDependencies(DependencyInjectionTestExecutionListener.java:142) ~[spring-test-6.1.4.jar:6.1.4]
	at org.springframework.test.context.support.DependencyInjectionTestExecutionListener.prepareTestInstance(DependencyInjectionTestExecutionListener.java:98) ~[spring-test-6.1.4.jar:6.1.4]
	at org.springframework.test.context.TestContextManager.prepareTestInstance(TestContextManager.java:260) ~[spring-test-6.1.4.jar:6.1.4]
	at org.springframework.test.context.junit.jupiter.SpringExtension.postProcessTestInstance(SpringExtension.java:163) ~[spring-test-6.1.4.jar:6.1.4]
	at org.junit.jupiter.engine.descriptor.ClassBasedTestDescriptor.lambda$invokeTestInstancePostProcessors$10(ClassBasedTestDescriptor.java:378) ~[junit-jupiter-engine-5.10.2.jar:5.10.2]
	at org.junit.jupiter.engine.descriptor.ClassBasedTestDescriptor.executeAndMaskThrowable(ClassBasedTestDescriptor.java:383) ~[junit-jupiter-engine-5.10.2.jar:5.10.2]
	at org.junit.jupiter.engine.descriptor.ClassBasedTestDescriptor.lambda$invokeTestInstancePostProcessors$11(ClassBasedTestDescriptor.java:378) ~[junit-jupiter-engine-5.10.2.jar:5.10.2]
	at java.base/java.util.stream.ReferencePipeline$3$1.accept(ReferencePipeline.java:197) ~[na:na]
	at java.base/java.util.stream.ReferencePipeline$2$1.accept(ReferencePipeline.java:179) ~[na:na]
	at java.base/java.util.ArrayList$ArrayListSpliterator.forEachRemaining(ArrayList.java:1708) ~[na:na]
	at java.base/java.util.stream.AbstractPipeline.copyInto(AbstractPipeline.java:509) ~[na:na]
	at java.base/java.util.stream.AbstractPipeline.wrapAndCopyInto(AbstractPipeline.java:499) ~[na:na]
	at java.base/java.util.stream.StreamSpliterators$WrappingSpliterator.forEachRemaining(StreamSpliterators.java:310) ~[na:na]
	at java.base/java.util.stream.Streams$ConcatSpliterator.forEachRemaining(Streams.java:735) ~[na:na]
	at java.base/java.util.stream.Streams$ConcatSpliterator.forEachRemaining(Streams.java:734) ~[na:na]
	at java.base/java.util.stream.ReferencePipeline$Head.forEach(ReferencePipeline.java:762) ~[na:na]
	at org.junit.jupiter.engine.descriptor.ClassBasedTestDescriptor.invokeTestInstancePostProcessors(ClassBasedTestDescriptor.java:377) ~[junit-jupiter-engine-5.10.2.jar:5.10.2]
	at org.junit.jupiter.engine.descriptor.ClassBasedTestDescriptor.lambda$instantiateAndPostProcessTestInstance$6(ClassBasedTestDescriptor.java:290) ~[junit-jupiter-engine-5.10.2.jar:5.10.2]
	at org.junit.platform.engine.support.hierarchical.ThrowableCollector.execute(ThrowableCollector.java:73) ~[junit-platform-engine-1.10.2.jar:1.10.2]
	at org.junit.jupiter.engine.descriptor.ClassBasedTestDescriptor.instantiateAndPostProcessTestInstance(ClassBasedTestDescriptor.java:289) ~[junit-jupiter-engine-5.10.2.jar:5.10.2]
	at org.junit.jupiter.engine.descriptor.ClassBasedTestDescriptor.lambda$testInstancesProvider$4(ClassBasedTestDescriptor.java:279) ~[junit-jupiter-engine-5.10.2.jar:5.10.2]
	at java.base/java.util.Optional.orElseGet(Optional.java:364) ~[na:na]
	at org.junit.jupiter.engine.descriptor.ClassBasedTestDescriptor.lambda$testInstancesProvider$5(ClassBasedTestDescriptor.java:278) ~[junit-jupiter-engine-5.10.2.jar:5.10.2]
	at org.junit.jupiter.engine.execution.TestInstancesProvider.getTestInstances(TestInstancesProvider.java:31) ~[junit-jupiter-engine-5.10.2.jar:5.10.2]
	at org.junit.jupiter.engine.descriptor.TestMethodTestDescriptor.lambda$prepare$0(TestMethodTestDescriptor.java:106) ~[junit-jupiter-engine-5.10.2.jar:5.10.2]
	at org.junit.platform.engine.support.hierarchical.ThrowableCollector.execute(ThrowableCollector.java:73) ~[junit-platform-engine-1.10.2.jar:1.10.2]
	at org.junit.jupiter.engine.descriptor.TestMethodTestDescriptor.prepare(TestMethodTestDescriptor.java:105) ~[junit-jupiter-engine-5.10.2.jar:5.10.2]
	at org.junit.jupiter.engine.descriptor.TestMethodTestDescriptor.prepare(TestMethodTestDescriptor.java:69) ~[junit-jupiter-engine-5.10.2.jar:5.10.2]
	at org.junit.platform.engine.support.hierarchical.NodeTestTask.lambda$prepare$2(NodeTestTask.java:123) ~[junit-platform-engine-1.10.2.jar:1.10.2]
	at org.junit.platform.engine.support.hierarchical.ThrowableCollector.execute(ThrowableCollector.java:73) ~[junit-platform-engine-1.10.2.jar:1.10.2]
	at org.junit.platform.engine.support.hierarchical.NodeTestTask.prepare(NodeTestTask.java:123) ~[junit-platform-engine-1.10.2.jar:1.10.2]
	at org.junit.platform.engine.support.hierarchical.NodeTestTask.execute(NodeTestTask.java:90) ~[junit-platform-engine-1.10.2.jar:1.10.2]
	at java.base/java.util.ArrayList.forEach(ArrayList.java:1596) ~[na:na]
	at org.junit.platform.engine.support.hierarchical.SameThreadHierarchicalTestExecutorService.invokeAll(SameThreadHierarchicalTestExecutorService.java:41) ~[junit-platform-engine-1.10.2.jar:1.10.2]
	at org.junit.platform.engine.support.hierarchical.NodeTestTask.lambda$executeRecursively$6(NodeTestTask.java:155) ~[junit-platform-engine-1.10.2.jar:1.10.2]
	at org.junit.platform.engine.support.hierarchical.ThrowableCollector.execute(ThrowableCollector.java:73) ~[junit-platform-engine-1.10.2.jar:1.10.2]
	at org.junit.platform.engine.support.hierarchical.NodeTestTask.lambda$executeRecursively$8(NodeTestTask.java:141) ~[junit-platform-engine-1.10.2.jar:1.10.2]
	at org.junit.platform.engine.support.hierarchical.Node.around(Node.java:137) ~[junit-platform-engine-1.10.2.jar:1.10.2]
	at org.junit.platform.engine.support.hierarchical.NodeTestTask.lambda$executeRecursively$9(NodeTestTask.java:139) ~[junit-platform-engine-1.10.2.jar:1.10.2]
	at org.junit.platform.engine.support.hierarchical.ThrowableCollector.execute(ThrowableCollector.java:73) ~[junit-platform-engine-1.10.2.jar:1.10.2]
	at org.junit.platform.engine.support.hierarchical.NodeTestTask.executeRecursively(NodeTestTask.java:138) ~[junit-platform-engine-1.10.2.jar:1.10.2]
	at org.junit.platform.engine.support.hierarchical.NodeTestTask.execute(NodeTestTask.java:95) ~[junit-platform-engine-1.10.2.jar:1.10.2]
	at java.base/java.util.ArrayList.forEach(ArrayList.java:1596) ~[na:na]
	at org.junit.platform.engine.support.hierarchical.SameThreadHierarchicalTestExecutorService.invokeAll(SameThreadHierarchicalTestExecutorService.java:41) ~[junit-platform-engine-1.10.2.jar:1.10.2]
	at org.junit.platform.engine.support.hierarchical.NodeTestTask.lambda$executeRecursively$6(NodeTestTask.java:155) ~[junit-platform-engine-1.10.2.jar:1.10.2]
	at org.junit.platform.engine.support.hierarchical.ThrowableCollector.execute(ThrowableCollector.java:73) ~[junit-platform-engine-1.10.2.jar:1.10.2]
	at org.junit.platform.engine.support.hierarchical.NodeTestTask.lambda$executeRecursively$8(NodeTestTask.java:141) ~[junit-platform-engine-1.10.2.jar:1.10.2]
	at org.junit.platform.engine.support.hierarchical.Node.around(Node.java:137) ~[junit-platform-engine-1.10.2.jar:1.10.2]
	at org.junit.platform.engine.support.hierarchical.NodeTestTask.lambda$executeRecursively$9(NodeTestTask.java:139) ~[junit-platform-engine-1.10.2.jar:1.10.2]
	at org.junit.platform.engine.support.hierarchical.ThrowableCollector.execute(ThrowableCollector.java:73) ~[junit-platform-engine-1.10.2.jar:1.10.2]
	at org.junit.platform.engine.support.hierarchical.NodeTestTask.executeRecursively(NodeTestTask.java:138) ~[junit-platform-engine-1.10.2.jar:1.10.2]
	at org.junit.platform.engine.support.hierarchical.NodeTestTask.execute(NodeTestTask.java:95) ~[junit-platform-engine-1.10.2.jar:1.10.2]
	at org.junit.platform.engine.support.hierarchical.SameThreadHierarchicalTestExecutorService.submit(SameThreadHierarchicalTestExecutorService.java:35) ~[junit-platform-engine-1.10.2.jar:1.10.2]
	at org.junit.platform.engine.support.hierarchical.HierarchicalTestExecutor.execute(HierarchicalTestExecutor.java:57) ~[junit-platform-engine-1.10.2.jar:1.10.2]
	at org.junit.platform.engine.support.hierarchical.HierarchicalTestEngine.execute(HierarchicalTestEngine.java:54) ~[junit-platform-engine-1.10.2.jar:1.10.2]
	at org.junit.platform.launcher.core.EngineExecutionOrchestrator.execute(EngineExecutionOrchestrator.java:198) ~[junit-platform-launcher-1.10.2.jar:1.10.2]
	at org.junit.platform.launcher.core.EngineExecutionOrchestrator.execute(EngineExecutionOrchestrator.java:169) ~[junit-platform-launcher-1.10.2.jar:1.10.2]
	at org.junit.platform.launcher.core.EngineExecutionOrchestrator.execute(EngineExecutionOrchestrator.java:93) ~[junit-platform-launcher-1.10.2.jar:1.10.2]
	at org.junit.platform.launcher.core.EngineExecutionOrchestrator.lambda$execute$0(EngineExecutionOrchestrator.java:58) ~[junit-platform-launcher-1.10.2.jar:1.10.2]
	at org.junit.platform.launcher.core.EngineExecutionOrchestrator.withInterceptedStreams(EngineExecutionOrchestrator.java:141) ~[junit-platform-launcher-1.10.2.jar:1.10.2]
	at org.junit.platform.launcher.core.EngineExecutionOrchestrator.execute(EngineExecutionOrchestrator.java:57) ~[junit-platform-launcher-1.10.2.jar:1.10.2]
	at org.junit.platform.launcher.core.DefaultLauncher.execute(DefaultLauncher.java:103) ~[junit-platform-launcher-1.10.2.jar:1.10.2]
	at org.junit.platform.launcher.core.DefaultLauncher.execute(DefaultLauncher.java:85) ~[junit-platform-launcher-1.10.2.jar:1.10.2]
	at org.junit.platform.launcher.core.DelegatingLauncher.execute(DelegatingLauncher.java:47) ~[junit-platform-launcher-1.10.2.jar:1.10.2]
	at org.apache.maven.surefire.junitplatform.LazyLauncher.execute(LazyLauncher.java:56) ~[surefire-junit-platform-3.1.2.jar:3.1.2]
	at org.apache.maven.surefire.junitplatform.JUnitPlatformProvider.execute(JUnitPlatformProvider.java:184) ~[surefire-junit-platform-3.1.2.jar:3.1.2]
	at org.apache.maven.surefire.junitplatform.JUnitPlatformProvider.invokeAllTests(JUnitPlatformProvider.java:148) ~[surefire-junit-platform-3.1.2.jar:3.1.2]
	at org.apache.maven.surefire.junitplatform.JUnitPlatformProvider.invoke(JUnitPlatformProvider.java:122) ~[surefire-junit-platform-3.1.2.jar:3.1.2]
	at org.apache.maven.surefire.booter.ForkedBooter.runSuitesInProcess(ForkedBooter.java:385) ~[surefire-booter-3.1.2.jar:3.1.2]
	at org.apache.maven.surefire.booter.ForkedBooter.execute(ForkedBooter.java:162) ~[surefire-booter-3.1.2.jar:3.1.2]
	at org.apache.maven.surefire.booter.ForkedBooter.run(ForkedBooter.java:507) ~[surefire-booter-3.1.2.jar:3.1.2]
	at org.apache.maven.surefire.booter.ForkedBooter.main(ForkedBooter.java:495) ~[surefire-booter-3.1.2.jar:3.1.2]

2025-04-16T10:34:27.902+02:00 DEBUG 5488 --- [           main] o.s.d.jpa.repository.query.NamedQuery    : Did not find named query BookLoan.findByDueDateBeforeAndReturnDateIsNull
2025-04-16T10:34:27.902+02:00 DEBUG 5488 --- [           main] tor$SharedEntityManagerInvocationHandler : Creating new EntityManager for shared EntityManager invocation
2025-04-16T10:34:27.905+02:00 DEBUG 5488 --- [           main] o.s.d.jpa.repository.query.NamedQuery    : Looking up named query BookLoan.findByLoanDateBetween
2025-04-16T10:34:27.905+02:00 DEBUG 5488 --- [           main] cResourceLocalTransactionCoordinatorImpl : JDBC transaction marked for rollback-only (exception provided for stack trace)

java.lang.Exception: exception just for purpose of providing stack trace
	at org.hibernate.resource.transaction.backend.jdbc.internal.JdbcResourceLocalTransactionCoordinatorImpl$TransactionDriverControlImpl.markRollbackOnly(JdbcResourceLocalTransactionCoordinatorImpl.java:310) ~[hibernate-core-6.4.4.Final.jar:6.4.4.Final]
	at org.hibernate.internal.AbstractSharedSessionContract.buildNamedQuery(AbstractSharedSessionContract.java:1097) ~[hibernate-core-6.4.4.Final.jar:6.4.4.Final]
	at org.hibernate.internal.AbstractSharedSessionContract.createNamedQuery(AbstractSharedSessionContract.java:975) ~[hibernate-core-6.4.4.Final.jar:6.4.4.Final]
	at org.hibernate.internal.AbstractSharedSessionContract.createNamedQuery(AbstractSharedSessionContract.java:136) ~[hibernate-core-6.4.4.Final.jar:6.4.4.Final]
	at java.base/jdk.internal.reflect.DirectMethodHandleAccessor.invoke(DirectMethodHandleAccessor.java:103) ~[na:na]
	at java.base/java.lang.reflect.Method.invoke(Method.java:580) ~[na:na]
	at org.springframework.orm.jpa.ExtendedEntityManagerCreator$ExtendedEntityManagerInvocationHandler.invoke(ExtendedEntityManagerCreator.java:364) ~[spring-orm-6.1.4.jar:6.1.4]
	at jdk.proxy2/jdk.proxy2.$Proxy106.createNamedQuery(Unknown Source) ~[na:na]
	at org.springframework.data.jpa.repository.query.NamedQuery.hasNamedQuery(NamedQuery.java:113) ~[spring-data-jpa-3.2.3.jar:3.2.3]
	at org.springframework.data.jpa.repository.query.NamedQuery.lookupFrom(NamedQuery.java:141) ~[spring-data-jpa-3.2.3.jar:3.2.3]
	at org.springframework.data.jpa.repository.query.JpaQueryLookupStrategy$DeclaredQueryLookupStrategy.resolveQuery(JpaQueryLookupStrategy.java:180) ~[spring-data-jpa-3.2.3.jar:3.2.3]
	at org.springframework.data.jpa.repository.query.JpaQueryLookupStrategy$CreateIfNotFoundQueryLookupStrategy.resolveQuery(JpaQueryLookupStrategy.java:252) ~[spring-data-jpa-3.2.3.jar:3.2.3]
	at org.springframework.data.jpa.repository.query.JpaQueryLookupStrategy$AbstractQueryLookupStrategy.resolveQuery(JpaQueryLookupStrategy.java:95) ~[spring-data-jpa-3.2.3.jar:3.2.3]
	at org.springframework.data.repository.core.support.QueryExecutorMethodInterceptor.lookupQuery(QueryExecutorMethodInterceptor.java:111) ~[spring-data-commons-3.2.3.jar:3.2.3]
	at org.springframework.data.repository.core.support.QueryExecutorMethodInterceptor.mapMethodsToQuery(QueryExecutorMethodInterceptor.java:99) ~[spring-data-commons-3.2.3.jar:3.2.3]
	at org.springframework.data.repository.core.support.QueryExecutorMethodInterceptor.lambda$new$0(QueryExecutorMethodInterceptor.java:88) ~[spring-data-commons-3.2.3.jar:3.2.3]
	at java.base/java.util.Optional.map(Optional.java:260) ~[na:na]
	at org.springframework.data.repository.core.support.QueryExecutorMethodInterceptor.<init>(QueryExecutorMethodInterceptor.java:88) ~[spring-data-commons-3.2.3.jar:3.2.3]
	at org.springframework.data.repository.core.support.RepositoryFactorySupport.getRepository(RepositoryFactorySupport.java:357) ~[spring-data-commons-3.2.3.jar:3.2.3]
	at org.springframework.data.repository.core.support.RepositoryFactoryBeanSupport.lambda$afterPropertiesSet$5(RepositoryFactoryBeanSupport.java:279) ~[spring-data-commons-3.2.3.jar:3.2.3]
	at org.springframework.data.util.Lazy.getNullable(Lazy.java:135) ~[spring-data-commons-3.2.3.jar:3.2.3]
	at org.springframework.data.util.Lazy.get(Lazy.java:113) ~[spring-data-commons-3.2.3.jar:3.2.3]
	at org.springframework.data.repository.core.support.RepositoryFactoryBeanSupport.afterPropertiesSet(RepositoryFactoryBeanSupport.java:285) ~[spring-data-commons-3.2.3.jar:3.2.3]
	at org.springframework.data.jpa.repository.support.JpaRepositoryFactoryBean.afterPropertiesSet(JpaRepositoryFactoryBean.java:132) ~[spring-data-jpa-3.2.3.jar:3.2.3]
	at org.springframework.beans.factory.support.AbstractAutowireCapableBeanFactory.invokeInitMethods(AbstractAutowireCapableBeanFactory.java:1833) ~[spring-beans-6.1.4.jar:6.1.4]
	at org.springframework.beans.factory.support.AbstractAutowireCapableBeanFactory.initializeBean(AbstractAutowireCapableBeanFactory.java:1782) ~[spring-beans-6.1.4.jar:6.1.4]
	at org.springframework.beans.factory.support.AbstractAutowireCapableBeanFactory.doCreateBean(AbstractAutowireCapableBeanFactory.java:600) ~[spring-beans-6.1.4.jar:6.1.4]
	at org.springframework.beans.factory.support.AbstractAutowireCapableBeanFactory.createBean(AbstractAutowireCapableBeanFactory.java:522) ~[spring-beans-6.1.4.jar:6.1.4]
	at org.springframework.beans.factory.support.AbstractBeanFactory.lambda$doGetBean$0(AbstractBeanFactory.java:325) ~[spring-beans-6.1.4.jar:6.1.4]
	at org.springframework.beans.factory.support.DefaultSingletonBeanRegistry.getSingleton(DefaultSingletonBeanRegistry.java:234) ~[spring-beans-6.1.4.jar:6.1.4]
	at org.springframework.beans.factory.support.AbstractBeanFactory.doGetBean(AbstractBeanFactory.java:323) ~[spring-beans-6.1.4.jar:6.1.4]
	at org.springframework.beans.factory.support.AbstractBeanFactory.getBean(AbstractBeanFactory.java:199) ~[spring-beans-6.1.4.jar:6.1.4]
	at org.springframework.beans.factory.config.DependencyDescriptor.resolveCandidate(DependencyDescriptor.java:254) ~[spring-beans-6.1.4.jar:6.1.4]
	at org.springframework.beans.factory.support.DefaultListableBeanFactory.doResolveDependency(DefaultListableBeanFactory.java:1443) ~[spring-beans-6.1.4.jar:6.1.4]
	at org.springframework.beans.factory.support.DefaultListableBeanFactory.resolveDependency(DefaultListableBeanFactory.java:1353) ~[spring-beans-6.1.4.jar:6.1.4]
	at org.springframework.beans.factory.support.ConstructorResolver.resolveAutowiredArgument(ConstructorResolver.java:907) ~[spring-beans-6.1.4.jar:6.1.4]
	at org.springframework.beans.factory.support.ConstructorResolver.createArgumentArray(ConstructorResolver.java:785) ~[spring-beans-6.1.4.jar:6.1.4]
	at org.springframework.beans.factory.support.ConstructorResolver.instantiateUsingFactoryMethod(ConstructorResolver.java:542) ~[spring-beans-6.1.4.jar:6.1.4]
	at org.springframework.beans.factory.support.AbstractAutowireCapableBeanFactory.instantiateUsingFactoryMethod(AbstractAutowireCapableBeanFactory.java:1335) ~[spring-beans-6.1.4.jar:6.1.4]
	at org.springframework.beans.factory.support.AbstractAutowireCapableBeanFactory.createBeanInstance(AbstractAutowireCapableBeanFactory.java:1165) ~[spring-beans-6.1.4.jar:6.1.4]
	at org.springframework.beans.factory.support.AbstractAutowireCapableBeanFactory.doCreateBean(AbstractAutowireCapableBeanFactory.java:562) ~[spring-beans-6.1.4.jar:6.1.4]
	at org.springframework.beans.factory.support.AbstractAutowireCapableBeanFactory.createBean(AbstractAutowireCapableBeanFactory.java:522) ~[spring-beans-6.1.4.jar:6.1.4]
	at org.springframework.beans.factory.support.AbstractBeanFactory.lambda$doGetBean$0(AbstractBeanFactory.java:325) ~[spring-beans-6.1.4.jar:6.1.4]
	at org.springframework.beans.factory.support.DefaultSingletonBeanRegistry.getSingleton(DefaultSingletonBeanRegistry.java:234) ~[spring-beans-6.1.4.jar:6.1.4]
	at org.springframework.beans.factory.support.AbstractBeanFactory.doGetBean(AbstractBeanFactory.java:323) ~[spring-beans-6.1.4.jar:6.1.4]
	at org.springframework.beans.factory.support.AbstractBeanFactory.getBean(AbstractBeanFactory.java:199) ~[spring-beans-6.1.4.jar:6.1.4]
	at org.springframework.beans.factory.support.DefaultListableBeanFactory.preInstantiateSingletons(DefaultListableBeanFactory.java:975) ~[spring-beans-6.1.4.jar:6.1.4]
	at org.springframework.context.support.AbstractApplicationContext.finishBeanFactoryInitialization(AbstractApplicationContext.java:959) ~[spring-context-6.1.4.jar:6.1.4]
	at org.springframework.context.support.AbstractApplicationContext.refresh(AbstractApplicationContext.java:624) ~[spring-context-6.1.4.jar:6.1.4]
	at org.springframework.boot.SpringApplication.refresh(SpringApplication.java:754) ~[spring-boot-3.2.3.jar:3.2.3]
	at org.springframework.boot.SpringApplication.refreshContext(SpringApplication.java:456) ~[spring-boot-3.2.3.jar:3.2.3]
	at org.springframework.boot.SpringApplication.run(SpringApplication.java:334) ~[spring-boot-3.2.3.jar:3.2.3]
	at org.springframework.boot.test.context.SpringBootContextLoader.lambda$loadContext$3(SpringBootContextLoader.java:137) ~[spring-boot-test-3.2.3.jar:3.2.3]
	at org.springframework.util.function.ThrowingSupplier.get(ThrowingSupplier.java:58) ~[spring-core-6.1.4.jar:6.1.4]
	at org.springframework.util.function.ThrowingSupplier.get(ThrowingSupplier.java:46) ~[spring-core-6.1.4.jar:6.1.4]
	at org.springframework.boot.SpringApplication.withHook(SpringApplication.java:1454) ~[spring-boot-3.2.3.jar:3.2.3]
	at org.springframework.boot.test.context.SpringBootContextLoader$ContextLoaderHook.run(SpringBootContextLoader.java:553) ~[spring-boot-test-3.2.3.jar:3.2.3]
	at org.springframework.boot.test.context.SpringBootContextLoader.loadContext(SpringBootContextLoader.java:137) ~[spring-boot-test-3.2.3.jar:3.2.3]
	at org.springframework.boot.test.context.SpringBootContextLoader.loadContext(SpringBootContextLoader.java:108) ~[spring-boot-test-3.2.3.jar:3.2.3]
	at org.springframework.test.context.cache.DefaultCacheAwareContextLoaderDelegate.loadContextInternal(DefaultCacheAwareContextLoaderDelegate.java:225) ~[spring-test-6.1.4.jar:6.1.4]
	at org.springframework.test.context.cache.DefaultCacheAwareContextLoaderDelegate.loadContext(DefaultCacheAwareContextLoaderDelegate.java:152) ~[spring-test-6.1.4.jar:6.1.4]
	at org.springframework.test.context.support.DefaultTestContext.getApplicationContext(DefaultTestContext.java:130) ~[spring-test-6.1.4.jar:6.1.4]
	at org.springframework.test.context.support.DependencyInjectionTestExecutionListener.injectDependencies(DependencyInjectionTestExecutionListener.java:142) ~[spring-test-6.1.4.jar:6.1.4]
	at org.springframework.test.context.support.DependencyInjectionTestExecutionListener.prepareTestInstance(DependencyInjectionTestExecutionListener.java:98) ~[spring-test-6.1.4.jar:6.1.4]
	at org.springframework.test.context.TestContextManager.prepareTestInstance(TestContextManager.java:260) ~[spring-test-6.1.4.jar:6.1.4]
	at org.springframework.test.context.junit.jupiter.SpringExtension.postProcessTestInstance(SpringExtension.java:163) ~[spring-test-6.1.4.jar:6.1.4]
	at org.junit.jupiter.engine.descriptor.ClassBasedTestDescriptor.lambda$invokeTestInstancePostProcessors$10(ClassBasedTestDescriptor.java:378) ~[junit-jupiter-engine-5.10.2.jar:5.10.2]
	at org.junit.jupiter.engine.descriptor.ClassBasedTestDescriptor.executeAndMaskThrowable(ClassBasedTestDescriptor.java:383) ~[junit-jupiter-engine-5.10.2.jar:5.10.2]
	at org.junit.jupiter.engine.descriptor.ClassBasedTestDescriptor.lambda$invokeTestInstancePostProcessors$11(ClassBasedTestDescriptor.java:378) ~[junit-jupiter-engine-5.10.2.jar:5.10.2]
	at java.base/java.util.stream.ReferencePipeline$3$1.accept(ReferencePipeline.java:197) ~[na:na]
	at java.base/java.util.stream.ReferencePipeline$2$1.accept(ReferencePipeline.java:179) ~[na:na]
	at java.base/java.util.ArrayList$ArrayListSpliterator.forEachRemaining(ArrayList.java:1708) ~[na:na]
	at java.base/java.util.stream.AbstractPipeline.copyInto(AbstractPipeline.java:509) ~[na:na]
	at java.base/java.util.stream.AbstractPipeline.wrapAndCopyInto(AbstractPipeline.java:499) ~[na:na]
	at java.base/java.util.stream.StreamSpliterators$WrappingSpliterator.forEachRemaining(StreamSpliterators.java:310) ~[na:na]
	at java.base/java.util.stream.Streams$ConcatSpliterator.forEachRemaining(Streams.java:735) ~[na:na]
	at java.base/java.util.stream.Streams$ConcatSpliterator.forEachRemaining(Streams.java:734) ~[na:na]
	at java.base/java.util.stream.ReferencePipeline$Head.forEach(ReferencePipeline.java:762) ~[na:na]
	at org.junit.jupiter.engine.descriptor.ClassBasedTestDescriptor.invokeTestInstancePostProcessors(ClassBasedTestDescriptor.java:377) ~[junit-jupiter-engine-5.10.2.jar:5.10.2]
	at org.junit.jupiter.engine.descriptor.ClassBasedTestDescriptor.lambda$instantiateAndPostProcessTestInstance$6(ClassBasedTestDescriptor.java:290) ~[junit-jupiter-engine-5.10.2.jar:5.10.2]
	at org.junit.platform.engine.support.hierarchical.ThrowableCollector.execute(ThrowableCollector.java:73) ~[junit-platform-engine-1.10.2.jar:1.10.2]
	at org.junit.jupiter.engine.descriptor.ClassBasedTestDescriptor.instantiateAndPostProcessTestInstance(ClassBasedTestDescriptor.java:289) ~[junit-jupiter-engine-5.10.2.jar:5.10.2]
	at org.junit.jupiter.engine.descriptor.ClassBasedTestDescriptor.lambda$testInstancesProvider$4(ClassBasedTestDescriptor.java:279) ~[junit-jupiter-engine-5.10.2.jar:5.10.2]
	at java.base/java.util.Optional.orElseGet(Optional.java:364) ~[na:na]
	at org.junit.jupiter.engine.descriptor.ClassBasedTestDescriptor.lambda$testInstancesProvider$5(ClassBasedTestDescriptor.java:278) ~[junit-jupiter-engine-5.10.2.jar:5.10.2]
	at org.junit.jupiter.engine.execution.TestInstancesProvider.getTestInstances(TestInstancesProvider.java:31) ~[junit-jupiter-engine-5.10.2.jar:5.10.2]
	at org.junit.jupiter.engine.descriptor.TestMethodTestDescriptor.lambda$prepare$0(TestMethodTestDescriptor.java:106) ~[junit-jupiter-engine-5.10.2.jar:5.10.2]
	at org.junit.platform.engine.support.hierarchical.ThrowableCollector.execute(ThrowableCollector.java:73) ~[junit-platform-engine-1.10.2.jar:1.10.2]
	at org.junit.jupiter.engine.descriptor.TestMethodTestDescriptor.prepare(TestMethodTestDescriptor.java:105) ~[junit-jupiter-engine-5.10.2.jar:5.10.2]
	at org.junit.jupiter.engine.descriptor.TestMethodTestDescriptor.prepare(TestMethodTestDescriptor.java:69) ~[junit-jupiter-engine-5.10.2.jar:5.10.2]
	at org.junit.platform.engine.support.hierarchical.NodeTestTask.lambda$prepare$2(NodeTestTask.java:123) ~[junit-platform-engine-1.10.2.jar:1.10.2]
	at org.junit.platform.engine.support.hierarchical.ThrowableCollector.execute(ThrowableCollector.java:73) ~[junit-platform-engine-1.10.2.jar:1.10.2]
	at org.junit.platform.engine.support.hierarchical.NodeTestTask.prepare(NodeTestTask.java:123) ~[junit-platform-engine-1.10.2.jar:1.10.2]
	at org.junit.platform.engine.support.hierarchical.NodeTestTask.execute(NodeTestTask.java:90) ~[junit-platform-engine-1.10.2.jar:1.10.2]
	at java.base/java.util.ArrayList.forEach(ArrayList.java:1596) ~[na:na]
	at org.junit.platform.engine.support.hierarchical.SameThreadHierarchicalTestExecutorService.invokeAll(SameThreadHierarchicalTestExecutorService.java:41) ~[junit-platform-engine-1.10.2.jar:1.10.2]
	at org.junit.platform.engine.support.hierarchical.NodeTestTask.lambda$executeRecursively$6(NodeTestTask.java:155) ~[junit-platform-engine-1.10.2.jar:1.10.2]
	at org.junit.platform.engine.support.hierarchical.ThrowableCollector.execute(ThrowableCollector.java:73) ~[junit-platform-engine-1.10.2.jar:1.10.2]
	at org.junit.platform.engine.support.hierarchical.NodeTestTask.lambda$executeRecursively$8(NodeTestTask.java:141) ~[junit-platform-engine-1.10.2.jar:1.10.2]
	at org.junit.platform.engine.support.hierarchical.Node.around(Node.java:137) ~[junit-platform-engine-1.10.2.jar:1.10.2]
	at org.junit.platform.engine.support.hierarchical.NodeTestTask.lambda$executeRecursively$9(NodeTestTask.java:139) ~[junit-platform-engine-1.10.2.jar:1.10.2]
	at org.junit.platform.engine.support.hierarchical.ThrowableCollector.execute(ThrowableCollector.java:73) ~[junit-platform-engine-1.10.2.jar:1.10.2]
	at org.junit.platform.engine.support.hierarchical.NodeTestTask.executeRecursively(NodeTestTask.java:138) ~[junit-platform-engine-1.10.2.jar:1.10.2]
	at org.junit.platform.engine.support.hierarchical.NodeTestTask.execute(NodeTestTask.java:95) ~[junit-platform-engine-1.10.2.jar:1.10.2]
	at java.base/java.util.ArrayList.forEach(ArrayList.java:1596) ~[na:na]
	at org.junit.platform.engine.support.hierarchical.SameThreadHierarchicalTestExecutorService.invokeAll(SameThreadHierarchicalTestExecutorService.java:41) ~[junit-platform-engine-1.10.2.jar:1.10.2]
	at org.junit.platform.engine.support.hierarchical.NodeTestTask.lambda$executeRecursively$6(NodeTestTask.java:155) ~[junit-platform-engine-1.10.2.jar:1.10.2]
	at org.junit.platform.engine.support.hierarchical.ThrowableCollector.execute(ThrowableCollector.java:73) ~[junit-platform-engine-1.10.2.jar:1.10.2]
	at org.junit.platform.engine.support.hierarchical.NodeTestTask.lambda$executeRecursively$8(NodeTestTask.java:141) ~[junit-platform-engine-1.10.2.jar:1.10.2]
	at org.junit.platform.engine.support.hierarchical.Node.around(Node.java:137) ~[junit-platform-engine-1.10.2.jar:1.10.2]
	at org.junit.platform.engine.support.hierarchical.NodeTestTask.lambda$executeRecursively$9(NodeTestTask.java:139) ~[junit-platform-engine-1.10.2.jar:1.10.2]
	at org.junit.platform.engine.support.hierarchical.ThrowableCollector.execute(ThrowableCollector.java:73) ~[junit-platform-engine-1.10.2.jar:1.10.2]
	at org.junit.platform.engine.support.hierarchical.NodeTestTask.executeRecursively(NodeTestTask.java:138) ~[junit-platform-engine-1.10.2.jar:1.10.2]
	at org.junit.platform.engine.support.hierarchical.NodeTestTask.execute(NodeTestTask.java:95) ~[junit-platform-engine-1.10.2.jar:1.10.2]
	at org.junit.platform.engine.support.hierarchical.SameThreadHierarchicalTestExecutorService.submit(SameThreadHierarchicalTestExecutorService.java:35) ~[junit-platform-engine-1.10.2.jar:1.10.2]
	at org.junit.platform.engine.support.hierarchical.HierarchicalTestExecutor.execute(HierarchicalTestExecutor.java:57) ~[junit-platform-engine-1.10.2.jar:1.10.2]
	at org.junit.platform.engine.support.hierarchical.HierarchicalTestEngine.execute(HierarchicalTestEngine.java:54) ~[junit-platform-engine-1.10.2.jar:1.10.2]
	at org.junit.platform.launcher.core.EngineExecutionOrchestrator.execute(EngineExecutionOrchestrator.java:198) ~[junit-platform-launcher-1.10.2.jar:1.10.2]
	at org.junit.platform.launcher.core.EngineExecutionOrchestrator.execute(EngineExecutionOrchestrator.java:169) ~[junit-platform-launcher-1.10.2.jar:1.10.2]
	at org.junit.platform.launcher.core.EngineExecutionOrchestrator.execute(EngineExecutionOrchestrator.java:93) ~[junit-platform-launcher-1.10.2.jar:1.10.2]
	at org.junit.platform.launcher.core.EngineExecutionOrchestrator.lambda$execute$0(EngineExecutionOrchestrator.java:58) ~[junit-platform-launcher-1.10.2.jar:1.10.2]
	at org.junit.platform.launcher.core.EngineExecutionOrchestrator.withInterceptedStreams(EngineExecutionOrchestrator.java:141) ~[junit-platform-launcher-1.10.2.jar:1.10.2]
	at org.junit.platform.launcher.core.EngineExecutionOrchestrator.execute(EngineExecutionOrchestrator.java:57) ~[junit-platform-launcher-1.10.2.jar:1.10.2]
	at org.junit.platform.launcher.core.DefaultLauncher.execute(DefaultLauncher.java:103) ~[junit-platform-launcher-1.10.2.jar:1.10.2]
	at org.junit.platform.launcher.core.DefaultLauncher.execute(DefaultLauncher.java:85) ~[junit-platform-launcher-1.10.2.jar:1.10.2]
	at org.junit.platform.launcher.core.DelegatingLauncher.execute(DelegatingLauncher.java:47) ~[junit-platform-launcher-1.10.2.jar:1.10.2]
	at org.apache.maven.surefire.junitplatform.LazyLauncher.execute(LazyLauncher.java:56) ~[surefire-junit-platform-3.1.2.jar:3.1.2]
	at org.apache.maven.surefire.junitplatform.JUnitPlatformProvider.execute(JUnitPlatformProvider.java:184) ~[surefire-junit-platform-3.1.2.jar:3.1.2]
	at org.apache.maven.surefire.junitplatform.JUnitPlatformProvider.invokeAllTests(JUnitPlatformProvider.java:148) ~[surefire-junit-platform-3.1.2.jar:3.1.2]
	at org.apache.maven.surefire.junitplatform.JUnitPlatformProvider.invoke(JUnitPlatformProvider.java:122) ~[surefire-junit-platform-3.1.2.jar:3.1.2]
	at org.apache.maven.surefire.booter.ForkedBooter.runSuitesInProcess(ForkedBooter.java:385) ~[surefire-booter-3.1.2.jar:3.1.2]
	at org.apache.maven.surefire.booter.ForkedBooter.execute(ForkedBooter.java:162) ~[surefire-booter-3.1.2.jar:3.1.2]
	at org.apache.maven.surefire.booter.ForkedBooter.run(ForkedBooter.java:507) ~[surefire-booter-3.1.2.jar:3.1.2]
	at org.apache.maven.surefire.booter.ForkedBooter.main(ForkedBooter.java:495) ~[surefire-booter-3.1.2.jar:3.1.2]

2025-04-16T10:34:27.906+02:00 DEBUG 5488 --- [           main] o.s.d.jpa.repository.query.NamedQuery    : Did not find named query BookLoan.findByLoanDateBetween
2025-04-16T10:34:27.906+02:00 DEBUG 5488 --- [           main] tor$SharedEntityManagerInvocationHandler : Creating new EntityManager for shared EntityManager invocation
2025-04-16T10:34:27.909+02:00 DEBUG 5488 --- [           main] o.s.d.jpa.repository.query.NamedQuery    : Looking up named query BookLoan.findByBookId
2025-04-16T10:34:27.909+02:00 DEBUG 5488 --- [           main] cResourceLocalTransactionCoordinatorImpl : JDBC transaction marked for rollback-only (exception provided for stack trace)

java.lang.Exception: exception just for purpose of providing stack trace
	at org.hibernate.resource.transaction.backend.jdbc.internal.JdbcResourceLocalTransactionCoordinatorImpl$TransactionDriverControlImpl.markRollbackOnly(JdbcResourceLocalTransactionCoordinatorImpl.java:310) ~[hibernate-core-6.4.4.Final.jar:6.4.4.Final]
	at org.hibernate.internal.AbstractSharedSessionContract.buildNamedQuery(AbstractSharedSessionContract.java:1097) ~[hibernate-core-6.4.4.Final.jar:6.4.4.Final]
	at org.hibernate.internal.AbstractSharedSessionContract.createNamedQuery(AbstractSharedSessionContract.java:975) ~[hibernate-core-6.4.4.Final.jar:6.4.4.Final]
	at org.hibernate.internal.AbstractSharedSessionContract.createNamedQuery(AbstractSharedSessionContract.java:136) ~[hibernate-core-6.4.4.Final.jar:6.4.4.Final]
	at java.base/jdk.internal.reflect.DirectMethodHandleAccessor.invoke(DirectMethodHandleAccessor.java:103) ~[na:na]
	at java.base/java.lang.reflect.Method.invoke(Method.java:580) ~[na:na]
	at org.springframework.orm.jpa.ExtendedEntityManagerCreator$ExtendedEntityManagerInvocationHandler.invoke(ExtendedEntityManagerCreator.java:364) ~[spring-orm-6.1.4.jar:6.1.4]
	at jdk.proxy2/jdk.proxy2.$Proxy106.createNamedQuery(Unknown Source) ~[na:na]
	at org.springframework.data.jpa.repository.query.NamedQuery.hasNamedQuery(NamedQuery.java:113) ~[spring-data-jpa-3.2.3.jar:3.2.3]
	at org.springframework.data.jpa.repository.query.NamedQuery.lookupFrom(NamedQuery.java:141) ~[spring-data-jpa-3.2.3.jar:3.2.3]
	at org.springframework.data.jpa.repository.query.JpaQueryLookupStrategy$DeclaredQueryLookupStrategy.resolveQuery(JpaQueryLookupStrategy.java:180) ~[spring-data-jpa-3.2.3.jar:3.2.3]
	at org.springframework.data.jpa.repository.query.JpaQueryLookupStrategy$CreateIfNotFoundQueryLookupStrategy.resolveQuery(JpaQueryLookupStrategy.java:252) ~[spring-data-jpa-3.2.3.jar:3.2.3]
	at org.springframework.data.jpa.repository.query.JpaQueryLookupStrategy$AbstractQueryLookupStrategy.resolveQuery(JpaQueryLookupStrategy.java:95) ~[spring-data-jpa-3.2.3.jar:3.2.3]
	at org.springframework.data.repository.core.support.QueryExecutorMethodInterceptor.lookupQuery(QueryExecutorMethodInterceptor.java:111) ~[spring-data-commons-3.2.3.jar:3.2.3]
	at org.springframework.data.repository.core.support.QueryExecutorMethodInterceptor.mapMethodsToQuery(QueryExecutorMethodInterceptor.java:99) ~[spring-data-commons-3.2.3.jar:3.2.3]
	at org.springframework.data.repository.core.support.QueryExecutorMethodInterceptor.lambda$new$0(QueryExecutorMethodInterceptor.java:88) ~[spring-data-commons-3.2.3.jar:3.2.3]
	at java.base/java.util.Optional.map(Optional.java:260) ~[na:na]
	at org.springframework.data.repository.core.support.QueryExecutorMethodInterceptor.<init>(QueryExecutorMethodInterceptor.java:88) ~[spring-data-commons-3.2.3.jar:3.2.3]
	at org.springframework.data.repository.core.support.RepositoryFactorySupport.getRepository(RepositoryFactorySupport.java:357) ~[spring-data-commons-3.2.3.jar:3.2.3]
	at org.springframework.data.repository.core.support.RepositoryFactoryBeanSupport.lambda$afterPropertiesSet$5(RepositoryFactoryBeanSupport.java:279) ~[spring-data-commons-3.2.3.jar:3.2.3]
	at org.springframework.data.util.Lazy.getNullable(Lazy.java:135) ~[spring-data-commons-3.2.3.jar:3.2.3]
	at org.springframework.data.util.Lazy.get(Lazy.java:113) ~[spring-data-commons-3.2.3.jar:3.2.3]
	at org.springframework.data.repository.core.support.RepositoryFactoryBeanSupport.afterPropertiesSet(RepositoryFactoryBeanSupport.java:285) ~[spring-data-commons-3.2.3.jar:3.2.3]
	at org.springframework.data.jpa.repository.support.JpaRepositoryFactoryBean.afterPropertiesSet(JpaRepositoryFactoryBean.java:132) ~[spring-data-jpa-3.2.3.jar:3.2.3]
	at org.springframework.beans.factory.support.AbstractAutowireCapableBeanFactory.invokeInitMethods(AbstractAutowireCapableBeanFactory.java:1833) ~[spring-beans-6.1.4.jar:6.1.4]
	at org.springframework.beans.factory.support.AbstractAutowireCapableBeanFactory.initializeBean(AbstractAutowireCapableBeanFactory.java:1782) ~[spring-beans-6.1.4.jar:6.1.4]
	at org.springframework.beans.factory.support.AbstractAutowireCapableBeanFactory.doCreateBean(AbstractAutowireCapableBeanFactory.java:600) ~[spring-beans-6.1.4.jar:6.1.4]
	at org.springframework.beans.factory.support.AbstractAutowireCapableBeanFactory.createBean(AbstractAutowireCapableBeanFactory.java:522) ~[spring-beans-6.1.4.jar:6.1.4]
	at org.springframework.beans.factory.support.AbstractBeanFactory.lambda$doGetBean$0(AbstractBeanFactory.java:325) ~[spring-beans-6.1.4.jar:6.1.4]
	at org.springframework.beans.factory.support.DefaultSingletonBeanRegistry.getSingleton(DefaultSingletonBeanRegistry.java:234) ~[spring-beans-6.1.4.jar:6.1.4]
	at org.springframework.beans.factory.support.AbstractBeanFactory.doGetBean(AbstractBeanFactory.java:323) ~[spring-beans-6.1.4.jar:6.1.4]
	at org.springframework.beans.factory.support.AbstractBeanFactory.getBean(AbstractBeanFactory.java:199) ~[spring-beans-6.1.4.jar:6.1.4]
	at org.springframework.beans.factory.config.DependencyDescriptor.resolveCandidate(DependencyDescriptor.java:254) ~[spring-beans-6.1.4.jar:6.1.4]
	at org.springframework.beans.factory.support.DefaultListableBeanFactory.doResolveDependency(DefaultListableBeanFactory.java:1443) ~[spring-beans-6.1.4.jar:6.1.4]
	at org.springframework.beans.factory.support.DefaultListableBeanFactory.resolveDependency(DefaultListableBeanFactory.java:1353) ~[spring-beans-6.1.4.jar:6.1.4]
	at org.springframework.beans.factory.support.ConstructorResolver.resolveAutowiredArgument(ConstructorResolver.java:907) ~[spring-beans-6.1.4.jar:6.1.4]
	at org.springframework.beans.factory.support.ConstructorResolver.createArgumentArray(ConstructorResolver.java:785) ~[spring-beans-6.1.4.jar:6.1.4]
	at org.springframework.beans.factory.support.ConstructorResolver.instantiateUsingFactoryMethod(ConstructorResolver.java:542) ~[spring-beans-6.1.4.jar:6.1.4]
	at org.springframework.beans.factory.support.AbstractAutowireCapableBeanFactory.instantiateUsingFactoryMethod(AbstractAutowireCapableBeanFactory.java:1335) ~[spring-beans-6.1.4.jar:6.1.4]
	at org.springframework.beans.factory.support.AbstractAutowireCapableBeanFactory.createBeanInstance(AbstractAutowireCapableBeanFactory.java:1165) ~[spring-beans-6.1.4.jar:6.1.4]
	at org.springframework.beans.factory.support.AbstractAutowireCapableBeanFactory.doCreateBean(AbstractAutowireCapableBeanFactory.java:562) ~[spring-beans-6.1.4.jar:6.1.4]
	at org.springframework.beans.factory.support.AbstractAutowireCapableBeanFactory.createBean(AbstractAutowireCapableBeanFactory.java:522) ~[spring-beans-6.1.4.jar:6.1.4]
	at org.springframework.beans.factory.support.AbstractBeanFactory.lambda$doGetBean$0(AbstractBeanFactory.java:325) ~[spring-beans-6.1.4.jar:6.1.4]
	at org.springframework.beans.factory.support.DefaultSingletonBeanRegistry.getSingleton(DefaultSingletonBeanRegistry.java:234) ~[spring-beans-6.1.4.jar:6.1.4]
	at org.springframework.beans.factory.support.AbstractBeanFactory.doGetBean(AbstractBeanFactory.java:323) ~[spring-beans-6.1.4.jar:6.1.4]
	at org.springframework.beans.factory.support.AbstractBeanFactory.getBean(AbstractBeanFactory.java:199) ~[spring-beans-6.1.4.jar:6.1.4]
	at org.springframework.beans.factory.support.DefaultListableBeanFactory.preInstantiateSingletons(DefaultListableBeanFactory.java:975) ~[spring-beans-6.1.4.jar:6.1.4]
	at org.springframework.context.support.AbstractApplicationContext.finishBeanFactoryInitialization(AbstractApplicationContext.java:959) ~[spring-context-6.1.4.jar:6.1.4]
	at org.springframework.context.support.AbstractApplicationContext.refresh(AbstractApplicationContext.java:624) ~[spring-context-6.1.4.jar:6.1.4]
	at org.springframework.boot.SpringApplication.refresh(SpringApplication.java:754) ~[spring-boot-3.2.3.jar:3.2.3]
	at org.springframework.boot.SpringApplication.refreshContext(SpringApplication.java:456) ~[spring-boot-3.2.3.jar:3.2.3]
	at org.springframework.boot.SpringApplication.run(SpringApplication.java:334) ~[spring-boot-3.2.3.jar:3.2.3]
	at org.springframework.boot.test.context.SpringBootContextLoader.lambda$loadContext$3(SpringBootContextLoader.java:137) ~[spring-boot-test-3.2.3.jar:3.2.3]
	at org.springframework.util.function.ThrowingSupplier.get(ThrowingSupplier.java:58) ~[spring-core-6.1.4.jar:6.1.4]
	at org.springframework.util.function.ThrowingSupplier.get(ThrowingSupplier.java:46) ~[spring-core-6.1.4.jar:6.1.4]
	at org.springframework.boot.SpringApplication.withHook(SpringApplication.java:1454) ~[spring-boot-3.2.3.jar:3.2.3]
	at org.springframework.boot.test.context.SpringBootContextLoader$ContextLoaderHook.run(SpringBootContextLoader.java:553) ~[spring-boot-test-3.2.3.jar:3.2.3]
	at org.springframework.boot.test.context.SpringBootContextLoader.loadContext(SpringBootContextLoader.java:137) ~[spring-boot-test-3.2.3.jar:3.2.3]
	at org.springframework.boot.test.context.SpringBootContextLoader.loadContext(SpringBootContextLoader.java:108) ~[spring-boot-test-3.2.3.jar:3.2.3]
	at org.springframework.test.context.cache.DefaultCacheAwareContextLoaderDelegate.loadContextInternal(DefaultCacheAwareContextLoaderDelegate.java:225) ~[spring-test-6.1.4.jar:6.1.4]
	at org.springframework.test.context.cache.DefaultCacheAwareContextLoaderDelegate.loadContext(DefaultCacheAwareContextLoaderDelegate.java:152) ~[spring-test-6.1.4.jar:6.1.4]
	at org.springframework.test.context.support.DefaultTestContext.getApplicationContext(DefaultTestContext.java:130) ~[spring-test-6.1.4.jar:6.1.4]
	at org.springframework.test.context.support.DependencyInjectionTestExecutionListener.injectDependencies(DependencyInjectionTestExecutionListener.java:142) ~[spring-test-6.1.4.jar:6.1.4]
	at org.springframework.test.context.support.DependencyInjectionTestExecutionListener.prepareTestInstance(DependencyInjectionTestExecutionListener.java:98) ~[spring-test-6.1.4.jar:6.1.4]
	at org.springframework.test.context.TestContextManager.prepareTestInstance(TestContextManager.java:260) ~[spring-test-6.1.4.jar:6.1.4]
	at org.springframework.test.context.junit.jupiter.SpringExtension.postProcessTestInstance(SpringExtension.java:163) ~[spring-test-6.1.4.jar:6.1.4]
	at org.junit.jupiter.engine.descriptor.ClassBasedTestDescriptor.lambda$invokeTestInstancePostProcessors$10(ClassBasedTestDescriptor.java:378) ~[junit-jupiter-engine-5.10.2.jar:5.10.2]
	at org.junit.jupiter.engine.descriptor.ClassBasedTestDescriptor.executeAndMaskThrowable(ClassBasedTestDescriptor.java:383) ~[junit-jupiter-engine-5.10.2.jar:5.10.2]
	at org.junit.jupiter.engine.descriptor.ClassBasedTestDescriptor.lambda$invokeTestInstancePostProcessors$11(ClassBasedTestDescriptor.java:378) ~[junit-jupiter-engine-5.10.2.jar:5.10.2]
	at java.base/java.util.stream.ReferencePipeline$3$1.accept(ReferencePipeline.java:197) ~[na:na]
	at java.base/java.util.stream.ReferencePipeline$2$1.accept(ReferencePipeline.java:179) ~[na:na]
	at java.base/java.util.ArrayList$ArrayListSpliterator.forEachRemaining(ArrayList.java:1708) ~[na:na]
	at java.base/java.util.stream.AbstractPipeline.copyInto(AbstractPipeline.java:509) ~[na:na]
	at java.base/java.util.stream.AbstractPipeline.wrapAndCopyInto(AbstractPipeline.java:499) ~[na:na]
	at java.base/java.util.stream.StreamSpliterators$WrappingSpliterator.forEachRemaining(StreamSpliterators.java:310) ~[na:na]
	at java.base/java.util.stream.Streams$ConcatSpliterator.forEachRemaining(Streams.java:735) ~[na:na]
	at java.base/java.util.stream.Streams$ConcatSpliterator.forEachRemaining(Streams.java:734) ~[na:na]
	at java.base/java.util.stream.ReferencePipeline$Head.forEach(ReferencePipeline.java:762) ~[na:na]
	at org.junit.jupiter.engine.descriptor.ClassBasedTestDescriptor.invokeTestInstancePostProcessors(ClassBasedTestDescriptor.java:377) ~[junit-jupiter-engine-5.10.2.jar:5.10.2]
	at org.junit.jupiter.engine.descriptor.ClassBasedTestDescriptor.lambda$instantiateAndPostProcessTestInstance$6(ClassBasedTestDescriptor.java:290) ~[junit-jupiter-engine-5.10.2.jar:5.10.2]
	at org.junit.platform.engine.support.hierarchical.ThrowableCollector.execute(ThrowableCollector.java:73) ~[junit-platform-engine-1.10.2.jar:1.10.2]
	at org.junit.jupiter.engine.descriptor.ClassBasedTestDescriptor.instantiateAndPostProcessTestInstance(ClassBasedTestDescriptor.java:289) ~[junit-jupiter-engine-5.10.2.jar:5.10.2]
	at org.junit.jupiter.engine.descriptor.ClassBasedTestDescriptor.lambda$testInstancesProvider$4(ClassBasedTestDescriptor.java:279) ~[junit-jupiter-engine-5.10.2.jar:5.10.2]
	at java.base/java.util.Optional.orElseGet(Optional.java:364) ~[na:na]
	at org.junit.jupiter.engine.descriptor.ClassBasedTestDescriptor.lambda$testInstancesProvider$5(ClassBasedTestDescriptor.java:278) ~[junit-jupiter-engine-5.10.2.jar:5.10.2]
	at org.junit.jupiter.engine.execution.TestInstancesProvider.getTestInstances(TestInstancesProvider.java:31) ~[junit-jupiter-engine-5.10.2.jar:5.10.2]
	at org.junit.jupiter.engine.descriptor.TestMethodTestDescriptor.lambda$prepare$0(TestMethodTestDescriptor.java:106) ~[junit-jupiter-engine-5.10.2.jar:5.10.2]
	at org.junit.platform.engine.support.hierarchical.ThrowableCollector.execute(ThrowableCollector.java:73) ~[junit-platform-engine-1.10.2.jar:1.10.2]
	at org.junit.jupiter.engine.descriptor.TestMethodTestDescriptor.prepare(TestMethodTestDescriptor.java:105) ~[junit-jupiter-engine-5.10.2.jar:5.10.2]
	at org.junit.jupiter.engine.descriptor.TestMethodTestDescriptor.prepare(TestMethodTestDescriptor.java:69) ~[junit-jupiter-engine-5.10.2.jar:5.10.2]
	at org.junit.platform.engine.support.hierarchical.NodeTestTask.lambda$prepare$2(NodeTestTask.java:123) ~[junit-platform-engine-1.10.2.jar:1.10.2]
	at org.junit.platform.engine.support.hierarchical.ThrowableCollector.execute(ThrowableCollector.java:73) ~[junit-platform-engine-1.10.2.jar:1.10.2]
	at org.junit.platform.engine.support.hierarchical.NodeTestTask.prepare(NodeTestTask.java:123) ~[junit-platform-engine-1.10.2.jar:1.10.2]
	at org.junit.platform.engine.support.hierarchical.NodeTestTask.execute(NodeTestTask.java:90) ~[junit-platform-engine-1.10.2.jar:1.10.2]
	at java.base/java.util.ArrayList.forEach(ArrayList.java:1596) ~[na:na]
	at org.junit.platform.engine.support.hierarchical.SameThreadHierarchicalTestExecutorService.invokeAll(SameThreadHierarchicalTestExecutorService.java:41) ~[junit-platform-engine-1.10.2.jar:1.10.2]
	at org.junit.platform.engine.support.hierarchical.NodeTestTask.lambda$executeRecursively$6(NodeTestTask.java:155) ~[junit-platform-engine-1.10.2.jar:1.10.2]
	at org.junit.platform.engine.support.hierarchical.ThrowableCollector.execute(ThrowableCollector.java:73) ~[junit-platform-engine-1.10.2.jar:1.10.2]
	at org.junit.platform.engine.support.hierarchical.NodeTestTask.lambda$executeRecursively$8(NodeTestTask.java:141) ~[junit-platform-engine-1.10.2.jar:1.10.2]
	at org.junit.platform.engine.support.hierarchical.Node.around(Node.java:137) ~[junit-platform-engine-1.10.2.jar:1.10.2]
	at org.junit.platform.engine.support.hierarchical.NodeTestTask.lambda$executeRecursively$9(NodeTestTask.java:139) ~[junit-platform-engine-1.10.2.jar:1.10.2]
	at org.junit.platform.engine.support.hierarchical.ThrowableCollector.execute(ThrowableCollector.java:73) ~[junit-platform-engine-1.10.2.jar:1.10.2]
	at org.junit.platform.engine.support.hierarchical.NodeTestTask.executeRecursively(NodeTestTask.java:138) ~[junit-platform-engine-1.10.2.jar:1.10.2]
	at org.junit.platform.engine.support.hierarchical.NodeTestTask.execute(NodeTestTask.java:95) ~[junit-platform-engine-1.10.2.jar:1.10.2]
	at java.base/java.util.ArrayList.forEach(ArrayList.java:1596) ~[na:na]
	at org.junit.platform.engine.support.hierarchical.SameThreadHierarchicalTestExecutorService.invokeAll(SameThreadHierarchicalTestExecutorService.java:41) ~[junit-platform-engine-1.10.2.jar:1.10.2]
	at org.junit.platform.engine.support.hierarchical.NodeTestTask.lambda$executeRecursively$6(NodeTestTask.java:155) ~[junit-platform-engine-1.10.2.jar:1.10.2]
	at org.junit.platform.engine.support.hierarchical.ThrowableCollector.execute(ThrowableCollector.java:73) ~[junit-platform-engine-1.10.2.jar:1.10.2]
	at org.junit.platform.engine.support.hierarchical.NodeTestTask.lambda$executeRecursively$8(NodeTestTask.java:141) ~[junit-platform-engine-1.10.2.jar:1.10.2]
	at org.junit.platform.engine.support.hierarchical.Node.around(Node.java:137) ~[junit-platform-engine-1.10.2.jar:1.10.2]
	at org.junit.platform.engine.support.hierarchical.NodeTestTask.lambda$executeRecursively$9(NodeTestTask.java:139) ~[junit-platform-engine-1.10.2.jar:1.10.2]
	at org.junit.platform.engine.support.hierarchical.ThrowableCollector.execute(ThrowableCollector.java:73) ~[junit-platform-engine-1.10.2.jar:1.10.2]
	at org.junit.platform.engine.support.hierarchical.NodeTestTask.executeRecursively(NodeTestTask.java:138) ~[junit-platform-engine-1.10.2.jar:1.10.2]
	at org.junit.platform.engine.support.hierarchical.NodeTestTask.execute(NodeTestTask.java:95) ~[junit-platform-engine-1.10.2.jar:1.10.2]
	at org.junit.platform.engine.support.hierarchical.SameThreadHierarchicalTestExecutorService.submit(SameThreadHierarchicalTestExecutorService.java:35) ~[junit-platform-engine-1.10.2.jar:1.10.2]
	at org.junit.platform.engine.support.hierarchical.HierarchicalTestExecutor.execute(HierarchicalTestExecutor.java:57) ~[junit-platform-engine-1.10.2.jar:1.10.2]
	at org.junit.platform.engine.support.hierarchical.HierarchicalTestEngine.execute(HierarchicalTestEngine.java:54) ~[junit-platform-engine-1.10.2.jar:1.10.2]
	at org.junit.platform.launcher.core.EngineExecutionOrchestrator.execute(EngineExecutionOrchestrator.java:198) ~[junit-platform-launcher-1.10.2.jar:1.10.2]
	at org.junit.platform.launcher.core.EngineExecutionOrchestrator.execute(EngineExecutionOrchestrator.java:169) ~[junit-platform-launcher-1.10.2.jar:1.10.2]
	at org.junit.platform.launcher.core.EngineExecutionOrchestrator.execute(EngineExecutionOrchestrator.java:93) ~[junit-platform-launcher-1.10.2.jar:1.10.2]
	at org.junit.platform.launcher.core.EngineExecutionOrchestrator.lambda$execute$0(EngineExecutionOrchestrator.java:58) ~[junit-platform-launcher-1.10.2.jar:1.10.2]
	at org.junit.platform.launcher.core.EngineExecutionOrchestrator.withInterceptedStreams(EngineExecutionOrchestrator.java:141) ~[junit-platform-launcher-1.10.2.jar:1.10.2]
	at org.junit.platform.launcher.core.EngineExecutionOrchestrator.execute(EngineExecutionOrchestrator.java:57) ~[junit-platform-launcher-1.10.2.jar:1.10.2]
	at org.junit.platform.launcher.core.DefaultLauncher.execute(DefaultLauncher.java:103) ~[junit-platform-launcher-1.10.2.jar:1.10.2]
	at org.junit.platform.launcher.core.DefaultLauncher.execute(DefaultLauncher.java:85) ~[junit-platform-launcher-1.10.2.jar:1.10.2]
	at org.junit.platform.launcher.core.DelegatingLauncher.execute(DelegatingLauncher.java:47) ~[junit-platform-launcher-1.10.2.jar:1.10.2]
	at org.apache.maven.surefire.junitplatform.LazyLauncher.execute(LazyLauncher.java:56) ~[surefire-junit-platform-3.1.2.jar:3.1.2]
	at org.apache.maven.surefire.junitplatform.JUnitPlatformProvider.execute(JUnitPlatformProvider.java:184) ~[surefire-junit-platform-3.1.2.jar:3.1.2]
	at org.apache.maven.surefire.junitplatform.JUnitPlatformProvider.invokeAllTests(JUnitPlatformProvider.java:148) ~[surefire-junit-platform-3.1.2.jar:3.1.2]
	at org.apache.maven.surefire.junitplatform.JUnitPlatformProvider.invoke(JUnitPlatformProvider.java:122) ~[surefire-junit-platform-3.1.2.jar:3.1.2]
	at org.apache.maven.surefire.booter.ForkedBooter.runSuitesInProcess(ForkedBooter.java:385) ~[surefire-booter-3.1.2.jar:3.1.2]
	at org.apache.maven.surefire.booter.ForkedBooter.execute(ForkedBooter.java:162) ~[surefire-booter-3.1.2.jar:3.1.2]
	at org.apache.maven.surefire.booter.ForkedBooter.run(ForkedBooter.java:507) ~[surefire-booter-3.1.2.jar:3.1.2]
	at org.apache.maven.surefire.booter.ForkedBooter.main(ForkedBooter.java:495) ~[surefire-booter-3.1.2.jar:3.1.2]

2025-04-16T10:34:27.910+02:00 DEBUG 5488 --- [           main] o.s.d.jpa.repository.query.NamedQuery    : Did not find named query BookLoan.findByBookId
2025-04-16T10:34:27.910+02:00 DEBUG 5488 --- [           main] tor$SharedEntityManagerInvocationHandler : Creating new EntityManager for shared EntityManager invocation
2025-04-16T10:34:27.914+02:00 DEBUG 5488 --- [           main] o.s.d.r.c.s.RepositoryFactorySupport     : Finished creation of repository instance for com.lexicon.springws.repository.BookLoanRepository.
2025-04-16T10:34:27.914+02:00 DEBUG 5488 --- [           main] o.s.b.f.s.DefaultListableBeanFactory     : Autowiring by type from bean name 'demo' via factory method to bean named 'authorRepository'
2025-04-16T10:34:27.914+02:00 DEBUG 5488 --- [           main] o.s.b.f.s.DefaultListableBeanFactory     : Autowiring by type from bean name 'demo' via factory method to bean named 'bookRepository'
2025-04-16T10:34:27.914+02:00 DEBUG 5488 --- [           main] o.s.b.f.s.DefaultListableBeanFactory     : Autowiring by type from bean name 'demo' via factory method to bean named 'appUserRepository'
2025-04-16T10:34:27.914+02:00 DEBUG 5488 --- [           main] o.s.b.f.s.DefaultListableBeanFactory     : Autowiring by type from bean name 'demo' via factory method to bean named 'bookLoanRepository'
2025-04-16T10:34:27.917+02:00 DEBUG 5488 --- [           main] o.s.b.f.s.DefaultListableBeanFactory     : Creating shared instance of singleton bean 'org.springframework.boot.test.autoconfigure.jdbc.TestDatabaseAutoConfiguration'
2025-04-16T10:34:27.917+02:00 DEBUG 5488 --- [           main] o.s.b.f.s.DefaultListableBeanFactory     : Creating shared instance of singleton bean 'org.springframework.boot.autoconfigure.jdbc.DataSourceConfiguration$Hikari'
2025-04-16T10:34:27.918+02:00 DEBUG 5488 --- [           main] o.s.b.f.s.DefaultListableBeanFactory     : Creating shared instance of singleton bean 'org.springframework.boot.autoconfigure.jdbc.DataSourceAutoConfiguration$PooledDataSourceConfiguration'
2025-04-16T10:34:27.918+02:00 DEBUG 5488 --- [           main] o.s.b.f.s.DefaultListableBeanFactory     : Creating shared instance of singleton bean 'jdbcConnectionDetails'
2025-04-16T10:34:27.918+02:00 DEBUG 5488 --- [           main] o.s.b.f.s.DefaultListableBeanFactory     : Creating shared instance of singleton bean 'spring.datasource-org.springframework.boot.autoconfigure.jdbc.DataSourceProperties'
2025-04-16T10:34:27.922+02:00 DEBUG 5488 --- [           main] o.s.b.f.s.DefaultListableBeanFactory     : Autowiring by type from bean name 'jdbcConnectionDetails' via factory method to bean named 'spring.datasource-org.springframework.boot.autoconfigure.jdbc.DataSourceProperties'
2025-04-16T10:34:27.922+02:00 DEBUG 5488 --- [           main] o.s.b.f.s.DefaultListableBeanFactory     : Creating shared instance of singleton bean 'org.springframework.boot.autoconfigure.jdbc.metadata.DataSourcePoolMetadataProvidersConfiguration'
2025-04-16T10:34:27.923+02:00 DEBUG 5488 --- [           main] o.s.b.f.s.DefaultListableBeanFactory     : Creating shared instance of singleton bean 'org.springframework.boot.autoconfigure.jdbc.DataSourceAutoConfiguration'
2025-04-16T10:34:27.923+02:00 DEBUG 5488 --- [           main] o.s.b.f.s.DefaultListableBeanFactory     : Creating shared instance of singleton bean 'org.springframework.boot.context.properties.EnableConfigurationPropertiesRegistrar.methodValidationExcludeFilter'
2025-04-16T10:34:27.924+02:00 DEBUG 5488 --- [           main] o.s.b.f.s.DefaultListableBeanFactory     : Creating shared instance of singleton bean 'org.springframework.boot.autoconfigure.orm.jpa.JpaBaseConfiguration$PersistenceManagedTypesConfiguration'
2025-04-16T10:34:27.925+02:00 DEBUG 5488 --- [           main] o.s.b.f.s.DefaultListableBeanFactory     : Creating shared instance of singleton bean 'transactionManager'
2025-04-16T10:34:27.930+02:00 DEBUG 5488 --- [           main] o.s.b.f.s.DefaultListableBeanFactory     : Creating shared instance of singleton bean 'org.springframework.boot.autoconfigure.orm.jpa.HibernateJpaAutoConfiguration'
2025-04-16T10:34:27.930+02:00 DEBUG 5488 --- [           main] o.s.b.f.s.DefaultListableBeanFactory     : Creating shared instance of singleton bean 'org.springframework.boot.autoconfigure.data.jpa.JpaRepositoriesAutoConfiguration'
2025-04-16T10:34:27.931+02:00 DEBUG 5488 --- [           main] o.s.b.f.s.DefaultListableBeanFactory     : Creating shared instance of singleton bean 'org.springframework.data.jpa.util.JpaMetamodelCacheCleanup'
2025-04-16T10:34:27.931+02:00 DEBUG 5488 --- [           main] o.s.b.f.s.DefaultListableBeanFactory     : Creating shared instance of singleton bean 'org.springframework.data.jpa.repository.support.JpaEvaluationContextExtension'
2025-04-16T10:34:27.932+02:00 DEBUG 5488 --- [           main] o.s.b.f.s.DefaultListableBeanFactory     : Creating shared instance of singleton bean 'data-jpa.repository-aot-processor#0'
2025-04-16T10:34:27.936+02:00 DEBUG 5488 --- [           main] o.s.b.f.s.DefaultListableBeanFactory     : Creating shared instance of singleton bean 'org.springframework.boot.autoconfigure.jdbc.JdbcTemplateConfiguration'
2025-04-16T10:34:27.936+02:00 DEBUG 5488 --- [           main] o.s.b.f.s.DefaultListableBeanFactory     : Creating shared instance of singleton bean 'dataSourceScriptDatabaseInitializer'
2025-04-16T10:34:27.936+02:00 DEBUG 5488 --- [           main] o.s.b.f.s.DefaultListableBeanFactory     : Creating shared instance of singleton bean 'org.springframework.boot.autoconfigure.sql.init.DataSourceInitializationConfiguration'
2025-04-16T10:34:27.937+02:00 DEBUG 5488 --- [           main] o.s.b.f.s.DefaultListableBeanFactory     : Creating shared instance of singleton bean 'spring.sql.init-org.springframework.boot.autoconfigure.sql.init.SqlInitializationProperties'
2025-04-16T10:34:27.939+02:00 DEBUG 5488 --- [           main] o.s.b.f.s.DefaultListableBeanFactory     : Autowiring by type from bean name 'dataSourceScriptDatabaseInitializer' via factory method to bean named 'dataSource'
2025-04-16T10:34:27.939+02:00 DEBUG 5488 --- [           main] o.s.b.f.s.DefaultListableBeanFactory     : Autowiring by type from bean name 'dataSourceScriptDatabaseInitializer' via factory method to bean named 'spring.sql.init-org.springframework.boot.autoconfigure.sql.init.SqlInitializationProperties'
2025-04-16T10:34:27.943+02:00 DEBUG 5488 --- [           main] o.s.b.f.s.DefaultListableBeanFactory     : Creating shared instance of singleton bean 'jdbcTemplate'
2025-04-16T10:34:27.943+02:00 DEBUG 5488 --- [           main] o.s.b.f.s.DefaultListableBeanFactory     : Creating shared instance of singleton bean 'spring.jdbc-org.springframework.boot.autoconfigure.jdbc.JdbcProperties'
2025-04-16T10:34:27.944+02:00 DEBUG 5488 --- [           main] o.s.b.f.s.DefaultListableBeanFactory     : Autowiring by type from bean name 'jdbcTemplate' via factory method to bean named 'dataSource'
2025-04-16T10:34:27.944+02:00 DEBUG 5488 --- [           main] o.s.b.f.s.DefaultListableBeanFactory     : Autowiring by type from bean name 'jdbcTemplate' via factory method to bean named 'spring.jdbc-org.springframework.boot.autoconfigure.jdbc.JdbcProperties'
2025-04-16T10:34:27.955+02:00 DEBUG 5488 --- [           main] o.s.b.f.s.DefaultListableBeanFactory     : Creating shared instance of singleton bean 'org.springframework.boot.autoconfigure.jdbc.NamedParameterJdbcTemplateConfiguration'
2025-04-16T10:34:27.955+02:00 DEBUG 5488 --- [           main] o.s.b.f.s.DefaultListableBeanFactory     : Creating shared instance of singleton bean 'namedParameterJdbcTemplate'
2025-04-16T10:34:27.955+02:00 DEBUG 5488 --- [           main] o.s.b.f.s.DefaultListableBeanFactory     : Autowiring by type from bean name 'namedParameterJdbcTemplate' via factory method to bean named 'jdbcTemplate'
2025-04-16T10:34:27.959+02:00 DEBUG 5488 --- [           main] o.s.b.f.s.DefaultListableBeanFactory     : Creating shared instance of singleton bean 'org.springframework.boot.autoconfigure.jdbc.JdbcTemplateAutoConfiguration'
2025-04-16T10:34:27.959+02:00 DEBUG 5488 --- [           main] o.s.b.f.s.DefaultListableBeanFactory     : Creating shared instance of singleton bean 'org.springframework.boot.autoconfigure.jdbc.JdbcClientAutoConfiguration'
2025-04-16T10:34:27.960+02:00 DEBUG 5488 --- [           main] o.s.b.f.s.DefaultListableBeanFactory     : Creating shared instance of singleton bean 'jdbcClient'
2025-04-16T10:34:27.960+02:00 DEBUG 5488 --- [           main] o.s.b.f.s.DefaultListableBeanFactory     : Autowiring by type from bean name 'jdbcClient' via factory method to bean named 'namedParameterJdbcTemplate'
2025-04-16T10:34:27.961+02:00 DEBUG 5488 --- [           main] o.s.b.f.s.DefaultListableBeanFactory     : Creating shared instance of singleton bean 'org.springframework.boot.autoconfigure.sql.init.SqlInitializationAutoConfiguration'
2025-04-16T10:34:27.961+02:00 DEBUG 5488 --- [           main] o.s.b.f.s.DefaultListableBeanFactory     : Creating shared instance of singleton bean 'org.springframework.boot.autoconfigure.jdbc.DataSourceTransactionManagerAutoConfiguration$JdbcTransactionManagerConfiguration'
2025-04-16T10:34:27.961+02:00 DEBUG 5488 --- [           main] o.s.b.f.s.DefaultListableBeanFactory     : Creating shared instance of singleton bean 'org.springframework.boot.autoconfigure.jdbc.DataSourceTransactionManagerAutoConfiguration'
2025-04-16T10:34:27.962+02:00 DEBUG 5488 --- [           main] o.s.b.f.s.DefaultListableBeanFactory     : Creating shared instance of singleton bean 'org.springframework.boot.autoconfigure.transaction.TransactionAutoConfiguration$EnableTransactionManagementConfiguration$CglibAutoProxyConfiguration'
2025-04-16T10:34:27.962+02:00 DEBUG 5488 --- [           main] o.s.b.f.s.DefaultListableBeanFactory     : Creating shared instance of singleton bean 'org.springframework.boot.autoconfigure.transaction.TransactionAutoConfiguration$EnableTransactionManagementConfiguration'
2025-04-16T10:34:27.962+02:00 DEBUG 5488 --- [           main] o.s.b.f.s.DefaultListableBeanFactory     : Creating shared instance of singleton bean 'org.springframework.boot.autoconfigure.transaction.TransactionAutoConfiguration$TransactionTemplateConfiguration'
2025-04-16T10:34:27.962+02:00 DEBUG 5488 --- [           main] o.s.b.f.s.DefaultListableBeanFactory     : Creating shared instance of singleton bean 'transactionTemplate'
2025-04-16T10:34:27.962+02:00 DEBUG 5488 --- [           main] o.s.b.f.s.DefaultListableBeanFactory     : Autowiring by type from bean name 'transactionTemplate' via factory method to bean named 'transactionManager'
2025-04-16T10:34:27.963+02:00 DEBUG 5488 --- [           main] o.s.b.f.s.DefaultListableBeanFactory     : Creating shared instance of singleton bean 'org.springframework.boot.autoconfigure.transaction.TransactionAutoConfiguration'
2025-04-16T10:34:27.964+02:00 DEBUG 5488 --- [           main] o.s.b.f.s.DefaultListableBeanFactory     : Creating shared instance of singleton bean 'org.springframework.boot.test.autoconfigure.orm.jpa.TestEntityManagerAutoConfiguration'
2025-04-16T10:34:27.964+02:00 DEBUG 5488 --- [           main] o.s.b.f.s.DefaultListableBeanFactory     : Creating shared instance of singleton bean 'testEntityManager'
2025-04-16T10:34:27.964+02:00 DEBUG 5488 --- [           main] o.s.b.f.s.DefaultListableBeanFactory     : Autowiring by type from bean name 'testEntityManager' via factory method to bean named 'entityManagerFactory'
2025-04-16T10:34:27.975+02:00 DEBUG 5488 --- [           main] o.s.c.support.DefaultLifecycleProcessor  : Starting beans in phase -2147483647
2025-04-16T10:34:27.975+02:00 DEBUG 5488 --- [           main] o.s.c.support.DefaultLifecycleProcessor  : Successfully started bean 'springBootLoggingLifecycle'
2025-04-16T10:34:27.979+02:00 DEBUG 5488 --- [           main] .s.b.a.l.ConditionEvaluationReportLogger : 


============================
CONDITIONS EVALUATION REPORT
============================


Positive matches:
-----------------

   DataSourceAutoConfiguration matched:
      - @ConditionalOnClass found required classes 'javax.sql.DataSource', 'org.springframework.jdbc.datasource.embedded.EmbeddedDatabaseType' (OnClassCondition)
      - @ConditionalOnMissingBean (types: io.r2dbc.spi.ConnectionFactory; SearchStrategy: all) did not find any beans (OnBeanCondition)

   DataSourceAutoConfiguration.PooledDataSourceConfiguration matched:
      - AnyNestedCondition 1 matched 1 did not; NestedCondition on DataSourceAutoConfiguration.PooledDataSourceCondition.PooledDataSourceAvailable PooledDataSource found supported DataSource; NestedCondition on DataSourceAutoConfiguration.PooledDataSourceCondition.ExplicitType @ConditionalOnProperty (spring.datasource.type) did not find property 'type' (DataSourceAutoConfiguration.PooledDataSourceCondition)
      - @ConditionalOnMissingBean (types: javax.sql.DataSource,javax.sql.XADataSource; SearchStrategy: all) did not find any beans (OnBeanCondition)

   DataSourceAutoConfiguration.PooledDataSourceConfiguration#jdbcConnectionDetails matched:
      - @ConditionalOnMissingBean (types: org.springframework.boot.autoconfigure.jdbc.JdbcConnectionDetails; SearchStrategy: all) did not find any beans (OnBeanCondition)

   DataSourceConfiguration.Hikari matched:
      - @ConditionalOnClass found required class 'com.zaxxer.hikari.HikariDataSource' (OnClassCondition)
      - @ConditionalOnProperty (spring.datasource.type=com.zaxxer.hikari.HikariDataSource) matched (OnPropertyCondition)
      - @ConditionalOnMissingBean (types: javax.sql.DataSource; SearchStrategy: all) did not find any beans (OnBeanCondition)

   DataSourceInitializationConfiguration matched:
      - @ConditionalOnClass found required class 'org.springframework.jdbc.datasource.init.DatabasePopulator' (OnClassCondition)
      - @ConditionalOnSingleCandidate (types: javax.sql.DataSource; SearchStrategy: all) found a single bean 'dataSource'; @ConditionalOnMissingBean (types: org.springframework.boot.autoconfigure.sql.init.SqlDataSourceScriptDatabaseInitializer,org.springframework.boot.autoconfigure.sql.init.SqlR2dbcScriptDatabaseInitializer; SearchStrategy: all) did not find any beans (OnBeanCondition)

   DataSourcePoolMetadataProvidersConfiguration.HikariPoolDataSourceMetadataProviderConfiguration matched:
      - @ConditionalOnClass found required class 'com.zaxxer.hikari.HikariDataSource' (OnClassCondition)

   DataSourceTransactionManagerAutoConfiguration matched:
      - @ConditionalOnClass found required classes 'org.springframework.jdbc.core.JdbcTemplate', 'org.springframework.transaction.TransactionManager' (OnClassCondition)

   DataSourceTransactionManagerAutoConfiguration.JdbcTransactionManagerConfiguration matched:
      - @ConditionalOnSingleCandidate (types: javax.sql.DataSource; SearchStrategy: all) found a single bean 'dataSource' (OnBeanCondition)

   HibernateJpaAutoConfiguration matched:
      - @ConditionalOnClass found required classes 'org.springframework.orm.jpa.LocalContainerEntityManagerFactoryBean', 'jakarta.persistence.EntityManager', 'org.hibernate.engine.spi.SessionImplementor' (OnClassCondition)

   HibernateJpaConfiguration matched:
      - @ConditionalOnSingleCandidate (types: javax.sql.DataSource; SearchStrategy: all) found a single bean 'dataSource' (OnBeanCondition)

   JdbcClientAutoConfiguration matched:
      - @ConditionalOnSingleCandidate (types: org.springframework.jdbc.core.namedparam.NamedParameterJdbcTemplate; SearchStrategy: all) found a single bean 'namedParameterJdbcTemplate'; @ConditionalOnMissingBean (types: org.springframework.jdbc.core.simple.JdbcClient; SearchStrategy: all) did not find any beans (OnBeanCondition)

   JdbcTemplateAutoConfiguration matched:
      - @ConditionalOnClass found required classes 'javax.sql.DataSource', 'org.springframework.jdbc.core.JdbcTemplate' (OnClassCondition)
      - @ConditionalOnSingleCandidate (types: javax.sql.DataSource; SearchStrategy: all) found a single bean 'dataSource' (OnBeanCondition)

   JdbcTemplateConfiguration matched:
      - @ConditionalOnMissingBean (types: org.springframework.jdbc.core.JdbcOperations; SearchStrategy: all) did not find any beans (OnBeanCondition)

   JpaBaseConfiguration#entityManagerFactory matched:
      - @ConditionalOnMissingBean (types: org.springframework.orm.jpa.LocalContainerEntityManagerFactoryBean,jakarta.persistence.EntityManagerFactory; SearchStrategy: all) did not find any beans (OnBeanCondition)

   JpaBaseConfiguration#entityManagerFactoryBuilder matched:
      - @ConditionalOnMissingBean (types: org.springframework.boot.orm.jpa.EntityManagerFactoryBuilder; SearchStrategy: all) did not find any beans (OnBeanCondition)

   JpaBaseConfiguration#jpaVendorAdapter matched:
      - @ConditionalOnMissingBean (types: org.springframework.orm.jpa.JpaVendorAdapter; SearchStrategy: all) did not find any beans (OnBeanCondition)

   JpaBaseConfiguration#transactionManager matched:
      - @ConditionalOnMissingBean (types: org.springframework.transaction.TransactionManager; SearchStrategy: all) did not find any beans (OnBeanCondition)

   JpaBaseConfiguration.PersistenceManagedTypesConfiguration matched:
      - @ConditionalOnMissingBean (types: org.springframework.orm.jpa.LocalContainerEntityManagerFactoryBean,jakarta.persistence.EntityManagerFactory; SearchStrategy: all) did not find any beans (OnBeanCondition)

   JpaBaseConfiguration.PersistenceManagedTypesConfiguration#persistenceManagedTypes matched:
      - @ConditionalOnMissingBean (types: org.springframework.orm.jpa.persistenceunit.PersistenceManagedTypes; SearchStrategy: all) did not find any beans (OnBeanCondition)

   JpaRepositoriesAutoConfiguration matched:
      - @ConditionalOnClass found required class 'org.springframework.data.jpa.repository.JpaRepository' (OnClassCondition)
      - @ConditionalOnProperty (spring.data.jpa.repositories.enabled=true) matched (OnPropertyCondition)
      - @ConditionalOnBean (types: javax.sql.DataSource; SearchStrategy: all) found bean 'dataSource'; @ConditionalOnMissingBean (types: org.springframework.data.jpa.repository.support.JpaRepositoryFactoryBean,org.springframework.data.jpa.repository.config.JpaRepositoryConfigExtension; SearchStrategy: all) did not find any beans (OnBeanCondition)

   NamedParameterJdbcTemplateConfiguration matched:
      - @ConditionalOnSingleCandidate (types: org.springframework.jdbc.core.JdbcTemplate; SearchStrategy: all) found a single bean 'jdbcTemplate'; @ConditionalOnMissingBean (types: org.springframework.jdbc.core.namedparam.NamedParameterJdbcOperations; SearchStrategy: all) did not find any beans (OnBeanCondition)

   NoOpCacheConfiguration matched:
      - Cache org.springframework.boot.autoconfigure.cache.NoOpCacheConfiguration NONE cache type (CacheCondition)

   SqlInitializationAutoConfiguration matched:
      - @ConditionalOnProperty (spring.sql.init.enabled) matched (OnPropertyCondition)
      - NoneNestedConditions 0 matched 1 did not; NestedCondition on SqlInitializationAutoConfiguration.SqlInitializationModeCondition.ModeIsNever @ConditionalOnProperty (spring.sql.init.mode=never) did not find property 'mode' (SqlInitializationAutoConfiguration.SqlInitializationModeCondition)

   TestDatabaseAutoConfiguration#embeddedDataSourceBeanFactoryPostProcessor matched:
      - @ConditionalOnProperty (spring.test.database.replace=ANY) matched (OnPropertyCondition)

   TestEntityManagerAutoConfiguration matched:
      - @ConditionalOnClass found required class 'jakarta.persistence.EntityManagerFactory' (OnClassCondition)

   TestEntityManagerAutoConfiguration#testEntityManager matched:
      - @ConditionalOnMissingBean (types: org.springframework.boot.test.autoconfigure.orm.jpa.TestEntityManager; SearchStrategy: all) did not find any beans (OnBeanCondition)

   TransactionAutoConfiguration matched:
      - @ConditionalOnClass found required class 'org.springframework.transaction.PlatformTransactionManager' (OnClassCondition)

   TransactionAutoConfiguration.EnableTransactionManagementConfiguration matched:
      - @ConditionalOnBean (types: org.springframework.transaction.TransactionManager; SearchStrategy: all) found bean 'transactionManager'; @ConditionalOnMissingBean (types: org.springframework.transaction.annotation.AbstractTransactionManagementConfiguration; SearchStrategy: all) did not find any beans (OnBeanCondition)

   TransactionAutoConfiguration.EnableTransactionManagementConfiguration.CglibAutoProxyConfiguration matched:
      - @ConditionalOnProperty (spring.aop.proxy-target-class=true) matched (OnPropertyCondition)

   TransactionAutoConfiguration.TransactionTemplateConfiguration matched:
      - @ConditionalOnSingleCandidate (types: org.springframework.transaction.PlatformTransactionManager; SearchStrategy: all) found a single bean 'transactionManager' (OnBeanCondition)

   TransactionAutoConfiguration.TransactionTemplateConfiguration#transactionTemplate matched:
      - @ConditionalOnMissingBean (types: org.springframework.transaction.support.TransactionOperations; SearchStrategy: all) did not find any beans (OnBeanCondition)


Negative matches:
-----------------

   Cache2kCacheConfiguration:
      Did not match:
         - @ConditionalOnClass did not find required class 'org.cache2k.Cache2kBuilder' (OnClassCondition)

   CacheAutoConfiguration:
      Did not match:
         - @ConditionalOnBean (types: org.springframework.cache.interceptor.CacheAspectSupport; SearchStrategy: all) did not find any beans of type org.springframework.cache.interceptor.CacheAspectSupport (OnBeanCondition)
      Matched:
         - @ConditionalOnClass found required class 'org.springframework.cache.CacheManager' (OnClassCondition)

   CacheAutoConfiguration.CacheManagerEntityManagerFactoryDependsOnPostProcessor:
      Did not match:
         - Ancestor org.springframework.boot.autoconfigure.cache.CacheAutoConfiguration did not match (ConditionEvaluationReport.AncestorsMatchedCondition)
      Matched:
         - @ConditionalOnClass found required class 'org.springframework.orm.jpa.LocalContainerEntityManagerFactoryBean' (OnClassCondition)

   CaffeineCacheConfiguration:
      Did not match:
         - @ConditionalOnClass did not find required class 'com.github.benmanes.caffeine.cache.Caffeine' (OnClassCondition)

   CouchbaseCacheConfiguration:
      Did not match:
         - @ConditionalOnClass did not find required class 'com.couchbase.client.java.Cluster' (OnClassCondition)

   DataSourceAutoConfiguration.EmbeddedDatabaseConfiguration:
      Did not match:
         - EmbeddedDataSource spring.datasource.url is set (DataSourceAutoConfiguration.EmbeddedDatabaseCondition)

   DataSourceCheckpointRestoreConfiguration:
      Did not match:
         - @ConditionalOnClass did not find required class 'org.crac.Resource' (OnClassCondition)

   DataSourceConfiguration.Dbcp2:
      Did not match:
         - @ConditionalOnClass did not find required class 'org.apache.commons.dbcp2.BasicDataSource' (OnClassCondition)

   DataSourceConfiguration.Generic:
      Did not match:
         - @ConditionalOnProperty (spring.datasource.type) did not find property 'spring.datasource.type' (OnPropertyCondition)

   DataSourceConfiguration.OracleUcp:
      Did not match:
         - @ConditionalOnClass did not find required classes 'oracle.ucp.jdbc.PoolDataSourceImpl', 'oracle.jdbc.OracleConnection' (OnClassCondition)

   DataSourceConfiguration.Tomcat:
      Did not match:
         - @ConditionalOnClass did not find required class 'org.apache.tomcat.jdbc.pool.DataSource' (OnClassCondition)

   DataSourceJmxConfiguration:
      Did not match:
         - @ConditionalOnProperty (spring.jmx.enabled=true) found different value in property 'enabled' (OnPropertyCondition)

   DataSourcePoolMetadataProvidersConfiguration.CommonsDbcp2PoolDataSourceMetadataProviderConfiguration:
      Did not match:
         - @ConditionalOnClass did not find required class 'org.apache.commons.dbcp2.BasicDataSource' (OnClassCondition)

   DataSourcePoolMetadataProvidersConfiguration.OracleUcpPoolDataSourceMetadataProviderConfiguration:
      Did not match:
         - @ConditionalOnClass did not find required classes 'oracle.ucp.jdbc.PoolDataSource', 'oracle.jdbc.OracleConnection' (OnClassCondition)

   DataSourcePoolMetadataProvidersConfiguration.TomcatDataSourcePoolMetadataProviderConfiguration:
      Did not match:
         - @ConditionalOnClass did not find required class 'org.apache.tomcat.jdbc.pool.DataSource' (OnClassCondition)

   DataSourceTransactionManagerAutoConfiguration.JdbcTransactionManagerConfiguration#transactionManager:
      Did not match:
         - @ConditionalOnMissingBean (types: org.springframework.transaction.TransactionManager; SearchStrategy: all) found beans of type 'org.springframework.transaction.TransactionManager' transactionManager (OnBeanCondition)

   FlywayAutoConfiguration:
      Did not match:
         - @ConditionalOnClass did not find required class 'org.flywaydb.core.Flyway' (OnClassCondition)

   GenericCacheConfiguration:
      Did not match:
         - Cache org.springframework.boot.autoconfigure.cache.GenericCacheConfiguration unknown cache type (CacheCondition)

   HazelcastCacheConfiguration:
      Did not match:
         - @ConditionalOnClass did not find required class 'com.hazelcast.core.HazelcastInstance' (OnClassCondition)

   InfinispanCacheConfiguration:
      Did not match:
         - @ConditionalOnClass did not find required class 'org.infinispan.spring.embedded.provider.SpringEmbeddedCacheManager' (OnClassCondition)

   JCacheCacheConfiguration:
      Did not match:
         - @ConditionalOnClass did not find required class 'javax.cache.Caching' (OnClassCondition)

   JpaBaseConfiguration.JpaWebConfiguration:
      Did not match:
         - not a servlet web application (OnWebApplicationCondition)
      Matched:
         - @ConditionalOnClass found required class 'org.springframework.web.servlet.config.annotation.WebMvcConfigurer' (OnClassCondition)

   JpaRepositoriesAutoConfiguration#entityManagerFactoryBootstrapExecutorCustomizer:
      Did not match:
         - AnyNestedCondition 0 matched 2 did not; NestedCondition on JpaRepositoriesAutoConfiguration.BootstrapExecutorCondition.LazyBootstrapMode @ConditionalOnProperty (spring.data.jpa.repositories.bootstrap-mode=lazy) found different value in property 'bootstrap-mode'; NestedCondition on JpaRepositoriesAutoConfiguration.BootstrapExecutorCondition.DeferredBootstrapMode @ConditionalOnProperty (spring.data.jpa.repositories.bootstrap-mode=deferred) found different value in property 'bootstrap-mode' (JpaRepositoriesAutoConfiguration.BootstrapExecutorCondition)

   LiquibaseAutoConfiguration:
      Did not match:
         - @ConditionalOnClass did not find required class 'liquibase.change.DatabaseChange' (OnClassCondition)

   R2dbcInitializationConfiguration:
      Did not match:
         - @ConditionalOnClass did not find required classes 'io.r2dbc.spi.ConnectionFactory', 'org.springframework.r2dbc.connection.init.DatabasePopulator' (OnClassCondition)

   RedisCacheConfiguration:
      Did not match:
         - @ConditionalOnClass did not find required class 'org.springframework.data.redis.connection.RedisConnectionFactory' (OnClassCondition)

   SimpleCacheConfiguration:
      Did not match:
         - Cache org.springframework.boot.autoconfigure.cache.SimpleCacheConfiguration unknown cache type (CacheCondition)

   TestDatabaseAutoConfiguration#dataSource:
      Did not match:
         - @ConditionalOnProperty (spring.test.database.replace=AUTO_CONFIGURED) did not find property 'replace' (OnPropertyCondition)

   TransactionAutoConfiguration#transactionalOperator:
      Did not match:
         - @ConditionalOnSingleCandidate (types: org.springframework.transaction.ReactiveTransactionManager; SearchStrategy: all) did not find any beans (OnBeanCondition)

   TransactionAutoConfiguration.AspectJTransactionManagementConfiguration:
      Did not match:
         - @ConditionalOnBean (types: org.springframework.transaction.aspectj.AbstractTransactionAspect; SearchStrategy: all) did not find any beans of type org.springframework.transaction.aspectj.AbstractTransactionAspect (OnBeanCondition)

   TransactionAutoConfiguration.EnableTransactionManagementConfiguration.JdkDynamicAutoProxyConfiguration:
      Did not match:
         - @ConditionalOnProperty (spring.aop.proxy-target-class=false) did not find property 'proxy-target-class' (OnPropertyCondition)


Exclusions:
-----------

    org.springframework.boot.autoconfigure.web.servlet.WebMvcAutoConfiguration


Unconditional classes:
----------------------

    org.springframework.boot.test.autoconfigure.jdbc.TestDatabaseAutoConfiguration



2025-04-16T10:34:27.980+02:00  INFO 5488 --- [           main] com.lexicon.springws.dao.AuthorDaoTest   : Started AuthorDaoTest in 3.405 seconds (process running for 4.361)
2025-04-16T10:34:27.987+02:00 DEBUG 5488 --- [           main] o.s.orm.jpa.JpaTransactionManager        : Creating new transaction with name [org.springframework.data.jpa.repository.support.SimpleJpaRepository.save]: PROPAGATION_REQUIRED,ISOLATION_DEFAULT
2025-04-16T10:34:27.987+02:00 DEBUG 5488 --- [           main] o.s.orm.jpa.JpaTransactionManager        : Opened new EntityManager [SessionImpl(466959452<open>)] for JPA transaction
2025-04-16T10:34:27.989+02:00 DEBUG 5488 --- [           main] o.h.e.t.internal.TransactionImpl         : On TransactionImpl creation, JpaCompliance#isJpaTransactionComplianceEnabled == false
2025-04-16T10:34:27.989+02:00 DEBUG 5488 --- [           main] o.h.e.t.internal.TransactionImpl         : begin
2025-04-16T10:34:27.989+02:00 DEBUG 5488 --- [           main] o.s.j.datasource.SimpleDriverDataSource  : Creating new JDBC Driver Connection to [jdbc:h2:mem:bb609ebb-9100-4165-aea1-c38e5465d10e;DB_CLOSE_DELAY=-1;DB_CLOSE_ON_EXIT=false]
2025-04-16T10:34:27.990+02:00 DEBUG 5488 --- [           main] o.s.orm.jpa.JpaTransactionManager        : Exposing JPA transaction as JDBC [org.springframework.orm.jpa.vendor.HibernateJpaDialect$HibernateConnectionHandle@32f2de5c]
2025-04-16T10:34:27.994+02:00 DEBUG 5488 --- [           main] o.h.j.internal.PersistenceUnitUtilImpl   : jakarta.persistence.PersistenceUnitUtil.getIdentifier is only intended to work with enhanced entities (although Hibernate also adapts this support to its proxies); however the passed entity was not enhanced (nor a proxy).. may not be able to read identifier
2025-04-16T10:34:28.008+02:00 DEBUG 5488 --- [           main] org.hibernate.engine.spi.ActionQueue     : Executing identity-insert immediately
2025-04-16T10:34:28.016+02:00 DEBUG 5488 --- [           main] org.hibernate.SQL                        : 
    insert 
    into
        author
        (email, name, author_id) 
    values
        (?, ?, default)
Hibernate: 
    insert 
    into
        author
        (email, name, author_id) 
    values
        (?, ?, default)
2025-04-16T10:34:28.030+02:00 DEBUG 5488 --- [           main] o.h.id.IdentifierGeneratorHelper         : Natively generated identity (com.lexicon.springws.entity.Author) : 1
2025-04-16T10:34:28.042+02:00 DEBUG 5488 --- [           main] o.s.orm.jpa.JpaTransactionManager        : Initiating transaction commit
2025-04-16T10:34:28.042+02:00 DEBUG 5488 --- [           main] o.s.orm.jpa.JpaTransactionManager        : Committing JPA transaction on EntityManager [SessionImpl(466959452<open>)]
2025-04-16T10:34:28.043+02:00 DEBUG 5488 --- [           main] o.h.e.t.internal.TransactionImpl         : committing
2025-04-16T10:34:28.043+02:00 DEBUG 5488 --- [           main] o.h.e.i.AbstractFlushingEventListener    : Processing flush-time cascades
2025-04-16T10:34:28.044+02:00 DEBUG 5488 --- [           main] o.h.e.i.AbstractFlushingEventListener    : Dirty checking collections
2025-04-16T10:34:28.047+02:00 DEBUG 5488 --- [           main] o.hibernate.engine.internal.Collections  : Collection found: [com.lexicon.springws.entity.Author.books#1], was: [<unreferenced>] (initialized)
2025-04-16T10:34:28.051+02:00 DEBUG 5488 --- [           main] o.h.e.i.AbstractFlushingEventListener    : Flushed: 0 insertions, 0 updates, 0 deletions to 1 objects
2025-04-16T10:34:28.051+02:00 DEBUG 5488 --- [           main] o.h.e.i.AbstractFlushingEventListener    : Flushed: 1 (re)creations, 0 updates, 0 removals to 1 collections
2025-04-16T10:34:28.052+02:00 DEBUG 5488 --- [           main] o.hibernate.internal.util.EntityPrinter  : Listing entities:
2025-04-16T10:34:28.052+02:00 DEBUG 5488 --- [           main] o.hibernate.internal.util.EntityPrinter  : com.lexicon.springws.entity.Author{books=[], name=Test Author, authorId=1, email=test@example.com}
2025-04-16T10:34:28.057+02:00 DEBUG 5488 --- [           main] o.s.orm.jpa.JpaTransactionManager        : Closing JPA EntityManager [SessionImpl(466959452<open>)] after transaction
Saved author: Test Author
2025-04-16T10:34:28.057+02:00 DEBUG 5488 --- [           main] o.s.orm.jpa.JpaTransactionManager        : Creating new transaction with name [org.springframework.data.jpa.repository.support.SimpleJpaRepository.save]: PROPAGATION_REQUIRED,ISOLATION_DEFAULT
2025-04-16T10:34:28.057+02:00 DEBUG 5488 --- [           main] o.s.orm.jpa.JpaTransactionManager        : Opened new EntityManager [SessionImpl(2081344959<open>)] for JPA transaction
2025-04-16T10:34:28.057+02:00 DEBUG 5488 --- [           main] o.h.e.t.internal.TransactionImpl         : On TransactionImpl creation, JpaCompliance#isJpaTransactionComplianceEnabled == false
2025-04-16T10:34:28.057+02:00 DEBUG 5488 --- [           main] o.h.e.t.internal.TransactionImpl         : begin
2025-04-16T10:34:28.057+02:00 DEBUG 5488 --- [           main] o.s.j.datasource.SimpleDriverDataSource  : Creating new JDBC Driver Connection to [jdbc:h2:mem:bb609ebb-9100-4165-aea1-c38e5465d10e;DB_CLOSE_DELAY=-1;DB_CLOSE_ON_EXIT=false]
2025-04-16T10:34:28.059+02:00 DEBUG 5488 --- [           main] o.s.orm.jpa.JpaTransactionManager        : Exposing JPA transaction as JDBC [org.springframework.orm.jpa.vendor.HibernateJpaDialect$HibernateConnectionHandle@2226fd2b]
2025-04-16T10:34:28.059+02:00 DEBUG 5488 --- [           main] o.h.j.internal.PersistenceUnitUtilImpl   : jakarta.persistence.PersistenceUnitUtil.getIdentifier is only intended to work with enhanced entities (although Hibernate also adapts this support to its proxies); however the passed entity was not enhanced (nor a proxy).. may not be able to read identifier
2025-04-16T10:34:28.061+02:00 DEBUG 5488 --- [           main] org.hibernate.engine.spi.ActionQueue     : Executing identity-insert immediately
2025-04-16T10:34:28.061+02:00 DEBUG 5488 --- [           main] org.hibernate.SQL                        : 
    insert 
    into
        books
        (author_id, available, isbn, max_loan_days, title, id) 
    values
        (?, ?, ?, ?, ?, default)
Hibernate: 
    insert 
    into
        books
        (author_id, available, isbn, max_loan_days, title, id) 
    values
        (?, ?, ?, ?, ?, default)
2025-04-16T10:34:28.062+02:00 DEBUG 5488 --- [           main] o.h.id.IdentifierGeneratorHelper         : Natively generated identity (com.lexicon.springws.entity.Book) : 1
2025-04-16T10:34:28.063+02:00 DEBUG 5488 --- [           main] o.s.orm.jpa.JpaTransactionManager        : Initiating transaction commit
2025-04-16T10:34:28.063+02:00 DEBUG 5488 --- [           main] o.s.orm.jpa.JpaTransactionManager        : Committing JPA transaction on EntityManager [SessionImpl(2081344959<open>)]
2025-04-16T10:34:28.063+02:00 DEBUG 5488 --- [           main] o.h.e.t.internal.TransactionImpl         : committing
2025-04-16T10:34:28.063+02:00 DEBUG 5488 --- [           main] o.h.e.i.AbstractFlushingEventListener    : Processing flush-time cascades
2025-04-16T10:34:28.063+02:00 DEBUG 5488 --- [           main] o.h.e.i.AbstractFlushingEventListener    : Dirty checking collections
2025-04-16T10:34:28.063+02:00 DEBUG 5488 --- [           main] o.hibernate.engine.internal.Collections  : Collection found: [com.lexicon.springws.entity.Book.bookLoans#1], was: [<unreferenced>] (initialized)
2025-04-16T10:34:28.063+02:00 DEBUG 5488 --- [           main] o.h.e.i.AbstractFlushingEventListener    : Flushed: 0 insertions, 0 updates, 0 deletions to 1 objects
2025-04-16T10:34:28.063+02:00 DEBUG 5488 --- [           main] o.h.e.i.AbstractFlushingEventListener    : Flushed: 1 (re)creations, 0 updates, 0 removals to 1 collections
2025-04-16T10:34:28.063+02:00 DEBUG 5488 --- [           main] o.hibernate.internal.util.EntityPrinter  : Listing entities:
2025-04-16T10:34:28.063+02:00 DEBUG 5488 --- [           main] o.hibernate.internal.util.EntityPrinter  : com.lexicon.springws.entity.Book{maxLoanDays=14, author=com.lexicon.springws.entity.Author#1, isbn=1234567890, available=true, bookLoans=[], id=1, title=Test Book}
2025-04-16T10:34:28.064+02:00 DEBUG 5488 --- [           main] o.s.orm.jpa.JpaTransactionManager        : Closing JPA EntityManager [SessionImpl(2081344959<open>)] after transaction
Saved book: Test Book
2025-04-16T10:34:28.064+02:00 DEBUG 5488 --- [           main] o.s.orm.jpa.JpaTransactionManager        : Creating new transaction with name [org.springframework.data.jpa.repository.support.SimpleJpaRepository.save]: PROPAGATION_REQUIRED,ISOLATION_DEFAULT
2025-04-16T10:34:28.065+02:00 DEBUG 5488 --- [           main] o.s.orm.jpa.JpaTransactionManager        : Opened new EntityManager [SessionImpl(1826737155<open>)] for JPA transaction
2025-04-16T10:34:28.065+02:00 DEBUG 5488 --- [           main] o.h.e.t.internal.TransactionImpl         : On TransactionImpl creation, JpaCompliance#isJpaTransactionComplianceEnabled == false
2025-04-16T10:34:28.065+02:00 DEBUG 5488 --- [           main] o.h.e.t.internal.TransactionImpl         : begin
2025-04-16T10:34:28.065+02:00 DEBUG 5488 --- [           main] o.s.j.datasource.SimpleDriverDataSource  : Creating new JDBC Driver Connection to [jdbc:h2:mem:bb609ebb-9100-4165-aea1-c38e5465d10e;DB_CLOSE_DELAY=-1;DB_CLOSE_ON_EXIT=false]
2025-04-16T10:34:28.065+02:00 DEBUG 5488 --- [           main] o.s.orm.jpa.JpaTransactionManager        : Exposing JPA transaction as JDBC [org.springframework.orm.jpa.vendor.HibernateJpaDialect$HibernateConnectionHandle@186537ac]
2025-04-16T10:34:28.065+02:00 DEBUG 5488 --- [           main] o.h.j.internal.PersistenceUnitUtilImpl   : jakarta.persistence.PersistenceUnitUtil.getIdentifier is only intended to work with enhanced entities (although Hibernate also adapts this support to its proxies); however the passed entity was not enhanced (nor a proxy).. may not be able to read identifier
2025-04-16T10:34:28.066+02:00 DEBUG 5488 --- [           main] org.hibernate.engine.spi.ActionQueue     : Executing identity-insert immediately
2025-04-16T10:34:28.066+02:00 DEBUG 5488 --- [           main] org.hibernate.SQL                        : 
    insert 
    into
        app_users
        (password, username, id) 
    values
        (?, ?, default)
Hibernate: 
    insert 
    into
        app_users
        (password, username, id) 
    values
        (?, ?, default)
2025-04-16T10:34:28.067+02:00 DEBUG 5488 --- [           main] o.h.id.IdentifierGeneratorHelper         : Natively generated identity (com.lexicon.springws.entity.AppUser) : 1
2025-04-16T10:34:28.067+02:00 DEBUG 5488 --- [           main] o.s.orm.jpa.JpaTransactionManager        : Initiating transaction commit
2025-04-16T10:34:28.067+02:00 DEBUG 5488 --- [           main] o.s.orm.jpa.JpaTransactionManager        : Committing JPA transaction on EntityManager [SessionImpl(1826737155<open>)]
2025-04-16T10:34:28.067+02:00 DEBUG 5488 --- [           main] o.h.e.t.internal.TransactionImpl         : committing
2025-04-16T10:34:28.067+02:00 DEBUG 5488 --- [           main] o.h.e.i.AbstractFlushingEventListener    : Processing flush-time cascades
2025-04-16T10:34:28.067+02:00 DEBUG 5488 --- [           main] o.h.e.i.AbstractFlushingEventListener    : Dirty checking collections
2025-04-16T10:34:28.067+02:00 DEBUG 5488 --- [           main] o.h.e.i.AbstractFlushingEventListener    : Flushed: 0 insertions, 0 updates, 0 deletions to 1 objects
2025-04-16T10:34:28.067+02:00 DEBUG 5488 --- [           main] o.h.e.i.AbstractFlushingEventListener    : Flushed: 0 (re)creations, 0 updates, 0 removals to 0 collections
2025-04-16T10:34:28.067+02:00 DEBUG 5488 --- [           main] o.hibernate.internal.util.EntityPrinter  : Listing entities:
2025-04-16T10:34:28.067+02:00 DEBUG 5488 --- [           main] o.hibernate.internal.util.EntityPrinter  : com.lexicon.springws.entity.AppUser{password=password, id=1, username=testuser}
2025-04-16T10:34:28.069+02:00 DEBUG 5488 --- [           main] o.s.orm.jpa.JpaTransactionManager        : Closing JPA EntityManager [SessionImpl(1826737155<open>)] after transaction
Saved user: testuser
2025-04-16T10:34:28.069+02:00 DEBUG 5488 --- [           main] o.s.orm.jpa.JpaTransactionManager        : Creating new transaction with name [org.springframework.data.jpa.repository.support.SimpleJpaRepository.save]: PROPAGATION_REQUIRED,ISOLATION_DEFAULT
2025-04-16T10:34:28.069+02:00 DEBUG 5488 --- [           main] o.s.orm.jpa.JpaTransactionManager        : Opened new EntityManager [SessionImpl(1816294278<open>)] for JPA transaction
2025-04-16T10:34:28.069+02:00 DEBUG 5488 --- [           main] o.h.e.t.internal.TransactionImpl         : On TransactionImpl creation, JpaCompliance#isJpaTransactionComplianceEnabled == false
2025-04-16T10:34:28.069+02:00 DEBUG 5488 --- [           main] o.h.e.t.internal.TransactionImpl         : begin
2025-04-16T10:34:28.069+02:00 DEBUG 5488 --- [           main] o.s.j.datasource.SimpleDriverDataSource  : Creating new JDBC Driver Connection to [jdbc:h2:mem:bb609ebb-9100-4165-aea1-c38e5465d10e;DB_CLOSE_DELAY=-1;DB_CLOSE_ON_EXIT=false]
2025-04-16T10:34:28.069+02:00 DEBUG 5488 --- [           main] o.s.orm.jpa.JpaTransactionManager        : Exposing JPA transaction as JDBC [org.springframework.orm.jpa.vendor.HibernateJpaDialect$HibernateConnectionHandle@14b0b7f9]
2025-04-16T10:34:28.070+02:00 DEBUG 5488 --- [           main] o.h.j.internal.PersistenceUnitUtilImpl   : jakarta.persistence.PersistenceUnitUtil.getIdentifier is only intended to work with enhanced entities (although Hibernate also adapts this support to its proxies); however the passed entity was not enhanced (nor a proxy).. may not be able to read identifier
2025-04-16T10:34:28.070+02:00 DEBUG 5488 --- [           main] org.hibernate.engine.spi.ActionQueue     : Executing identity-insert immediately
2025-04-16T10:34:28.070+02:00 DEBUG 5488 --- [           main] org.hibernate.SQL                        : 
    insert 
    into
        book_loans
        (book_id, borrower_id, due_date, loan_date, return_date, id) 
    values
        (?, ?, ?, ?, ?, default)
Hibernate: 
    insert 
    into
        book_loans
        (book_id, borrower_id, due_date, loan_date, return_date, id) 
    values
        (?, ?, ?, ?, ?, default)
2025-04-16T10:34:28.072+02:00 DEBUG 5488 --- [           main] o.h.id.IdentifierGeneratorHelper         : Natively generated identity (com.lexicon.springws.entity.BookLoan) : 1
2025-04-16T10:34:28.072+02:00 DEBUG 5488 --- [           main] o.s.orm.jpa.JpaTransactionManager        : Initiating transaction commit
2025-04-16T10:34:28.073+02:00 DEBUG 5488 --- [           main] o.s.orm.jpa.JpaTransactionManager        : Committing JPA transaction on EntityManager [SessionImpl(1816294278<open>)]
2025-04-16T10:34:28.073+02:00 DEBUG 5488 --- [           main] o.h.e.t.internal.TransactionImpl         : committing
2025-04-16T10:34:28.073+02:00 DEBUG 5488 --- [           main] o.h.e.i.AbstractFlushingEventListener    : Processing flush-time cascades
2025-04-16T10:34:28.073+02:00 DEBUG 5488 --- [           main] o.h.e.i.AbstractFlushingEventListener    : Dirty checking collections
2025-04-16T10:34:28.073+02:00 DEBUG 5488 --- [           main] o.h.e.i.AbstractFlushingEventListener    : Flushed: 0 insertions, 0 updates, 0 deletions to 1 objects
2025-04-16T10:34:28.073+02:00 DEBUG 5488 --- [           main] o.h.e.i.AbstractFlushingEventListener    : Flushed: 0 (re)creations, 0 updates, 0 removals to 0 collections
2025-04-16T10:34:28.073+02:00 DEBUG 5488 --- [           main] o.hibernate.internal.util.EntityPrinter  : Listing entities:
2025-04-16T10:34:28.073+02:00 DEBUG 5488 --- [           main] o.hibernate.internal.util.EntityPrinter  : com.lexicon.springws.entity.BookLoan{returnDate=null, book=com.lexicon.springws.entity.Book#1, dueDate=2025-04-30, borrower=com.lexicon.springws.entity.AppUser#1, loanDate=2025-04-16, id=1}
2025-04-16T10:34:28.073+02:00 DEBUG 5488 --- [           main] o.s.orm.jpa.JpaTransactionManager        : Closing JPA EntityManager [SessionImpl(1816294278<open>)] after transaction
Saved book loan for book: Test Book

Books by author:
2025-04-16T10:34:28.075+02:00 DEBUG 5488 --- [           main] tor$SharedEntityManagerInvocationHandler : Creating new EntityManager for shared EntityManager invocation
2025-04-16T10:34:28.134+02:00 DEBUG 5488 --- [           main] org.hibernate.orm.sql.ast.create         : Created new SQL alias : b1_0
2025-04-16T10:34:28.134+02:00 DEBUG 5488 --- [           main] org.hibernate.orm.sql.ast.create         : Registration of TableGroup [StandardTableGroup(com.lexicon.springws.entity.Book(83589458543400))] with identifierForTableGroup [com.lexicon.springws.entity.Book] for NavigablePath [com.lexicon.springws.entity.Book] 
2025-04-16T10:34:28.141+02:00 DEBUG 5488 --- [           main] org.hibernate.orm.sql.ast.create         : Registration of TableGroup [org.hibernate.sql.ast.tree.from.LazyTableGroup@62818ab0] with identifierForTableGroup [com.lexicon.springws.entity.Book.author] for NavigablePath [com.lexicon.springws.entity.Book.author] 
2025-04-16T10:34:28.142+02:00 DEBUG 5488 --- [           main] o.h.q.sqm.sql.BaseSqmToSqlAstConverter   : Determining mapping-model type for SqmParameter : org.hibernate.query.sqm.tree.expression.JpaCriteriaParameter@71eead09
2025-04-16T10:34:28.143+02:00 DEBUG 5488 --- [           main] o.h.q.sqm.sql.BaseSqmToSqlAstConverter   : Determining mapping-model type for SqmParameter : org.hibernate.query.sqm.tree.expression.SqmJpaCriteriaParameterWrapper@1267adbe
2025-04-16T10:34:28.143+02:00 DEBUG 5488 --- [           main] o.h.q.sqm.sql.BaseSqmToSqlAstConverter   : Determining mapping-model type for SqmPath : SqmEntityValuedSimplePath(com.lexicon.springws.entity.Book(83589458543400).author) 
2025-04-16T10:34:28.151+02:00 DEBUG 5488 --- [           main] org.hibernate.orm.results.graph.AST      : DomainResult Graph:
 \-EntityResultImpl [com.lexicon.springws.entity.Book(83589458543400)]
 |  +-CircularFetchImpl [com.lexicon.springws.entity.Book(83589458543400).author]
 |  +-BasicFetch [com.lexicon.springws.entity.Book(83589458543400).available]
 |  +-DelayedCollectionFetch [com.lexicon.springws.entity.Book(83589458543400).bookLoans]
 |  +-BasicFetch [com.lexicon.springws.entity.Book(83589458543400).isbn]
 |  +-BasicFetch [com.lexicon.springws.entity.Book(83589458543400).maxLoanDays]
 |  \-BasicFetch [com.lexicon.springws.entity.Book(83589458543400).title]

2025-04-16T10:34:28.151+02:00 DEBUG 5488 --- [           main] org.hibernate.orm.sql.ast.tree           : SQL AST Tree:
    SelectStatement {
      FromClause {
        StandardTableGroup (b1 : com.lexicon.springws.entity.Book(83589458543400)) {
          primaryTableReference : books as b1_0
          TableGroupJoins {
            left  join LazyTableGroup (a1 : com.lexicon.springws.entity.Book(83589458543400).author) {
            }
          }
        }
      }
    }

2025-04-16T10:34:28.159+02:00 DEBUG 5488 --- [           main] org.hibernate.orm.sql.exec               : Skipping reading Query result cache data: cache-enabled = false, cache-mode = NORMAL
2025-04-16T10:34:28.170+02:00 DEBUG 5488 --- [           main] org.hibernate.orm.results                : Initializer list:
	  com.lexicon.springws.entity.Book(83589458543400) -> EntityResultInitializer(com.lexicon.springws.entity.Book(83589458543400))@1492905182 (SingleTableEntityPersister(com.lexicon.springws.entity.Book))
	  com.lexicon.springws.entity.Book(83589458543400).author -> EntityDelayedFetchInitializer(com.lexicon.springws.entity.Book(83589458543400).author)@697701797 (ToOneAttributeMapping(NavigableRole[com.lexicon.springws.entity.Book.author])@1433988478)
	  com.lexicon.springws.entity.Book(83589458543400).bookLoans -> DelayedCollectionInitializer(com.lexicon.springws.entity.Book(83589458543400).bookLoans)@1574257199 (PluralAttribute(com.lexicon.springws.entity.Book.bookLoans))

2025-04-16T10:34:28.174+02:00 DEBUG 5488 --- [           main] org.hibernate.SQL                        : 
    select
        b1_0.id,
        b1_0.author_id,
        b1_0.available,
        b1_0.isbn,
        b1_0.max_loan_days,
        b1_0.title 
    from
        books b1_0 
    where
        b1_0.author_id=?
Hibernate: 
    select
        b1_0.id,
        b1_0.author_id,
        b1_0.available,
        b1_0.isbn,
        b1_0.max_loan_days,
        b1_0.title 
    from
        books b1_0 
    where
        b1_0.author_id=?
2025-04-16T10:34:28.175+02:00 DEBUG 5488 --- [           main] o.s.j.datasource.SimpleDriverDataSource  : Creating new JDBC Driver Connection to [jdbc:h2:mem:bb609ebb-9100-4165-aea1-c38e5465d10e;DB_CLOSE_DELAY=-1;DB_CLOSE_ON_EXIT=false]
2025-04-16T10:34:28.178+02:00 DEBUG 5488 --- [           main] org.hibernate.orm.results                : Extracted JDBC value [0] - [1]
2025-04-16T10:34:28.178+02:00 DEBUG 5488 --- [           main] o.hibernate.orm.results.loading.entity   : (EntityResultInitializer) Hydrated EntityKey (com.lexicon.springws.entity.Book(83589458543400)): 1
2025-04-16T10:34:28.178+02:00 DEBUG 5488 --- [           main] org.hibernate.orm.results                : Extracted JDBC value [0] - [1]
2025-04-16T10:34:28.178+02:00 DEBUG 5488 --- [           main] o.h.o.r.l.o.h.o.r.loading.collection     : (DelayedCollectionInitializer) Current row collection key : com.lexicon.springws.entity.Book(83589458543400).bookLoans#1
2025-04-16T10:34:28.179+02:00 DEBUG 5488 --- [           main] o.hibernate.orm.results.loading.entity   : (EntityResultInitializer) Created new entity instance [com.lexicon.springws.entity.Book(83589458543400)#1] : 994782211
2025-04-16T10:34:28.179+02:00 DEBUG 5488 --- [           main] org.hibernate.orm.results                : Extracted JDBC value [1] - [1]
2025-04-16T10:34:28.184+02:00 DEBUG 5488 --- [           main] org.hibernate.orm.results                : Extracted JDBC value [2] - [true]
2025-04-16T10:34:28.184+02:00 DEBUG 5488 --- [           main] org.hibernate.orm.results                : Extracted JDBC value [3] - [1234567890]
2025-04-16T10:34:28.184+02:00 DEBUG 5488 --- [           main] org.hibernate.orm.results                : Extracted JDBC value [4] - [14]
2025-04-16T10:34:28.184+02:00 DEBUG 5488 --- [           main] org.hibernate.orm.results                : Extracted JDBC value [5] - [Test Book]
2025-04-16T10:34:28.185+02:00 DEBUG 5488 --- [           main] o.hibernate.orm.results.loading.entity   : (EntityResultInitializer) Done materializing entityInstance : com.lexicon.springws.entity.Book(83589458543400)#1
2025-04-16T10:34:28.185+02:00 DEBUG 5488 --- [           main] org.hibernate.orm.results.loading        : Calling top-level assembler (0 / 1) : org.hibernate.sql.results.graph.entity.internal.EntityAssembler@4fbdee7a
- Test Book

Active loans:
2025-04-16T10:34:28.187+02:00 DEBUG 5488 --- [           main] tor$SharedEntityManagerInvocationHandler : Creating new EntityManager for shared EntityManager invocation
2025-04-16T10:34:28.189+02:00 DEBUG 5488 --- [           main] org.hibernate.orm.sql.ast.create         : Created new SQL alias : bl1_0
2025-04-16T10:34:28.189+02:00 DEBUG 5488 --- [           main] org.hibernate.orm.sql.ast.create         : Registration of TableGroup [StandardTableGroup(com.lexicon.springws.entity.BookLoan(83589852571800))] with identifierForTableGroup [com.lexicon.springws.entity.BookLoan] for NavigablePath [com.lexicon.springws.entity.BookLoan] 
2025-04-16T10:34:28.189+02:00 DEBUG 5488 --- [           main] org.hibernate.orm.sql.ast.create         : Registration of TableGroup [org.hibernate.sql.ast.tree.from.LazyTableGroup@376c5950] with identifierForTableGroup [com.lexicon.springws.entity.BookLoan.book] for NavigablePath [com.lexicon.springws.entity.BookLoan.book] 
2025-04-16T10:34:28.189+02:00 DEBUG 5488 --- [           main] org.hibernate.orm.sql.ast.create         : Registration of TableGroup [org.hibernate.sql.ast.tree.from.LazyTableGroup@11ec699] with identifierForTableGroup [com.lexicon.springws.entity.BookLoan.borrower] for NavigablePath [com.lexicon.springws.entity.BookLoan.borrower] 
2025-04-16T10:34:28.192+02:00 DEBUG 5488 --- [           main] org.hibernate.orm.results.graph.AST      : DomainResult Graph:
 \-EntityResultImpl [com.lexicon.springws.entity.BookLoan(83589852571800)]
 |  +-CircularFetchImpl [com.lexicon.springws.entity.BookLoan(83589852571800).book]
 |  +-EntityFetchSelectImpl [com.lexicon.springws.entity.BookLoan(83589852571800).borrower]
 |  +-BasicFetch [com.lexicon.springws.entity.BookLoan(83589852571800).dueDate]
 |  +-BasicFetch [com.lexicon.springws.entity.BookLoan(83589852571800).loanDate]
 |  \-BasicFetch [com.lexicon.springws.entity.BookLoan(83589852571800).returnDate]

2025-04-16T10:34:28.192+02:00 DEBUG 5488 --- [           main] org.hibernate.orm.sql.ast.tree           : SQL AST Tree:
    SelectStatement {
      FromClause {
        StandardTableGroup (bl1 : com.lexicon.springws.entity.BookLoan(83589852571800)) {
          primaryTableReference : book_loans as bl1_0
          TableGroupJoins {
            left  join LazyTableGroup (b1 : com.lexicon.springws.entity.BookLoan(83589852571800).book) {
            }
            left  join LazyTableGroup (b2 : com.lexicon.springws.entity.BookLoan(83589852571800).borrower) {
            }
          }
        }
      }
    }

2025-04-16T10:34:28.192+02:00 DEBUG 5488 --- [           main] org.hibernate.orm.sql.exec               : Skipping reading Query result cache data: cache-enabled = false, cache-mode = NORMAL
2025-04-16T10:34:28.195+02:00 DEBUG 5488 --- [           main] org.hibernate.orm.results                : Initializer list:
	  com.lexicon.springws.entity.BookLoan(83589852571800).borrower -> EntitySelectFetchInitializer(com.lexicon.springws.entity.BookLoan(83589852571800).borrower)@279680875 (ToOneAttributeMapping(NavigableRole[com.lexicon.springws.entity.BookLoan.borrower])@6137753)
	  com.lexicon.springws.entity.BookLoan(83589852571800).book -> EntitySelectFetchInitializer(com.lexicon.springws.entity.BookLoan(83589852571800).book)@722299890 (ToOneAttributeMapping(NavigableRole[com.lexicon.springws.entity.BookLoan.book])@169206721)
	  com.lexicon.springws.entity.BookLoan(83589852571800) -> EntityResultInitializer(com.lexicon.springws.entity.BookLoan(83589852571800))@1187589415 (SingleTableEntityPersister(com.lexicon.springws.entity.BookLoan))

2025-04-16T10:34:28.195+02:00 DEBUG 5488 --- [           main] org.hibernate.SQL                        : 
    select
        bl1_0.id,
        bl1_0.book_id,
        bl1_0.borrower_id,
        bl1_0.due_date,
        bl1_0.loan_date,
        bl1_0.return_date 
    from
        book_loans bl1_0 
    where
        bl1_0.return_date is null
Hibernate: 
    select
        bl1_0.id,
        bl1_0.book_id,
        bl1_0.borrower_id,
        bl1_0.due_date,
        bl1_0.loan_date,
        bl1_0.return_date 
    from
        book_loans bl1_0 
    where
        bl1_0.return_date is null
2025-04-16T10:34:28.195+02:00 DEBUG 5488 --- [           main] o.s.j.datasource.SimpleDriverDataSource  : Creating new JDBC Driver Connection to [jdbc:h2:mem:bb609ebb-9100-4165-aea1-c38e5465d10e;DB_CLOSE_DELAY=-1;DB_CLOSE_ON_EXIT=false]
2025-04-16T10:34:28.196+02:00 DEBUG 5488 --- [           main] org.hibernate.orm.results                : Extracted JDBC value [0] - [1]
2025-04-16T10:34:28.196+02:00 DEBUG 5488 --- [           main] o.hibernate.orm.results.loading.entity   : (EntityResultInitializer) Hydrated EntityKey (com.lexicon.springws.entity.BookLoan(83589852571800)): 1
2025-04-16T10:34:28.196+02:00 DEBUG 5488 --- [           main] o.hibernate.orm.results.loading.entity   : (EntityResultInitializer) Created new entity instance [com.lexicon.springws.entity.BookLoan(83589852571800)#1] : 1104598724
2025-04-16T10:34:28.196+02:00 DEBUG 5488 --- [           main] org.hibernate.orm.results                : Extracted JDBC value [1] - [1]
2025-04-16T10:34:28.196+02:00 DEBUG 5488 --- [           main] org.hibernate.orm.results                : Extracted JDBC value [2] - [1]
2025-04-16T10:34:28.196+02:00 DEBUG 5488 --- [           main] o.hibernate.orm.results.loading.entity   : (EntitySelectFetchInitializer) Invoking session#internalLoad for entity (com.lexicon.springws.entity.BookLoan(83589852571800).book#1) : 1
2025-04-16T10:34:28.197+02:00 DEBUG 5488 --- [           main] org.hibernate.orm.sql.exec               : Skipping reading Query result cache data: cache-enabled = false, cache-mode = IGNORE
2025-04-16T10:34:28.199+02:00 DEBUG 5488 --- [           main] org.hibernate.orm.results                : Initializer list:
	  com.lexicon.springws.entity.Book.author -> EntityDelayedFetchInitializer(com.lexicon.springws.entity.Book.author)@1784116580 (ToOneAttributeMapping(NavigableRole[com.lexicon.springws.entity.Book.author])@1433988478)
	  com.lexicon.springws.entity.Book -> EntityResultInitializer(com.lexicon.springws.entity.Book)@1737577556 (SingleTableEntityPersister(com.lexicon.springws.entity.Book))
	  com.lexicon.springws.entity.Book.bookLoans -> DelayedCollectionInitializer(com.lexicon.springws.entity.Book.bookLoans)@411529129 (PluralAttribute(com.lexicon.springws.entity.Book.bookLoans))

2025-04-16T10:34:28.199+02:00 DEBUG 5488 --- [           main] org.hibernate.SQL                        : 
    select
        b1_0.id,
        b1_0.author_id,
        b1_0.available,
        b1_0.isbn,
        b1_0.max_loan_days,
        b1_0.title 
    from
        books b1_0 
    where
        b1_0.id=?
Hibernate: 
    select
        b1_0.id,
        b1_0.author_id,
        b1_0.available,
        b1_0.isbn,
        b1_0.max_loan_days,
        b1_0.title 
    from
        books b1_0 
    where
        b1_0.id=?
2025-04-16T10:34:28.199+02:00 DEBUG 5488 --- [           main] o.hibernate.orm.results.loading.entity   : (EntityResultInitializer) Hydrated EntityKey (com.lexicon.springws.entity.Book): 1
2025-04-16T10:34:28.199+02:00 DEBUG 5488 --- [           main] org.hibernate.orm.results                : Extracted JDBC value [0] - [1]
2025-04-16T10:34:28.199+02:00 DEBUG 5488 --- [           main] o.h.o.r.l.o.h.o.r.loading.collection     : (DelayedCollectionInitializer) Current row collection key : com.lexicon.springws.entity.Book.bookLoans#1
2025-04-16T10:34:28.199+02:00 DEBUG 5488 --- [           main] o.hibernate.orm.results.loading.entity   : (EntityResultInitializer) Created new entity instance [com.lexicon.springws.entity.Book#1] : 1726118601
2025-04-16T10:34:28.199+02:00 DEBUG 5488 --- [           main] org.hibernate.orm.results                : Extracted JDBC value [1] - [1]
2025-04-16T10:34:28.199+02:00 DEBUG 5488 --- [           main] org.hibernate.orm.results                : Extracted JDBC value [2] - [true]
2025-04-16T10:34:28.199+02:00 DEBUG 5488 --- [           main] org.hibernate.orm.results                : Extracted JDBC value [3] - [1234567890]
2025-04-16T10:34:28.199+02:00 DEBUG 5488 --- [           main] org.hibernate.orm.results                : Extracted JDBC value [4] - [14]
2025-04-16T10:34:28.199+02:00 DEBUG 5488 --- [           main] org.hibernate.orm.results                : Extracted JDBC value [5] - [Test Book]
2025-04-16T10:34:28.200+02:00 DEBUG 5488 --- [           main] o.hibernate.orm.results.loading.entity   : (EntityResultInitializer) Done materializing entityInstance : com.lexicon.springws.entity.Book#1
2025-04-16T10:34:28.200+02:00 DEBUG 5488 --- [           main] org.hibernate.orm.results.loading        : Calling top-level assembler (0 / 1) : org.hibernate.sql.results.graph.entity.internal.EntityAssembler@170b27a7
2025-04-16T10:34:28.200+02:00 DEBUG 5488 --- [           main] o.hibernate.orm.results.loading.entity   : (EntitySelectFetchInitializer) Entity [com.lexicon.springws.entity.BookLoan(83589852571800).book#1] : 1 has being loaded by session.internalLoad.
2025-04-16T10:34:28.200+02:00 DEBUG 5488 --- [           main] o.hibernate.orm.results.loading.entity   : (EntitySelectFetchInitializer) Invoking session#internalLoad for entity (com.lexicon.springws.entity.BookLoan(83589852571800).borrower#1) : 1
2025-04-16T10:34:28.200+02:00 DEBUG 5488 --- [           main] org.hibernate.orm.sql.exec               : Skipping reading Query result cache data: cache-enabled = false, cache-mode = IGNORE
2025-04-16T10:34:28.200+02:00 DEBUG 5488 --- [           main] org.hibernate.orm.results                : Initializer list:
	  com.lexicon.springws.entity.AppUser -> EntityResultInitializer(com.lexicon.springws.entity.AppUser)@2033788292 (SingleTableEntityPersister(com.lexicon.springws.entity.AppUser))

2025-04-16T10:34:28.200+02:00 DEBUG 5488 --- [           main] org.hibernate.SQL                        : 
    select
        au1_0.id,
        au1_0.password,
        au1_0.username 
    from
        app_users au1_0 
    where
        au1_0.id=?
Hibernate: 
    select
        au1_0.id,
        au1_0.password,
        au1_0.username 
    from
        app_users au1_0 
    where
        au1_0.id=?
2025-04-16T10:34:28.201+02:00 DEBUG 5488 --- [           main] o.hibernate.orm.results.loading.entity   : (EntityResultInitializer) Hydrated EntityKey (com.lexicon.springws.entity.AppUser): 1
2025-04-16T10:34:28.201+02:00 DEBUG 5488 --- [           main] o.hibernate.orm.results.loading.entity   : (EntityResultInitializer) Created new entity instance [com.lexicon.springws.entity.AppUser#1] : 1526694407
2025-04-16T10:34:28.201+02:00 DEBUG 5488 --- [           main] org.hibernate.orm.results                : Extracted JDBC value [1] - [password]
2025-04-16T10:34:28.201+02:00 DEBUG 5488 --- [           main] org.hibernate.orm.results                : Extracted JDBC value [2] - [testuser]
2025-04-16T10:34:28.201+02:00 DEBUG 5488 --- [           main] o.hibernate.orm.results.loading.entity   : (EntityResultInitializer) Done materializing entityInstance : com.lexicon.springws.entity.AppUser#1
2025-04-16T10:34:28.201+02:00 DEBUG 5488 --- [           main] org.hibernate.orm.results.loading        : Calling top-level assembler (0 / 1) : org.hibernate.sql.results.graph.entity.internal.EntityAssembler@6a5a99d9
2025-04-16T10:34:28.201+02:00 DEBUG 5488 --- [           main] o.hibernate.orm.results.loading.entity   : (EntitySelectFetchInitializer) Entity [com.lexicon.springws.entity.BookLoan(83589852571800).borrower#1] : 1 has being loaded by session.internalLoad.
2025-04-16T10:34:28.201+02:00 DEBUG 5488 --- [           main] org.hibernate.orm.results                : Extracted JDBC value [3] - [2025-04-30]
2025-04-16T10:34:28.202+02:00 DEBUG 5488 --- [           main] org.hibernate.orm.results                : Extracted JDBC value [4] - [2025-04-16]
2025-04-16T10:34:28.202+02:00 DEBUG 5488 --- [           main] org.hibernate.orm.results                : Extracted JDBC value [5] - [null]
2025-04-16T10:34:28.202+02:00 DEBUG 5488 --- [           main] o.hibernate.orm.results.loading.entity   : (EntityResultInitializer) Done materializing entityInstance : com.lexicon.springws.entity.BookLoan(83589852571800)#1
2025-04-16T10:34:28.202+02:00 DEBUG 5488 --- [           main] org.hibernate.orm.results.loading        : Calling top-level assembler (0 / 1) : org.hibernate.sql.results.graph.entity.internal.EntityAssembler@278df226
- Book: Test Book, Borrower: testuser

Marking loan as returned...
2025-04-16T10:34:28.203+02:00 DEBUG 5488 --- [           main] o.s.orm.jpa.JpaTransactionManager        : Creating new transaction with name [org.springframework.data.jpa.repository.support.SimpleJpaRepository.markAsReturned]: PROPAGATION_REQUIRED,ISOLATION_DEFAULT
2025-04-16T10:34:28.203+02:00 DEBUG 5488 --- [           main] o.s.orm.jpa.JpaTransactionManager        : Opened new EntityManager [SessionImpl(681786825<open>)] for JPA transaction
2025-04-16T10:34:28.203+02:00 DEBUG 5488 --- [           main] o.h.e.t.internal.TransactionImpl         : On TransactionImpl creation, JpaCompliance#isJpaTransactionComplianceEnabled == false
2025-04-16T10:34:28.203+02:00 DEBUG 5488 --- [           main] o.h.e.t.internal.TransactionImpl         : begin
2025-04-16T10:34:28.203+02:00 DEBUG 5488 --- [           main] o.s.j.datasource.SimpleDriverDataSource  : Creating new JDBC Driver Connection to [jdbc:h2:mem:bb609ebb-9100-4165-aea1-c38e5465d10e;DB_CLOSE_DELAY=-1;DB_CLOSE_ON_EXIT=false]
2025-04-16T10:34:28.204+02:00 DEBUG 5488 --- [           main] o.s.orm.jpa.JpaTransactionManager        : Exposing JPA transaction as JDBC [org.springframework.orm.jpa.vendor.HibernateJpaDialect$HibernateConnectionHandle@5edd2170]
2025-04-16T10:34:28.208+02:00 DEBUG 5488 --- [           main] org.hibernate.orm.sql.ast.create         : Created new SQL alias : bl1_0
2025-04-16T10:34:28.209+02:00 DEBUG 5488 --- [           main] org.hibernate.orm.sql.ast.create         : Registration of TableGroup [StandardTableGroup(com.lexicon.springws.entity.BookLoan(bl))] with identifierForTableGroup [com.lexicon.springws.entity.BookLoan] for NavigablePath [com.lexicon.springws.entity.BookLoan] 
2025-04-16T10:34:28.212+02:00 DEBUG 5488 --- [           main] o.h.q.sqm.sql.BaseSqmToSqlAstConverter   : Determining mapping-model type for SqmParameter : SqmNamedParameter(id)
2025-04-16T10:34:28.212+02:00 DEBUG 5488 --- [           main] o.h.q.sqm.sql.BaseSqmToSqlAstConverter   : Determining mapping-model type for SqmPath : SqmBasicValuedSimplePath(com.lexicon.springws.entity.BookLoan(bl).id) 
2025-04-16T10:34:28.213+02:00 DEBUG 5488 --- [           main] org.hibernate.SQL                        : 
    update
        book_loans 
    set
        return_date=current_date 
    where
        id=?
Hibernate: 
    update
        book_loans 
    set
        return_date=current_date 
    where
        id=?
2025-04-16T10:34:28.216+02:00 DEBUG 5488 --- [           main] o.s.orm.jpa.JpaTransactionManager        : Initiating transaction commit
2025-04-16T10:34:28.216+02:00 DEBUG 5488 --- [           main] o.s.orm.jpa.JpaTransactionManager        : Committing JPA transaction on EntityManager [SessionImpl(681786825<open>)]
2025-04-16T10:34:28.216+02:00 DEBUG 5488 --- [           main] o.h.e.t.internal.TransactionImpl         : committing
2025-04-16T10:34:28.217+02:00 DEBUG 5488 --- [           main] o.s.orm.jpa.JpaTransactionManager        : Closing JPA EntityManager [SessionImpl(681786825<open>)] after transaction
Updated 1 loan(s)
2025-04-16T10:34:28.217+02:00 DEBUG 5488 --- [           main] o.s.orm.jpa.JpaTransactionManager        : Creating new transaction with name [org.springframework.data.jpa.repository.support.SimpleJpaRepository.findById]: PROPAGATION_REQUIRED,ISOLATION_DEFAULT,readOnly
2025-04-16T10:34:28.217+02:00 DEBUG 5488 --- [           main] o.s.orm.jpa.JpaTransactionManager        : Opened new EntityManager [SessionImpl(921262971<open>)] for JPA transaction
2025-04-16T10:34:28.217+02:00 DEBUG 5488 --- [           main] o.s.j.datasource.SimpleDriverDataSource  : Creating new JDBC Driver Connection to [jdbc:h2:mem:bb609ebb-9100-4165-aea1-c38e5465d10e;DB_CLOSE_DELAY=-1;DB_CLOSE_ON_EXIT=false]
2025-04-16T10:34:28.217+02:00 DEBUG 5488 --- [           main] o.s.jdbc.datasource.DataSourceUtils      : Setting JDBC Connection [conn11: url=jdbc:h2:mem:bb609ebb-9100-4165-aea1-c38e5465d10e user=SA] read-only
2025-04-16T10:34:28.217+02:00 DEBUG 5488 --- [           main] o.h.e.t.internal.TransactionImpl         : On TransactionImpl creation, JpaCompliance#isJpaTransactionComplianceEnabled == false
2025-04-16T10:34:28.217+02:00 DEBUG 5488 --- [           main] o.h.e.t.internal.TransactionImpl         : begin
2025-04-16T10:34:28.217+02:00 DEBUG 5488 --- [           main] o.s.orm.jpa.JpaTransactionManager        : Exposing JPA transaction as JDBC [org.springframework.orm.jpa.vendor.HibernateJpaDialect$HibernateConnectionHandle@309b6768]
2025-04-16T10:34:28.222+02:00 DEBUG 5488 --- [           main] org.hibernate.orm.sql.exec               : Skipping reading Query result cache data: cache-enabled = false, cache-mode = IGNORE
2025-04-16T10:34:28.223+02:00 DEBUG 5488 --- [           main] org.hibernate.orm.results                : Initializer list:
	  com.lexicon.springws.entity.BookLoan.book.bookLoans -> DelayedCollectionInitializer(com.lexicon.springws.entity.BookLoan.book.bookLoans)@95655406 (PluralAttribute(com.lexicon.springws.entity.Book.bookLoans))
	  com.lexicon.springws.entity.BookLoan.book.author -> EntityDelayedFetchInitializer(com.lexicon.springws.entity.BookLoan.book.author)@620415815 (ToOneAttributeMapping(NavigableRole[com.lexicon.springws.entity.Book.author])@1433988478)
	  com.lexicon.springws.entity.BookLoan.borrower -> EntityJoinedFetchInitializer(com.lexicon.springws.entity.BookLoan.borrower)@1612762434 (ToOneAttributeMapping(NavigableRole[com.lexicon.springws.entity.BookLoan.borrower])@6137753)
	  com.lexicon.springws.entity.BookLoan -> EntityResultInitializer(com.lexicon.springws.entity.BookLoan)@728286619 (SingleTableEntityPersister(com.lexicon.springws.entity.BookLoan))
	  com.lexicon.springws.entity.BookLoan.book -> EntityJoinedFetchInitializer(com.lexicon.springws.entity.BookLoan.book)@846019069 (ToOneAttributeMapping(NavigableRole[com.lexicon.springws.entity.BookLoan.book])@169206721)

2025-04-16T10:34:28.223+02:00 DEBUG 5488 --- [           main] org.hibernate.SQL                        : 
    select
        bl1_0.id,
        bl1_0.book_id,
        b1_0.id,
        b1_0.author_id,
        b1_0.available,
        b1_0.isbn,
        b1_0.max_loan_days,
        b1_0.title,
        bl1_0.borrower_id,
        b2_0.id,
        b2_0.password,
        b2_0.username,
        bl1_0.due_date,
        bl1_0.loan_date,
        bl1_0.return_date 
    from
        book_loans bl1_0 
    join
        books b1_0 
            on b1_0.id=bl1_0.book_id 
    join
        app_users b2_0 
            on b2_0.id=bl1_0.borrower_id 
    where
        bl1_0.id=?
Hibernate: 
    select
        bl1_0.id,
        bl1_0.book_id,
        b1_0.id,
        b1_0.author_id,
        b1_0.available,
        b1_0.isbn,
        b1_0.max_loan_days,
        b1_0.title,
        bl1_0.borrower_id,
        b2_0.id,
        b2_0.password,
        b2_0.username,
        bl1_0.due_date,
        bl1_0.loan_date,
        bl1_0.return_date 
    from
        book_loans bl1_0 
    join
        books b1_0 
            on b1_0.id=bl1_0.book_id 
    join
        app_users b2_0 
            on b2_0.id=bl1_0.borrower_id 
    where
        bl1_0.id=?
2025-04-16T10:34:28.225+02:00 DEBUG 5488 --- [           main] org.hibernate.orm.results                : Extracted JDBC value [2] - [1]
2025-04-16T10:34:28.225+02:00 DEBUG 5488 --- [           main] o.hibernate.orm.results.loading.entity   : (EntityJoinedFetchInitializer) Hydrated EntityKey (com.lexicon.springws.entity.BookLoan.book): 1
2025-04-16T10:34:28.225+02:00 DEBUG 5488 --- [           main] org.hibernate.orm.results                : Extracted JDBC value [1] - [1]
2025-04-16T10:34:28.225+02:00 DEBUG 5488 --- [           main] org.hibernate.orm.results                : Extracted JDBC value [9] - [1]
2025-04-16T10:34:28.225+02:00 DEBUG 5488 --- [           main] o.hibernate.orm.results.loading.entity   : (EntityJoinedFetchInitializer) Hydrated EntityKey (com.lexicon.springws.entity.BookLoan.borrower): 1
2025-04-16T10:34:28.225+02:00 DEBUG 5488 --- [           main] org.hibernate.orm.results                : Extracted JDBC value [8] - [1]
2025-04-16T10:34:28.225+02:00 DEBUG 5488 --- [           main] o.hibernate.orm.results.loading.entity   : (EntityResultInitializer) Hydrated EntityKey (com.lexicon.springws.entity.BookLoan): 1
2025-04-16T10:34:28.225+02:00 DEBUG 5488 --- [           main] org.hibernate.orm.results                : Extracted JDBC value [2] - [1]
2025-04-16T10:34:28.225+02:00 DEBUG 5488 --- [           main] o.h.o.r.l.o.h.o.r.loading.collection     : (DelayedCollectionInitializer) Current row collection key : com.lexicon.springws.entity.BookLoan.book.bookLoans#1
2025-04-16T10:34:28.225+02:00 DEBUG 5488 --- [           main] o.hibernate.orm.results.loading.entity   : (EntityJoinedFetchInitializer) Created new entity instance [com.lexicon.springws.entity.BookLoan.book#1] : 400761853
2025-04-16T10:34:28.225+02:00 DEBUG 5488 --- [           main] o.hibernate.orm.results.loading.entity   : (EntityJoinedFetchInitializer) Created new entity instance [com.lexicon.springws.entity.BookLoan.borrower#1] : 1844498480
2025-04-16T10:34:28.225+02:00 DEBUG 5488 --- [           main] o.hibernate.orm.results.loading.entity   : (EntityResultInitializer) Created new entity instance [com.lexicon.springws.entity.BookLoan#1] : 858889712
2025-04-16T10:34:28.225+02:00 DEBUG 5488 --- [           main] org.hibernate.orm.results                : Extracted JDBC value [3] - [1]
2025-04-16T10:34:28.225+02:00 DEBUG 5488 --- [           main] org.hibernate.orm.results                : Extracted JDBC value [4] - [true]
2025-04-16T10:34:28.225+02:00 DEBUG 5488 --- [           main] org.hibernate.orm.results                : Extracted JDBC value [5] - [1234567890]
2025-04-16T10:34:28.225+02:00 DEBUG 5488 --- [           main] org.hibernate.orm.results                : Extracted JDBC value [6] - [14]
2025-04-16T10:34:28.225+02:00 DEBUG 5488 --- [           main] org.hibernate.orm.results                : Extracted JDBC value [7] - [Test Book]
2025-04-16T10:34:28.225+02:00 DEBUG 5488 --- [           main] o.hibernate.orm.results.loading.entity   : (EntityJoinedFetchInitializer) Done materializing entityInstance : com.lexicon.springws.entity.BookLoan.book#1
2025-04-16T10:34:28.225+02:00 DEBUG 5488 --- [           main] org.hibernate.orm.results                : Extracted JDBC value [10] - [password]
2025-04-16T10:34:28.225+02:00 DEBUG 5488 --- [           main] org.hibernate.orm.results                : Extracted JDBC value [11] - [testuser]
2025-04-16T10:34:28.226+02:00 DEBUG 5488 --- [           main] o.hibernate.orm.results.loading.entity   : (EntityJoinedFetchInitializer) Done materializing entityInstance : com.lexicon.springws.entity.BookLoan.borrower#1
2025-04-16T10:34:28.226+02:00 DEBUG 5488 --- [           main] org.hibernate.orm.results                : Extracted JDBC value [12] - [2025-04-30]
2025-04-16T10:34:28.226+02:00 DEBUG 5488 --- [           main] org.hibernate.orm.results                : Extracted JDBC value [13] - [2025-04-16]
2025-04-16T10:34:28.226+02:00 DEBUG 5488 --- [           main] org.hibernate.orm.results                : Extracted JDBC value [14] - [2025-04-16]
2025-04-16T10:34:28.226+02:00 DEBUG 5488 --- [           main] o.hibernate.orm.results.loading.entity   : (EntityResultInitializer) Done materializing entityInstance : com.lexicon.springws.entity.BookLoan#1
2025-04-16T10:34:28.226+02:00 DEBUG 5488 --- [           main] org.hibernate.orm.results.loading        : Calling top-level assembler (0 / 1) : org.hibernate.sql.results.graph.entity.internal.EntityAssembler@7d453075
2025-04-16T10:34:28.226+02:00 DEBUG 5488 --- [           main] o.s.orm.jpa.JpaTransactionManager        : Initiating transaction commit
2025-04-16T10:34:28.226+02:00 DEBUG 5488 --- [           main] o.s.orm.jpa.JpaTransactionManager        : Committing JPA transaction on EntityManager [SessionImpl(921262971<open>)]
2025-04-16T10:34:28.227+02:00 DEBUG 5488 --- [           main] o.h.e.t.internal.TransactionImpl         : committing
2025-04-16T10:34:28.227+02:00 DEBUG 5488 --- [           main] o.s.jdbc.datasource.DataSourceUtils      : Resetting read-only flag of JDBC Connection [conn11: url=jdbc:h2:mem:bb609ebb-9100-4165-aea1-c38e5465d10e user=SA]
2025-04-16T10:34:28.227+02:00 DEBUG 5488 --- [           main] o.s.orm.jpa.JpaTransactionManager        : Closing JPA EntityManager [SessionImpl(921262971<open>)] after transaction
Loan successfully marked as returned on: 2025-04-16
2025-04-16T10:34:28.230+02:00 DEBUG 5488 --- [           main] org.springframework.test.context.cache   : Spring test ApplicationContext cache statistics: [DefaultContextCache@402adc9c size = 1, maxSize = 32, parentContextCount = 0, hitCount = 0, missCount = 1, failureCount = 0]
2025-04-16T10:34:28.233+02:00 DEBUG 5488 --- [           main] org.springframework.test.context.cache   : Spring test ApplicationContext cache statistics: [DefaultContextCache@402adc9c size = 1, maxSize = 32, parentContextCount = 0, hitCount = 1, missCount = 1, failureCount = 0]
2025-04-16T10:34:28.242+02:00 DEBUG 5488 --- [           main] sContextBeforeModesTestExecutionListener : Before test method: class [AuthorDaoTest], method [testFindAll], class annotated with @DirtiesContext [false] with mode [null], method annotated with @DirtiesContext [false] with mode [null]
2025-04-16T10:34:28.244+02:00 DEBUG 5488 --- [           main] t.c.t.TransactionalTestExecutionListener : Explicit transaction definition [PROPAGATION_REQUIRED,ISOLATION_DEFAULT] found for test class [com.lexicon.springws.dao.AuthorDaoTest] and test method [testFindAll]
2025-04-16T10:34:28.244+02:00 DEBUG 5488 --- [           main] org.springframework.test.context.cache   : Spring test ApplicationContext cache statistics: [DefaultContextCache@402adc9c size = 1, maxSize = 32, parentContextCount = 0, hitCount = 2, missCount = 1, failureCount = 0]
2025-04-16T10:34:28.246+02:00 DEBUG 5488 --- [           main] t.c.t.TransactionalTestExecutionListener : No method-level @Rollback override: using default rollback [true] for test method [public void com.lexicon.springws.dao.AuthorDaoTest.testFindAll()]
2025-04-16T10:34:28.247+02:00 DEBUG 5488 --- [           main] o.s.orm.jpa.JpaTransactionManager        : Creating new transaction with name [com.lexicon.springws.dao.AuthorDaoTest.testFindAll]: PROPAGATION_REQUIRED,ISOLATION_DEFAULT
2025-04-16T10:34:28.247+02:00 DEBUG 5488 --- [           main] o.s.orm.jpa.JpaTransactionManager        : Opened new EntityManager [SessionImpl(1043260983<open>)] for JPA transaction
2025-04-16T10:34:28.247+02:00 DEBUG 5488 --- [           main] o.h.e.t.internal.TransactionImpl         : On TransactionImpl creation, JpaCompliance#isJpaTransactionComplianceEnabled == false
2025-04-16T10:34:28.247+02:00 DEBUG 5488 --- [           main] o.h.e.t.internal.TransactionImpl         : begin
2025-04-16T10:34:28.247+02:00 DEBUG 5488 --- [           main] o.s.j.datasource.SimpleDriverDataSource  : Creating new JDBC Driver Connection to [jdbc:h2:mem:bb609ebb-9100-4165-aea1-c38e5465d10e;DB_CLOSE_DELAY=-1;DB_CLOSE_ON_EXIT=false]
2025-04-16T10:34:28.248+02:00 DEBUG 5488 --- [           main] o.s.orm.jpa.JpaTransactionManager        : Exposing JPA transaction as JDBC [org.springframework.orm.jpa.vendor.HibernateJpaDialect$HibernateConnectionHandle@492e9e87]
2025-04-16T10:34:28.248+02:00 DEBUG 5488 --- [           main] o.s.t.c.transaction.TransactionContext   : Began transaction (1) for test class [com.lexicon.springws.dao.AuthorDaoTest]; test method [testFindAll]; transaction manager [org.springframework.orm.jpa.JpaTransactionManager@1299fed3]; rollback [true]
2025-04-16T10:34:28.249+02:00 DEBUG 5488 --- [           main] org.springframework.test.context.cache   : Spring test ApplicationContext cache statistics: [DefaultContextCache@402adc9c size = 1, maxSize = 32, parentContextCount = 0, hitCount = 3, missCount = 1, failureCount = 0]
2025-04-16T10:34:28.249+02:00 DEBUG 5488 --- [           main] org.springframework.test.context.cache   : Spring test ApplicationContext cache statistics: [DefaultContextCache@402adc9c size = 1, maxSize = 32, parentContextCount = 0, hitCount = 4, missCount = 1, failureCount = 0]
2025-04-16T10:34:28.633+02:00 DEBUG 5488 --- [           main] org.springframework.test.context.cache   : Spring test ApplicationContext cache statistics: [DefaultContextCache@402adc9c size = 1, maxSize = 32, parentContextCount = 0, hitCount = 5, missCount = 1, failureCount = 0]
2025-04-16T10:34:28.636+02:00 DEBUG 5488 --- [           main] org.hibernate.engine.spi.ActionQueue     : Executing identity-insert immediately
2025-04-16T10:34:28.636+02:00 DEBUG 5488 --- [           main] org.hibernate.SQL                        : 
    insert 
    into
        author
        (email, name, author_id) 
    values
        (?, ?, default)
Hibernate: 
    insert 
    into
        author
        (email, name, author_id) 
    values
        (?, ?, default)
2025-04-16T10:34:28.637+02:00 DEBUG 5488 --- [           main] o.h.id.IdentifierGeneratorHelper         : Natively generated identity (com.lexicon.springws.entity.Author) : 2
2025-04-16T10:34:28.637+02:00 DEBUG 5488 --- [           main] org.hibernate.engine.spi.ActionQueue     : Executing identity-insert immediately
2025-04-16T10:34:28.637+02:00 DEBUG 5488 --- [           main] org.hibernate.SQL                        : 
    insert 
    into
        author
        (email, name, author_id) 
    values
        (?, ?, default)
Hibernate: 
    insert 
    into
        author
        (email, name, author_id) 
    values
        (?, ?, default)
2025-04-16T10:34:28.638+02:00 DEBUG 5488 --- [           main] o.h.id.IdentifierGeneratorHelper         : Natively generated identity (com.lexicon.springws.entity.Author) : 3
2025-04-16T10:34:28.638+02:00 DEBUG 5488 --- [           main] o.h.e.i.AbstractFlushingEventListener    : Processing flush-time cascades
2025-04-16T10:34:28.638+02:00 DEBUG 5488 --- [           main] o.h.e.i.AbstractFlushingEventListener    : Dirty checking collections
2025-04-16T10:34:28.638+02:00 DEBUG 5488 --- [           main] o.hibernate.engine.internal.Collections  : Collection found: [com.lexicon.springws.entity.Author.books#2], was: [<unreferenced>] (initialized)
2025-04-16T10:34:28.638+02:00 DEBUG 5488 --- [           main] o.hibernate.engine.internal.Collections  : Collection found: [com.lexicon.springws.entity.Author.books#3], was: [<unreferenced>] (initialized)
2025-04-16T10:34:28.638+02:00 DEBUG 5488 --- [           main] o.h.e.i.AbstractFlushingEventListener    : Flushed: 0 insertions, 0 updates, 0 deletions to 2 objects
2025-04-16T10:34:28.638+02:00 DEBUG 5488 --- [           main] o.h.e.i.AbstractFlushingEventListener    : Flushed: 2 (re)creations, 0 updates, 0 removals to 2 collections
2025-04-16T10:34:28.638+02:00 DEBUG 5488 --- [           main] o.hibernate.internal.util.EntityPrinter  : Listing entities:
2025-04-16T10:34:28.638+02:00 DEBUG 5488 --- [           main] o.hibernate.internal.util.EntityPrinter  : com.lexicon.springws.entity.Author{books=[], name=Jane Smith, authorId=3, email=jane.smith@example.com}
2025-04-16T10:34:28.638+02:00 DEBUG 5488 --- [           main] o.hibernate.internal.util.EntityPrinter  : com.lexicon.springws.entity.Author{books=[], name=John Doe, authorId=2, email=john.doe@example.com}
2025-04-16T10:34:28.639+02:00 DEBUG 5488 --- [           main] org.hibernate.orm.query.hql              : HQL : SELECT a FROM Author a
2025-04-16T10:34:28.650+02:00 DEBUG 5488 --- [           main] org.hibernate.orm.query.sqm.ast          : SqmStatement Tree :
    -> [select]
      -> [query-spec]
        -> [select]
          -> [selection]
            -> [root] - `com.lexicon.springws.entity.Author(a)`
            <- [root] - `com.lexicon.springws.entity.Author(a)`
          <- [selection]
        <- [select]
        -> [from]
          -> [root] - `com.lexicon.springws.entity.Author(a)`
          <- [root] - `com.lexicon.springws.entity.Author(a)`
        <- [from]
      <- [query-spec]
    <- [select]

2025-04-16T10:34:28.651+02:00 DEBUG 5488 --- [           main] org.hibernate.orm.sql.ast.create         : Created new SQL alias : a1_0
2025-04-16T10:34:28.651+02:00 DEBUG 5488 --- [           main] org.hibernate.orm.sql.ast.create         : Registration of TableGroup [StandardTableGroup(com.lexicon.springws.entity.Author(a))] with identifierForTableGroup [com.lexicon.springws.entity.Author] for NavigablePath [com.lexicon.springws.entity.Author] 
2025-04-16T10:34:28.651+02:00 DEBUG 5488 --- [           main] org.hibernate.orm.results.graph.AST      : DomainResult Graph:
 \-EntityResultImpl [com.lexicon.springws.entity.Author(a)]
 |  +-DelayedCollectionFetch [com.lexicon.springws.entity.Author(a).books]
 |  +-BasicFetch [com.lexicon.springws.entity.Author(a).email]
 |  \-BasicFetch [com.lexicon.springws.entity.Author(a).name]

2025-04-16T10:34:28.651+02:00 DEBUG 5488 --- [           main] org.hibernate.orm.sql.ast.tree           : SQL AST Tree:
    SelectStatement {
      FromClause {
        StandardTableGroup (a1 : com.lexicon.springws.entity.Author(a)) {
          primaryTableReference : author as a1_0
        }
      }
    }

2025-04-16T10:34:28.651+02:00 DEBUG 5488 --- [           main] o.h.e.i.AbstractFlushingEventListener    : Processing flush-time cascades
2025-04-16T10:34:28.652+02:00 DEBUG 5488 --- [           main] o.h.e.i.AbstractFlushingEventListener    : Dirty checking collections
2025-04-16T10:34:28.652+02:00 DEBUG 5488 --- [           main] o.hibernate.engine.internal.Collections  : Collection found: [com.lexicon.springws.entity.Author.books#2], was: [com.lexicon.springws.entity.Author.books#2] (initialized)
2025-04-16T10:34:28.652+02:00 DEBUG 5488 --- [           main] o.hibernate.engine.internal.Collections  : Collection found: [com.lexicon.springws.entity.Author.books#3], was: [com.lexicon.springws.entity.Author.books#3] (initialized)
2025-04-16T10:34:28.652+02:00 DEBUG 5488 --- [           main] o.h.e.i.AbstractFlushingEventListener    : Flushed: 0 insertions, 0 updates, 0 deletions to 2 objects
2025-04-16T10:34:28.652+02:00 DEBUG 5488 --- [           main] o.h.e.i.AbstractFlushingEventListener    : Flushed: 0 (re)creations, 0 updates, 0 removals to 2 collections
2025-04-16T10:34:28.652+02:00 DEBUG 5488 --- [           main] o.hibernate.internal.util.EntityPrinter  : Listing entities:
2025-04-16T10:34:28.652+02:00 DEBUG 5488 --- [           main] o.hibernate.internal.util.EntityPrinter  : com.lexicon.springws.entity.Author{books=[], name=Jane Smith, authorId=3, email=jane.smith@example.com}
2025-04-16T10:34:28.652+02:00 DEBUG 5488 --- [           main] o.hibernate.internal.util.EntityPrinter  : com.lexicon.springws.entity.Author{books=[], name=John Doe, authorId=2, email=john.doe@example.com}
2025-04-16T10:34:28.652+02:00 DEBUG 5488 --- [           main] org.hibernate.orm.sql.exec               : Skipping reading Query result cache data: cache-enabled = false, cache-mode = NORMAL
2025-04-16T10:34:28.652+02:00 DEBUG 5488 --- [           main] org.hibernate.orm.results                : Initializer list:
	  com.lexicon.springws.entity.Author(a) -> EntityResultInitializer(com.lexicon.springws.entity.Author(a))@1434192741 (SingleTableEntityPersister(com.lexicon.springws.entity.Author))
	  com.lexicon.springws.entity.Author(a).books -> DelayedCollectionInitializer(com.lexicon.springws.entity.Author(a).books)@993016696 (PluralAttribute(com.lexicon.springws.entity.Author.books))

2025-04-16T10:34:28.652+02:00 DEBUG 5488 --- [           main] org.hibernate.SQL                        : 
    select
        a1_0.author_id,
        a1_0.email,
        a1_0.name 
    from
        author a1_0
Hibernate: 
    select
        a1_0.author_id,
        a1_0.email,
        a1_0.name 
    from
        author a1_0
2025-04-16T10:34:28.652+02:00 DEBUG 5488 --- [           main] org.hibernate.orm.results                : Extracted JDBC value [0] - [1]
2025-04-16T10:34:28.652+02:00 DEBUG 5488 --- [           main] o.hibernate.orm.results.loading.entity   : (EntityResultInitializer) Hydrated EntityKey (com.lexicon.springws.entity.Author(a)): 1
2025-04-16T10:34:28.652+02:00 DEBUG 5488 --- [           main] org.hibernate.orm.results                : Extracted JDBC value [0] - [1]
2025-04-16T10:34:28.652+02:00 DEBUG 5488 --- [           main] o.h.o.r.l.o.h.o.r.loading.collection     : (DelayedCollectionInitializer) Current row collection key : com.lexicon.springws.entity.Author(a).books#1
2025-04-16T10:34:28.652+02:00 DEBUG 5488 --- [           main] o.hibernate.orm.results.loading.entity   : (EntityResultInitializer) Created new entity instance [com.lexicon.springws.entity.Author(a)#1] : 1576706800
2025-04-16T10:34:28.652+02:00 DEBUG 5488 --- [           main] org.hibernate.orm.results                : Extracted JDBC value [1] - [test@example.com]
2025-04-16T10:34:28.652+02:00 DEBUG 5488 --- [           main] org.hibernate.orm.results                : Extracted JDBC value [2] - [Test Author]
2025-04-16T10:34:28.652+02:00 DEBUG 5488 --- [           main] o.hibernate.orm.results.loading.entity   : (EntityResultInitializer) Done materializing entityInstance : com.lexicon.springws.entity.Author(a)#1
2025-04-16T10:34:28.652+02:00 DEBUG 5488 --- [           main] org.hibernate.orm.results.loading        : Calling top-level assembler (0 / 1) : org.hibernate.sql.results.graph.entity.internal.EntityAssembler@7bd6c35e
2025-04-16T10:34:28.652+02:00 DEBUG 5488 --- [           main] org.hibernate.orm.results                : Extracted JDBC value [0] - [2]
2025-04-16T10:34:28.652+02:00 DEBUG 5488 --- [           main] o.hibernate.orm.results.loading.entity   : (EntityResultInitializer) Hydrated EntityKey (com.lexicon.springws.entity.Author(a)): 2
2025-04-16T10:34:28.652+02:00 DEBUG 5488 --- [           main] org.hibernate.orm.results                : Extracted JDBC value [0] - [2]
2025-04-16T10:34:28.652+02:00 DEBUG 5488 --- [           main] o.h.o.r.l.o.h.o.r.loading.collection     : (DelayedCollectionInitializer) Current row collection key : com.lexicon.springws.entity.Author(a).books#2
2025-04-16T10:34:28.652+02:00 DEBUG 5488 --- [           main] org.hibernate.orm.results.loading        : Calling top-level assembler (0 / 1) : org.hibernate.sql.results.graph.entity.internal.EntityAssembler@7bd6c35e
2025-04-16T10:34:28.652+02:00 DEBUG 5488 --- [           main] org.hibernate.orm.results                : Extracted JDBC value [0] - [3]
2025-04-16T10:34:28.652+02:00 DEBUG 5488 --- [           main] o.hibernate.orm.results.loading.entity   : (EntityResultInitializer) Hydrated EntityKey (com.lexicon.springws.entity.Author(a)): 3
2025-04-16T10:34:28.652+02:00 DEBUG 5488 --- [           main] org.hibernate.orm.results                : Extracted JDBC value [0] - [3]
2025-04-16T10:34:28.652+02:00 DEBUG 5488 --- [           main] o.h.o.r.l.o.h.o.r.loading.collection     : (DelayedCollectionInitializer) Current row collection key : com.lexicon.springws.entity.Author(a).books#3
2025-04-16T10:34:28.652+02:00 DEBUG 5488 --- [           main] org.hibernate.orm.results.loading        : Calling top-level assembler (0 / 1) : org.hibernate.sql.results.graph.entity.internal.EntityAssembler@7bd6c35e
2025-04-16T10:34:28.656+02:00 DEBUG 5488 --- [           main] org.springframework.test.context.cache   : Spring test ApplicationContext cache statistics: [DefaultContextCache@402adc9c size = 1, maxSize = 32, parentContextCount = 0, hitCount = 6, missCount = 1, failureCount = 0]
2025-04-16T10:34:28.657+02:00 DEBUG 5488 --- [           main] org.springframework.test.context.cache   : Spring test ApplicationContext cache statistics: [DefaultContextCache@402adc9c size = 1, maxSize = 32, parentContextCount = 0, hitCount = 7, missCount = 1, failureCount = 0]
2025-04-16T10:34:28.657+02:00 DEBUG 5488 --- [           main] org.springframework.test.context.cache   : Spring test ApplicationContext cache statistics: [DefaultContextCache@402adc9c size = 1, maxSize = 32, parentContextCount = 0, hitCount = 8, missCount = 1, failureCount = 0]
2025-04-16T10:34:28.657+02:00 DEBUG 5488 --- [           main] org.springframework.test.context.cache   : Spring test ApplicationContext cache statistics: [DefaultContextCache@402adc9c size = 1, maxSize = 32, parentContextCount = 0, hitCount = 9, missCount = 1, failureCount = 0]
2025-04-16T10:34:28.657+02:00 DEBUG 5488 --- [           main] org.springframework.test.context.cache   : Spring test ApplicationContext cache statistics: [DefaultContextCache@402adc9c size = 1, maxSize = 32, parentContextCount = 0, hitCount = 10, missCount = 1, failureCount = 0]
2025-04-16T10:34:28.659+02:00 DEBUG 5488 --- [           main] org.springframework.test.context.cache   : Spring test ApplicationContext cache statistics: [DefaultContextCache@402adc9c size = 1, maxSize = 32, parentContextCount = 0, hitCount = 11, missCount = 1, failureCount = 0]
2025-04-16T10:34:28.660+02:00 DEBUG 5488 --- [           main] o.s.orm.jpa.JpaTransactionManager        : Initiating transaction rollback
2025-04-16T10:34:28.660+02:00 DEBUG 5488 --- [           main] o.s.orm.jpa.JpaTransactionManager        : Rolling back JPA transaction on EntityManager [SessionImpl(1043260983<open>)]
2025-04-16T10:34:28.660+02:00 DEBUG 5488 --- [           main] o.h.e.t.internal.TransactionImpl         : rolling back
2025-04-16T10:34:28.661+02:00 DEBUG 5488 --- [           main] o.s.orm.jpa.JpaTransactionManager        : Closing JPA EntityManager [SessionImpl(1043260983<open>)] after transaction
2025-04-16T10:34:28.662+02:00 DEBUG 5488 --- [           main] o.s.t.c.transaction.TransactionContext   : Rolled back transaction (1) for test class [com.lexicon.springws.dao.AuthorDaoTest]; test method [testFindAll]
2025-04-16T10:34:28.662+02:00 DEBUG 5488 --- [           main] .c.s.DirtiesContextTestExecutionListener : After test method: class [AuthorDaoTest], method [testFindAll], class annotated with @DirtiesContext [false] with mode [null], method annotated with @DirtiesContext [false] with mode [null]
]]></system-out>
    <system-err><![CDATA[WARNING: A Java agent has been loaded dynamically (C:\Users\eliza\.m2\repository\net\bytebuddy\byte-buddy-agent\1.14.12\byte-buddy-agent-1.14.12.jar)
WARNING: If a serviceability tool is in use, please run with -XX:+EnableDynamicAgentLoading to hide this warning
WARNING: If a serviceability tool is not in use, please run with -Djdk.instrument.traceUsage for more information
WARNING: Dynamic loading of agents will be disallowed by default in a future release
]]></system-err>
  </testcase>
  <testcase name="testFindByName" classname="com.lexicon.springws.dao.AuthorDaoTest" time="0.017">
    <system-out><![CDATA[2025-04-16T10:34:28.671+02:00 DEBUG 5488 --- [           main] DependencyInjectionTestExecutionListener : Performing dependency injection for test class com.lexicon.springws.dao.AuthorDaoTest
2025-04-16T10:34:28.672+02:00 DEBUG 5488 --- [           main] org.springframework.test.context.cache   : Spring test ApplicationContext cache statistics: [DefaultContextCache@402adc9c size = 1, maxSize = 32, parentContextCount = 0, hitCount = 12, missCount = 1, failureCount = 0]
2025-04-16T10:34:28.672+02:00 DEBUG 5488 --- [           main] org.springframework.test.context.cache   : Spring test ApplicationContext cache statistics: [DefaultContextCache@402adc9c size = 1, maxSize = 32, parentContextCount = 0, hitCount = 13, missCount = 1, failureCount = 0]
2025-04-16T10:34:28.673+02:00 DEBUG 5488 --- [           main] sContextBeforeModesTestExecutionListener : Before test method: class [AuthorDaoTest], method [testFindByName], class annotated with @DirtiesContext [false] with mode [null], method annotated with @DirtiesContext [false] with mode [null]
2025-04-16T10:34:28.673+02:00 DEBUG 5488 --- [           main] t.c.t.TransactionalTestExecutionListener : Explicit transaction definition [PROPAGATION_REQUIRED,ISOLATION_DEFAULT] found for test class [com.lexicon.springws.dao.AuthorDaoTest] and test method [testFindByName]
2025-04-16T10:34:28.673+02:00 DEBUG 5488 --- [           main] org.springframework.test.context.cache   : Spring test ApplicationContext cache statistics: [DefaultContextCache@402adc9c size = 1, maxSize = 32, parentContextCount = 0, hitCount = 14, missCount = 1, failureCount = 0]
2025-04-16T10:34:28.674+02:00 DEBUG 5488 --- [           main] t.c.t.TransactionalTestExecutionListener : No method-level @Rollback override: using default rollback [true] for test method [public void com.lexicon.springws.dao.AuthorDaoTest.testFindByName()]
2025-04-16T10:34:28.674+02:00 DEBUG 5488 --- [           main] o.s.orm.jpa.JpaTransactionManager        : Creating new transaction with name [com.lexicon.springws.dao.AuthorDaoTest.testFindByName]: PROPAGATION_REQUIRED,ISOLATION_DEFAULT
2025-04-16T10:34:28.674+02:00 DEBUG 5488 --- [           main] o.s.orm.jpa.JpaTransactionManager        : Opened new EntityManager [SessionImpl(447207022<open>)] for JPA transaction
2025-04-16T10:34:28.674+02:00 DEBUG 5488 --- [           main] o.h.e.t.internal.TransactionImpl         : On TransactionImpl creation, JpaCompliance#isJpaTransactionComplianceEnabled == false
2025-04-16T10:34:28.674+02:00 DEBUG 5488 --- [           main] o.h.e.t.internal.TransactionImpl         : begin
2025-04-16T10:34:28.674+02:00 DEBUG 5488 --- [           main] o.s.j.datasource.SimpleDriverDataSource  : Creating new JDBC Driver Connection to [jdbc:h2:mem:bb609ebb-9100-4165-aea1-c38e5465d10e;DB_CLOSE_DELAY=-1;DB_CLOSE_ON_EXIT=false]
2025-04-16T10:34:28.674+02:00 DEBUG 5488 --- [           main] o.s.orm.jpa.JpaTransactionManager        : Exposing JPA transaction as JDBC [org.springframework.orm.jpa.vendor.HibernateJpaDialect$HibernateConnectionHandle@189f2184]
2025-04-16T10:34:28.674+02:00 DEBUG 5488 --- [           main] o.s.t.c.transaction.TransactionContext   : Began transaction (1) for test class [com.lexicon.springws.dao.AuthorDaoTest]; test method [testFindByName]; transaction manager [org.springframework.orm.jpa.JpaTransactionManager@1299fed3]; rollback [true]
2025-04-16T10:34:28.675+02:00 DEBUG 5488 --- [           main] org.springframework.test.context.cache   : Spring test ApplicationContext cache statistics: [DefaultContextCache@402adc9c size = 1, maxSize = 32, parentContextCount = 0, hitCount = 15, missCount = 1, failureCount = 0]
2025-04-16T10:34:28.675+02:00 DEBUG 5488 --- [           main] org.springframework.test.context.cache   : Spring test ApplicationContext cache statistics: [DefaultContextCache@402adc9c size = 1, maxSize = 32, parentContextCount = 0, hitCount = 16, missCount = 1, failureCount = 0]
2025-04-16T10:34:28.675+02:00 DEBUG 5488 --- [           main] org.springframework.test.context.cache   : Spring test ApplicationContext cache statistics: [DefaultContextCache@402adc9c size = 1, maxSize = 32, parentContextCount = 0, hitCount = 17, missCount = 1, failureCount = 0]
2025-04-16T10:34:28.676+02:00 DEBUG 5488 --- [           main] org.hibernate.engine.spi.ActionQueue     : Executing identity-insert immediately
2025-04-16T10:34:28.676+02:00 DEBUG 5488 --- [           main] org.hibernate.SQL                        : 
    insert 
    into
        author
        (email, name, author_id) 
    values
        (?, ?, default)
Hibernate: 
    insert 
    into
        author
        (email, name, author_id) 
    values
        (?, ?, default)
2025-04-16T10:34:28.676+02:00 DEBUG 5488 --- [           main] o.h.id.IdentifierGeneratorHelper         : Natively generated identity (com.lexicon.springws.entity.Author) : 4
2025-04-16T10:34:28.677+02:00 DEBUG 5488 --- [           main] org.hibernate.engine.spi.ActionQueue     : Executing identity-insert immediately
2025-04-16T10:34:28.678+02:00 DEBUG 5488 --- [           main] org.hibernate.SQL                        : 
    insert 
    into
        author
        (email, name, author_id) 
    values
        (?, ?, default)
Hibernate: 
    insert 
    into
        author
        (email, name, author_id) 
    values
        (?, ?, default)
2025-04-16T10:34:28.678+02:00 DEBUG 5488 --- [           main] o.h.id.IdentifierGeneratorHelper         : Natively generated identity (com.lexicon.springws.entity.Author) : 5
2025-04-16T10:34:28.678+02:00 DEBUG 5488 --- [           main] o.h.e.i.AbstractFlushingEventListener    : Processing flush-time cascades
2025-04-16T10:34:28.678+02:00 DEBUG 5488 --- [           main] o.h.e.i.AbstractFlushingEventListener    : Dirty checking collections
2025-04-16T10:34:28.678+02:00 DEBUG 5488 --- [           main] o.hibernate.engine.internal.Collections  : Collection found: [com.lexicon.springws.entity.Author.books#4], was: [<unreferenced>] (initialized)
2025-04-16T10:34:28.678+02:00 DEBUG 5488 --- [           main] o.hibernate.engine.internal.Collections  : Collection found: [com.lexicon.springws.entity.Author.books#5], was: [<unreferenced>] (initialized)
2025-04-16T10:34:28.678+02:00 DEBUG 5488 --- [           main] o.h.e.i.AbstractFlushingEventListener    : Flushed: 0 insertions, 0 updates, 0 deletions to 2 objects
2025-04-16T10:34:28.678+02:00 DEBUG 5488 --- [           main] o.h.e.i.AbstractFlushingEventListener    : Flushed: 2 (re)creations, 0 updates, 0 removals to 2 collections
2025-04-16T10:34:28.678+02:00 DEBUG 5488 --- [           main] o.hibernate.internal.util.EntityPrinter  : Listing entities:
2025-04-16T10:34:28.678+02:00 DEBUG 5488 --- [           main] o.hibernate.internal.util.EntityPrinter  : com.lexicon.springws.entity.Author{books=[], name=John Doe, authorId=4, email=john.doe@example.com}
2025-04-16T10:34:28.679+02:00 DEBUG 5488 --- [           main] o.hibernate.internal.util.EntityPrinter  : com.lexicon.springws.entity.Author{books=[], name=John Smith, authorId=5, email=john.smith@example.com}
2025-04-16T10:34:28.679+02:00 DEBUG 5488 --- [           main] org.hibernate.orm.query.hql              : HQL : SELECT a FROM Author a WHERE a.name LIKE :name
2025-04-16T10:34:28.682+02:00 DEBUG 5488 --- [           main] org.hibernate.orm.query.sqm.creation     : Applying inferable type to SqmExpression [SqmNamedParameter(name)] : null -> SqmBasicValuedSimplePath(com.lexicon.springws.entity.Author(a).name)
2025-04-16T10:34:28.683+02:00 DEBUG 5488 --- [           main] org.hibernate.orm.query.sqm.ast          : SqmStatement Tree :
    -> [select]
      -> [query-spec]
        -> [select]
          -> [selection]
            -> [root] - `com.lexicon.springws.entity.Author(a)`
            <- [root] - `com.lexicon.springws.entity.Author(a)`
          <- [selection]
        <- [select]
        -> [from]
          -> [root] - `com.lexicon.springws.entity.Author(a)`
          <- [root] - `com.lexicon.springws.entity.Author(a)`
        <- [from]
        -> [where]
          -> [is-like]
            :name
            -> [basic-path] - `com.lexicon.springws.entity.Author(a).name`
          <- [is-like]
        <- [where]
      <- [query-spec]
    <- [select]

2025-04-16T10:34:28.684+02:00 DEBUG 5488 --- [           main] org.hibernate.orm.sql.ast.create         : Created new SQL alias : a1_0
2025-04-16T10:34:28.684+02:00 DEBUG 5488 --- [           main] org.hibernate.orm.sql.ast.create         : Registration of TableGroup [StandardTableGroup(com.lexicon.springws.entity.Author(a))] with identifierForTableGroup [com.lexicon.springws.entity.Author] for NavigablePath [com.lexicon.springws.entity.Author] 
2025-04-16T10:34:28.685+02:00 DEBUG 5488 --- [           main] o.h.q.sqm.sql.BaseSqmToSqlAstConverter   : Determining mapping-model type for SqmParameter : SqmNamedParameter(name)
2025-04-16T10:34:28.685+02:00 DEBUG 5488 --- [           main] o.h.q.sqm.sql.BaseSqmToSqlAstConverter   : Determining mapping-model type for SqmPath : SqmBasicValuedSimplePath(com.lexicon.springws.entity.Author(a).name) 
2025-04-16T10:34:28.685+02:00 DEBUG 5488 --- [           main] org.hibernate.orm.results.graph.AST      : DomainResult Graph:
 \-EntityResultImpl [com.lexicon.springws.entity.Author(a)]
 |  +-DelayedCollectionFetch [com.lexicon.springws.entity.Author(a).books]
 |  +-BasicFetch [com.lexicon.springws.entity.Author(a).email]
 |  \-BasicFetch [com.lexicon.springws.entity.Author(a).name]

2025-04-16T10:34:28.685+02:00 DEBUG 5488 --- [           main] org.hibernate.orm.sql.ast.tree           : SQL AST Tree:
    SelectStatement {
      FromClause {
        StandardTableGroup (a1 : com.lexicon.springws.entity.Author(a)) {
          primaryTableReference : author as a1_0
        }
      }
    }

2025-04-16T10:34:28.685+02:00 DEBUG 5488 --- [           main] o.h.e.i.AbstractFlushingEventListener    : Processing flush-time cascades
2025-04-16T10:34:28.685+02:00 DEBUG 5488 --- [           main] o.h.e.i.AbstractFlushingEventListener    : Dirty checking collections
2025-04-16T10:34:28.685+02:00 DEBUG 5488 --- [           main] o.hibernate.engine.internal.Collections  : Collection found: [com.lexicon.springws.entity.Author.books#4], was: [com.lexicon.springws.entity.Author.books#4] (initialized)
2025-04-16T10:34:28.685+02:00 DEBUG 5488 --- [           main] o.hibernate.engine.internal.Collections  : Collection found: [com.lexicon.springws.entity.Author.books#5], was: [com.lexicon.springws.entity.Author.books#5] (initialized)
2025-04-16T10:34:28.685+02:00 DEBUG 5488 --- [           main] o.h.e.i.AbstractFlushingEventListener    : Flushed: 0 insertions, 0 updates, 0 deletions to 2 objects
2025-04-16T10:34:28.685+02:00 DEBUG 5488 --- [           main] o.h.e.i.AbstractFlushingEventListener    : Flushed: 0 (re)creations, 0 updates, 0 removals to 2 collections
2025-04-16T10:34:28.685+02:00 DEBUG 5488 --- [           main] o.hibernate.internal.util.EntityPrinter  : Listing entities:
2025-04-16T10:34:28.685+02:00 DEBUG 5488 --- [           main] o.hibernate.internal.util.EntityPrinter  : com.lexicon.springws.entity.Author{books=[], name=John Doe, authorId=4, email=john.doe@example.com}
2025-04-16T10:34:28.686+02:00 DEBUG 5488 --- [           main] o.hibernate.internal.util.EntityPrinter  : com.lexicon.springws.entity.Author{books=[], name=John Smith, authorId=5, email=john.smith@example.com}
2025-04-16T10:34:28.686+02:00 DEBUG 5488 --- [           main] org.hibernate.orm.sql.exec               : Skipping reading Query result cache data: cache-enabled = false, cache-mode = NORMAL
2025-04-16T10:34:28.686+02:00 DEBUG 5488 --- [           main] org.hibernate.orm.results                : Initializer list:
	  com.lexicon.springws.entity.Author(a) -> EntityResultInitializer(com.lexicon.springws.entity.Author(a))@1475550383 (SingleTableEntityPersister(com.lexicon.springws.entity.Author))
	  com.lexicon.springws.entity.Author(a).books -> DelayedCollectionInitializer(com.lexicon.springws.entity.Author(a).books)@1544064370 (PluralAttribute(com.lexicon.springws.entity.Author.books))

2025-04-16T10:34:28.686+02:00 DEBUG 5488 --- [           main] org.hibernate.SQL                        : 
    select
        a1_0.author_id,
        a1_0.email,
        a1_0.name 
    from
        author a1_0 
    where
        a1_0.name like ? escape ''
Hibernate: 
    select
        a1_0.author_id,
        a1_0.email,
        a1_0.name 
    from
        author a1_0 
    where
        a1_0.name like ? escape ''
2025-04-16T10:34:28.687+02:00 DEBUG 5488 --- [           main] org.hibernate.orm.results                : Extracted JDBC value [0] - [4]
2025-04-16T10:34:28.687+02:00 DEBUG 5488 --- [           main] o.hibernate.orm.results.loading.entity   : (EntityResultInitializer) Hydrated EntityKey (com.lexicon.springws.entity.Author(a)): 4
2025-04-16T10:34:28.687+02:00 DEBUG 5488 --- [           main] org.hibernate.orm.results                : Extracted JDBC value [0] - [4]
2025-04-16T10:34:28.687+02:00 DEBUG 5488 --- [           main] o.h.o.r.l.o.h.o.r.loading.collection     : (DelayedCollectionInitializer) Current row collection key : com.lexicon.springws.entity.Author(a).books#4
2025-04-16T10:34:28.687+02:00 DEBUG 5488 --- [           main] org.hibernate.orm.results.loading        : Calling top-level assembler (0 / 1) : org.hibernate.sql.results.graph.entity.internal.EntityAssembler@643947d1
2025-04-16T10:34:28.687+02:00 DEBUG 5488 --- [           main] org.hibernate.orm.results                : Extracted JDBC value [0] - [5]
2025-04-16T10:34:28.687+02:00 DEBUG 5488 --- [           main] o.hibernate.orm.results.loading.entity   : (EntityResultInitializer) Hydrated EntityKey (com.lexicon.springws.entity.Author(a)): 5
2025-04-16T10:34:28.687+02:00 DEBUG 5488 --- [           main] org.hibernate.orm.results                : Extracted JDBC value [0] - [5]
2025-04-16T10:34:28.687+02:00 DEBUG 5488 --- [           main] o.h.o.r.l.o.h.o.r.loading.collection     : (DelayedCollectionInitializer) Current row collection key : com.lexicon.springws.entity.Author(a).books#5
2025-04-16T10:34:28.687+02:00 DEBUG 5488 --- [           main] org.hibernate.orm.results.loading        : Calling top-level assembler (0 / 1) : org.hibernate.sql.results.graph.entity.internal.EntityAssembler@643947d1
2025-04-16T10:34:28.687+02:00 DEBUG 5488 --- [           main] org.springframework.test.context.cache   : Spring test ApplicationContext cache statistics: [DefaultContextCache@402adc9c size = 1, maxSize = 32, parentContextCount = 0, hitCount = 18, missCount = 1, failureCount = 0]
2025-04-16T10:34:28.687+02:00 DEBUG 5488 --- [           main] org.springframework.test.context.cache   : Spring test ApplicationContext cache statistics: [DefaultContextCache@402adc9c size = 1, maxSize = 32, parentContextCount = 0, hitCount = 19, missCount = 1, failureCount = 0]
2025-04-16T10:34:28.687+02:00 DEBUG 5488 --- [           main] org.springframework.test.context.cache   : Spring test ApplicationContext cache statistics: [DefaultContextCache@402adc9c size = 1, maxSize = 32, parentContextCount = 0, hitCount = 20, missCount = 1, failureCount = 0]
2025-04-16T10:34:28.687+02:00 DEBUG 5488 --- [           main] org.springframework.test.context.cache   : Spring test ApplicationContext cache statistics: [DefaultContextCache@402adc9c size = 1, maxSize = 32, parentContextCount = 0, hitCount = 21, missCount = 1, failureCount = 0]
2025-04-16T10:34:28.687+02:00 DEBUG 5488 --- [           main] org.springframework.test.context.cache   : Spring test ApplicationContext cache statistics: [DefaultContextCache@402adc9c size = 1, maxSize = 32, parentContextCount = 0, hitCount = 22, missCount = 1, failureCount = 0]
2025-04-16T10:34:28.689+02:00 DEBUG 5488 --- [           main] org.springframework.test.context.cache   : Spring test ApplicationContext cache statistics: [DefaultContextCache@402adc9c size = 1, maxSize = 32, parentContextCount = 0, hitCount = 23, missCount = 1, failureCount = 0]
2025-04-16T10:34:28.689+02:00 DEBUG 5488 --- [           main] o.s.orm.jpa.JpaTransactionManager        : Initiating transaction rollback
2025-04-16T10:34:28.689+02:00 DEBUG 5488 --- [           main] o.s.orm.jpa.JpaTransactionManager        : Rolling back JPA transaction on EntityManager [SessionImpl(447207022<open>)]
2025-04-16T10:34:28.689+02:00 DEBUG 5488 --- [           main] o.h.e.t.internal.TransactionImpl         : rolling back
2025-04-16T10:34:28.689+02:00 DEBUG 5488 --- [           main] o.s.orm.jpa.JpaTransactionManager        : Closing JPA EntityManager [SessionImpl(447207022<open>)] after transaction
2025-04-16T10:34:28.690+02:00 DEBUG 5488 --- [           main] o.s.t.c.transaction.TransactionContext   : Rolled back transaction (1) for test class [com.lexicon.springws.dao.AuthorDaoTest]; test method [testFindByName]
2025-04-16T10:34:28.690+02:00 DEBUG 5488 --- [           main] .c.s.DirtiesContextTestExecutionListener : After test method: class [AuthorDaoTest], method [testFindByName], class annotated with @DirtiesContext [false] with mode [null], method annotated with @DirtiesContext [false] with mode [null]
]]></system-out>
  </testcase>
  <testcase name="testFindByEmail" classname="com.lexicon.springws.dao.AuthorDaoTest" time="0.02">
    <system-out><![CDATA[2025-04-16T10:34:28.691+02:00 DEBUG 5488 --- [           main] DependencyInjectionTestExecutionListener : Performing dependency injection for test class com.lexicon.springws.dao.AuthorDaoTest
2025-04-16T10:34:28.691+02:00 DEBUG 5488 --- [           main] org.springframework.test.context.cache   : Spring test ApplicationContext cache statistics: [DefaultContextCache@402adc9c size = 1, maxSize = 32, parentContextCount = 0, hitCount = 24, missCount = 1, failureCount = 0]
2025-04-16T10:34:28.691+02:00 DEBUG 5488 --- [           main] org.springframework.test.context.cache   : Spring test ApplicationContext cache statistics: [DefaultContextCache@402adc9c size = 1, maxSize = 32, parentContextCount = 0, hitCount = 25, missCount = 1, failureCount = 0]
2025-04-16T10:34:28.692+02:00 DEBUG 5488 --- [           main] sContextBeforeModesTestExecutionListener : Before test method: class [AuthorDaoTest], method [testFindByEmail], class annotated with @DirtiesContext [false] with mode [null], method annotated with @DirtiesContext [false] with mode [null]
2025-04-16T10:34:28.692+02:00 DEBUG 5488 --- [           main] t.c.t.TransactionalTestExecutionListener : Explicit transaction definition [PROPAGATION_REQUIRED,ISOLATION_DEFAULT] found for test class [com.lexicon.springws.dao.AuthorDaoTest] and test method [testFindByEmail]
2025-04-16T10:34:28.692+02:00 DEBUG 5488 --- [           main] org.springframework.test.context.cache   : Spring test ApplicationContext cache statistics: [DefaultContextCache@402adc9c size = 1, maxSize = 32, parentContextCount = 0, hitCount = 26, missCount = 1, failureCount = 0]
2025-04-16T10:34:28.692+02:00 DEBUG 5488 --- [           main] t.c.t.TransactionalTestExecutionListener : No method-level @Rollback override: using default rollback [true] for test method [public void com.lexicon.springws.dao.AuthorDaoTest.testFindByEmail()]
2025-04-16T10:34:28.692+02:00 DEBUG 5488 --- [           main] o.s.orm.jpa.JpaTransactionManager        : Creating new transaction with name [com.lexicon.springws.dao.AuthorDaoTest.testFindByEmail]: PROPAGATION_REQUIRED,ISOLATION_DEFAULT
2025-04-16T10:34:28.693+02:00 DEBUG 5488 --- [           main] o.s.orm.jpa.JpaTransactionManager        : Opened new EntityManager [SessionImpl(1153015561<open>)] for JPA transaction
2025-04-16T10:34:28.693+02:00 DEBUG 5488 --- [           main] o.h.e.t.internal.TransactionImpl         : On TransactionImpl creation, JpaCompliance#isJpaTransactionComplianceEnabled == false
2025-04-16T10:34:28.693+02:00 DEBUG 5488 --- [           main] o.h.e.t.internal.TransactionImpl         : begin
2025-04-16T10:34:28.693+02:00 DEBUG 5488 --- [           main] o.s.j.datasource.SimpleDriverDataSource  : Creating new JDBC Driver Connection to [jdbc:h2:mem:bb609ebb-9100-4165-aea1-c38e5465d10e;DB_CLOSE_DELAY=-1;DB_CLOSE_ON_EXIT=false]
2025-04-16T10:34:28.693+02:00 DEBUG 5488 --- [           main] o.s.orm.jpa.JpaTransactionManager        : Exposing JPA transaction as JDBC [org.springframework.orm.jpa.vendor.HibernateJpaDialect$HibernateConnectionHandle@724a80d2]
2025-04-16T10:34:28.693+02:00 DEBUG 5488 --- [           main] o.s.t.c.transaction.TransactionContext   : Began transaction (1) for test class [com.lexicon.springws.dao.AuthorDaoTest]; test method [testFindByEmail]; transaction manager [org.springframework.orm.jpa.JpaTransactionManager@1299fed3]; rollback [true]
2025-04-16T10:34:28.694+02:00 DEBUG 5488 --- [           main] org.springframework.test.context.cache   : Spring test ApplicationContext cache statistics: [DefaultContextCache@402adc9c size = 1, maxSize = 32, parentContextCount = 0, hitCount = 27, missCount = 1, failureCount = 0]
2025-04-16T10:34:28.694+02:00 DEBUG 5488 --- [           main] org.springframework.test.context.cache   : Spring test ApplicationContext cache statistics: [DefaultContextCache@402adc9c size = 1, maxSize = 32, parentContextCount = 0, hitCount = 28, missCount = 1, failureCount = 0]
2025-04-16T10:34:28.694+02:00 DEBUG 5488 --- [           main] org.springframework.test.context.cache   : Spring test ApplicationContext cache statistics: [DefaultContextCache@402adc9c size = 1, maxSize = 32, parentContextCount = 0, hitCount = 29, missCount = 1, failureCount = 0]
2025-04-16T10:34:28.695+02:00 DEBUG 5488 --- [           main] org.hibernate.engine.spi.ActionQueue     : Executing identity-insert immediately
2025-04-16T10:34:28.695+02:00 DEBUG 5488 --- [           main] org.hibernate.SQL                        : 
    insert 
    into
        author
        (email, name, author_id) 
    values
        (?, ?, default)
Hibernate: 
    insert 
    into
        author
        (email, name, author_id) 
    values
        (?, ?, default)
2025-04-16T10:34:28.696+02:00 DEBUG 5488 --- [           main] o.h.id.IdentifierGeneratorHelper         : Natively generated identity (com.lexicon.springws.entity.Author) : 6
2025-04-16T10:34:28.697+02:00 DEBUG 5488 --- [           main] o.h.e.i.AbstractFlushingEventListener    : Processing flush-time cascades
2025-04-16T10:34:28.697+02:00 DEBUG 5488 --- [           main] o.h.e.i.AbstractFlushingEventListener    : Dirty checking collections
2025-04-16T10:34:28.697+02:00 DEBUG 5488 --- [           main] o.hibernate.engine.internal.Collections  : Collection found: [com.lexicon.springws.entity.Author.books#6], was: [<unreferenced>] (initialized)
2025-04-16T10:34:28.697+02:00 DEBUG 5488 --- [           main] o.h.e.i.AbstractFlushingEventListener    : Flushed: 0 insertions, 0 updates, 0 deletions to 1 objects
2025-04-16T10:34:28.697+02:00 DEBUG 5488 --- [           main] o.h.e.i.AbstractFlushingEventListener    : Flushed: 1 (re)creations, 0 updates, 0 removals to 1 collections
2025-04-16T10:34:28.697+02:00 DEBUG 5488 --- [           main] o.hibernate.internal.util.EntityPrinter  : Listing entities:
2025-04-16T10:34:28.697+02:00 DEBUG 5488 --- [           main] o.hibernate.internal.util.EntityPrinter  : com.lexicon.springws.entity.Author{books=[], name=John Doe, authorId=6, email=john.doe@example.com}
2025-04-16T10:34:28.698+02:00 DEBUG 5488 --- [           main] org.hibernate.orm.query.hql              : HQL : SELECT a FROM Author a WHERE a.email = :email
2025-04-16T10:34:28.700+02:00 DEBUG 5488 --- [           main] org.hibernate.orm.query.sqm.creation     : Applying inferable type to SqmExpression [SqmNamedParameter(email)] : null -> SqmBasicValuedSimplePath(com.lexicon.springws.entity.Author(a).email)
2025-04-16T10:34:28.701+02:00 DEBUG 5488 --- [           main] org.hibernate.orm.query.sqm.ast          : SqmStatement Tree :
    -> [select]
      -> [query-spec]
        -> [select]
          -> [selection]
            -> [root] - `com.lexicon.springws.entity.Author(a)`
            <- [root] - `com.lexicon.springws.entity.Author(a)`
          <- [selection]
        <- [select]
        -> [from]
          -> [root] - `com.lexicon.springws.entity.Author(a)`
          <- [root] - `com.lexicon.springws.entity.Author(a)`
        <- [from]
        -> [where]
          -> [EQUAL]
              -> [basic-path] - `com.lexicon.springws.entity.Author(a).email`
              :email
          <- [EQUAL]
        <- [where]
      <- [query-spec]
    <- [select]

2025-04-16T10:34:28.701+02:00 DEBUG 5488 --- [           main] org.hibernate.orm.sql.ast.create         : Created new SQL alias : a1_0
2025-04-16T10:34:28.701+02:00 DEBUG 5488 --- [           main] org.hibernate.orm.sql.ast.create         : Registration of TableGroup [StandardTableGroup(com.lexicon.springws.entity.Author(a))] with identifierForTableGroup [com.lexicon.springws.entity.Author] for NavigablePath [com.lexicon.springws.entity.Author] 
2025-04-16T10:34:28.702+02:00 DEBUG 5488 --- [           main] o.h.q.sqm.sql.BaseSqmToSqlAstConverter   : Determining mapping-model type for SqmParameter : SqmNamedParameter(email)
2025-04-16T10:34:28.702+02:00 DEBUG 5488 --- [           main] o.h.q.sqm.sql.BaseSqmToSqlAstConverter   : Determining mapping-model type for SqmPath : SqmBasicValuedSimplePath(com.lexicon.springws.entity.Author(a).email) 
2025-04-16T10:34:28.702+02:00 DEBUG 5488 --- [           main] org.hibernate.orm.results.graph.AST      : DomainResult Graph:
 \-EntityResultImpl [com.lexicon.springws.entity.Author(a)]
 |  +-DelayedCollectionFetch [com.lexicon.springws.entity.Author(a).books]
 |  +-BasicFetch [com.lexicon.springws.entity.Author(a).email]
 |  \-BasicFetch [com.lexicon.springws.entity.Author(a).name]

2025-04-16T10:34:28.702+02:00 DEBUG 5488 --- [           main] org.hibernate.orm.sql.ast.tree           : SQL AST Tree:
    SelectStatement {
      FromClause {
        StandardTableGroup (a1 : com.lexicon.springws.entity.Author(a)) {
          primaryTableReference : author as a1_0
        }
      }
    }

2025-04-16T10:34:28.702+02:00 DEBUG 5488 --- [           main] o.h.e.i.AbstractFlushingEventListener    : Processing flush-time cascades
2025-04-16T10:34:28.702+02:00 DEBUG 5488 --- [           main] o.h.e.i.AbstractFlushingEventListener    : Dirty checking collections
2025-04-16T10:34:28.703+02:00 DEBUG 5488 --- [           main] o.hibernate.engine.internal.Collections  : Collection found: [com.lexicon.springws.entity.Author.books#6], was: [com.lexicon.springws.entity.Author.books#6] (initialized)
2025-04-16T10:34:28.703+02:00 DEBUG 5488 --- [           main] o.h.e.i.AbstractFlushingEventListener    : Flushed: 0 insertions, 0 updates, 0 deletions to 1 objects
2025-04-16T10:34:28.703+02:00 DEBUG 5488 --- [           main] o.h.e.i.AbstractFlushingEventListener    : Flushed: 0 (re)creations, 0 updates, 0 removals to 1 collections
2025-04-16T10:34:28.703+02:00 DEBUG 5488 --- [           main] o.hibernate.internal.util.EntityPrinter  : Listing entities:
2025-04-16T10:34:28.703+02:00 DEBUG 5488 --- [           main] o.hibernate.internal.util.EntityPrinter  : com.lexicon.springws.entity.Author{books=[], name=John Doe, authorId=6, email=john.doe@example.com}
2025-04-16T10:34:28.703+02:00 DEBUG 5488 --- [           main] org.hibernate.orm.sql.exec               : Skipping reading Query result cache data: cache-enabled = false, cache-mode = NORMAL
2025-04-16T10:34:28.703+02:00 DEBUG 5488 --- [           main] org.hibernate.orm.results                : Initializer list:
	  com.lexicon.springws.entity.Author(a) -> EntityResultInitializer(com.lexicon.springws.entity.Author(a))@748990480 (SingleTableEntityPersister(com.lexicon.springws.entity.Author))
	  com.lexicon.springws.entity.Author(a).books -> DelayedCollectionInitializer(com.lexicon.springws.entity.Author(a).books)@138099139 (PluralAttribute(com.lexicon.springws.entity.Author.books))

2025-04-16T10:34:28.703+02:00 DEBUG 5488 --- [           main] org.hibernate.SQL                        : 
    select
        a1_0.author_id,
        a1_0.email,
        a1_0.name 
    from
        author a1_0 
    where
        a1_0.email=?
Hibernate: 
    select
        a1_0.author_id,
        a1_0.email,
        a1_0.name 
    from
        author a1_0 
    where
        a1_0.email=?
2025-04-16T10:34:28.704+02:00 DEBUG 5488 --- [           main] org.hibernate.orm.results                : Extracted JDBC value [0] - [6]
2025-04-16T10:34:28.704+02:00 DEBUG 5488 --- [           main] o.hibernate.orm.results.loading.entity   : (EntityResultInitializer) Hydrated EntityKey (com.lexicon.springws.entity.Author(a)): 6
2025-04-16T10:34:28.704+02:00 DEBUG 5488 --- [           main] org.hibernate.orm.results                : Extracted JDBC value [0] - [6]
2025-04-16T10:34:28.704+02:00 DEBUG 5488 --- [           main] o.h.o.r.l.o.h.o.r.loading.collection     : (DelayedCollectionInitializer) Current row collection key : com.lexicon.springws.entity.Author(a).books#6
2025-04-16T10:34:28.704+02:00 DEBUG 5488 --- [           main] org.hibernate.orm.results.loading        : Calling top-level assembler (0 / 1) : org.hibernate.sql.results.graph.entity.internal.EntityAssembler@6bd5aa8b
2025-04-16T10:34:28.710+02:00 DEBUG 5488 --- [           main] org.springframework.test.context.cache   : Spring test ApplicationContext cache statistics: [DefaultContextCache@402adc9c size = 1, maxSize = 32, parentContextCount = 0, hitCount = 30, missCount = 1, failureCount = 0]
2025-04-16T10:34:28.710+02:00 DEBUG 5488 --- [           main] org.springframework.test.context.cache   : Spring test ApplicationContext cache statistics: [DefaultContextCache@402adc9c size = 1, maxSize = 32, parentContextCount = 0, hitCount = 31, missCount = 1, failureCount = 0]
2025-04-16T10:34:28.710+02:00 DEBUG 5488 --- [           main] org.springframework.test.context.cache   : Spring test ApplicationContext cache statistics: [DefaultContextCache@402adc9c size = 1, maxSize = 32, parentContextCount = 0, hitCount = 32, missCount = 1, failureCount = 0]
2025-04-16T10:34:28.710+02:00 DEBUG 5488 --- [           main] org.springframework.test.context.cache   : Spring test ApplicationContext cache statistics: [DefaultContextCache@402adc9c size = 1, maxSize = 32, parentContextCount = 0, hitCount = 33, missCount = 1, failureCount = 0]
2025-04-16T10:34:28.711+02:00 DEBUG 5488 --- [           main] org.springframework.test.context.cache   : Spring test ApplicationContext cache statistics: [DefaultContextCache@402adc9c size = 1, maxSize = 32, parentContextCount = 0, hitCount = 34, missCount = 1, failureCount = 0]
2025-04-16T10:34:28.711+02:00 DEBUG 5488 --- [           main] org.springframework.test.context.cache   : Spring test ApplicationContext cache statistics: [DefaultContextCache@402adc9c size = 1, maxSize = 32, parentContextCount = 0, hitCount = 35, missCount = 1, failureCount = 0]
2025-04-16T10:34:28.712+02:00 DEBUG 5488 --- [           main] o.s.orm.jpa.JpaTransactionManager        : Initiating transaction rollback
2025-04-16T10:34:28.712+02:00 DEBUG 5488 --- [           main] o.s.orm.jpa.JpaTransactionManager        : Rolling back JPA transaction on EntityManager [SessionImpl(1153015561<open>)]
2025-04-16T10:34:28.712+02:00 DEBUG 5488 --- [           main] o.h.e.t.internal.TransactionImpl         : rolling back
2025-04-16T10:34:28.712+02:00 DEBUG 5488 --- [           main] o.s.orm.jpa.JpaTransactionManager        : Closing JPA EntityManager [SessionImpl(1153015561<open>)] after transaction
2025-04-16T10:34:28.712+02:00 DEBUG 5488 --- [           main] o.s.t.c.transaction.TransactionContext   : Rolled back transaction (1) for test class [com.lexicon.springws.dao.AuthorDaoTest]; test method [testFindByEmail]
2025-04-16T10:34:28.712+02:00 DEBUG 5488 --- [           main] .c.s.DirtiesContextTestExecutionListener : After test method: class [AuthorDaoTest], method [testFindByEmail], class annotated with @DirtiesContext [false] with mode [null], method annotated with @DirtiesContext [false] with mode [null]
]]></system-out>
  </testcase>
  <testcase name="testDelete" classname="com.lexicon.springws.dao.AuthorDaoTest" time="0.018">
    <system-out><![CDATA[2025-04-16T10:34:28.713+02:00 DEBUG 5488 --- [           main] DependencyInjectionTestExecutionListener : Performing dependency injection for test class com.lexicon.springws.dao.AuthorDaoTest
2025-04-16T10:34:28.713+02:00 DEBUG 5488 --- [           main] org.springframework.test.context.cache   : Spring test ApplicationContext cache statistics: [DefaultContextCache@402adc9c size = 1, maxSize = 32, parentContextCount = 0, hitCount = 36, missCount = 1, failureCount = 0]
2025-04-16T10:34:28.713+02:00 DEBUG 5488 --- [           main] org.springframework.test.context.cache   : Spring test ApplicationContext cache statistics: [DefaultContextCache@402adc9c size = 1, maxSize = 32, parentContextCount = 0, hitCount = 37, missCount = 1, failureCount = 0]
2025-04-16T10:34:28.715+02:00 DEBUG 5488 --- [           main] sContextBeforeModesTestExecutionListener : Before test method: class [AuthorDaoTest], method [testDelete], class annotated with @DirtiesContext [false] with mode [null], method annotated with @DirtiesContext [false] with mode [null]
2025-04-16T10:34:28.715+02:00 DEBUG 5488 --- [           main] t.c.t.TransactionalTestExecutionListener : Explicit transaction definition [PROPAGATION_REQUIRED,ISOLATION_DEFAULT] found for test class [com.lexicon.springws.dao.AuthorDaoTest] and test method [testDelete]
2025-04-16T10:34:28.715+02:00 DEBUG 5488 --- [           main] org.springframework.test.context.cache   : Spring test ApplicationContext cache statistics: [DefaultContextCache@402adc9c size = 1, maxSize = 32, parentContextCount = 0, hitCount = 38, missCount = 1, failureCount = 0]
2025-04-16T10:34:28.715+02:00 DEBUG 5488 --- [           main] t.c.t.TransactionalTestExecutionListener : No method-level @Rollback override: using default rollback [true] for test method [public void com.lexicon.springws.dao.AuthorDaoTest.testDelete()]
2025-04-16T10:34:28.715+02:00 DEBUG 5488 --- [           main] o.s.orm.jpa.JpaTransactionManager        : Creating new transaction with name [com.lexicon.springws.dao.AuthorDaoTest.testDelete]: PROPAGATION_REQUIRED,ISOLATION_DEFAULT
2025-04-16T10:34:28.716+02:00 DEBUG 5488 --- [           main] o.s.orm.jpa.JpaTransactionManager        : Opened new EntityManager [SessionImpl(1459137285<open>)] for JPA transaction
2025-04-16T10:34:28.716+02:00 DEBUG 5488 --- [           main] o.h.e.t.internal.TransactionImpl         : On TransactionImpl creation, JpaCompliance#isJpaTransactionComplianceEnabled == false
2025-04-16T10:34:28.716+02:00 DEBUG 5488 --- [           main] o.h.e.t.internal.TransactionImpl         : begin
2025-04-16T10:34:28.716+02:00 DEBUG 5488 --- [           main] o.s.j.datasource.SimpleDriverDataSource  : Creating new JDBC Driver Connection to [jdbc:h2:mem:bb609ebb-9100-4165-aea1-c38e5465d10e;DB_CLOSE_DELAY=-1;DB_CLOSE_ON_EXIT=false]
2025-04-16T10:34:28.716+02:00 DEBUG 5488 --- [           main] o.s.orm.jpa.JpaTransactionManager        : Exposing JPA transaction as JDBC [org.springframework.orm.jpa.vendor.HibernateJpaDialect$HibernateConnectionHandle@619dc070]
2025-04-16T10:34:28.716+02:00 DEBUG 5488 --- [           main] o.s.t.c.transaction.TransactionContext   : Began transaction (1) for test class [com.lexicon.springws.dao.AuthorDaoTest]; test method [testDelete]; transaction manager [org.springframework.orm.jpa.JpaTransactionManager@1299fed3]; rollback [true]
2025-04-16T10:34:28.717+02:00 DEBUG 5488 --- [           main] org.springframework.test.context.cache   : Spring test ApplicationContext cache statistics: [DefaultContextCache@402adc9c size = 1, maxSize = 32, parentContextCount = 0, hitCount = 39, missCount = 1, failureCount = 0]
2025-04-16T10:34:28.717+02:00 DEBUG 5488 --- [           main] org.springframework.test.context.cache   : Spring test ApplicationContext cache statistics: [DefaultContextCache@402adc9c size = 1, maxSize = 32, parentContextCount = 0, hitCount = 40, missCount = 1, failureCount = 0]
2025-04-16T10:34:28.717+02:00 DEBUG 5488 --- [           main] org.springframework.test.context.cache   : Spring test ApplicationContext cache statistics: [DefaultContextCache@402adc9c size = 1, maxSize = 32, parentContextCount = 0, hitCount = 41, missCount = 1, failureCount = 0]
2025-04-16T10:34:28.719+02:00 DEBUG 5488 --- [           main] org.hibernate.engine.spi.ActionQueue     : Executing identity-insert immediately
2025-04-16T10:34:28.719+02:00 DEBUG 5488 --- [           main] org.hibernate.SQL                        : 
    insert 
    into
        author
        (email, name, author_id) 
    values
        (?, ?, default)
Hibernate: 
    insert 
    into
        author
        (email, name, author_id) 
    values
        (?, ?, default)
2025-04-16T10:34:28.720+02:00 DEBUG 5488 --- [           main] o.h.id.IdentifierGeneratorHelper         : Natively generated identity (com.lexicon.springws.entity.Author) : 7
2025-04-16T10:34:28.721+02:00 DEBUG 5488 --- [           main] o.h.e.i.AbstractFlushingEventListener    : Processing flush-time cascades
2025-04-16T10:34:28.721+02:00 DEBUG 5488 --- [           main] o.h.e.i.AbstractFlushingEventListener    : Dirty checking collections
2025-04-16T10:34:28.721+02:00 DEBUG 5488 --- [           main] o.hibernate.engine.internal.Collections  : Collection found: [com.lexicon.springws.entity.Author.books#7], was: [<unreferenced>] (initialized)
2025-04-16T10:34:28.721+02:00 DEBUG 5488 --- [           main] o.h.e.i.AbstractFlushingEventListener    : Flushed: 0 insertions, 0 updates, 0 deletions to 1 objects
2025-04-16T10:34:28.721+02:00 DEBUG 5488 --- [           main] o.h.e.i.AbstractFlushingEventListener    : Flushed: 1 (re)creations, 0 updates, 0 removals to 1 collections
2025-04-16T10:34:28.721+02:00 DEBUG 5488 --- [           main] o.hibernate.internal.util.EntityPrinter  : Listing entities:
2025-04-16T10:34:28.721+02:00 DEBUG 5488 --- [           main] o.hibernate.internal.util.EntityPrinter  : com.lexicon.springws.entity.Author{books=[], name=John Doe, authorId=7, email=john.doe@example.com}
2025-04-16T10:34:28.722+02:00 DEBUG 5488 --- [           main] o.s.orm.jpa.JpaTransactionManager        : Found thread-bound EntityManager [SessionImpl(1459137285<open>)] for JPA transaction
2025-04-16T10:34:28.722+02:00 DEBUG 5488 --- [           main] o.s.orm.jpa.JpaTransactionManager        : Participating in existing transaction
2025-04-16T10:34:28.729+02:00 DEBUG 5488 --- [           main] org.hibernate.orm.results.loading        : Load request found matching entity in context, but it is scheduled for removal; returning null
2025-04-16T10:34:28.730+02:00 DEBUG 5488 --- [           main] org.springframework.test.context.cache   : Spring test ApplicationContext cache statistics: [DefaultContextCache@402adc9c size = 1, maxSize = 32, parentContextCount = 0, hitCount = 42, missCount = 1, failureCount = 0]
2025-04-16T10:34:28.730+02:00 DEBUG 5488 --- [           main] org.springframework.test.context.cache   : Spring test ApplicationContext cache statistics: [DefaultContextCache@402adc9c size = 1, maxSize = 32, parentContextCount = 0, hitCount = 43, missCount = 1, failureCount = 0]
2025-04-16T10:34:28.730+02:00 DEBUG 5488 --- [           main] org.springframework.test.context.cache   : Spring test ApplicationContext cache statistics: [DefaultContextCache@402adc9c size = 1, maxSize = 32, parentContextCount = 0, hitCount = 44, missCount = 1, failureCount = 0]
2025-04-16T10:34:28.730+02:00 DEBUG 5488 --- [           main] org.springframework.test.context.cache   : Spring test ApplicationContext cache statistics: [DefaultContextCache@402adc9c size = 1, maxSize = 32, parentContextCount = 0, hitCount = 45, missCount = 1, failureCount = 0]
2025-04-16T10:34:28.731+02:00 DEBUG 5488 --- [           main] org.springframework.test.context.cache   : Spring test ApplicationContext cache statistics: [DefaultContextCache@402adc9c size = 1, maxSize = 32, parentContextCount = 0, hitCount = 46, missCount = 1, failureCount = 0]
2025-04-16T10:34:28.731+02:00 DEBUG 5488 --- [           main] org.springframework.test.context.cache   : Spring test ApplicationContext cache statistics: [DefaultContextCache@402adc9c size = 1, maxSize = 32, parentContextCount = 0, hitCount = 47, missCount = 1, failureCount = 0]
2025-04-16T10:34:28.731+02:00 DEBUG 5488 --- [           main] o.s.orm.jpa.JpaTransactionManager        : Initiating transaction rollback
2025-04-16T10:34:28.731+02:00 DEBUG 5488 --- [           main] o.s.orm.jpa.JpaTransactionManager        : Rolling back JPA transaction on EntityManager [SessionImpl(1459137285<open>)]
2025-04-16T10:34:28.731+02:00 DEBUG 5488 --- [           main] o.h.e.t.internal.TransactionImpl         : rolling back
2025-04-16T10:34:28.732+02:00 DEBUG 5488 --- [           main] o.s.orm.jpa.JpaTransactionManager        : Closing JPA EntityManager [SessionImpl(1459137285<open>)] after transaction
2025-04-16T10:34:28.732+02:00 DEBUG 5488 --- [           main] o.s.t.c.transaction.TransactionContext   : Rolled back transaction (1) for test class [com.lexicon.springws.dao.AuthorDaoTest]; test method [testDelete]
2025-04-16T10:34:28.732+02:00 DEBUG 5488 --- [           main] .c.s.DirtiesContextTestExecutionListener : After test method: class [AuthorDaoTest], method [testDelete], class annotated with @DirtiesContext [false] with mode [null], method annotated with @DirtiesContext [false] with mode [null]
]]></system-out>
  </testcase>
  <testcase name="testUpdate" classname="com.lexicon.springws.dao.AuthorDaoTest" time="0.01">
    <system-out><![CDATA[2025-04-16T10:34:28.733+02:00 DEBUG 5488 --- [           main] DependencyInjectionTestExecutionListener : Performing dependency injection for test class com.lexicon.springws.dao.AuthorDaoTest
2025-04-16T10:34:28.733+02:00 DEBUG 5488 --- [           main] org.springframework.test.context.cache   : Spring test ApplicationContext cache statistics: [DefaultContextCache@402adc9c size = 1, maxSize = 32, parentContextCount = 0, hitCount = 48, missCount = 1, failureCount = 0]
2025-04-16T10:34:28.733+02:00 DEBUG 5488 --- [           main] org.springframework.test.context.cache   : Spring test ApplicationContext cache statistics: [DefaultContextCache@402adc9c size = 1, maxSize = 32, parentContextCount = 0, hitCount = 49, missCount = 1, failureCount = 0]
2025-04-16T10:34:28.734+02:00 DEBUG 5488 --- [           main] sContextBeforeModesTestExecutionListener : Before test method: class [AuthorDaoTest], method [testUpdate], class annotated with @DirtiesContext [false] with mode [null], method annotated with @DirtiesContext [false] with mode [null]
2025-04-16T10:34:28.734+02:00 DEBUG 5488 --- [           main] t.c.t.TransactionalTestExecutionListener : Explicit transaction definition [PROPAGATION_REQUIRED,ISOLATION_DEFAULT] found for test class [com.lexicon.springws.dao.AuthorDaoTest] and test method [testUpdate]
2025-04-16T10:34:28.734+02:00 DEBUG 5488 --- [           main] org.springframework.test.context.cache   : Spring test ApplicationContext cache statistics: [DefaultContextCache@402adc9c size = 1, maxSize = 32, parentContextCount = 0, hitCount = 50, missCount = 1, failureCount = 0]
2025-04-16T10:34:28.734+02:00 DEBUG 5488 --- [           main] t.c.t.TransactionalTestExecutionListener : No method-level @Rollback override: using default rollback [true] for test method [public void com.lexicon.springws.dao.AuthorDaoTest.testUpdate()]
2025-04-16T10:34:28.734+02:00 DEBUG 5488 --- [           main] o.s.orm.jpa.JpaTransactionManager        : Creating new transaction with name [com.lexicon.springws.dao.AuthorDaoTest.testUpdate]: PROPAGATION_REQUIRED,ISOLATION_DEFAULT
2025-04-16T10:34:28.734+02:00 DEBUG 5488 --- [           main] o.s.orm.jpa.JpaTransactionManager        : Opened new EntityManager [SessionImpl(85102332<open>)] for JPA transaction
2025-04-16T10:34:28.734+02:00 DEBUG 5488 --- [           main] o.h.e.t.internal.TransactionImpl         : On TransactionImpl creation, JpaCompliance#isJpaTransactionComplianceEnabled == false
2025-04-16T10:34:28.734+02:00 DEBUG 5488 --- [           main] o.h.e.t.internal.TransactionImpl         : begin
2025-04-16T10:34:28.734+02:00 DEBUG 5488 --- [           main] o.s.j.datasource.SimpleDriverDataSource  : Creating new JDBC Driver Connection to [jdbc:h2:mem:bb609ebb-9100-4165-aea1-c38e5465d10e;DB_CLOSE_DELAY=-1;DB_CLOSE_ON_EXIT=false]
2025-04-16T10:34:28.735+02:00 DEBUG 5488 --- [           main] o.s.orm.jpa.JpaTransactionManager        : Exposing JPA transaction as JDBC [org.springframework.orm.jpa.vendor.HibernateJpaDialect$HibernateConnectionHandle@593d5f39]
2025-04-16T10:34:28.735+02:00 DEBUG 5488 --- [           main] o.s.t.c.transaction.TransactionContext   : Began transaction (1) for test class [com.lexicon.springws.dao.AuthorDaoTest]; test method [testUpdate]; transaction manager [org.springframework.orm.jpa.JpaTransactionManager@1299fed3]; rollback [true]
2025-04-16T10:34:28.735+02:00 DEBUG 5488 --- [           main] org.springframework.test.context.cache   : Spring test ApplicationContext cache statistics: [DefaultContextCache@402adc9c size = 1, maxSize = 32, parentContextCount = 0, hitCount = 51, missCount = 1, failureCount = 0]
2025-04-16T10:34:28.735+02:00 DEBUG 5488 --- [           main] org.springframework.test.context.cache   : Spring test ApplicationContext cache statistics: [DefaultContextCache@402adc9c size = 1, maxSize = 32, parentContextCount = 0, hitCount = 52, missCount = 1, failureCount = 0]
2025-04-16T10:34:28.736+02:00 DEBUG 5488 --- [           main] org.springframework.test.context.cache   : Spring test ApplicationContext cache statistics: [DefaultContextCache@402adc9c size = 1, maxSize = 32, parentContextCount = 0, hitCount = 53, missCount = 1, failureCount = 0]
2025-04-16T10:34:28.736+02:00 DEBUG 5488 --- [           main] org.hibernate.engine.spi.ActionQueue     : Executing identity-insert immediately
2025-04-16T10:34:28.736+02:00 DEBUG 5488 --- [           main] org.hibernate.SQL                        : 
    insert 
    into
        author
        (email, name, author_id) 
    values
        (?, ?, default)
Hibernate: 
    insert 
    into
        author
        (email, name, author_id) 
    values
        (?, ?, default)
2025-04-16T10:34:28.737+02:00 DEBUG 5488 --- [           main] o.h.id.IdentifierGeneratorHelper         : Natively generated identity (com.lexicon.springws.entity.Author) : 8
2025-04-16T10:34:28.737+02:00 DEBUG 5488 --- [           main] o.h.e.i.AbstractFlushingEventListener    : Processing flush-time cascades
2025-04-16T10:34:28.737+02:00 DEBUG 5488 --- [           main] o.h.e.i.AbstractFlushingEventListener    : Dirty checking collections
2025-04-16T10:34:28.738+02:00 DEBUG 5488 --- [           main] o.hibernate.engine.internal.Collections  : Collection found: [com.lexicon.springws.entity.Author.books#8], was: [<unreferenced>] (initialized)
2025-04-16T10:34:28.738+02:00 DEBUG 5488 --- [           main] o.h.e.i.AbstractFlushingEventListener    : Flushed: 0 insertions, 0 updates, 0 deletions to 1 objects
2025-04-16T10:34:28.738+02:00 DEBUG 5488 --- [           main] o.h.e.i.AbstractFlushingEventListener    : Flushed: 1 (re)creations, 0 updates, 0 removals to 1 collections
2025-04-16T10:34:28.738+02:00 DEBUG 5488 --- [           main] o.hibernate.internal.util.EntityPrinter  : Listing entities:
2025-04-16T10:34:28.738+02:00 DEBUG 5488 --- [           main] o.hibernate.internal.util.EntityPrinter  : com.lexicon.springws.entity.Author{books=[], name=John Doe, authorId=8, email=john.doe@example.com}
2025-04-16T10:34:28.738+02:00 DEBUG 5488 --- [           main] o.s.orm.jpa.JpaTransactionManager        : Found thread-bound EntityManager [SessionImpl(85102332<open>)] for JPA transaction
2025-04-16T10:34:28.738+02:00 DEBUG 5488 --- [           main] o.s.orm.jpa.JpaTransactionManager        : Participating in existing transaction
2025-04-16T10:34:28.740+02:00 DEBUG 5488 --- [           main] org.springframework.test.context.cache   : Spring test ApplicationContext cache statistics: [DefaultContextCache@402adc9c size = 1, maxSize = 32, parentContextCount = 0, hitCount = 54, missCount = 1, failureCount = 0]
2025-04-16T10:34:28.741+02:00 DEBUG 5488 --- [           main] org.springframework.test.context.cache   : Spring test ApplicationContext cache statistics: [DefaultContextCache@402adc9c size = 1, maxSize = 32, parentContextCount = 0, hitCount = 55, missCount = 1, failureCount = 0]
2025-04-16T10:34:28.741+02:00 DEBUG 5488 --- [           main] org.springframework.test.context.cache   : Spring test ApplicationContext cache statistics: [DefaultContextCache@402adc9c size = 1, maxSize = 32, parentContextCount = 0, hitCount = 56, missCount = 1, failureCount = 0]
2025-04-16T10:34:28.741+02:00 DEBUG 5488 --- [           main] org.springframework.test.context.cache   : Spring test ApplicationContext cache statistics: [DefaultContextCache@402adc9c size = 1, maxSize = 32, parentContextCount = 0, hitCount = 57, missCount = 1, failureCount = 0]
2025-04-16T10:34:28.741+02:00 DEBUG 5488 --- [           main] org.springframework.test.context.cache   : Spring test ApplicationContext cache statistics: [DefaultContextCache@402adc9c size = 1, maxSize = 32, parentContextCount = 0, hitCount = 58, missCount = 1, failureCount = 0]
2025-04-16T10:34:28.742+02:00 DEBUG 5488 --- [           main] org.springframework.test.context.cache   : Spring test ApplicationContext cache statistics: [DefaultContextCache@402adc9c size = 1, maxSize = 32, parentContextCount = 0, hitCount = 59, missCount = 1, failureCount = 0]
2025-04-16T10:34:28.742+02:00 DEBUG 5488 --- [           main] o.s.orm.jpa.JpaTransactionManager        : Initiating transaction rollback
2025-04-16T10:34:28.742+02:00 DEBUG 5488 --- [           main] o.s.orm.jpa.JpaTransactionManager        : Rolling back JPA transaction on EntityManager [SessionImpl(85102332<open>)]
2025-04-16T10:34:28.742+02:00 DEBUG 5488 --- [           main] o.h.e.t.internal.TransactionImpl         : rolling back
2025-04-16T10:34:28.742+02:00 DEBUG 5488 --- [           main] o.s.orm.jpa.JpaTransactionManager        : Closing JPA EntityManager [SessionImpl(85102332<open>)] after transaction
2025-04-16T10:34:28.742+02:00 DEBUG 5488 --- [           main] o.s.t.c.transaction.TransactionContext   : Rolled back transaction (1) for test class [com.lexicon.springws.dao.AuthorDaoTest]; test method [testUpdate]
2025-04-16T10:34:28.742+02:00 DEBUG 5488 --- [           main] .c.s.DirtiesContextTestExecutionListener : After test method: class [AuthorDaoTest], method [testUpdate], class annotated with @DirtiesContext [false] with mode [null], method annotated with @DirtiesContext [false] with mode [null]
]]></system-out>
  </testcase>
  <testcase name="testSaveAndFindById" classname="com.lexicon.springws.dao.AuthorDaoTest" time="0.009">
    <system-out><![CDATA[2025-04-16T10:34:28.743+02:00 DEBUG 5488 --- [           main] DependencyInjectionTestExecutionListener : Performing dependency injection for test class com.lexicon.springws.dao.AuthorDaoTest
2025-04-16T10:34:28.743+02:00 DEBUG 5488 --- [           main] org.springframework.test.context.cache   : Spring test ApplicationContext cache statistics: [DefaultContextCache@402adc9c size = 1, maxSize = 32, parentContextCount = 0, hitCount = 60, missCount = 1, failureCount = 0]
2025-04-16T10:34:28.744+02:00 DEBUG 5488 --- [           main] org.springframework.test.context.cache   : Spring test ApplicationContext cache statistics: [DefaultContextCache@402adc9c size = 1, maxSize = 32, parentContextCount = 0, hitCount = 61, missCount = 1, failureCount = 0]
2025-04-16T10:34:28.745+02:00 DEBUG 5488 --- [           main] sContextBeforeModesTestExecutionListener : Before test method: class [AuthorDaoTest], method [testSaveAndFindById], class annotated with @DirtiesContext [false] with mode [null], method annotated with @DirtiesContext [false] with mode [null]
2025-04-16T10:34:28.745+02:00 DEBUG 5488 --- [           main] t.c.t.TransactionalTestExecutionListener : Explicit transaction definition [PROPAGATION_REQUIRED,ISOLATION_DEFAULT] found for test class [com.lexicon.springws.dao.AuthorDaoTest] and test method [testSaveAndFindById]
2025-04-16T10:34:28.745+02:00 DEBUG 5488 --- [           main] org.springframework.test.context.cache   : Spring test ApplicationContext cache statistics: [DefaultContextCache@402adc9c size = 1, maxSize = 32, parentContextCount = 0, hitCount = 62, missCount = 1, failureCount = 0]
2025-04-16T10:34:28.745+02:00 DEBUG 5488 --- [           main] t.c.t.TransactionalTestExecutionListener : No method-level @Rollback override: using default rollback [true] for test method [public void com.lexicon.springws.dao.AuthorDaoTest.testSaveAndFindById()]
2025-04-16T10:34:28.745+02:00 DEBUG 5488 --- [           main] o.s.orm.jpa.JpaTransactionManager        : Creating new transaction with name [com.lexicon.springws.dao.AuthorDaoTest.testSaveAndFindById]: PROPAGATION_REQUIRED,ISOLATION_DEFAULT
2025-04-16T10:34:28.745+02:00 DEBUG 5488 --- [           main] o.s.orm.jpa.JpaTransactionManager        : Opened new EntityManager [SessionImpl(930748259<open>)] for JPA transaction
2025-04-16T10:34:28.745+02:00 DEBUG 5488 --- [           main] o.h.e.t.internal.TransactionImpl         : On TransactionImpl creation, JpaCompliance#isJpaTransactionComplianceEnabled == false
2025-04-16T10:34:28.745+02:00 DEBUG 5488 --- [           main] o.h.e.t.internal.TransactionImpl         : begin
2025-04-16T10:34:28.745+02:00 DEBUG 5488 --- [           main] o.s.j.datasource.SimpleDriverDataSource  : Creating new JDBC Driver Connection to [jdbc:h2:mem:bb609ebb-9100-4165-aea1-c38e5465d10e;DB_CLOSE_DELAY=-1;DB_CLOSE_ON_EXIT=false]
2025-04-16T10:34:28.746+02:00 DEBUG 5488 --- [           main] o.s.orm.jpa.JpaTransactionManager        : Exposing JPA transaction as JDBC [org.springframework.orm.jpa.vendor.HibernateJpaDialect$HibernateConnectionHandle@387bbd7a]
2025-04-16T10:34:28.746+02:00 DEBUG 5488 --- [           main] o.s.t.c.transaction.TransactionContext   : Began transaction (1) for test class [com.lexicon.springws.dao.AuthorDaoTest]; test method [testSaveAndFindById]; transaction manager [org.springframework.orm.jpa.JpaTransactionManager@1299fed3]; rollback [true]
2025-04-16T10:34:28.746+02:00 DEBUG 5488 --- [           main] org.springframework.test.context.cache   : Spring test ApplicationContext cache statistics: [DefaultContextCache@402adc9c size = 1, maxSize = 32, parentContextCount = 0, hitCount = 63, missCount = 1, failureCount = 0]
2025-04-16T10:34:28.747+02:00 DEBUG 5488 --- [           main] org.springframework.test.context.cache   : Spring test ApplicationContext cache statistics: [DefaultContextCache@402adc9c size = 1, maxSize = 32, parentContextCount = 0, hitCount = 64, missCount = 1, failureCount = 0]
2025-04-16T10:34:28.747+02:00 DEBUG 5488 --- [           main] org.springframework.test.context.cache   : Spring test ApplicationContext cache statistics: [DefaultContextCache@402adc9c size = 1, maxSize = 32, parentContextCount = 0, hitCount = 65, missCount = 1, failureCount = 0]
2025-04-16T10:34:28.747+02:00 DEBUG 5488 --- [           main] org.hibernate.engine.spi.ActionQueue     : Executing identity-insert immediately
2025-04-16T10:34:28.747+02:00 DEBUG 5488 --- [           main] org.hibernate.SQL                        : 
    insert 
    into
        author
        (email, name, author_id) 
    values
        (?, ?, default)
Hibernate: 
    insert 
    into
        author
        (email, name, author_id) 
    values
        (?, ?, default)
2025-04-16T10:34:28.749+02:00 DEBUG 5488 --- [           main] o.h.id.IdentifierGeneratorHelper         : Natively generated identity (com.lexicon.springws.entity.Author) : 9
2025-04-16T10:34:28.750+02:00 DEBUG 5488 --- [           main] o.h.e.i.AbstractFlushingEventListener    : Processing flush-time cascades
2025-04-16T10:34:28.750+02:00 DEBUG 5488 --- [           main] o.h.e.i.AbstractFlushingEventListener    : Dirty checking collections
2025-04-16T10:34:28.750+02:00 DEBUG 5488 --- [           main] o.hibernate.engine.internal.Collections  : Collection found: [com.lexicon.springws.entity.Author.books#9], was: [<unreferenced>] (initialized)
2025-04-16T10:34:28.750+02:00 DEBUG 5488 --- [           main] o.h.e.i.AbstractFlushingEventListener    : Flushed: 0 insertions, 0 updates, 0 deletions to 1 objects
2025-04-16T10:34:28.750+02:00 DEBUG 5488 --- [           main] o.h.e.i.AbstractFlushingEventListener    : Flushed: 1 (re)creations, 0 updates, 0 removals to 1 collections
2025-04-16T10:34:28.750+02:00 DEBUG 5488 --- [           main] o.hibernate.internal.util.EntityPrinter  : Listing entities:
2025-04-16T10:34:28.750+02:00 DEBUG 5488 --- [           main] o.hibernate.internal.util.EntityPrinter  : com.lexicon.springws.entity.Author{books=[], name=John Doe, authorId=9, email=john.doe@example.com}
2025-04-16T10:34:28.751+02:00 DEBUG 5488 --- [           main] org.springframework.test.context.cache   : Spring test ApplicationContext cache statistics: [DefaultContextCache@402adc9c size = 1, maxSize = 32, parentContextCount = 0, hitCount = 66, missCount = 1, failureCount = 0]
2025-04-16T10:34:28.751+02:00 DEBUG 5488 --- [           main] org.springframework.test.context.cache   : Spring test ApplicationContext cache statistics: [DefaultContextCache@402adc9c size = 1, maxSize = 32, parentContextCount = 0, hitCount = 67, missCount = 1, failureCount = 0]
2025-04-16T10:34:28.751+02:00 DEBUG 5488 --- [           main] org.springframework.test.context.cache   : Spring test ApplicationContext cache statistics: [DefaultContextCache@402adc9c size = 1, maxSize = 32, parentContextCount = 0, hitCount = 68, missCount = 1, failureCount = 0]
2025-04-16T10:34:28.752+02:00 DEBUG 5488 --- [           main] org.springframework.test.context.cache   : Spring test ApplicationContext cache statistics: [DefaultContextCache@402adc9c size = 1, maxSize = 32, parentContextCount = 0, hitCount = 69, missCount = 1, failureCount = 0]
2025-04-16T10:34:28.752+02:00 DEBUG 5488 --- [           main] org.springframework.test.context.cache   : Spring test ApplicationContext cache statistics: [DefaultContextCache@402adc9c size = 1, maxSize = 32, parentContextCount = 0, hitCount = 70, missCount = 1, failureCount = 0]
2025-04-16T10:34:28.752+02:00 DEBUG 5488 --- [           main] org.springframework.test.context.cache   : Spring test ApplicationContext cache statistics: [DefaultContextCache@402adc9c size = 1, maxSize = 32, parentContextCount = 0, hitCount = 71, missCount = 1, failureCount = 0]
2025-04-16T10:34:28.752+02:00 DEBUG 5488 --- [           main] o.s.orm.jpa.JpaTransactionManager        : Initiating transaction rollback
2025-04-16T10:34:28.752+02:00 DEBUG 5488 --- [           main] o.s.orm.jpa.JpaTransactionManager        : Rolling back JPA transaction on EntityManager [SessionImpl(930748259<open>)]
2025-04-16T10:34:28.752+02:00 DEBUG 5488 --- [           main] o.h.e.t.internal.TransactionImpl         : rolling back
2025-04-16T10:34:28.752+02:00 DEBUG 5488 --- [           main] o.s.orm.jpa.JpaTransactionManager        : Closing JPA EntityManager [SessionImpl(930748259<open>)] after transaction
2025-04-16T10:34:28.752+02:00 DEBUG 5488 --- [           main] o.s.t.c.transaction.TransactionContext   : Rolled back transaction (1) for test class [com.lexicon.springws.dao.AuthorDaoTest]; test method [testSaveAndFindById]
2025-04-16T10:34:28.753+02:00 DEBUG 5488 --- [           main] .c.s.DirtiesContextTestExecutionListener : After test method: class [AuthorDaoTest], method [testSaveAndFindById], class annotated with @DirtiesContext [false] with mode [null], method annotated with @DirtiesContext [false] with mode [null]
]]></system-out>
  </testcase>
</testsuite>