<?xml version="1.0" encoding="UTF-8"?>
<testsuite xmlns:xsi="http://www.w3.org/2001/XMLSchema-instance" xsi:noNamespaceSchemaLocation="https://maven.apache.org/surefire/maven-surefire-plugin/xsd/surefire-test-report-3.0.xsd" version="3.0" name="com.lexicon.springws.repository.BookRepositoryTest" time="0.077" tests="3" errors="0" skipped="0" failures="0">
  <properties>
    <property name="java.specification.version" value="21"/>
    <property name="sun.cpu.isalist" value="amd64"/>
    <property name="sun.jnu.encoding" value="Cp1252"/>
    <property name="java.class.path" value="C:\Dev\Lexicon\Exercises\SpringWS\JPAWsPt3-4\target\test-classes;C:\Dev\Lexicon\Exercises\SpringWS\JPAWsPt3-4\target\classes;C:\Users\eliza\.m2\repository\org\springframework\boot\spring-boot-starter-data-jpa\3.2.3\spring-boot-starter-data-jpa-3.2.3.jar;C:\Users\eliza\.m2\repository\org\springframework\boot\spring-boot-starter-aop\3.2.3\spring-boot-starter-aop-3.2.3.jar;C:\Users\eliza\.m2\repository\org\springframework\spring-aop\6.1.4\spring-aop-6.1.4.jar;C:\Users\eliza\.m2\repository\org\aspectj\aspectjweaver\1.9.21\aspectjweaver-1.9.21.jar;C:\Users\eliza\.m2\repository\org\springframework\boot\spring-boot-starter-jdbc\3.2.3\spring-boot-starter-jdbc-3.2.3.jar;C:\Users\eliza\.m2\repository\com\zaxxer\HikariCP\5.0.1\HikariCP-5.0.1.jar;C:\Users\eliza\.m2\repository\org\springframework\spring-jdbc\6.1.4\spring-jdbc-6.1.4.jar;C:\Users\eliza\.m2\repository\org\hibernate\orm\hibernate-core\6.4.4.Final\hibernate-core-6.4.4.Final.jar;C:\Users\eliza\.m2\repository\jakarta\persistence\jakarta.persistence-api\3.1.0\jakarta.persistence-api-3.1.0.jar;C:\Users\eliza\.m2\repository\jakarta\transaction\jakarta.transaction-api\2.0.1\jakarta.transaction-api-2.0.1.jar;C:\Users\eliza\.m2\repository\org\jboss\logging\jboss-logging\3.5.3.Final\jboss-logging-3.5.3.Final.jar;C:\Users\eliza\.m2\repository\org\hibernate\common\hibernate-commons-annotations\6.0.6.Final\hibernate-commons-annotations-6.0.6.Final.jar;C:\Users\eliza\.m2\repository\io\smallrye\jandex\3.1.2\jandex-3.1.2.jar;C:\Users\eliza\.m2\repository\com\fasterxml\classmate\1.6.0\classmate-1.6.0.jar;C:\Users\eliza\.m2\repository\net\bytebuddy\byte-buddy\1.14.12\byte-buddy-1.14.12.jar;C:\Users\eliza\.m2\repository\org\glassfish\jaxb\jaxb-runtime\4.0.4\jaxb-runtime-4.0.4.jar;C:\Users\eliza\.m2\repository\org\glassfish\jaxb\jaxb-core\4.0.4\jaxb-core-4.0.4.jar;C:\Users\eliza\.m2\repository\org\eclipse\angus\angus-activation\2.0.1\angus-activation-2.0.1.jar;C:\Users\eliza\.m2\repository\org\glassfish\jaxb\txw2\4.0.4\txw2-4.0.4.jar;C:\Users\eliza\.m2\repository\com\sun\istack\istack-commons-runtime\4.1.2\istack-commons-runtime-4.1.2.jar;C:\Users\eliza\.m2\repository\jakarta\inject\jakarta.inject-api\2.0.1\jakarta.inject-api-2.0.1.jar;C:\Users\eliza\.m2\repository\org\antlr\antlr4-runtime\4.13.0\antlr4-runtime-4.13.0.jar;C:\Users\eliza\.m2\repository\org\springframework\data\spring-data-jpa\3.2.3\spring-data-jpa-3.2.3.jar;C:\Users\eliza\.m2\repository\org\springframework\data\spring-data-commons\3.2.3\spring-data-commons-3.2.3.jar;C:\Users\eliza\.m2\repository\org\springframework\spring-orm\6.1.4\spring-orm-6.1.4.jar;C:\Users\eliza\.m2\repository\org\springframework\spring-context\6.1.4\spring-context-6.1.4.jar;C:\Users\eliza\.m2\repository\org\springframework\spring-tx\6.1.4\spring-tx-6.1.4.jar;C:\Users\eliza\.m2\repository\org\springframework\spring-beans\6.1.4\spring-beans-6.1.4.jar;C:\Users\eliza\.m2\repository\jakarta\annotation\jakarta.annotation-api\2.1.1\jakarta.annotation-api-2.1.1.jar;C:\Users\eliza\.m2\repository\org\slf4j\slf4j-api\2.0.12\slf4j-api-2.0.12.jar;C:\Users\eliza\.m2\repository\org\springframework\spring-aspects\6.1.4\spring-aspects-6.1.4.jar;C:\Users\eliza\.m2\repository\org\springframework\boot\spring-boot-starter-web\3.2.3\spring-boot-starter-web-3.2.3.jar;C:\Users\eliza\.m2\repository\org\springframework\boot\spring-boot-starter\3.2.3\spring-boot-starter-3.2.3.jar;C:\Users\eliza\.m2\repository\org\springframework\boot\spring-boot\3.2.3\spring-boot-3.2.3.jar;C:\Users\eliza\.m2\repository\org\springframework\boot\spring-boot-autoconfigure\3.2.3\spring-boot-autoconfigure-3.2.3.jar;C:\Users\eliza\.m2\repository\org\springframework\boot\spring-boot-starter-logging\3.2.3\spring-boot-starter-logging-3.2.3.jar;C:\Users\eliza\.m2\repository\ch\qos\logback\logback-classic\1.4.14\logback-classic-1.4.14.jar;C:\Users\eliza\.m2\repository\ch\qos\logback\logback-core\1.4.14\logback-core-1.4.14.jar;C:\Users\eliza\.m2\repository\org\apache\logging\log4j\log4j-to-slf4j\2.21.1\log4j-to-slf4j-2.21.1.jar;C:\Users\eliza\.m2\repository\org\apache\logging\log4j\log4j-api\2.21.1\log4j-api-2.21.1.jar;C:\Users\eliza\.m2\repository\org\slf4j\jul-to-slf4j\2.0.12\jul-to-slf4j-2.0.12.jar;C:\Users\eliza\.m2\repository\org\yaml\snakeyaml\2.2\snakeyaml-2.2.jar;C:\Users\eliza\.m2\repository\org\springframework\boot\spring-boot-starter-json\3.2.3\spring-boot-starter-json-3.2.3.jar;C:\Users\eliza\.m2\repository\com\fasterxml\jackson\core\jackson-databind\2.15.4\jackson-databind-2.15.4.jar;C:\Users\eliza\.m2\repository\com\fasterxml\jackson\core\jackson-annotations\2.15.4\jackson-annotations-2.15.4.jar;C:\Users\eliza\.m2\repository\com\fasterxml\jackson\core\jackson-core\2.15.4\jackson-core-2.15.4.jar;C:\Users\eliza\.m2\repository\com\fasterxml\jackson\datatype\jackson-datatype-jdk8\2.15.4\jackson-datatype-jdk8-2.15.4.jar;C:\Users\eliza\.m2\repository\com\fasterxml\jackson\datatype\jackson-datatype-jsr310\2.15.4\jackson-datatype-jsr310-2.15.4.jar;C:\Users\eliza\.m2\repository\com\fasterxml\jackson\module\jackson-module-parameter-names\2.15.4\jackson-module-parameter-names-2.15.4.jar;C:\Users\eliza\.m2\repository\org\springframework\boot\spring-boot-starter-tomcat\3.2.3\spring-boot-starter-tomcat-3.2.3.jar;C:\Users\eliza\.m2\repository\org\apache\tomcat\embed\tomcat-embed-core\10.1.19\tomcat-embed-core-10.1.19.jar;C:\Users\eliza\.m2\repository\org\apache\tomcat\embed\tomcat-embed-el\10.1.19\tomcat-embed-el-10.1.19.jar;C:\Users\eliza\.m2\repository\org\apache\tomcat\embed\tomcat-embed-websocket\10.1.19\tomcat-embed-websocket-10.1.19.jar;C:\Users\eliza\.m2\repository\org\springframework\spring-web\6.1.4\spring-web-6.1.4.jar;C:\Users\eliza\.m2\repository\io\micrometer\micrometer-observation\1.12.3\micrometer-observation-1.12.3.jar;C:\Users\eliza\.m2\repository\io\micrometer\micrometer-commons\1.12.3\micrometer-commons-1.12.3.jar;C:\Users\eliza\.m2\repository\org\springframework\spring-webmvc\6.1.4\spring-webmvc-6.1.4.jar;C:\Users\eliza\.m2\repository\org\springframework\spring-expression\6.1.4\spring-expression-6.1.4.jar;C:\Users\eliza\.m2\repository\com\h2database\h2\2.2.224\h2-2.2.224.jar;C:\Users\eliza\.m2\repository\org\projectlombok\lombok\1.18.30\lombok-1.18.30.jar;C:\Users\eliza\.m2\repository\org\springframework\boot\spring-boot-starter-test\3.2.3\spring-boot-starter-test-3.2.3.jar;C:\Users\eliza\.m2\repository\org\springframework\boot\spring-boot-test\3.2.3\spring-boot-test-3.2.3.jar;C:\Users\eliza\.m2\repository\org\springframework\boot\spring-boot-test-autoconfigure\3.2.3\spring-boot-test-autoconfigure-3.2.3.jar;C:\Users\eliza\.m2\repository\com\jayway\jsonpath\json-path\2.9.0\json-path-2.9.0.jar;C:\Users\eliza\.m2\repository\jakarta\xml\bind\jakarta.xml.bind-api\4.0.1\jakarta.xml.bind-api-4.0.1.jar;C:\Users\eliza\.m2\repository\jakarta\activation\jakarta.activation-api\2.1.2\jakarta.activation-api-2.1.2.jar;C:\Users\eliza\.m2\repository\net\minidev\json-smart\2.5.0\json-smart-2.5.0.jar;C:\Users\eliza\.m2\repository\net\minidev\accessors-smart\2.5.0\accessors-smart-2.5.0.jar;C:\Users\eliza\.m2\repository\org\ow2\asm\asm\9.3\asm-9.3.jar;C:\Users\eliza\.m2\repository\org\assertj\assertj-core\3.24.2\assertj-core-3.24.2.jar;C:\Users\eliza\.m2\repository\org\awaitility\awaitility\4.2.0\awaitility-4.2.0.jar;C:\Users\eliza\.m2\repository\org\hamcrest\hamcrest\2.2\hamcrest-2.2.jar;C:\Users\eliza\.m2\repository\org\junit\jupiter\junit-jupiter\5.10.2\junit-jupiter-5.10.2.jar;C:\Users\eliza\.m2\repository\org\junit\jupiter\junit-jupiter-api\5.10.2\junit-jupiter-api-5.10.2.jar;C:\Users\eliza\.m2\repository\org\opentest4j\opentest4j\1.3.0\opentest4j-1.3.0.jar;C:\Users\eliza\.m2\repository\org\junit\platform\junit-platform-commons\1.10.2\junit-platform-commons-1.10.2.jar;C:\Users\eliza\.m2\repository\org\apiguardian\apiguardian-api\1.1.2\apiguardian-api-1.1.2.jar;C:\Users\eliza\.m2\repository\org\junit\jupiter\junit-jupiter-params\5.10.2\junit-jupiter-params-5.10.2.jar;C:\Users\eliza\.m2\repository\org\junit\jupiter\junit-jupiter-engine\5.10.2\junit-jupiter-engine-5.10.2.jar;C:\Users\eliza\.m2\repository\org\junit\platform\junit-platform-engine\1.10.2\junit-platform-engine-1.10.2.jar;C:\Users\eliza\.m2\repository\org\mockito\mockito-core\5.7.0\mockito-core-5.7.0.jar;C:\Users\eliza\.m2\repository\net\bytebuddy\byte-buddy-agent\1.14.12\byte-buddy-agent-1.14.12.jar;C:\Users\eliza\.m2\repository\org\objenesis\objenesis\3.3\objenesis-3.3.jar;C:\Users\eliza\.m2\repository\org\mockito\mockito-junit-jupiter\5.7.0\mockito-junit-jupiter-5.7.0.jar;C:\Users\eliza\.m2\repository\org\skyscreamer\jsonassert\1.5.1\jsonassert-1.5.1.jar;C:\Users\eliza\.m2\repository\com\vaadin\external\google\android-json\0.0.20131108.vaadin1\android-json-0.0.20131108.vaadin1.jar;C:\Users\eliza\.m2\repository\org\springframework\spring-core\6.1.4\spring-core-6.1.4.jar;C:\Users\eliza\.m2\repository\org\springframework\spring-jcl\6.1.4\spring-jcl-6.1.4.jar;C:\Users\eliza\.m2\repository\org\springframework\spring-test\6.1.4\spring-test-6.1.4.jar;C:\Users\eliza\.m2\repository\org\xmlunit\xmlunit-core\2.9.1\xmlunit-core-2.9.1.jar;"/>
    <property name="java.vm.vendor" value="Eclipse Adoptium"/>
    <property name="sun.arch.data.model" value="64"/>
    <property name="user.variant" value=""/>
    <property name="java.vendor.url" value="https://adoptium.net/"/>
    <property name="user.timezone" value="Europe/Stockholm"/>
    <property name="org.jboss.logging.provider" value="slf4j"/>
    <property name="user.country.format" value="SE"/>
    <property name="os.name" value="Windows 11"/>
    <property name="java.vm.specification.version" value="21"/>
    <property name="sun.java.launcher" value="SUN_STANDARD"/>
    <property name="user.country" value="GB"/>
    <property name="sun.boot.library.path" value="C:\Program Files\Eclipse Adoptium\jdk-21.0.6.7-hotspot\bin"/>
    <property name="sun.java.command" value="C:\Users\eliza\AppData\Local\Temp\surefire919452006127095223\surefirebooter-20250416103423497_3.jar C:\Users\eliza\AppData\Local\Temp\surefire919452006127095223 2025-04-16T10-34-23_385-jvmRun1 surefire-20250416103423497_1tmp surefire_0-20250416103423497_2tmp"/>
    <property name="jdk.debug" value="release"/>
    <property name="surefire.test.class.path" value="C:\Dev\Lexicon\Exercises\SpringWS\JPAWsPt3-4\target\test-classes;C:\Dev\Lexicon\Exercises\SpringWS\JPAWsPt3-4\target\classes;C:\Users\eliza\.m2\repository\org\springframework\boot\spring-boot-starter-data-jpa\3.2.3\spring-boot-starter-data-jpa-3.2.3.jar;C:\Users\eliza\.m2\repository\org\springframework\boot\spring-boot-starter-aop\3.2.3\spring-boot-starter-aop-3.2.3.jar;C:\Users\eliza\.m2\repository\org\springframework\spring-aop\6.1.4\spring-aop-6.1.4.jar;C:\Users\eliza\.m2\repository\org\aspectj\aspectjweaver\1.9.21\aspectjweaver-1.9.21.jar;C:\Users\eliza\.m2\repository\org\springframework\boot\spring-boot-starter-jdbc\3.2.3\spring-boot-starter-jdbc-3.2.3.jar;C:\Users\eliza\.m2\repository\com\zaxxer\HikariCP\5.0.1\HikariCP-5.0.1.jar;C:\Users\eliza\.m2\repository\org\springframework\spring-jdbc\6.1.4\spring-jdbc-6.1.4.jar;C:\Users\eliza\.m2\repository\org\hibernate\orm\hibernate-core\6.4.4.Final\hibernate-core-6.4.4.Final.jar;C:\Users\eliza\.m2\repository\jakarta\persistence\jakarta.persistence-api\3.1.0\jakarta.persistence-api-3.1.0.jar;C:\Users\eliza\.m2\repository\jakarta\transaction\jakarta.transaction-api\2.0.1\jakarta.transaction-api-2.0.1.jar;C:\Users\eliza\.m2\repository\org\jboss\logging\jboss-logging\3.5.3.Final\jboss-logging-3.5.3.Final.jar;C:\Users\eliza\.m2\repository\org\hibernate\common\hibernate-commons-annotations\6.0.6.Final\hibernate-commons-annotations-6.0.6.Final.jar;C:\Users\eliza\.m2\repository\io\smallrye\jandex\3.1.2\jandex-3.1.2.jar;C:\Users\eliza\.m2\repository\com\fasterxml\classmate\1.6.0\classmate-1.6.0.jar;C:\Users\eliza\.m2\repository\net\bytebuddy\byte-buddy\1.14.12\byte-buddy-1.14.12.jar;C:\Users\eliza\.m2\repository\org\glassfish\jaxb\jaxb-runtime\4.0.4\jaxb-runtime-4.0.4.jar;C:\Users\eliza\.m2\repository\org\glassfish\jaxb\jaxb-core\4.0.4\jaxb-core-4.0.4.jar;C:\Users\eliza\.m2\repository\org\eclipse\angus\angus-activation\2.0.1\angus-activation-2.0.1.jar;C:\Users\eliza\.m2\repository\org\glassfish\jaxb\txw2\4.0.4\txw2-4.0.4.jar;C:\Users\eliza\.m2\repository\com\sun\istack\istack-commons-runtime\4.1.2\istack-commons-runtime-4.1.2.jar;C:\Users\eliza\.m2\repository\jakarta\inject\jakarta.inject-api\2.0.1\jakarta.inject-api-2.0.1.jar;C:\Users\eliza\.m2\repository\org\antlr\antlr4-runtime\4.13.0\antlr4-runtime-4.13.0.jar;C:\Users\eliza\.m2\repository\org\springframework\data\spring-data-jpa\3.2.3\spring-data-jpa-3.2.3.jar;C:\Users\eliza\.m2\repository\org\springframework\data\spring-data-commons\3.2.3\spring-data-commons-3.2.3.jar;C:\Users\eliza\.m2\repository\org\springframework\spring-orm\6.1.4\spring-orm-6.1.4.jar;C:\Users\eliza\.m2\repository\org\springframework\spring-context\6.1.4\spring-context-6.1.4.jar;C:\Users\eliza\.m2\repository\org\springframework\spring-tx\6.1.4\spring-tx-6.1.4.jar;C:\Users\eliza\.m2\repository\org\springframework\spring-beans\6.1.4\spring-beans-6.1.4.jar;C:\Users\eliza\.m2\repository\jakarta\annotation\jakarta.annotation-api\2.1.1\jakarta.annotation-api-2.1.1.jar;C:\Users\eliza\.m2\repository\org\slf4j\slf4j-api\2.0.12\slf4j-api-2.0.12.jar;C:\Users\eliza\.m2\repository\org\springframework\spring-aspects\6.1.4\spring-aspects-6.1.4.jar;C:\Users\eliza\.m2\repository\org\springframework\boot\spring-boot-starter-web\3.2.3\spring-boot-starter-web-3.2.3.jar;C:\Users\eliza\.m2\repository\org\springframework\boot\spring-boot-starter\3.2.3\spring-boot-starter-3.2.3.jar;C:\Users\eliza\.m2\repository\org\springframework\boot\spring-boot\3.2.3\spring-boot-3.2.3.jar;C:\Users\eliza\.m2\repository\org\springframework\boot\spring-boot-autoconfigure\3.2.3\spring-boot-autoconfigure-3.2.3.jar;C:\Users\eliza\.m2\repository\org\springframework\boot\spring-boot-starter-logging\3.2.3\spring-boot-starter-logging-3.2.3.jar;C:\Users\eliza\.m2\repository\ch\qos\logback\logback-classic\1.4.14\logback-classic-1.4.14.jar;C:\Users\eliza\.m2\repository\ch\qos\logback\logback-core\1.4.14\logback-core-1.4.14.jar;C:\Users\eliza\.m2\repository\org\apache\logging\log4j\log4j-to-slf4j\2.21.1\log4j-to-slf4j-2.21.1.jar;C:\Users\eliza\.m2\repository\org\apache\logging\log4j\log4j-api\2.21.1\log4j-api-2.21.1.jar;C:\Users\eliza\.m2\repository\org\slf4j\jul-to-slf4j\2.0.12\jul-to-slf4j-2.0.12.jar;C:\Users\eliza\.m2\repository\org\yaml\snakeyaml\2.2\snakeyaml-2.2.jar;C:\Users\eliza\.m2\repository\org\springframework\boot\spring-boot-starter-json\3.2.3\spring-boot-starter-json-3.2.3.jar;C:\Users\eliza\.m2\repository\com\fasterxml\jackson\core\jackson-databind\2.15.4\jackson-databind-2.15.4.jar;C:\Users\eliza\.m2\repository\com\fasterxml\jackson\core\jackson-annotations\2.15.4\jackson-annotations-2.15.4.jar;C:\Users\eliza\.m2\repository\com\fasterxml\jackson\core\jackson-core\2.15.4\jackson-core-2.15.4.jar;C:\Users\eliza\.m2\repository\com\fasterxml\jackson\datatype\jackson-datatype-jdk8\2.15.4\jackson-datatype-jdk8-2.15.4.jar;C:\Users\eliza\.m2\repository\com\fasterxml\jackson\datatype\jackson-datatype-jsr310\2.15.4\jackson-datatype-jsr310-2.15.4.jar;C:\Users\eliza\.m2\repository\com\fasterxml\jackson\module\jackson-module-parameter-names\2.15.4\jackson-module-parameter-names-2.15.4.jar;C:\Users\eliza\.m2\repository\org\springframework\boot\spring-boot-starter-tomcat\3.2.3\spring-boot-starter-tomcat-3.2.3.jar;C:\Users\eliza\.m2\repository\org\apache\tomcat\embed\tomcat-embed-core\10.1.19\tomcat-embed-core-10.1.19.jar;C:\Users\eliza\.m2\repository\org\apache\tomcat\embed\tomcat-embed-el\10.1.19\tomcat-embed-el-10.1.19.jar;C:\Users\eliza\.m2\repository\org\apache\tomcat\embed\tomcat-embed-websocket\10.1.19\tomcat-embed-websocket-10.1.19.jar;C:\Users\eliza\.m2\repository\org\springframework\spring-web\6.1.4\spring-web-6.1.4.jar;C:\Users\eliza\.m2\repository\io\micrometer\micrometer-observation\1.12.3\micrometer-observation-1.12.3.jar;C:\Users\eliza\.m2\repository\io\micrometer\micrometer-commons\1.12.3\micrometer-commons-1.12.3.jar;C:\Users\eliza\.m2\repository\org\springframework\spring-webmvc\6.1.4\spring-webmvc-6.1.4.jar;C:\Users\eliza\.m2\repository\org\springframework\spring-expression\6.1.4\spring-expression-6.1.4.jar;C:\Users\eliza\.m2\repository\com\h2database\h2\2.2.224\h2-2.2.224.jar;C:\Users\eliza\.m2\repository\org\projectlombok\lombok\1.18.30\lombok-1.18.30.jar;C:\Users\eliza\.m2\repository\org\springframework\boot\spring-boot-starter-test\3.2.3\spring-boot-starter-test-3.2.3.jar;C:\Users\eliza\.m2\repository\org\springframework\boot\spring-boot-test\3.2.3\spring-boot-test-3.2.3.jar;C:\Users\eliza\.m2\repository\org\springframework\boot\spring-boot-test-autoconfigure\3.2.3\spring-boot-test-autoconfigure-3.2.3.jar;C:\Users\eliza\.m2\repository\com\jayway\jsonpath\json-path\2.9.0\json-path-2.9.0.jar;C:\Users\eliza\.m2\repository\jakarta\xml\bind\jakarta.xml.bind-api\4.0.1\jakarta.xml.bind-api-4.0.1.jar;C:\Users\eliza\.m2\repository\jakarta\activation\jakarta.activation-api\2.1.2\jakarta.activation-api-2.1.2.jar;C:\Users\eliza\.m2\repository\net\minidev\json-smart\2.5.0\json-smart-2.5.0.jar;C:\Users\eliza\.m2\repository\net\minidev\accessors-smart\2.5.0\accessors-smart-2.5.0.jar;C:\Users\eliza\.m2\repository\org\ow2\asm\asm\9.3\asm-9.3.jar;C:\Users\eliza\.m2\repository\org\assertj\assertj-core\3.24.2\assertj-core-3.24.2.jar;C:\Users\eliza\.m2\repository\org\awaitility\awaitility\4.2.0\awaitility-4.2.0.jar;C:\Users\eliza\.m2\repository\org\hamcrest\hamcrest\2.2\hamcrest-2.2.jar;C:\Users\eliza\.m2\repository\org\junit\jupiter\junit-jupiter\5.10.2\junit-jupiter-5.10.2.jar;C:\Users\eliza\.m2\repository\org\junit\jupiter\junit-jupiter-api\5.10.2\junit-jupiter-api-5.10.2.jar;C:\Users\eliza\.m2\repository\org\opentest4j\opentest4j\1.3.0\opentest4j-1.3.0.jar;C:\Users\eliza\.m2\repository\org\junit\platform\junit-platform-commons\1.10.2\junit-platform-commons-1.10.2.jar;C:\Users\eliza\.m2\repository\org\apiguardian\apiguardian-api\1.1.2\apiguardian-api-1.1.2.jar;C:\Users\eliza\.m2\repository\org\junit\jupiter\junit-jupiter-params\5.10.2\junit-jupiter-params-5.10.2.jar;C:\Users\eliza\.m2\repository\org\junit\jupiter\junit-jupiter-engine\5.10.2\junit-jupiter-engine-5.10.2.jar;C:\Users\eliza\.m2\repository\org\junit\platform\junit-platform-engine\1.10.2\junit-platform-engine-1.10.2.jar;C:\Users\eliza\.m2\repository\org\mockito\mockito-core\5.7.0\mockito-core-5.7.0.jar;C:\Users\eliza\.m2\repository\net\bytebuddy\byte-buddy-agent\1.14.12\byte-buddy-agent-1.14.12.jar;C:\Users\eliza\.m2\repository\org\objenesis\objenesis\3.3\objenesis-3.3.jar;C:\Users\eliza\.m2\repository\org\mockito\mockito-junit-jupiter\5.7.0\mockito-junit-jupiter-5.7.0.jar;C:\Users\eliza\.m2\repository\org\skyscreamer\jsonassert\1.5.1\jsonassert-1.5.1.jar;C:\Users\eliza\.m2\repository\com\vaadin\external\google\android-json\0.0.20131108.vaadin1\android-json-0.0.20131108.vaadin1.jar;C:\Users\eliza\.m2\repository\org\springframework\spring-core\6.1.4\spring-core-6.1.4.jar;C:\Users\eliza\.m2\repository\org\springframework\spring-jcl\6.1.4\spring-jcl-6.1.4.jar;C:\Users\eliza\.m2\repository\org\springframework\spring-test\6.1.4\spring-test-6.1.4.jar;C:\Users\eliza\.m2\repository\org\xmlunit\xmlunit-core\2.9.1\xmlunit-core-2.9.1.jar;"/>
    <property name="sun.cpu.endian" value="little"/>
    <property name="user.home" value="C:\Users\eliza"/>
    <property name="user.language" value="en"/>
    <property name="java.specification.vendor" value="Oracle Corporation"/>
    <property name="java.version.date" value="2025-01-21"/>
    <property name="java.home" value="C:\Program Files\Eclipse Adoptium\jdk-21.0.6.7-hotspot"/>
    <property name="file.separator" value="\"/>
    <property name="basedir" value="C:\Dev\Lexicon\Exercises\SpringWS\JPAWsPt3-4"/>
    <property name="java.vm.compressedOopsMode" value="Zero based"/>
    <property name="line.separator" value="&#10;"/>
    <property name="java.vm.specification.vendor" value="Oracle Corporation"/>
    <property name="java.specification.name" value="Java Platform API Specification"/>
    <property name="FILE_LOG_CHARSET" value="UTF-8"/>
    <property name="java.awt.headless" value="true"/>
    <property name="surefire.real.class.path" value="C:\Users\eliza\AppData\Local\Temp\surefire919452006127095223\surefirebooter-20250416103423497_3.jar"/>
    <property name="user.script" value=""/>
    <property name="sun.management.compiler" value="HotSpot 64-Bit Tiered Compilers"/>
    <property name="java.runtime.version" value="21.0.6+7-LTS"/>
    <property name="user.name" value="eliza"/>
    <property name="stdout.encoding" value="Cp1252"/>
    <property name="path.separator" value=";"/>
    <property name="os.version" value="10.0"/>
    <property name="java.runtime.name" value="OpenJDK Runtime Environment"/>
    <property name="file.encoding" value="UTF-8"/>
    <property name="java.vm.name" value="OpenJDK 64-Bit Server VM"/>
    <property name="java.vendor.version" value="Temurin-21.0.6+7"/>
    <property name="localRepository" value="C:\Users\eliza\.m2\repository"/>
    <property name="java.vendor.url.bug" value="https://github.com/adoptium/adoptium-support/issues"/>
    <property name="java.io.tmpdir" value="C:\Users\eliza\AppData\Local\Temp\"/>
    <property name="java.version" value="21.0.6"/>
    <property name="user.dir" value="C:\Dev\Lexicon\Exercises\SpringWS\JPAWsPt3-4"/>
    <property name="os.arch" value="amd64"/>
    <property name="java.vm.specification.name" value="Java Virtual Machine Specification"/>
    <property name="PID" value="5488"/>
    <property name="sun.os.patch.level" value=""/>
    <property name="CONSOLE_LOG_CHARSET" value="UTF-8"/>
    <property name="native.encoding" value="Cp1252"/>
    <property name="java.library.path" value="C:\Program Files\Eclipse Adoptium\jdk-21.0.6.7-hotspot\bin;C:\WINDOWS\Sun\Java\bin;C:\WINDOWS\system32;C:\WINDOWS;C:\Program Files\PowerShell\7;C:\Python313\Scripts\;C:\Python313\;C:\Program Files\Eclipse Adoptium\jdk-21.0.6.7-hotspot\bin;c:\Users\eliza\AppData\Local\Programs\cursor\resources\app\bin;C:\Program Files\Common Files\Oracle\Java\javapath;C:\Python312\Scripts\;C:\Python312\;C:\Program Files\ImageMagick-7.1.1-Q16-HDRI;C:\WINDOWS\system32;C:\WINDOWS;C:\WINDOWS\System32\Wbem;C:\WINDOWS\System32\WindowsPowerShell\v1.0\;C:\WINDOWS\System32\OpenSSH\;C:\Program Files\dotnet\;C:\Program Files (x86)\NVIDIA Corporation\PhysX\Common;C:\Program Files\nodejs\;C:\ProgramData\chocolatey\bin;C:\Program Files\Git\cmd;C:\WINDOWS\system32\config\systemprofile\dev\flutter\bin;C:\Program Files\GitHub CLI\;C:\Users\eliza\AppData\Roaming\Python\Python312;C:\Program Files\NVIDIA Corporation\NVIDIA app\NvDLISR;C:\Maven\apache-maven-3.9.9\bin;C:\Users\eliza\dev\flutter\bin;C:\Users\eliza\AppData\Local\Microsoft\WindowsApps;C:\Users\eliza\AppData\Roaming\npm;C:\Apps\HyperTerminal\resources\bin;C:\Users\eliza\AppData\Local\JetBrains\Toolbox\scripts;C:\Users\eliza\.dotnet\tools;C:\Users\eliza\AppData\Local\Programs\Ollama;c:\User;C:\Program Files\WireGuard\;C:\Program Files\PowerShell\7\;C:\Program Files\MySQL\MySQL Server 8.0\bin;;%SystemRoot%\system32;%SystemRoot%;%SystemRoot%\System32\Wbem;%SYSTEMROOT%\System32\WindowsPowerShell\v1.0\;%SYSTEMROOT%\System32\OpenSSH\;C:\Program Files\MySQL\MySQL Shell 8.0\bin\;C:\Users\eliza\dev\flutter\bin;C:\Users\eliza\AppData\Local\Microsoft\WindowsApps;C:\Users\eliza\AppData\Roaming\npm;C:\Apps\HyperTerminal\resources\bin;C:\Users\eliza\AppData\Local\JetBrains\Toolbox\scripts;C:\Users\eliza\.dotnet\tools;C:\Users\eliza\AppData\Local\Programs\Ollama;C:\Program Files\JetBrains\IntelliJ IDEA 2024.3.5\bin;;C:\Users\eliza\AppData\Local\Microsoft\WindowsApps;C:\Users\eliza\AppData\Local\Programs\cursor\resources\app\bin;."/>
    <property name="java.vm.info" value="mixed mode, sharing"/>
    <property name="stderr.encoding" value="Cp1252"/>
    <property name="java.vendor" value="Eclipse Adoptium"/>
    <property name="java.vm.version" value="21.0.6+7-LTS"/>
    <property name="sun.io.unicode.encoding" value="UnicodeLittle"/>
    <property name="java.class.version" value="65.0"/>
  </properties>
  <testcase name="testFindByIsbnIgnoreCase" classname="com.lexicon.springws.repository.BookRepositoryTest" time="0.025">
    <system-out><![CDATA[2025-04-16T10:34:29.465+02:00 DEBUG 5488 --- [           main] o.s.t.c.support.AbstractContextLoader    : Could not detect default resource locations for test class [com.lexicon.springws.repository.BookRepositoryTest]: no resource found for suffixes {-context.xml, Context.groovy}.
2025-04-16T10:34:29.466+02:00 DEBUG 5488 --- [           main] b.t.a.o.j.DataJpaTestContextBootstrapper : Using ContextCustomizerFactory implementations for test class [BookRepositoryTest]: [ImportsContextCustomizerFactory, ExcludeFilterContextCustomizerFactory, HttpGraphQlTesterContextCustomizerFactory, DuplicateJsonObjectContextCustomizerFactory, MockitoContextCustomizerFactory, TestRestTemplateContextCustomizerFactory, WebTestClientContextCustomizerFactory, OverrideAutoConfigurationContextCustomizerFactory, ObservabilityContextCustomizerFactory, TypeExcludeFiltersContextCustomizerFactory, PropertyMappingContextCustomizerFactory, WebDriverContextCustomizerFactory, MockServerContainerContextCustomizerFactory, DynamicPropertiesContextCustomizerFactory]
2025-04-16T10:34:29.476+02:00 DEBUG 5488 --- [           main] b.t.a.o.j.DataJpaTestContextBootstrapper : Using ContextCustomizers for test class [BookRepositoryTest]: [ImportsContextCustomizer, ExcludeFilterContextCustomizer, DuplicateJsonObjectContextCustomizer, MockitoContextCustomizer, DisableAutoConfigurationContextCustomizer, DisableObservabilityContextCustomizer, TypeExcludeFiltersContextCustomizer, PropertyMappingContextCustomizer, WebDriverContextCustomizer]
2025-04-16T10:34:29.478+02:00 DEBUG 5488 --- [           main] .s.t.c.u.TestContextSpringFactoriesUtils : Skipping candidate TestExecutionListener [org.springframework.test.context.observation.MicrometerObservationRegistryTestExecutionListener] due to a missing dependency. Specify custom TestExecutionListener classes or make the default TestExecutionListener classes and their required dependencies available. Offending class: io.micrometer.context.ThreadLocalAccessor. MicrometerObservationRegistryTestExecutionListener requires io.micrometer:micrometer-observation:1.10.8 or higher and io.micrometer:context-propagation:1.0.3 or higher.
2025-04-16T10:34:29.478+02:00 DEBUG 5488 --- [           main] b.t.a.o.j.DataJpaTestContextBootstrapper : Using TestExecutionListeners for test class [BookRepositoryTest]: [ServletTestExecutionListener, DirtiesContextBeforeModesTestExecutionListener, ApplicationEventsTestExecutionListener, MockitoTestExecutionListener, DependencyInjectionTestExecutionListener, DirtiesContextTestExecutionListener, TransactionalTestExecutionListener, SqlScriptsTestExecutionListener, EventPublishingTestExecutionListener, ResetMocksTestExecutionListener, RestDocsTestExecutionListener, MockRestServiceServerResetTestExecutionListener, MockMvcPrintOnlyOnFailureTestExecutionListener, WebDriverTestExecutionListener, MockWebServiceServerTestExecutionListener]
2025-04-16T10:34:29.478+02:00 DEBUG 5488 --- [           main] sContextBeforeModesTestExecutionListener : Before test class: class [BookRepositoryTest], class annotated with @DirtiesContext [false] with mode [null]
2025-04-16T10:34:29.479+02:00 DEBUG 5488 --- [           main] org.springframework.test.context.cache   : Spring test ApplicationContext cache statistics: [DefaultContextCache@402adc9c size = 2, maxSize = 32, parentContextCount = 0, hitCount = 145, missCount = 2, failureCount = 0]
2025-04-16T10:34:29.479+02:00 DEBUG 5488 --- [           main] DependencyInjectionTestExecutionListener : Performing dependency injection for test class com.lexicon.springws.repository.BookRepositoryTest
2025-04-16T10:34:29.479+02:00 DEBUG 5488 --- [           main] org.springframework.test.context.cache   : Spring test ApplicationContext cache statistics: [DefaultContextCache@402adc9c size = 2, maxSize = 32, parentContextCount = 0, hitCount = 146, missCount = 2, failureCount = 0]
2025-04-16T10:34:29.480+02:00 DEBUG 5488 --- [           main] org.springframework.test.context.cache   : Spring test ApplicationContext cache statistics: [DefaultContextCache@402adc9c size = 2, maxSize = 32, parentContextCount = 0, hitCount = 147, missCount = 2, failureCount = 0]
2025-04-16T10:34:29.481+02:00 DEBUG 5488 --- [           main] sContextBeforeModesTestExecutionListener : Before test method: class [BookRepositoryTest], method [testFindByIsbnIgnoreCase], class annotated with @DirtiesContext [false] with mode [null], method annotated with @DirtiesContext [false] with mode [null]
2025-04-16T10:34:29.481+02:00 DEBUG 5488 --- [           main] t.c.t.TransactionalTestExecutionListener : Explicit transaction definition [PROPAGATION_REQUIRED,ISOLATION_DEFAULT] found for test class [com.lexicon.springws.repository.BookRepositoryTest] and test method [testFindByIsbnIgnoreCase]
2025-04-16T10:34:29.481+02:00 DEBUG 5488 --- [           main] org.springframework.test.context.cache   : Spring test ApplicationContext cache statistics: [DefaultContextCache@402adc9c size = 2, maxSize = 32, parentContextCount = 0, hitCount = 148, missCount = 2, failureCount = 0]
2025-04-16T10:34:29.481+02:00 DEBUG 5488 --- [           main] t.c.t.TransactionalTestExecutionListener : No method-level @Rollback override: using default rollback [true] for test method [public void com.lexicon.springws.repository.BookRepositoryTest.testFindByIsbnIgnoreCase()]
2025-04-16T10:34:29.481+02:00 DEBUG 5488 --- [           main] o.s.orm.jpa.JpaTransactionManager        : Creating new transaction with name [com.lexicon.springws.repository.BookRepositoryTest.testFindByIsbnIgnoreCase]: PROPAGATION_REQUIRED,ISOLATION_DEFAULT
2025-04-16T10:34:29.481+02:00 DEBUG 5488 --- [           main] o.s.orm.jpa.JpaTransactionManager        : Opened new EntityManager [SessionImpl(1988464942<open>)] for JPA transaction
2025-04-16T10:34:29.481+02:00 DEBUG 5488 --- [           main] o.h.e.t.internal.TransactionImpl         : On TransactionImpl creation, JpaCompliance#isJpaTransactionComplianceEnabled == false
2025-04-16T10:34:29.481+02:00 DEBUG 5488 --- [           main] o.h.e.t.internal.TransactionImpl         : begin
2025-04-16T10:34:29.481+02:00 DEBUG 5488 --- [           main] o.s.j.datasource.SimpleDriverDataSource  : Creating new JDBC Driver Connection to [jdbc:h2:mem:312398af-d95c-42bc-b737-6cb4d2803edc;DB_CLOSE_DELAY=-1;DB_CLOSE_ON_EXIT=false]
2025-04-16T10:34:29.482+02:00 DEBUG 5488 --- [           main] o.s.orm.jpa.JpaTransactionManager        : Exposing JPA transaction as JDBC [org.springframework.orm.jpa.vendor.HibernateJpaDialect$HibernateConnectionHandle@17856f0]
2025-04-16T10:34:29.482+02:00 DEBUG 5488 --- [           main] o.s.t.c.transaction.TransactionContext   : Began transaction (1) for test class [com.lexicon.springws.repository.BookRepositoryTest]; test method [testFindByIsbnIgnoreCase]; transaction manager [org.springframework.orm.jpa.JpaTransactionManager@1d5e0621]; rollback [true]
2025-04-16T10:34:29.482+02:00 DEBUG 5488 --- [           main] org.springframework.test.context.cache   : Spring test ApplicationContext cache statistics: [DefaultContextCache@402adc9c size = 2, maxSize = 32, parentContextCount = 0, hitCount = 149, missCount = 2, failureCount = 0]
2025-04-16T10:34:29.482+02:00 DEBUG 5488 --- [           main] org.springframework.test.context.cache   : Spring test ApplicationContext cache statistics: [DefaultContextCache@402adc9c size = 2, maxSize = 32, parentContextCount = 0, hitCount = 150, missCount = 2, failureCount = 0]
2025-04-16T10:34:29.483+02:00 DEBUG 5488 --- [           main] org.springframework.test.context.cache   : Spring test ApplicationContext cache statistics: [DefaultContextCache@402adc9c size = 2, maxSize = 32, parentContextCount = 0, hitCount = 151, missCount = 2, failureCount = 0]
2025-04-16T10:34:29.484+02:00 DEBUG 5488 --- [           main] org.hibernate.engine.spi.ActionQueue     : Executing identity-insert immediately
2025-04-16T10:34:29.484+02:00 DEBUG 5488 --- [           main] org.hibernate.SQL                        : 
    insert 
    into
        author
        (email, name, author_id) 
    values
        (?, ?, default)
Hibernate: 
    insert 
    into
        author
        (email, name, author_id) 
    values
        (?, ?, default)
2025-04-16T10:34:29.485+02:00 DEBUG 5488 --- [           main] o.h.id.IdentifierGeneratorHelper         : Natively generated identity (com.lexicon.springws.entity.Author) : 8
2025-04-16T10:34:29.486+02:00 DEBUG 5488 --- [           main] o.h.e.i.AbstractFlushingEventListener    : Processing flush-time cascades
2025-04-16T10:34:29.486+02:00 DEBUG 5488 --- [           main] o.h.e.i.AbstractFlushingEventListener    : Dirty checking collections
2025-04-16T10:34:29.486+02:00 DEBUG 5488 --- [           main] o.hibernate.engine.internal.Collections  : Collection found: [com.lexicon.springws.entity.Author.books#8], was: [<unreferenced>] (initialized)
2025-04-16T10:34:29.486+02:00 DEBUG 5488 --- [           main] o.h.e.i.AbstractFlushingEventListener    : Flushed: 0 insertions, 0 updates, 0 deletions to 1 objects
2025-04-16T10:34:29.486+02:00 DEBUG 5488 --- [           main] o.h.e.i.AbstractFlushingEventListener    : Flushed: 1 (re)creations, 0 updates, 0 removals to 1 collections
2025-04-16T10:34:29.486+02:00 DEBUG 5488 --- [           main] o.hibernate.internal.util.EntityPrinter  : Listing entities:
2025-04-16T10:34:29.486+02:00 DEBUG 5488 --- [           main] o.hibernate.internal.util.EntityPrinter  : com.lexicon.springws.entity.Author{books=[], name=Test Author, authorId=8, email=test@example.com}
2025-04-16T10:34:29.486+02:00 DEBUG 5488 --- [           main] org.hibernate.engine.spi.ActionQueue     : Executing identity-insert immediately
2025-04-16T10:34:29.486+02:00 DEBUG 5488 --- [           main] org.hibernate.SQL                        : 
    insert 
    into
        books
        (author_id, available, isbn, max_loan_days, title, id) 
    values
        (?, ?, ?, ?, ?, default)
Hibernate: 
    insert 
    into
        books
        (author_id, available, isbn, max_loan_days, title, id) 
    values
        (?, ?, ?, ?, ?, default)
2025-04-16T10:34:29.487+02:00 DEBUG 5488 --- [           main] o.h.id.IdentifierGeneratorHelper         : Natively generated identity (com.lexicon.springws.entity.Book) : 8
2025-04-16T10:34:29.487+02:00 DEBUG 5488 --- [           main] org.hibernate.engine.spi.ActionQueue     : Executing identity-insert immediately
2025-04-16T10:34:29.487+02:00 DEBUG 5488 --- [           main] org.hibernate.SQL                        : 
    insert 
    into
        books
        (author_id, available, isbn, max_loan_days, title, id) 
    values
        (?, ?, ?, ?, ?, default)
Hibernate: 
    insert 
    into
        books
        (author_id, available, isbn, max_loan_days, title, id) 
    values
        (?, ?, ?, ?, ?, default)
2025-04-16T10:34:29.488+02:00 DEBUG 5488 --- [           main] o.h.id.IdentifierGeneratorHelper         : Natively generated identity (com.lexicon.springws.entity.Book) : 9
2025-04-16T10:34:29.488+02:00 DEBUG 5488 --- [           main] o.h.e.i.AbstractFlushingEventListener    : Processing flush-time cascades
2025-04-16T10:34:29.488+02:00 DEBUG 5488 --- [           main] o.h.e.i.AbstractFlushingEventListener    : Dirty checking collections
2025-04-16T10:34:29.488+02:00 DEBUG 5488 --- [           main] o.hibernate.engine.internal.Collections  : Collection found: [com.lexicon.springws.entity.Author.books#8], was: [com.lexicon.springws.entity.Author.books#8] (initialized)
2025-04-16T10:34:29.488+02:00 DEBUG 5488 --- [           main] o.hibernate.engine.internal.Collections  : Collection found: [com.lexicon.springws.entity.Book.bookLoans#8], was: [<unreferenced>] (initialized)
2025-04-16T10:34:29.488+02:00 DEBUG 5488 --- [           main] o.hibernate.engine.internal.Collections  : Collection found: [com.lexicon.springws.entity.Book.bookLoans#9], was: [<unreferenced>] (initialized)
2025-04-16T10:34:29.488+02:00 DEBUG 5488 --- [           main] o.h.e.i.AbstractFlushingEventListener    : Flushed: 0 insertions, 0 updates, 0 deletions to 3 objects
2025-04-16T10:34:29.488+02:00 DEBUG 5488 --- [           main] o.h.e.i.AbstractFlushingEventListener    : Flushed: 2 (re)creations, 0 updates, 0 removals to 3 collections
2025-04-16T10:34:29.488+02:00 DEBUG 5488 --- [           main] o.hibernate.internal.util.EntityPrinter  : Listing entities:
2025-04-16T10:34:29.488+02:00 DEBUG 5488 --- [           main] o.hibernate.internal.util.EntityPrinter  : com.lexicon.springws.entity.Author{books=[], name=Test Author, authorId=8, email=test@example.com}
2025-04-16T10:34:29.488+02:00 DEBUG 5488 --- [           main] o.hibernate.internal.util.EntityPrinter  : com.lexicon.springws.entity.Book{maxLoanDays=14, author=com.lexicon.springws.entity.Author#8, isbn=ISBN-TEST-001, available=true, bookLoans=[], id=8, title=Test Book 1}
2025-04-16T10:34:29.488+02:00 DEBUG 5488 --- [           main] o.hibernate.internal.util.EntityPrinter  : com.lexicon.springws.entity.Book{maxLoanDays=14, author=com.lexicon.springws.entity.Author#8, isbn=ISBN-TEST-002, available=true, bookLoans=[], id=9, title=Test Book 2}
2025-04-16T10:34:29.490+02:00 DEBUG 5488 --- [           main] org.hibernate.orm.sql.ast.create         : Created new SQL alias : b1_0
2025-04-16T10:34:29.490+02:00 DEBUG 5488 --- [           main] org.hibernate.orm.sql.ast.create         : Registration of TableGroup [StandardTableGroup(com.lexicon.springws.entity.Book(83591136179200))] with identifierForTableGroup [com.lexicon.springws.entity.Book] for NavigablePath [com.lexicon.springws.entity.Book] 
2025-04-16T10:34:29.490+02:00 DEBUG 5488 --- [           main] org.hibernate.orm.sql.ast.create         : Registration of TableGroup [org.hibernate.sql.ast.tree.from.LazyTableGroup@1b6824c1] with identifierForTableGroup [com.lexicon.springws.entity.Book.author] for NavigablePath [com.lexicon.springws.entity.Book.author] 
2025-04-16T10:34:29.492+02:00 DEBUG 5488 --- [           main] o.h.q.sqm.sql.BaseSqmToSqlAstConverter   : Determining mapping-model type for SqmParameter : org.hibernate.query.sqm.tree.expression.SqmJpaCriteriaParameterWrapper@6970687e
2025-04-16T10:34:29.492+02:00 DEBUG 5488 --- [           main] org.hibernate.orm.results.graph.AST      : DomainResult Graph:
 \-EntityResultImpl [com.lexicon.springws.entity.Book(83591136179200)]
 |  +-CircularFetchImpl [com.lexicon.springws.entity.Book(83591136179200).author]
 |  +-BasicFetch [com.lexicon.springws.entity.Book(83591136179200).available]
 |  +-DelayedCollectionFetch [com.lexicon.springws.entity.Book(83591136179200).bookLoans]
 |  +-BasicFetch [com.lexicon.springws.entity.Book(83591136179200).isbn]
 |  +-BasicFetch [com.lexicon.springws.entity.Book(83591136179200).maxLoanDays]
 |  \-BasicFetch [com.lexicon.springws.entity.Book(83591136179200).title]

2025-04-16T10:34:29.492+02:00 DEBUG 5488 --- [           main] org.hibernate.orm.sql.ast.tree           : SQL AST Tree:
    SelectStatement {
      FromClause {
        StandardTableGroup (b1 : com.lexicon.springws.entity.Book(83591136179200)) {
          primaryTableReference : books as b1_0
          TableGroupJoins {
            left  join LazyTableGroup (a1 : com.lexicon.springws.entity.Book(83591136179200).author) {
            }
          }
        }
      }
    }

2025-04-16T10:34:29.493+02:00 DEBUG 5488 --- [           main] o.h.e.i.AbstractFlushingEventListener    : Processing flush-time cascades
2025-04-16T10:34:29.493+02:00 DEBUG 5488 --- [           main] o.h.e.i.AbstractFlushingEventListener    : Dirty checking collections
2025-04-16T10:34:29.493+02:00 DEBUG 5488 --- [           main] o.hibernate.engine.internal.Collections  : Collection found: [com.lexicon.springws.entity.Author.books#8], was: [com.lexicon.springws.entity.Author.books#8] (initialized)
2025-04-16T10:34:29.493+02:00 DEBUG 5488 --- [           main] o.hibernate.engine.internal.Collections  : Collection found: [com.lexicon.springws.entity.Book.bookLoans#8], was: [com.lexicon.springws.entity.Book.bookLoans#8] (initialized)
2025-04-16T10:34:29.493+02:00 DEBUG 5488 --- [           main] o.hibernate.engine.internal.Collections  : Collection found: [com.lexicon.springws.entity.Book.bookLoans#9], was: [com.lexicon.springws.entity.Book.bookLoans#9] (initialized)
2025-04-16T10:34:29.493+02:00 DEBUG 5488 --- [           main] o.h.e.i.AbstractFlushingEventListener    : Flushed: 0 insertions, 0 updates, 0 deletions to 3 objects
2025-04-16T10:34:29.493+02:00 DEBUG 5488 --- [           main] o.h.e.i.AbstractFlushingEventListener    : Flushed: 0 (re)creations, 0 updates, 0 removals to 3 collections
2025-04-16T10:34:29.493+02:00 DEBUG 5488 --- [           main] o.hibernate.internal.util.EntityPrinter  : Listing entities:
2025-04-16T10:34:29.493+02:00 DEBUG 5488 --- [           main] o.hibernate.internal.util.EntityPrinter  : com.lexicon.springws.entity.Author{books=[], name=Test Author, authorId=8, email=test@example.com}
2025-04-16T10:34:29.493+02:00 DEBUG 5488 --- [           main] o.hibernate.internal.util.EntityPrinter  : com.lexicon.springws.entity.Book{maxLoanDays=14, author=com.lexicon.springws.entity.Author#8, isbn=ISBN-TEST-001, available=true, bookLoans=[], id=8, title=Test Book 1}
2025-04-16T10:34:29.493+02:00 DEBUG 5488 --- [           main] o.hibernate.internal.util.EntityPrinter  : com.lexicon.springws.entity.Book{maxLoanDays=14, author=com.lexicon.springws.entity.Author#8, isbn=ISBN-TEST-002, available=true, bookLoans=[], id=9, title=Test Book 2}
2025-04-16T10:34:29.494+02:00 DEBUG 5488 --- [           main] org.hibernate.orm.sql.exec               : Skipping reading Query result cache data: cache-enabled = false, cache-mode = NORMAL
2025-04-16T10:34:29.494+02:00 DEBUG 5488 --- [           main] org.hibernate.orm.results                : Initializer list:
	  com.lexicon.springws.entity.Book(83591136179200).bookLoans -> DelayedCollectionInitializer(com.lexicon.springws.entity.Book(83591136179200).bookLoans)@1434375322 (PluralAttribute(com.lexicon.springws.entity.Book.bookLoans))
	  com.lexicon.springws.entity.Book(83591136179200) -> EntityResultInitializer(com.lexicon.springws.entity.Book(83591136179200))@763597826 (SingleTableEntityPersister(com.lexicon.springws.entity.Book))
	  com.lexicon.springws.entity.Book(83591136179200).author -> EntityDelayedFetchInitializer(com.lexicon.springws.entity.Book(83591136179200).author)@741087120 (ToOneAttributeMapping(NavigableRole[com.lexicon.springws.entity.Book.author])@1437069487)

2025-04-16T10:34:29.494+02:00 DEBUG 5488 --- [           main] org.hibernate.SQL                        : 
    select
        b1_0.id,
        b1_0.author_id,
        b1_0.available,
        b1_0.isbn,
        b1_0.max_loan_days,
        b1_0.title 
    from
        books b1_0 
    where
        upper(b1_0.isbn)=upper(?)
Hibernate: 
    select
        b1_0.id,
        b1_0.author_id,
        b1_0.available,
        b1_0.isbn,
        b1_0.max_loan_days,
        b1_0.title 
    from
        books b1_0 
    where
        upper(b1_0.isbn)=upper(?)
2025-04-16T10:34:29.495+02:00 DEBUG 5488 --- [           main] org.hibernate.orm.results                : Extracted JDBC value [0] - [8]
2025-04-16T10:34:29.495+02:00 DEBUG 5488 --- [           main] o.hibernate.orm.results.loading.entity   : (EntityResultInitializer) Hydrated EntityKey (com.lexicon.springws.entity.Book(83591136179200)): 8
2025-04-16T10:34:29.495+02:00 DEBUG 5488 --- [           main] org.hibernate.orm.results                : Extracted JDBC value [0] - [8]
2025-04-16T10:34:29.495+02:00 DEBUG 5488 --- [           main] o.h.o.r.l.o.h.o.r.loading.collection     : (DelayedCollectionInitializer) Current row collection key : com.lexicon.springws.entity.Book(83591136179200).bookLoans#8
2025-04-16T10:34:29.495+02:00 DEBUG 5488 --- [           main] org.hibernate.orm.results.loading        : Calling top-level assembler (0 / 1) : org.hibernate.sql.results.graph.entity.internal.EntityAssembler@5769679b
2025-04-16T10:34:29.496+02:00 DEBUG 5488 --- [           main] org.hibernate.orm.sql.ast.create         : Created new SQL alias : b1_0
2025-04-16T10:34:29.496+02:00 DEBUG 5488 --- [           main] org.hibernate.orm.sql.ast.create         : Registration of TableGroup [StandardTableGroup(com.lexicon.springws.entity.Book(83591136179200))] with identifierForTableGroup [com.lexicon.springws.entity.Book] for NavigablePath [com.lexicon.springws.entity.Book] 
2025-04-16T10:34:29.496+02:00 DEBUG 5488 --- [           main] org.hibernate.orm.sql.ast.create         : Registration of TableGroup [org.hibernate.sql.ast.tree.from.LazyTableGroup@5fdfa35d] with identifierForTableGroup [com.lexicon.springws.entity.Book.author] for NavigablePath [com.lexicon.springws.entity.Book.author] 
2025-04-16T10:34:29.497+02:00 DEBUG 5488 --- [           main] o.h.q.sqm.sql.BaseSqmToSqlAstConverter   : Determining mapping-model type for SqmParameter : org.hibernate.query.sqm.tree.expression.SqmJpaCriteriaParameterWrapper@2ef89e43
2025-04-16T10:34:29.497+02:00 DEBUG 5488 --- [           main] org.hibernate.orm.results.graph.AST      : DomainResult Graph:
 \-EntityResultImpl [com.lexicon.springws.entity.Book(83591136179200)]
 |  +-CircularFetchImpl [com.lexicon.springws.entity.Book(83591136179200).author]
 |  +-BasicFetch [com.lexicon.springws.entity.Book(83591136179200).available]
 |  +-DelayedCollectionFetch [com.lexicon.springws.entity.Book(83591136179200).bookLoans]
 |  +-BasicFetch [com.lexicon.springws.entity.Book(83591136179200).isbn]
 |  +-BasicFetch [com.lexicon.springws.entity.Book(83591136179200).maxLoanDays]
 |  \-BasicFetch [com.lexicon.springws.entity.Book(83591136179200).title]

2025-04-16T10:34:29.497+02:00 DEBUG 5488 --- [           main] org.hibernate.orm.sql.ast.tree           : SQL AST Tree:
    SelectStatement {
      FromClause {
        StandardTableGroup (b1 : com.lexicon.springws.entity.Book(83591136179200)) {
          primaryTableReference : books as b1_0
          TableGroupJoins {
            left  join LazyTableGroup (a1 : com.lexicon.springws.entity.Book(83591136179200).author) {
            }
          }
        }
      }
    }

2025-04-16T10:34:29.497+02:00 DEBUG 5488 --- [           main] o.h.e.i.AbstractFlushingEventListener    : Processing flush-time cascades
2025-04-16T10:34:29.497+02:00 DEBUG 5488 --- [           main] o.h.e.i.AbstractFlushingEventListener    : Dirty checking collections
2025-04-16T10:34:29.497+02:00 DEBUG 5488 --- [           main] o.hibernate.engine.internal.Collections  : Collection found: [com.lexicon.springws.entity.Author.books#8], was: [com.lexicon.springws.entity.Author.books#8] (initialized)
2025-04-16T10:34:29.497+02:00 DEBUG 5488 --- [           main] o.hibernate.engine.internal.Collections  : Collection found: [com.lexicon.springws.entity.Book.bookLoans#8], was: [com.lexicon.springws.entity.Book.bookLoans#8] (initialized)
2025-04-16T10:34:29.497+02:00 DEBUG 5488 --- [           main] o.hibernate.engine.internal.Collections  : Collection found: [com.lexicon.springws.entity.Book.bookLoans#9], was: [com.lexicon.springws.entity.Book.bookLoans#9] (initialized)
2025-04-16T10:34:29.497+02:00 DEBUG 5488 --- [           main] o.h.e.i.AbstractFlushingEventListener    : Flushed: 0 insertions, 0 updates, 0 deletions to 3 objects
2025-04-16T10:34:29.497+02:00 DEBUG 5488 --- [           main] o.h.e.i.AbstractFlushingEventListener    : Flushed: 0 (re)creations, 0 updates, 0 removals to 3 collections
2025-04-16T10:34:29.497+02:00 DEBUG 5488 --- [           main] o.hibernate.internal.util.EntityPrinter  : Listing entities:
2025-04-16T10:34:29.497+02:00 DEBUG 5488 --- [           main] o.hibernate.internal.util.EntityPrinter  : com.lexicon.springws.entity.Author{books=[], name=Test Author, authorId=8, email=test@example.com}
2025-04-16T10:34:29.497+02:00 DEBUG 5488 --- [           main] o.hibernate.internal.util.EntityPrinter  : com.lexicon.springws.entity.Book{maxLoanDays=14, author=com.lexicon.springws.entity.Author#8, isbn=ISBN-TEST-001, available=true, bookLoans=[], id=8, title=Test Book 1}
2025-04-16T10:34:29.497+02:00 DEBUG 5488 --- [           main] o.hibernate.internal.util.EntityPrinter  : com.lexicon.springws.entity.Book{maxLoanDays=14, author=com.lexicon.springws.entity.Author#8, isbn=ISBN-TEST-002, available=true, bookLoans=[], id=9, title=Test Book 2}
2025-04-16T10:34:29.497+02:00 DEBUG 5488 --- [           main] org.hibernate.orm.sql.exec               : Skipping reading Query result cache data: cache-enabled = false, cache-mode = NORMAL
2025-04-16T10:34:29.497+02:00 DEBUG 5488 --- [           main] org.hibernate.orm.results                : Initializer list:
	  com.lexicon.springws.entity.Book(83591136179200).bookLoans -> DelayedCollectionInitializer(com.lexicon.springws.entity.Book(83591136179200).bookLoans)@695653925 (PluralAttribute(com.lexicon.springws.entity.Book.bookLoans))
	  com.lexicon.springws.entity.Book(83591136179200) -> EntityResultInitializer(com.lexicon.springws.entity.Book(83591136179200))@1765473489 (SingleTableEntityPersister(com.lexicon.springws.entity.Book))
	  com.lexicon.springws.entity.Book(83591136179200).author -> EntityDelayedFetchInitializer(com.lexicon.springws.entity.Book(83591136179200).author)@1272803296 (ToOneAttributeMapping(NavigableRole[com.lexicon.springws.entity.Book.author])@1437069487)

2025-04-16T10:34:29.499+02:00 DEBUG 5488 --- [           main] org.hibernate.SQL                        : 
    select
        b1_0.id,
        b1_0.author_id,
        b1_0.available,
        b1_0.isbn,
        b1_0.max_loan_days,
        b1_0.title 
    from
        books b1_0 
    where
        upper(b1_0.isbn)=upper(?)
Hibernate: 
    select
        b1_0.id,
        b1_0.author_id,
        b1_0.available,
        b1_0.isbn,
        b1_0.max_loan_days,
        b1_0.title 
    from
        books b1_0 
    where
        upper(b1_0.isbn)=upper(?)
2025-04-16T10:34:29.499+02:00 DEBUG 5488 --- [           main] org.hibernate.orm.results                : Extracted JDBC value [0] - [8]
2025-04-16T10:34:29.499+02:00 DEBUG 5488 --- [           main] o.hibernate.orm.results.loading.entity   : (EntityResultInitializer) Hydrated EntityKey (com.lexicon.springws.entity.Book(83591136179200)): 8
2025-04-16T10:34:29.499+02:00 DEBUG 5488 --- [           main] org.hibernate.orm.results                : Extracted JDBC value [0] - [8]
2025-04-16T10:34:29.499+02:00 DEBUG 5488 --- [           main] o.h.o.r.l.o.h.o.r.loading.collection     : (DelayedCollectionInitializer) Current row collection key : com.lexicon.springws.entity.Book(83591136179200).bookLoans#8
2025-04-16T10:34:29.499+02:00 DEBUG 5488 --- [           main] org.hibernate.orm.results.loading        : Calling top-level assembler (0 / 1) : org.hibernate.sql.results.graph.entity.internal.EntityAssembler@1b1434ce
2025-04-16T10:34:29.500+02:00 DEBUG 5488 --- [           main] org.hibernate.orm.sql.ast.create         : Created new SQL alias : b1_0
2025-04-16T10:34:29.500+02:00 DEBUG 5488 --- [           main] org.hibernate.orm.sql.ast.create         : Registration of TableGroup [StandardTableGroup(com.lexicon.springws.entity.Book(83591136179200))] with identifierForTableGroup [com.lexicon.springws.entity.Book] for NavigablePath [com.lexicon.springws.entity.Book] 
2025-04-16T10:34:29.500+02:00 DEBUG 5488 --- [           main] org.hibernate.orm.sql.ast.create         : Registration of TableGroup [org.hibernate.sql.ast.tree.from.LazyTableGroup@65640109] with identifierForTableGroup [com.lexicon.springws.entity.Book.author] for NavigablePath [com.lexicon.springws.entity.Book.author] 
2025-04-16T10:34:29.500+02:00 DEBUG 5488 --- [           main] o.h.q.sqm.sql.BaseSqmToSqlAstConverter   : Determining mapping-model type for SqmParameter : org.hibernate.query.sqm.tree.expression.SqmJpaCriteriaParameterWrapper@3b96ea23
2025-04-16T10:34:29.501+02:00 DEBUG 5488 --- [           main] org.hibernate.orm.results.graph.AST      : DomainResult Graph:
 \-EntityResultImpl [com.lexicon.springws.entity.Book(83591136179200)]
 |  +-CircularFetchImpl [com.lexicon.springws.entity.Book(83591136179200).author]
 |  +-BasicFetch [com.lexicon.springws.entity.Book(83591136179200).available]
 |  +-DelayedCollectionFetch [com.lexicon.springws.entity.Book(83591136179200).bookLoans]
 |  +-BasicFetch [com.lexicon.springws.entity.Book(83591136179200).isbn]
 |  +-BasicFetch [com.lexicon.springws.entity.Book(83591136179200).maxLoanDays]
 |  \-BasicFetch [com.lexicon.springws.entity.Book(83591136179200).title]

2025-04-16T10:34:29.501+02:00 DEBUG 5488 --- [           main] org.hibernate.orm.sql.ast.tree           : SQL AST Tree:
    SelectStatement {
      FromClause {
        StandardTableGroup (b1 : com.lexicon.springws.entity.Book(83591136179200)) {
          primaryTableReference : books as b1_0
          TableGroupJoins {
            left  join LazyTableGroup (a1 : com.lexicon.springws.entity.Book(83591136179200).author) {
            }
          }
        }
      }
    }

2025-04-16T10:34:29.501+02:00 DEBUG 5488 --- [           main] o.h.e.i.AbstractFlushingEventListener    : Processing flush-time cascades
2025-04-16T10:34:29.501+02:00 DEBUG 5488 --- [           main] o.h.e.i.AbstractFlushingEventListener    : Dirty checking collections
2025-04-16T10:34:29.501+02:00 DEBUG 5488 --- [           main] o.hibernate.engine.internal.Collections  : Collection found: [com.lexicon.springws.entity.Author.books#8], was: [com.lexicon.springws.entity.Author.books#8] (initialized)
2025-04-16T10:34:29.501+02:00 DEBUG 5488 --- [           main] o.hibernate.engine.internal.Collections  : Collection found: [com.lexicon.springws.entity.Book.bookLoans#8], was: [com.lexicon.springws.entity.Book.bookLoans#8] (initialized)
2025-04-16T10:34:29.502+02:00 DEBUG 5488 --- [           main] o.hibernate.engine.internal.Collections  : Collection found: [com.lexicon.springws.entity.Book.bookLoans#9], was: [com.lexicon.springws.entity.Book.bookLoans#9] (initialized)
2025-04-16T10:34:29.502+02:00 DEBUG 5488 --- [           main] o.h.e.i.AbstractFlushingEventListener    : Flushed: 0 insertions, 0 updates, 0 deletions to 3 objects
2025-04-16T10:34:29.502+02:00 DEBUG 5488 --- [           main] o.h.e.i.AbstractFlushingEventListener    : Flushed: 0 (re)creations, 0 updates, 0 removals to 3 collections
2025-04-16T10:34:29.502+02:00 DEBUG 5488 --- [           main] o.hibernate.internal.util.EntityPrinter  : Listing entities:
2025-04-16T10:34:29.502+02:00 DEBUG 5488 --- [           main] o.hibernate.internal.util.EntityPrinter  : com.lexicon.springws.entity.Author{books=[], name=Test Author, authorId=8, email=test@example.com}
2025-04-16T10:34:29.502+02:00 DEBUG 5488 --- [           main] o.hibernate.internal.util.EntityPrinter  : com.lexicon.springws.entity.Book{maxLoanDays=14, author=com.lexicon.springws.entity.Author#8, isbn=ISBN-TEST-001, available=true, bookLoans=[], id=8, title=Test Book 1}
2025-04-16T10:34:29.502+02:00 DEBUG 5488 --- [           main] o.hibernate.internal.util.EntityPrinter  : com.lexicon.springws.entity.Book{maxLoanDays=14, author=com.lexicon.springws.entity.Author#8, isbn=ISBN-TEST-002, available=true, bookLoans=[], id=9, title=Test Book 2}
2025-04-16T10:34:29.502+02:00 DEBUG 5488 --- [           main] org.hibernate.orm.sql.exec               : Skipping reading Query result cache data: cache-enabled = false, cache-mode = NORMAL
2025-04-16T10:34:29.502+02:00 DEBUG 5488 --- [           main] org.hibernate.orm.results                : Initializer list:
	  com.lexicon.springws.entity.Book(83591136179200).bookLoans -> DelayedCollectionInitializer(com.lexicon.springws.entity.Book(83591136179200).bookLoans)@1395115267 (PluralAttribute(com.lexicon.springws.entity.Book.bookLoans))
	  com.lexicon.springws.entity.Book(83591136179200) -> EntityResultInitializer(com.lexicon.springws.entity.Book(83591136179200))@188862124 (SingleTableEntityPersister(com.lexicon.springws.entity.Book))
	  com.lexicon.springws.entity.Book(83591136179200).author -> EntityDelayedFetchInitializer(com.lexicon.springws.entity.Book(83591136179200).author)@1323887236 (ToOneAttributeMapping(NavigableRole[com.lexicon.springws.entity.Book.author])@1437069487)

2025-04-16T10:34:29.502+02:00 DEBUG 5488 --- [           main] org.hibernate.SQL                        : 
    select
        b1_0.id,
        b1_0.author_id,
        b1_0.available,
        b1_0.isbn,
        b1_0.max_loan_days,
        b1_0.title 
    from
        books b1_0 
    where
        upper(b1_0.isbn)=upper(?)
Hibernate: 
    select
        b1_0.id,
        b1_0.author_id,
        b1_0.available,
        b1_0.isbn,
        b1_0.max_loan_days,
        b1_0.title 
    from
        books b1_0 
    where
        upper(b1_0.isbn)=upper(?)
2025-04-16T10:34:29.503+02:00 DEBUG 5488 --- [           main] org.springframework.test.context.cache   : Spring test ApplicationContext cache statistics: [DefaultContextCache@402adc9c size = 2, maxSize = 32, parentContextCount = 0, hitCount = 152, missCount = 2, failureCount = 0]
2025-04-16T10:34:29.504+02:00 DEBUG 5488 --- [           main] org.springframework.test.context.cache   : Spring test ApplicationContext cache statistics: [DefaultContextCache@402adc9c size = 2, maxSize = 32, parentContextCount = 0, hitCount = 153, missCount = 2, failureCount = 0]
2025-04-16T10:34:29.504+02:00 DEBUG 5488 --- [           main] org.springframework.test.context.cache   : Spring test ApplicationContext cache statistics: [DefaultContextCache@402adc9c size = 2, maxSize = 32, parentContextCount = 0, hitCount = 154, missCount = 2, failureCount = 0]
2025-04-16T10:34:29.504+02:00 DEBUG 5488 --- [           main] org.springframework.test.context.cache   : Spring test ApplicationContext cache statistics: [DefaultContextCache@402adc9c size = 2, maxSize = 32, parentContextCount = 0, hitCount = 155, missCount = 2, failureCount = 0]
2025-04-16T10:34:29.504+02:00 DEBUG 5488 --- [           main] org.springframework.test.context.cache   : Spring test ApplicationContext cache statistics: [DefaultContextCache@402adc9c size = 2, maxSize = 32, parentContextCount = 0, hitCount = 156, missCount = 2, failureCount = 0]
2025-04-16T10:34:29.504+02:00 DEBUG 5488 --- [           main] org.springframework.test.context.cache   : Spring test ApplicationContext cache statistics: [DefaultContextCache@402adc9c size = 2, maxSize = 32, parentContextCount = 0, hitCount = 157, missCount = 2, failureCount = 0]
2025-04-16T10:34:29.505+02:00 DEBUG 5488 --- [           main] o.s.orm.jpa.JpaTransactionManager        : Initiating transaction rollback
2025-04-16T10:34:29.505+02:00 DEBUG 5488 --- [           main] o.s.orm.jpa.JpaTransactionManager        : Rolling back JPA transaction on EntityManager [SessionImpl(1988464942<open>)]
2025-04-16T10:34:29.505+02:00 DEBUG 5488 --- [           main] o.h.e.t.internal.TransactionImpl         : rolling back
2025-04-16T10:34:29.505+02:00 DEBUG 5488 --- [           main] o.s.orm.jpa.JpaTransactionManager        : Closing JPA EntityManager [SessionImpl(1988464942<open>)] after transaction
2025-04-16T10:34:29.505+02:00 DEBUG 5488 --- [           main] o.s.t.c.transaction.TransactionContext   : Rolled back transaction (1) for test class [com.lexicon.springws.repository.BookRepositoryTest]; test method [testFindByIsbnIgnoreCase]
2025-04-16T10:34:29.505+02:00 DEBUG 5488 --- [           main] .c.s.DirtiesContextTestExecutionListener : After test method: class [BookRepositoryTest], method [testFindByIsbnIgnoreCase], class annotated with @DirtiesContext [false] with mode [null], method annotated with @DirtiesContext [false] with mode [null]
]]></system-out>
  </testcase>
  <testcase name="testFindByMaxLoanDaysLessThan" classname="com.lexicon.springws.repository.BookRepositoryTest" time="0.015">
    <system-out><![CDATA[2025-04-16T10:34:29.506+02:00 DEBUG 5488 --- [           main] DependencyInjectionTestExecutionListener : Performing dependency injection for test class com.lexicon.springws.repository.BookRepositoryTest
2025-04-16T10:34:29.506+02:00 DEBUG 5488 --- [           main] org.springframework.test.context.cache   : Spring test ApplicationContext cache statistics: [DefaultContextCache@402adc9c size = 2, maxSize = 32, parentContextCount = 0, hitCount = 158, missCount = 2, failureCount = 0]
2025-04-16T10:34:29.507+02:00 DEBUG 5488 --- [           main] org.springframework.test.context.cache   : Spring test ApplicationContext cache statistics: [DefaultContextCache@402adc9c size = 2, maxSize = 32, parentContextCount = 0, hitCount = 159, missCount = 2, failureCount = 0]
2025-04-16T10:34:29.507+02:00 DEBUG 5488 --- [           main] sContextBeforeModesTestExecutionListener : Before test method: class [BookRepositoryTest], method [testFindByMaxLoanDaysLessThan], class annotated with @DirtiesContext [false] with mode [null], method annotated with @DirtiesContext [false] with mode [null]
2025-04-16T10:34:29.507+02:00 DEBUG 5488 --- [           main] t.c.t.TransactionalTestExecutionListener : Explicit transaction definition [PROPAGATION_REQUIRED,ISOLATION_DEFAULT] found for test class [com.lexicon.springws.repository.BookRepositoryTest] and test method [testFindByMaxLoanDaysLessThan]
2025-04-16T10:34:29.507+02:00 DEBUG 5488 --- [           main] org.springframework.test.context.cache   : Spring test ApplicationContext cache statistics: [DefaultContextCache@402adc9c size = 2, maxSize = 32, parentContextCount = 0, hitCount = 160, missCount = 2, failureCount = 0]
2025-04-16T10:34:29.508+02:00 DEBUG 5488 --- [           main] t.c.t.TransactionalTestExecutionListener : No method-level @Rollback override: using default rollback [true] for test method [public void com.lexicon.springws.repository.BookRepositoryTest.testFindByMaxLoanDaysLessThan()]
2025-04-16T10:34:29.508+02:00 DEBUG 5488 --- [           main] o.s.orm.jpa.JpaTransactionManager        : Creating new transaction with name [com.lexicon.springws.repository.BookRepositoryTest.testFindByMaxLoanDaysLessThan]: PROPAGATION_REQUIRED,ISOLATION_DEFAULT
2025-04-16T10:34:29.508+02:00 DEBUG 5488 --- [           main] o.s.orm.jpa.JpaTransactionManager        : Opened new EntityManager [SessionImpl(386131213<open>)] for JPA transaction
2025-04-16T10:34:29.508+02:00 DEBUG 5488 --- [           main] o.h.e.t.internal.TransactionImpl         : On TransactionImpl creation, JpaCompliance#isJpaTransactionComplianceEnabled == false
2025-04-16T10:34:29.508+02:00 DEBUG 5488 --- [           main] o.h.e.t.internal.TransactionImpl         : begin
2025-04-16T10:34:29.508+02:00 DEBUG 5488 --- [           main] o.s.j.datasource.SimpleDriverDataSource  : Creating new JDBC Driver Connection to [jdbc:h2:mem:312398af-d95c-42bc-b737-6cb4d2803edc;DB_CLOSE_DELAY=-1;DB_CLOSE_ON_EXIT=false]
2025-04-16T10:34:29.509+02:00 DEBUG 5488 --- [           main] o.s.orm.jpa.JpaTransactionManager        : Exposing JPA transaction as JDBC [org.springframework.orm.jpa.vendor.HibernateJpaDialect$HibernateConnectionHandle@6cfa20c1]
2025-04-16T10:34:29.509+02:00 DEBUG 5488 --- [           main] o.s.t.c.transaction.TransactionContext   : Began transaction (1) for test class [com.lexicon.springws.repository.BookRepositoryTest]; test method [testFindByMaxLoanDaysLessThan]; transaction manager [org.springframework.orm.jpa.JpaTransactionManager@1d5e0621]; rollback [true]
2025-04-16T10:34:29.509+02:00 DEBUG 5488 --- [           main] org.springframework.test.context.cache   : Spring test ApplicationContext cache statistics: [DefaultContextCache@402adc9c size = 2, maxSize = 32, parentContextCount = 0, hitCount = 161, missCount = 2, failureCount = 0]
2025-04-16T10:34:29.510+02:00 DEBUG 5488 --- [           main] org.springframework.test.context.cache   : Spring test ApplicationContext cache statistics: [DefaultContextCache@402adc9c size = 2, maxSize = 32, parentContextCount = 0, hitCount = 162, missCount = 2, failureCount = 0]
2025-04-16T10:34:29.510+02:00 DEBUG 5488 --- [           main] org.springframework.test.context.cache   : Spring test ApplicationContext cache statistics: [DefaultContextCache@402adc9c size = 2, maxSize = 32, parentContextCount = 0, hitCount = 163, missCount = 2, failureCount = 0]
2025-04-16T10:34:29.510+02:00 DEBUG 5488 --- [           main] org.hibernate.engine.spi.ActionQueue     : Executing identity-insert immediately
2025-04-16T10:34:29.512+02:00 DEBUG 5488 --- [           main] org.hibernate.SQL                        : 
    insert 
    into
        author
        (email, name, author_id) 
    values
        (?, ?, default)
Hibernate: 
    insert 
    into
        author
        (email, name, author_id) 
    values
        (?, ?, default)
2025-04-16T10:34:29.512+02:00 DEBUG 5488 --- [           main] o.h.id.IdentifierGeneratorHelper         : Natively generated identity (com.lexicon.springws.entity.Author) : 9
2025-04-16T10:34:29.513+02:00 DEBUG 5488 --- [           main] o.h.e.i.AbstractFlushingEventListener    : Processing flush-time cascades
2025-04-16T10:34:29.513+02:00 DEBUG 5488 --- [           main] o.h.e.i.AbstractFlushingEventListener    : Dirty checking collections
2025-04-16T10:34:29.513+02:00 DEBUG 5488 --- [           main] o.hibernate.engine.internal.Collections  : Collection found: [com.lexicon.springws.entity.Author.books#9], was: [<unreferenced>] (initialized)
2025-04-16T10:34:29.513+02:00 DEBUG 5488 --- [           main] o.h.e.i.AbstractFlushingEventListener    : Flushed: 0 insertions, 0 updates, 0 deletions to 1 objects
2025-04-16T10:34:29.514+02:00 DEBUG 5488 --- [           main] o.h.e.i.AbstractFlushingEventListener    : Flushed: 1 (re)creations, 0 updates, 0 removals to 1 collections
2025-04-16T10:34:29.514+02:00 DEBUG 5488 --- [           main] o.hibernate.internal.util.EntityPrinter  : Listing entities:
2025-04-16T10:34:29.514+02:00 DEBUG 5488 --- [           main] o.hibernate.internal.util.EntityPrinter  : com.lexicon.springws.entity.Author{books=[], name=Test Author, authorId=9, email=test@example.com}
2025-04-16T10:34:29.514+02:00 DEBUG 5488 --- [           main] org.hibernate.engine.spi.ActionQueue     : Executing identity-insert immediately
2025-04-16T10:34:29.514+02:00 DEBUG 5488 --- [           main] org.hibernate.SQL                        : 
    insert 
    into
        books
        (author_id, available, isbn, max_loan_days, title, id) 
    values
        (?, ?, ?, ?, ?, default)
Hibernate: 
    insert 
    into
        books
        (author_id, available, isbn, max_loan_days, title, id) 
    values
        (?, ?, ?, ?, ?, default)
2025-04-16T10:34:29.515+02:00 DEBUG 5488 --- [           main] o.h.id.IdentifierGeneratorHelper         : Natively generated identity (com.lexicon.springws.entity.Book) : 10
2025-04-16T10:34:29.515+02:00 DEBUG 5488 --- [           main] org.hibernate.engine.spi.ActionQueue     : Executing identity-insert immediately
2025-04-16T10:34:29.516+02:00 DEBUG 5488 --- [           main] org.hibernate.SQL                        : 
    insert 
    into
        books
        (author_id, available, isbn, max_loan_days, title, id) 
    values
        (?, ?, ?, ?, ?, default)
Hibernate: 
    insert 
    into
        books
        (author_id, available, isbn, max_loan_days, title, id) 
    values
        (?, ?, ?, ?, ?, default)
2025-04-16T10:34:29.516+02:00 DEBUG 5488 --- [           main] o.h.id.IdentifierGeneratorHelper         : Natively generated identity (com.lexicon.springws.entity.Book) : 11
2025-04-16T10:34:29.516+02:00 DEBUG 5488 --- [           main] o.h.e.i.AbstractFlushingEventListener    : Processing flush-time cascades
2025-04-16T10:34:29.516+02:00 DEBUG 5488 --- [           main] o.h.e.i.AbstractFlushingEventListener    : Dirty checking collections
2025-04-16T10:34:29.516+02:00 DEBUG 5488 --- [           main] o.hibernate.engine.internal.Collections  : Collection found: [com.lexicon.springws.entity.Author.books#9], was: [com.lexicon.springws.entity.Author.books#9] (initialized)
2025-04-16T10:34:29.516+02:00 DEBUG 5488 --- [           main] o.hibernate.engine.internal.Collections  : Collection found: [com.lexicon.springws.entity.Book.bookLoans#10], was: [<unreferenced>] (initialized)
2025-04-16T10:34:29.516+02:00 DEBUG 5488 --- [           main] o.hibernate.engine.internal.Collections  : Collection found: [com.lexicon.springws.entity.Book.bookLoans#11], was: [<unreferenced>] (initialized)
2025-04-16T10:34:29.516+02:00 DEBUG 5488 --- [           main] o.h.e.i.AbstractFlushingEventListener    : Flushed: 0 insertions, 0 updates, 0 deletions to 3 objects
2025-04-16T10:34:29.516+02:00 DEBUG 5488 --- [           main] o.h.e.i.AbstractFlushingEventListener    : Flushed: 2 (re)creations, 0 updates, 0 removals to 3 collections
2025-04-16T10:34:29.516+02:00 DEBUG 5488 --- [           main] o.hibernate.internal.util.EntityPrinter  : Listing entities:
2025-04-16T10:34:29.517+02:00 DEBUG 5488 --- [           main] o.hibernate.internal.util.EntityPrinter  : com.lexicon.springws.entity.Author{books=[], name=Test Author, authorId=9, email=test@example.com}
2025-04-16T10:34:29.517+02:00 DEBUG 5488 --- [           main] o.hibernate.internal.util.EntityPrinter  : com.lexicon.springws.entity.Book{maxLoanDays=14, author=com.lexicon.springws.entity.Author#9, isbn=ISBN-TEST-006, available=true, bookLoans=[], id=11, title=Book 2}
2025-04-16T10:34:29.517+02:00 DEBUG 5488 --- [           main] o.hibernate.internal.util.EntityPrinter  : com.lexicon.springws.entity.Book{maxLoanDays=7, author=com.lexicon.springws.entity.Author#9, isbn=ISBN-TEST-005, available=true, bookLoans=[], id=10, title=Book 1}
2025-04-16T10:34:29.517+02:00 DEBUG 5488 --- [           main] org.hibernate.orm.sql.ast.create         : Created new SQL alias : b1_0
2025-04-16T10:34:29.517+02:00 DEBUG 5488 --- [           main] org.hibernate.orm.sql.ast.create         : Registration of TableGroup [StandardTableGroup(com.lexicon.springws.entity.Book(83591132049500))] with identifierForTableGroup [com.lexicon.springws.entity.Book] for NavigablePath [com.lexicon.springws.entity.Book] 
2025-04-16T10:34:29.518+02:00 DEBUG 5488 --- [           main] org.hibernate.orm.sql.ast.create         : Registration of TableGroup [org.hibernate.sql.ast.tree.from.LazyTableGroup@73c25e8] with identifierForTableGroup [com.lexicon.springws.entity.Book.author] for NavigablePath [com.lexicon.springws.entity.Book.author] 
2025-04-16T10:34:29.518+02:00 DEBUG 5488 --- [           main] o.h.q.sqm.sql.BaseSqmToSqlAstConverter   : Determining mapping-model type for SqmParameter : org.hibernate.query.sqm.tree.expression.SqmJpaCriteriaParameterWrapper@4664cd32
2025-04-16T10:34:29.518+02:00 DEBUG 5488 --- [           main] o.h.q.sqm.sql.BaseSqmToSqlAstConverter   : Determining mapping-model type for SqmPath : SqmBasicValuedSimplePath(com.lexicon.springws.entity.Book(83591132049500).maxLoanDays) 
2025-04-16T10:34:29.518+02:00 DEBUG 5488 --- [           main] org.hibernate.orm.results.graph.AST      : DomainResult Graph:
 \-EntityResultImpl [com.lexicon.springws.entity.Book(83591132049500)]
 |  +-CircularFetchImpl [com.lexicon.springws.entity.Book(83591132049500).author]
 |  +-BasicFetch [com.lexicon.springws.entity.Book(83591132049500).available]
 |  +-DelayedCollectionFetch [com.lexicon.springws.entity.Book(83591132049500).bookLoans]
 |  +-BasicFetch [com.lexicon.springws.entity.Book(83591132049500).isbn]
 |  +-BasicFetch [com.lexicon.springws.entity.Book(83591132049500).maxLoanDays]
 |  \-BasicFetch [com.lexicon.springws.entity.Book(83591132049500).title]

2025-04-16T10:34:29.518+02:00 DEBUG 5488 --- [           main] org.hibernate.orm.sql.ast.tree           : SQL AST Tree:
    SelectStatement {
      FromClause {
        StandardTableGroup (b1 : com.lexicon.springws.entity.Book(83591132049500)) {
          primaryTableReference : books as b1_0
          TableGroupJoins {
            left  join LazyTableGroup (a1 : com.lexicon.springws.entity.Book(83591132049500).author) {
            }
          }
        }
      }
    }

2025-04-16T10:34:29.518+02:00 DEBUG 5488 --- [           main] o.h.e.i.AbstractFlushingEventListener    : Processing flush-time cascades
2025-04-16T10:34:29.518+02:00 DEBUG 5488 --- [           main] o.h.e.i.AbstractFlushingEventListener    : Dirty checking collections
2025-04-16T10:34:29.519+02:00 DEBUG 5488 --- [           main] o.hibernate.engine.internal.Collections  : Collection found: [com.lexicon.springws.entity.Author.books#9], was: [com.lexicon.springws.entity.Author.books#9] (initialized)
2025-04-16T10:34:29.519+02:00 DEBUG 5488 --- [           main] o.hibernate.engine.internal.Collections  : Collection found: [com.lexicon.springws.entity.Book.bookLoans#10], was: [com.lexicon.springws.entity.Book.bookLoans#10] (initialized)
2025-04-16T10:34:29.519+02:00 DEBUG 5488 --- [           main] o.hibernate.engine.internal.Collections  : Collection found: [com.lexicon.springws.entity.Book.bookLoans#11], was: [com.lexicon.springws.entity.Book.bookLoans#11] (initialized)
2025-04-16T10:34:29.519+02:00 DEBUG 5488 --- [           main] o.h.e.i.AbstractFlushingEventListener    : Flushed: 0 insertions, 0 updates, 0 deletions to 3 objects
2025-04-16T10:34:29.519+02:00 DEBUG 5488 --- [           main] o.h.e.i.AbstractFlushingEventListener    : Flushed: 0 (re)creations, 0 updates, 0 removals to 3 collections
2025-04-16T10:34:29.519+02:00 DEBUG 5488 --- [           main] o.hibernate.internal.util.EntityPrinter  : Listing entities:
2025-04-16T10:34:29.519+02:00 DEBUG 5488 --- [           main] o.hibernate.internal.util.EntityPrinter  : com.lexicon.springws.entity.Author{books=[], name=Test Author, authorId=9, email=test@example.com}
2025-04-16T10:34:29.519+02:00 DEBUG 5488 --- [           main] o.hibernate.internal.util.EntityPrinter  : com.lexicon.springws.entity.Book{maxLoanDays=14, author=com.lexicon.springws.entity.Author#9, isbn=ISBN-TEST-006, available=true, bookLoans=[], id=11, title=Book 2}
2025-04-16T10:34:29.519+02:00 DEBUG 5488 --- [           main] o.hibernate.internal.util.EntityPrinter  : com.lexicon.springws.entity.Book{maxLoanDays=7, author=com.lexicon.springws.entity.Author#9, isbn=ISBN-TEST-005, available=true, bookLoans=[], id=10, title=Book 1}
2025-04-16T10:34:29.519+02:00 DEBUG 5488 --- [           main] org.hibernate.orm.sql.exec               : Skipping reading Query result cache data: cache-enabled = false, cache-mode = NORMAL
2025-04-16T10:34:29.519+02:00 DEBUG 5488 --- [           main] org.hibernate.orm.results                : Initializer list:
	  com.lexicon.springws.entity.Book(83591132049500).author -> EntityDelayedFetchInitializer(com.lexicon.springws.entity.Book(83591132049500).author)@2025060646 (ToOneAttributeMapping(NavigableRole[com.lexicon.springws.entity.Book.author])@1437069487)
	  com.lexicon.springws.entity.Book(83591132049500).bookLoans -> DelayedCollectionInitializer(com.lexicon.springws.entity.Book(83591132049500).bookLoans)@516329661 (PluralAttribute(com.lexicon.springws.entity.Book.bookLoans))
	  com.lexicon.springws.entity.Book(83591132049500) -> EntityResultInitializer(com.lexicon.springws.entity.Book(83591132049500))@115660384 (SingleTableEntityPersister(com.lexicon.springws.entity.Book))

2025-04-16T10:34:29.519+02:00 DEBUG 5488 --- [           main] org.hibernate.SQL                        : 
    select
        b1_0.id,
        b1_0.author_id,
        b1_0.available,
        b1_0.isbn,
        b1_0.max_loan_days,
        b1_0.title 
    from
        books b1_0 
    where
        b1_0.max_loan_days<?
Hibernate: 
    select
        b1_0.id,
        b1_0.author_id,
        b1_0.available,
        b1_0.isbn,
        b1_0.max_loan_days,
        b1_0.title 
    from
        books b1_0 
    where
        b1_0.max_loan_days<?
2025-04-16T10:34:29.520+02:00 DEBUG 5488 --- [           main] org.hibernate.orm.results                : Extracted JDBC value [0] - [10]
2025-04-16T10:34:29.520+02:00 DEBUG 5488 --- [           main] o.hibernate.orm.results.loading.entity   : (EntityResultInitializer) Hydrated EntityKey (com.lexicon.springws.entity.Book(83591132049500)): 10
2025-04-16T10:34:29.520+02:00 DEBUG 5488 --- [           main] org.hibernate.orm.results                : Extracted JDBC value [0] - [10]
2025-04-16T10:34:29.520+02:00 DEBUG 5488 --- [           main] o.h.o.r.l.o.h.o.r.loading.collection     : (DelayedCollectionInitializer) Current row collection key : com.lexicon.springws.entity.Book(83591132049500).bookLoans#10
2025-04-16T10:34:29.520+02:00 DEBUG 5488 --- [           main] org.hibernate.orm.results.loading        : Calling top-level assembler (0 / 1) : org.hibernate.sql.results.graph.entity.internal.EntityAssembler@5963a2c9
2025-04-16T10:34:29.521+02:00 DEBUG 5488 --- [           main] org.springframework.test.context.cache   : Spring test ApplicationContext cache statistics: [DefaultContextCache@402adc9c size = 2, maxSize = 32, parentContextCount = 0, hitCount = 164, missCount = 2, failureCount = 0]
2025-04-16T10:34:29.521+02:00 DEBUG 5488 --- [           main] org.springframework.test.context.cache   : Spring test ApplicationContext cache statistics: [DefaultContextCache@402adc9c size = 2, maxSize = 32, parentContextCount = 0, hitCount = 165, missCount = 2, failureCount = 0]
2025-04-16T10:34:29.521+02:00 DEBUG 5488 --- [           main] org.springframework.test.context.cache   : Spring test ApplicationContext cache statistics: [DefaultContextCache@402adc9c size = 2, maxSize = 32, parentContextCount = 0, hitCount = 166, missCount = 2, failureCount = 0]
2025-04-16T10:34:29.521+02:00 DEBUG 5488 --- [           main] org.springframework.test.context.cache   : Spring test ApplicationContext cache statistics: [DefaultContextCache@402adc9c size = 2, maxSize = 32, parentContextCount = 0, hitCount = 167, missCount = 2, failureCount = 0]
2025-04-16T10:34:29.521+02:00 DEBUG 5488 --- [           main] org.springframework.test.context.cache   : Spring test ApplicationContext cache statistics: [DefaultContextCache@402adc9c size = 2, maxSize = 32, parentContextCount = 0, hitCount = 168, missCount = 2, failureCount = 0]
2025-04-16T10:34:29.521+02:00 DEBUG 5488 --- [           main] org.springframework.test.context.cache   : Spring test ApplicationContext cache statistics: [DefaultContextCache@402adc9c size = 2, maxSize = 32, parentContextCount = 0, hitCount = 169, missCount = 2, failureCount = 0]
2025-04-16T10:34:29.521+02:00 DEBUG 5488 --- [           main] o.s.orm.jpa.JpaTransactionManager        : Initiating transaction rollback
2025-04-16T10:34:29.522+02:00 DEBUG 5488 --- [           main] o.s.orm.jpa.JpaTransactionManager        : Rolling back JPA transaction on EntityManager [SessionImpl(386131213<open>)]
2025-04-16T10:34:29.522+02:00 DEBUG 5488 --- [           main] o.h.e.t.internal.TransactionImpl         : rolling back
2025-04-16T10:34:29.522+02:00 DEBUG 5488 --- [           main] o.s.orm.jpa.JpaTransactionManager        : Closing JPA EntityManager [SessionImpl(386131213<open>)] after transaction
2025-04-16T10:34:29.522+02:00 DEBUG 5488 --- [           main] o.s.t.c.transaction.TransactionContext   : Rolled back transaction (1) for test class [com.lexicon.springws.repository.BookRepositoryTest]; test method [testFindByMaxLoanDaysLessThan]
2025-04-16T10:34:29.522+02:00 DEBUG 5488 --- [           main] .c.s.DirtiesContextTestExecutionListener : After test method: class [BookRepositoryTest], method [testFindByMaxLoanDaysLessThan], class annotated with @DirtiesContext [false] with mode [null], method annotated with @DirtiesContext [false] with mode [null]
]]></system-out>
  </testcase>
  <testcase name="testFindByTitleContains" classname="com.lexicon.springws.repository.BookRepositoryTest" time="0.016">
    <system-out><![CDATA[2025-04-16T10:34:29.522+02:00 DEBUG 5488 --- [           main] DependencyInjectionTestExecutionListener : Performing dependency injection for test class com.lexicon.springws.repository.BookRepositoryTest
2025-04-16T10:34:29.522+02:00 DEBUG 5488 --- [           main] org.springframework.test.context.cache   : Spring test ApplicationContext cache statistics: [DefaultContextCache@402adc9c size = 2, maxSize = 32, parentContextCount = 0, hitCount = 170, missCount = 2, failureCount = 0]
2025-04-16T10:34:29.523+02:00 DEBUG 5488 --- [           main] org.springframework.test.context.cache   : Spring test ApplicationContext cache statistics: [DefaultContextCache@402adc9c size = 2, maxSize = 32, parentContextCount = 0, hitCount = 171, missCount = 2, failureCount = 0]
2025-04-16T10:34:29.523+02:00 DEBUG 5488 --- [           main] sContextBeforeModesTestExecutionListener : Before test method: class [BookRepositoryTest], method [testFindByTitleContains], class annotated with @DirtiesContext [false] with mode [null], method annotated with @DirtiesContext [false] with mode [null]
2025-04-16T10:34:29.523+02:00 DEBUG 5488 --- [           main] t.c.t.TransactionalTestExecutionListener : Explicit transaction definition [PROPAGATION_REQUIRED,ISOLATION_DEFAULT] found for test class [com.lexicon.springws.repository.BookRepositoryTest] and test method [testFindByTitleContains]
2025-04-16T10:34:29.523+02:00 DEBUG 5488 --- [           main] org.springframework.test.context.cache   : Spring test ApplicationContext cache statistics: [DefaultContextCache@402adc9c size = 2, maxSize = 32, parentContextCount = 0, hitCount = 172, missCount = 2, failureCount = 0]
2025-04-16T10:34:29.523+02:00 DEBUG 5488 --- [           main] t.c.t.TransactionalTestExecutionListener : No method-level @Rollback override: using default rollback [true] for test method [public void com.lexicon.springws.repository.BookRepositoryTest.testFindByTitleContains()]
2025-04-16T10:34:29.523+02:00 DEBUG 5488 --- [           main] o.s.orm.jpa.JpaTransactionManager        : Creating new transaction with name [com.lexicon.springws.repository.BookRepositoryTest.testFindByTitleContains]: PROPAGATION_REQUIRED,ISOLATION_DEFAULT
2025-04-16T10:34:29.523+02:00 DEBUG 5488 --- [           main] o.s.orm.jpa.JpaTransactionManager        : Opened new EntityManager [SessionImpl(2031368275<open>)] for JPA transaction
2025-04-16T10:34:29.524+02:00 DEBUG 5488 --- [           main] o.h.e.t.internal.TransactionImpl         : On TransactionImpl creation, JpaCompliance#isJpaTransactionComplianceEnabled == false
2025-04-16T10:34:29.524+02:00 DEBUG 5488 --- [           main] o.h.e.t.internal.TransactionImpl         : begin
2025-04-16T10:34:29.524+02:00 DEBUG 5488 --- [           main] o.s.j.datasource.SimpleDriverDataSource  : Creating new JDBC Driver Connection to [jdbc:h2:mem:312398af-d95c-42bc-b737-6cb4d2803edc;DB_CLOSE_DELAY=-1;DB_CLOSE_ON_EXIT=false]
2025-04-16T10:34:29.524+02:00 DEBUG 5488 --- [           main] o.s.orm.jpa.JpaTransactionManager        : Exposing JPA transaction as JDBC [org.springframework.orm.jpa.vendor.HibernateJpaDialect$HibernateConnectionHandle@7308e2d6]
2025-04-16T10:34:29.524+02:00 DEBUG 5488 --- [           main] o.s.t.c.transaction.TransactionContext   : Began transaction (1) for test class [com.lexicon.springws.repository.BookRepositoryTest]; test method [testFindByTitleContains]; transaction manager [org.springframework.orm.jpa.JpaTransactionManager@1d5e0621]; rollback [true]
2025-04-16T10:34:29.524+02:00 DEBUG 5488 --- [           main] org.springframework.test.context.cache   : Spring test ApplicationContext cache statistics: [DefaultContextCache@402adc9c size = 2, maxSize = 32, parentContextCount = 0, hitCount = 173, missCount = 2, failureCount = 0]
2025-04-16T10:34:29.524+02:00 DEBUG 5488 --- [           main] org.springframework.test.context.cache   : Spring test ApplicationContext cache statistics: [DefaultContextCache@402adc9c size = 2, maxSize = 32, parentContextCount = 0, hitCount = 174, missCount = 2, failureCount = 0]
2025-04-16T10:34:29.525+02:00 DEBUG 5488 --- [           main] org.springframework.test.context.cache   : Spring test ApplicationContext cache statistics: [DefaultContextCache@402adc9c size = 2, maxSize = 32, parentContextCount = 0, hitCount = 175, missCount = 2, failureCount = 0]
2025-04-16T10:34:29.525+02:00 DEBUG 5488 --- [           main] org.hibernate.engine.spi.ActionQueue     : Executing identity-insert immediately
2025-04-16T10:34:29.525+02:00 DEBUG 5488 --- [           main] org.hibernate.SQL                        : 
    insert 
    into
        author
        (email, name, author_id) 
    values
        (?, ?, default)
Hibernate: 
    insert 
    into
        author
        (email, name, author_id) 
    values
        (?, ?, default)
2025-04-16T10:34:29.526+02:00 DEBUG 5488 --- [           main] o.h.id.IdentifierGeneratorHelper         : Natively generated identity (com.lexicon.springws.entity.Author) : 10
2025-04-16T10:34:29.527+02:00 DEBUG 5488 --- [           main] o.h.e.i.AbstractFlushingEventListener    : Processing flush-time cascades
2025-04-16T10:34:29.527+02:00 DEBUG 5488 --- [           main] o.h.e.i.AbstractFlushingEventListener    : Dirty checking collections
2025-04-16T10:34:29.527+02:00 DEBUG 5488 --- [           main] o.hibernate.engine.internal.Collections  : Collection found: [com.lexicon.springws.entity.Author.books#10], was: [<unreferenced>] (initialized)
2025-04-16T10:34:29.527+02:00 DEBUG 5488 --- [           main] o.h.e.i.AbstractFlushingEventListener    : Flushed: 0 insertions, 0 updates, 0 deletions to 1 objects
2025-04-16T10:34:29.527+02:00 DEBUG 5488 --- [           main] o.h.e.i.AbstractFlushingEventListener    : Flushed: 1 (re)creations, 0 updates, 0 removals to 1 collections
2025-04-16T10:34:29.527+02:00 DEBUG 5488 --- [           main] o.hibernate.internal.util.EntityPrinter  : Listing entities:
2025-04-16T10:34:29.527+02:00 DEBUG 5488 --- [           main] o.hibernate.internal.util.EntityPrinter  : com.lexicon.springws.entity.Author{books=[], name=Test Author, authorId=10, email=test@example.com}
2025-04-16T10:34:29.527+02:00 DEBUG 5488 --- [           main] org.hibernate.engine.spi.ActionQueue     : Executing identity-insert immediately
2025-04-16T10:34:29.527+02:00 DEBUG 5488 --- [           main] org.hibernate.SQL                        : 
    insert 
    into
        books
        (author_id, available, isbn, max_loan_days, title, id) 
    values
        (?, ?, ?, ?, ?, default)
Hibernate: 
    insert 
    into
        books
        (author_id, available, isbn, max_loan_days, title, id) 
    values
        (?, ?, ?, ?, ?, default)
2025-04-16T10:34:29.527+02:00 DEBUG 5488 --- [           main] o.h.id.IdentifierGeneratorHelper         : Natively generated identity (com.lexicon.springws.entity.Book) : 12
2025-04-16T10:34:29.527+02:00 DEBUG 5488 --- [           main] org.hibernate.engine.spi.ActionQueue     : Executing identity-insert immediately
2025-04-16T10:34:29.527+02:00 DEBUG 5488 --- [           main] org.hibernate.SQL                        : 
    insert 
    into
        books
        (author_id, available, isbn, max_loan_days, title, id) 
    values
        (?, ?, ?, ?, ?, default)
Hibernate: 
    insert 
    into
        books
        (author_id, available, isbn, max_loan_days, title, id) 
    values
        (?, ?, ?, ?, ?, default)
2025-04-16T10:34:29.529+02:00 DEBUG 5488 --- [           main] o.h.id.IdentifierGeneratorHelper         : Natively generated identity (com.lexicon.springws.entity.Book) : 13
2025-04-16T10:34:29.529+02:00 DEBUG 5488 --- [           main] o.h.e.i.AbstractFlushingEventListener    : Processing flush-time cascades
2025-04-16T10:34:29.529+02:00 DEBUG 5488 --- [           main] o.h.e.i.AbstractFlushingEventListener    : Dirty checking collections
2025-04-16T10:34:29.529+02:00 DEBUG 5488 --- [           main] o.hibernate.engine.internal.Collections  : Collection found: [com.lexicon.springws.entity.Author.books#10], was: [com.lexicon.springws.entity.Author.books#10] (initialized)
2025-04-16T10:34:29.529+02:00 DEBUG 5488 --- [           main] o.hibernate.engine.internal.Collections  : Collection found: [com.lexicon.springws.entity.Book.bookLoans#12], was: [<unreferenced>] (initialized)
2025-04-16T10:34:29.529+02:00 DEBUG 5488 --- [           main] o.hibernate.engine.internal.Collections  : Collection found: [com.lexicon.springws.entity.Book.bookLoans#13], was: [<unreferenced>] (initialized)
2025-04-16T10:34:29.529+02:00 DEBUG 5488 --- [           main] o.h.e.i.AbstractFlushingEventListener    : Flushed: 0 insertions, 0 updates, 0 deletions to 3 objects
2025-04-16T10:34:29.529+02:00 DEBUG 5488 --- [           main] o.h.e.i.AbstractFlushingEventListener    : Flushed: 2 (re)creations, 0 updates, 0 removals to 3 collections
2025-04-16T10:34:29.529+02:00 DEBUG 5488 --- [           main] o.hibernate.internal.util.EntityPrinter  : Listing entities:
2025-04-16T10:34:29.529+02:00 DEBUG 5488 --- [           main] o.hibernate.internal.util.EntityPrinter  : com.lexicon.springws.entity.Author{books=[], name=Test Author, authorId=10, email=test@example.com}
2025-04-16T10:34:29.529+02:00 DEBUG 5488 --- [           main] o.hibernate.internal.util.EntityPrinter  : com.lexicon.springws.entity.Book{maxLoanDays=14, author=com.lexicon.springws.entity.Author#10, isbn=ISBN-TEST-003, available=true, bookLoans=[], id=12, title=Spring in Action}
2025-04-16T10:34:29.529+02:00 DEBUG 5488 --- [           main] o.hibernate.internal.util.EntityPrinter  : com.lexicon.springws.entity.Book{maxLoanDays=14, author=com.lexicon.springws.entity.Author#10, isbn=ISBN-TEST-004, available=true, bookLoans=[], id=13, title=Spring Boot}
2025-04-16T10:34:29.531+02:00 DEBUG 5488 --- [           main] org.hibernate.orm.sql.ast.create         : Created new SQL alias : b1_0
2025-04-16T10:34:29.531+02:00 DEBUG 5488 --- [           main] org.hibernate.orm.sql.ast.create         : Registration of TableGroup [StandardTableGroup(com.lexicon.springws.entity.Book(83591141619900))] with identifierForTableGroup [com.lexicon.springws.entity.Book] for NavigablePath [com.lexicon.springws.entity.Book] 
2025-04-16T10:34:29.531+02:00 DEBUG 5488 --- [           main] org.hibernate.orm.sql.ast.create         : Registration of TableGroup [org.hibernate.sql.ast.tree.from.LazyTableGroup@12a0f131] with identifierForTableGroup [com.lexicon.springws.entity.Book.author] for NavigablePath [com.lexicon.springws.entity.Book.author] 
2025-04-16T10:34:29.531+02:00 DEBUG 5488 --- [           main] o.h.q.sqm.sql.BaseSqmToSqlAstConverter   : Determining mapping-model type for SqmParameter : org.hibernate.query.sqm.tree.expression.SqmJpaCriteriaParameterWrapper@2f2e75ae
2025-04-16T10:34:29.531+02:00 DEBUG 5488 --- [           main] o.h.q.sqm.sql.BaseSqmToSqlAstConverter   : Determining mapping-model type for SqmPath : SqmBasicValuedSimplePath(com.lexicon.springws.entity.Book(83591141619900).title) 
2025-04-16T10:34:29.532+02:00 DEBUG 5488 --- [           main] org.hibernate.orm.results.graph.AST      : DomainResult Graph:
 \-EntityResultImpl [com.lexicon.springws.entity.Book(83591141619900)]
 |  +-CircularFetchImpl [com.lexicon.springws.entity.Book(83591141619900).author]
 |  +-BasicFetch [com.lexicon.springws.entity.Book(83591141619900).available]
 |  +-DelayedCollectionFetch [com.lexicon.springws.entity.Book(83591141619900).bookLoans]
 |  +-BasicFetch [com.lexicon.springws.entity.Book(83591141619900).isbn]
 |  +-BasicFetch [com.lexicon.springws.entity.Book(83591141619900).maxLoanDays]
 |  \-BasicFetch [com.lexicon.springws.entity.Book(83591141619900).title]

2025-04-16T10:34:29.532+02:00 DEBUG 5488 --- [           main] org.hibernate.orm.sql.ast.tree           : SQL AST Tree:
    SelectStatement {
      FromClause {
        StandardTableGroup (b1 : com.lexicon.springws.entity.Book(83591141619900)) {
          primaryTableReference : books as b1_0
          TableGroupJoins {
            left  join LazyTableGroup (a1 : com.lexicon.springws.entity.Book(83591141619900).author) {
            }
          }
        }
      }
    }

2025-04-16T10:34:29.533+02:00 DEBUG 5488 --- [           main] o.h.e.i.AbstractFlushingEventListener    : Processing flush-time cascades
2025-04-16T10:34:29.533+02:00 DEBUG 5488 --- [           main] o.h.e.i.AbstractFlushingEventListener    : Dirty checking collections
2025-04-16T10:34:29.534+02:00 DEBUG 5488 --- [           main] o.hibernate.engine.internal.Collections  : Collection found: [com.lexicon.springws.entity.Author.books#10], was: [com.lexicon.springws.entity.Author.books#10] (initialized)
2025-04-16T10:34:29.534+02:00 DEBUG 5488 --- [           main] o.hibernate.engine.internal.Collections  : Collection found: [com.lexicon.springws.entity.Book.bookLoans#12], was: [com.lexicon.springws.entity.Book.bookLoans#12] (initialized)
2025-04-16T10:34:29.534+02:00 DEBUG 5488 --- [           main] o.hibernate.engine.internal.Collections  : Collection found: [com.lexicon.springws.entity.Book.bookLoans#13], was: [com.lexicon.springws.entity.Book.bookLoans#13] (initialized)
2025-04-16T10:34:29.534+02:00 DEBUG 5488 --- [           main] o.h.e.i.AbstractFlushingEventListener    : Flushed: 0 insertions, 0 updates, 0 deletions to 3 objects
2025-04-16T10:34:29.534+02:00 DEBUG 5488 --- [           main] o.h.e.i.AbstractFlushingEventListener    : Flushed: 0 (re)creations, 0 updates, 0 removals to 3 collections
2025-04-16T10:34:29.534+02:00 DEBUG 5488 --- [           main] o.hibernate.internal.util.EntityPrinter  : Listing entities:
2025-04-16T10:34:29.534+02:00 DEBUG 5488 --- [           main] o.hibernate.internal.util.EntityPrinter  : com.lexicon.springws.entity.Author{books=[], name=Test Author, authorId=10, email=test@example.com}
2025-04-16T10:34:29.534+02:00 DEBUG 5488 --- [           main] o.hibernate.internal.util.EntityPrinter  : com.lexicon.springws.entity.Book{maxLoanDays=14, author=com.lexicon.springws.entity.Author#10, isbn=ISBN-TEST-003, available=true, bookLoans=[], id=12, title=Spring in Action}
2025-04-16T10:34:29.534+02:00 DEBUG 5488 --- [           main] o.hibernate.internal.util.EntityPrinter  : com.lexicon.springws.entity.Book{maxLoanDays=14, author=com.lexicon.springws.entity.Author#10, isbn=ISBN-TEST-004, available=true, bookLoans=[], id=13, title=Spring Boot}
2025-04-16T10:34:29.534+02:00 DEBUG 5488 --- [           main] org.hibernate.orm.sql.exec               : Skipping reading Query result cache data: cache-enabled = false, cache-mode = NORMAL
2025-04-16T10:34:29.534+02:00 DEBUG 5488 --- [           main] org.hibernate.orm.results                : Initializer list:
	  com.lexicon.springws.entity.Book(83591141619900) -> EntityResultInitializer(com.lexicon.springws.entity.Book(83591141619900))@1181745921 (SingleTableEntityPersister(com.lexicon.springws.entity.Book))
	  com.lexicon.springws.entity.Book(83591141619900).author -> EntityDelayedFetchInitializer(com.lexicon.springws.entity.Book(83591141619900).author)@401876843 (ToOneAttributeMapping(NavigableRole[com.lexicon.springws.entity.Book.author])@1437069487)
	  com.lexicon.springws.entity.Book(83591141619900).bookLoans -> DelayedCollectionInitializer(com.lexicon.springws.entity.Book(83591141619900).bookLoans)@2019632550 (PluralAttribute(com.lexicon.springws.entity.Book.bookLoans))

2025-04-16T10:34:29.534+02:00 DEBUG 5488 --- [           main] org.hibernate.SQL                        : 
    select
        b1_0.id,
        b1_0.author_id,
        b1_0.available,
        b1_0.isbn,
        b1_0.max_loan_days,
        b1_0.title 
    from
        books b1_0 
    where
        b1_0.title like ? escape '\'
Hibernate: 
    select
        b1_0.id,
        b1_0.author_id,
        b1_0.available,
        b1_0.isbn,
        b1_0.max_loan_days,
        b1_0.title 
    from
        books b1_0 
    where
        b1_0.title like ? escape '\'
2025-04-16T10:34:29.535+02:00 DEBUG 5488 --- [           main] org.hibernate.orm.results                : Extracted JDBC value [0] - [12]
2025-04-16T10:34:29.535+02:00 DEBUG 5488 --- [           main] o.hibernate.orm.results.loading.entity   : (EntityResultInitializer) Hydrated EntityKey (com.lexicon.springws.entity.Book(83591141619900)): 12
2025-04-16T10:34:29.535+02:00 DEBUG 5488 --- [           main] org.hibernate.orm.results                : Extracted JDBC value [0] - [12]
2025-04-16T10:34:29.535+02:00 DEBUG 5488 --- [           main] o.h.o.r.l.o.h.o.r.loading.collection     : (DelayedCollectionInitializer) Current row collection key : com.lexicon.springws.entity.Book(83591141619900).bookLoans#12
2025-04-16T10:34:29.535+02:00 DEBUG 5488 --- [           main] org.hibernate.orm.results.loading        : Calling top-level assembler (0 / 1) : org.hibernate.sql.results.graph.entity.internal.EntityAssembler@23317e8a
2025-04-16T10:34:29.535+02:00 DEBUG 5488 --- [           main] org.hibernate.orm.results                : Extracted JDBC value [0] - [13]
2025-04-16T10:34:29.535+02:00 DEBUG 5488 --- [           main] o.hibernate.orm.results.loading.entity   : (EntityResultInitializer) Hydrated EntityKey (com.lexicon.springws.entity.Book(83591141619900)): 13
2025-04-16T10:34:29.535+02:00 DEBUG 5488 --- [           main] org.hibernate.orm.results                : Extracted JDBC value [0] - [13]
2025-04-16T10:34:29.535+02:00 DEBUG 5488 --- [           main] o.h.o.r.l.o.h.o.r.loading.collection     : (DelayedCollectionInitializer) Current row collection key : com.lexicon.springws.entity.Book(83591141619900).bookLoans#13
2025-04-16T10:34:29.535+02:00 DEBUG 5488 --- [           main] org.hibernate.orm.results.loading        : Calling top-level assembler (0 / 1) : org.hibernate.sql.results.graph.entity.internal.EntityAssembler@23317e8a
2025-04-16T10:34:29.536+02:00 DEBUG 5488 --- [           main] org.springframework.test.context.cache   : Spring test ApplicationContext cache statistics: [DefaultContextCache@402adc9c size = 2, maxSize = 32, parentContextCount = 0, hitCount = 176, missCount = 2, failureCount = 0]
2025-04-16T10:34:29.536+02:00 DEBUG 5488 --- [           main] org.springframework.test.context.cache   : Spring test ApplicationContext cache statistics: [DefaultContextCache@402adc9c size = 2, maxSize = 32, parentContextCount = 0, hitCount = 177, missCount = 2, failureCount = 0]
2025-04-16T10:34:29.536+02:00 DEBUG 5488 --- [           main] org.springframework.test.context.cache   : Spring test ApplicationContext cache statistics: [DefaultContextCache@402adc9c size = 2, maxSize = 32, parentContextCount = 0, hitCount = 178, missCount = 2, failureCount = 0]
2025-04-16T10:34:29.536+02:00 DEBUG 5488 --- [           main] org.springframework.test.context.cache   : Spring test ApplicationContext cache statistics: [DefaultContextCache@402adc9c size = 2, maxSize = 32, parentContextCount = 0, hitCount = 179, missCount = 2, failureCount = 0]
2025-04-16T10:34:29.537+02:00 DEBUG 5488 --- [           main] org.springframework.test.context.cache   : Spring test ApplicationContext cache statistics: [DefaultContextCache@402adc9c size = 2, maxSize = 32, parentContextCount = 0, hitCount = 180, missCount = 2, failureCount = 0]
2025-04-16T10:34:29.537+02:00 DEBUG 5488 --- [           main] org.springframework.test.context.cache   : Spring test ApplicationContext cache statistics: [DefaultContextCache@402adc9c size = 2, maxSize = 32, parentContextCount = 0, hitCount = 181, missCount = 2, failureCount = 0]
2025-04-16T10:34:29.537+02:00 DEBUG 5488 --- [           main] o.s.orm.jpa.JpaTransactionManager        : Initiating transaction rollback
2025-04-16T10:34:29.537+02:00 DEBUG 5488 --- [           main] o.s.orm.jpa.JpaTransactionManager        : Rolling back JPA transaction on EntityManager [SessionImpl(2031368275<open>)]
2025-04-16T10:34:29.537+02:00 DEBUG 5488 --- [           main] o.h.e.t.internal.TransactionImpl         : rolling back
2025-04-16T10:34:29.537+02:00 DEBUG 5488 --- [           main] o.s.orm.jpa.JpaTransactionManager        : Closing JPA EntityManager [SessionImpl(2031368275<open>)] after transaction
2025-04-16T10:34:29.537+02:00 DEBUG 5488 --- [           main] o.s.t.c.transaction.TransactionContext   : Rolled back transaction (1) for test class [com.lexicon.springws.repository.BookRepositoryTest]; test method [testFindByTitleContains]
2025-04-16T10:34:29.539+02:00 DEBUG 5488 --- [           main] .c.s.DirtiesContextTestExecutionListener : After test method: class [BookRepositoryTest], method [testFindByTitleContains], class annotated with @DirtiesContext [false] with mode [null], method annotated with @DirtiesContext [false] with mode [null]
]]></system-out>
  </testcase>
</testsuite>